2023-12-12 14:07:19[INFO]: ============================================================
2023-12-12 14:07:19[INFO]: [ID]: 2023-12-12-140716
2023-12-12 14:07:19[INFO]: [DATASET]: ASSIST_0910
2023-12-12 14:07:19[INFO]: [ARGV]: ['kancd.py']
2023-12-12 14:07:19[INFO]: [ALL_CFG]: 
{
    "traintpl_cfg": {
        "cls": "EduTrainTPL",
        "num_stop_rounds": 10,
        "early_stop_metrics": [
            [
                "auc",
                "max"
            ]
        ],
        "best_epoch_metric": "auc",
        "unsave_best_epoch_pth": true,
        "ignore_metrics_in_train": [],
        "batch_size": 32,
        "device": "cuda:0",
        "epoch_num": 100,
        "eval_batch_size": 2048,
        "num_workers": 0,
        "lr": 0.001,
        "optim": "adam",
        "eps": 1e-08,
        "weight_decay": 0.0,
        "seed": 2023
    },
    "datatpl_cfg": {
        "cls": "CDInterExtendsQDataTPL",
        "mid2cache_op_seq": [
            "M2C_Label2Int",
            "M2C_FilterRecords4CD",
            "M2C_ReMapId",
            "M2C_RandomDataSplit4CD",
            "M2C_GenQMat"
        ],
        "exer_exclude_feat_names": [],
        "stu_exclude_feat_names": [],
        "seperator": ",",
        "n_folds": 5,
        "is_dataset_divided": false,
        "is_save_cache": false,
        "cache_id": "cache_default",
        "load_data_from": "middata",
        "inter_exclude_feat_names": [],
        "raw2mid_op": null,
        "seed": 2023,
        "M2C_Label2Int": {},
        "M2C_FilterRecords4CD": {
            "stu_least_records": 10,
            "exer_least_records": 0
        },
        "M2C_ReMapId": {
            "share_id_columns": [],
            "ignore_columns": "{'order_id:token'}"
        },
        "M2C_RandomDataSplit4CD": {
            "seed": 2023,
            "divide_scale_list": [
                7,
                1,
                2
            ]
        },
        "M2C_GenQMat": {}
    },
    "modeltpl_cfg": {
        "cls": "KaNCD",
        "prednet_len1": 256,
        "prednet_len2": 128,
        "emb_dim": 20,
        "mf_type": "gmf",
        "param_init_type": "xavier_normal",
        "pretrained_file_path": ""
    },
    "evaltpl_cfg": {
        "clses": [
            "BinaryClassificationEvalTPL",
            "CognitiveDiagnosisEvalTPL"
        ],
        "BinaryClassificationEvalTPL": {
            "use_metrics": [
                "auc",
                "acc",
                "rmse"
            ]
        },
        "CognitiveDiagnosisEvalTPL": {
            "use_metrics": [
                "doa_all"
            ],
            "test_only_metrics": [
                "doa_all"
            ]
        }
    },
    "frame_cfg": {
        "ARCHIVE_FOLDER_PATH": "/lijinglong/Projects/EduStudio-main/examples/archive",
        "CFG_FOLDER_PATH": "/lijinglong/Projects/EduStudio-main/examples/conf",
        "DATA_FOLDER_PATH": "/lijinglong/Projects/EduStudio-main/examples/data",
        "DISABLE_LOG_STDOUT": false,
        "DISABLE_TQDM_BAR": false,
        "DT_INFO_DICT": {},
        "DT_INFO_FILE_PATH": "/lijinglong/Projects/EduStudio-main/edustudio/assets/datasets.yaml",
        "ID": "2023-12-12-140716",
        "LOG_WITHOUT_DATE": false,
        "TEMP_FOLDER_PATH": "/lijinglong/Projects/EduStudio-main/examples/temp",
        "TQDM_NCOLS": 100,
        "WORK_DIR": "/lijinglong/Projects/EduStudio-main/examples",
        "data_folder_path": "/lijinglong/Projects/EduStudio-main/examples/data/ASSIST_0910",
        "temp_folder_path": "/lijinglong/Projects/EduStudio-main/examples/temp/ASSIST_0910/EduTrainTPL/KaNCD/2023-12-12-140716",
        "archive_folder_path": "/lijinglong/Projects/EduStudio-main/examples/archive/ASSIST_0910/EduTrainTPL/KaNCD"
    },
    "dataset": "ASSIST_0910",
    "logger": "<Logger edustudio (DEBUG)>"
}
2023-12-12 14:07:19[INFO]: ============================================================
2023-12-12 14:07:27[INFO]: {'stu_count': 2993, 'exer_count': 16936, 'cpt_count': 122}
2023-12-12 14:07:27[INFO]: TrainTPL <class 'edustudio.traintpl.edu_traintpl.EduTrainTPL'> Started!
2023-12-12 14:07:28[INFO]: ====== [FOLD ID]: 0 ======
2023-12-12 14:07:28[INFO]: [CALLBACK]-ModelCheckPoint has been registered!
2023-12-12 14:07:28[INFO]: [CALLBACK]-EarlyStopping has been registered!
2023-12-12 14:07:28[INFO]: [CALLBACK]-History has been registered!
2023-12-12 14:07:28[INFO]: [CALLBACK]-BaseLogger has been registered!
2023-12-12 14:07:28[INFO]: Start Training...
2023-12-12 14:08:36[INFO]: Update best epoch as [1] for auc!
2023-12-12 14:08:36[INFO]: [EPOCH=001]: loss_main: 0.5788
2023-12-12 14:08:36[INFO]: [EPOCH=001]: auc: 0.7667 | acc: 0.7265 | rmse: 0.4270
2023-12-12 14:09:47[INFO]: Update best epoch as [2] for auc!
2023-12-12 14:09:47[INFO]: [EPOCH=002]: loss_main: 0.4968
2023-12-12 14:09:47[INFO]: [EPOCH=002]: auc: 0.7708 | acc: 0.7312 | rmse: 0.4261
2023-12-12 14:10:53[INFO]: [EPOCH=003]: loss_main: 0.4704
2023-12-12 14:10:53[INFO]: [EPOCH=003]: auc: 0.7686 | acc: 0.7304 | rmse: 0.4259
2023-12-12 14:11:58[INFO]: [EPOCH=004]: loss_main: 0.4542
2023-12-12 14:11:58[INFO]: [EPOCH=004]: auc: 0.7676 | acc: 0.7239 | rmse: 0.4304
2023-12-12 14:13:02[INFO]: [EPOCH=005]: loss_main: 0.4430
2023-12-12 14:13:02[INFO]: [EPOCH=005]: auc: 0.7663 | acc: 0.7254 | rmse: 0.4308
2023-12-12 14:14:04[INFO]: [EPOCH=006]: loss_main: 0.4344
2023-12-12 14:14:04[INFO]: [EPOCH=006]: auc: 0.7653 | acc: 0.7263 | rmse: 0.4321
2023-12-12 14:15:10[INFO]: [EPOCH=007]: loss_main: 0.4282
2023-12-12 14:15:10[INFO]: [EPOCH=007]: auc: 0.7640 | acc: 0.7236 | rmse: 0.4344
2023-12-12 14:16:13[INFO]: [EPOCH=008]: loss_main: 0.4225
2023-12-12 14:16:13[INFO]: [EPOCH=008]: auc: 0.7633 | acc: 0.7190 | rmse: 0.4389
2023-12-12 14:17:17[INFO]: [EPOCH=009]: loss_main: 0.4177
2023-12-12 14:17:17[INFO]: [EPOCH=009]: auc: 0.7624 | acc: 0.7268 | rmse: 0.4369
2023-12-12 14:18:22[INFO]: [EPOCH=010]: loss_main: 0.4135
2023-12-12 14:18:22[INFO]: [EPOCH=010]: auc: 0.7625 | acc: 0.7209 | rmse: 0.4367
2023-12-12 14:19:26[INFO]: [EPOCH=011]: loss_main: 0.4104
2023-12-12 14:19:26[INFO]: [EPOCH=011]: auc: 0.7616 | acc: 0.7211 | rmse: 0.4357
2023-12-12 14:20:31[INFO]: Suggest to stop training now
2023-12-12 14:20:31[INFO]: [EPOCH=012]: loss_main: 0.4075
2023-12-12 14:20:31[INFO]: [EPOCH=012]: auc: 0.7619 | acc: 0.7231 | rmse: 0.4351
2023-12-12 14:20:31[INFO]: ==============================
2023-12-12 14:20:31[INFO]: [For auc], the Best Epoch is: 2, the value=0.7708
2023-12-12 14:20:31[INFO]: [EPOCH=002]: loss_main: 0.4968
2023-12-12 14:20:31[INFO]: [EPOCH=002]: auc: 0.7708 | acc: 0.7312 | rmse: 0.4261
2023-12-12 14:20:31[INFO]: ==============================
2023-12-12 14:20:31[INFO]: Training Completed!
2023-12-12 14:20:45[INFO]: auc: 0.7707604587012757
2023-12-12 14:20:45[INFO]: acc: 0.7311558803342888
2023-12-12 14:20:45[INFO]: rmse: 0.4260858093965446
2023-12-12 14:20:45[INFO]: doa_all: 0.739510679209645
2023-12-12 14:20:45[INFO]: ====================
2023-12-12 14:20:45[INFO]: ====== [FOLD ID]: 1 ======
2023-12-12 14:20:45[INFO]: [CALLBACK]-ModelCheckPoint has been registered!
2023-12-12 14:20:45[INFO]: [CALLBACK]-EarlyStopping has been registered!
2023-12-12 14:20:45[INFO]: [CALLBACK]-History has been registered!
2023-12-12 14:20:45[INFO]: [CALLBACK]-BaseLogger has been registered!
2023-12-12 14:20:45[INFO]: Start Training...
2023-12-12 14:21:49[INFO]: Update best epoch as [1] for auc!
2023-12-12 14:21:49[INFO]: [EPOCH=001]: loss_main: 0.5812
2023-12-12 14:21:49[INFO]: [EPOCH=001]: auc: 0.7667 | acc: 0.7296 | rmse: 0.4257
2023-12-12 14:22:54[INFO]: Update best epoch as [2] for auc!
2023-12-12 14:22:54[INFO]: [EPOCH=002]: loss_main: 0.4970
2023-12-12 14:22:54[INFO]: [EPOCH=002]: auc: 0.7716 | acc: 0.7322 | rmse: 0.4237
2023-12-12 14:23:58[INFO]: [EPOCH=003]: loss_main: 0.4707
2023-12-12 14:23:58[INFO]: [EPOCH=003]: auc: 0.7701 | acc: 0.7281 | rmse: 0.4285
2023-12-12 14:25:01[INFO]: [EPOCH=004]: loss_main: 0.4556
2023-12-12 14:25:01[INFO]: [EPOCH=004]: auc: 0.7697 | acc: 0.7297 | rmse: 0.4265
2023-12-12 14:26:05[INFO]: [EPOCH=005]: loss_main: 0.4448
2023-12-12 14:26:05[INFO]: [EPOCH=005]: auc: 0.7684 | acc: 0.7256 | rmse: 0.4291
2023-12-12 14:27:09[INFO]: [EPOCH=006]: loss_main: 0.4368
2023-12-12 14:27:09[INFO]: [EPOCH=006]: auc: 0.7677 | acc: 0.7238 | rmse: 0.4319
2023-12-12 14:28:10[INFO]: [EPOCH=007]: loss_main: 0.4302
2023-12-12 14:28:10[INFO]: [EPOCH=007]: auc: 0.7668 | acc: 0.7169 | rmse: 0.4400
2023-12-12 14:29:14[INFO]: [EPOCH=008]: loss_main: 0.4254
2023-12-12 14:29:14[INFO]: [EPOCH=008]: auc: 0.7663 | acc: 0.7252 | rmse: 0.4300
2023-12-12 14:30:18[INFO]: [EPOCH=009]: loss_main: 0.4206
2023-12-12 14:30:18[INFO]: [EPOCH=009]: auc: 0.7650 | acc: 0.7157 | rmse: 0.4389
2023-12-12 14:31:23[INFO]: [EPOCH=010]: loss_main: 0.4167
2023-12-12 14:31:23[INFO]: [EPOCH=010]: auc: 0.7650 | acc: 0.7233 | rmse: 0.4348
2023-12-12 14:32:24[INFO]: [EPOCH=011]: loss_main: 0.4132
2023-12-12 14:32:24[INFO]: [EPOCH=011]: auc: 0.7649 | acc: 0.7158 | rmse: 0.4412
2023-12-12 14:33:28[INFO]: Suggest to stop training now
2023-12-12 14:33:28[INFO]: [EPOCH=012]: loss_main: 0.4105
2023-12-12 14:33:28[INFO]: [EPOCH=012]: auc: 0.7642 | acc: 0.7248 | rmse: 0.4333
2023-12-12 14:33:28[INFO]: ==============================
2023-12-12 14:33:28[INFO]: [For auc], the Best Epoch is: 2, the value=0.7716
2023-12-12 14:33:28[INFO]: [EPOCH=002]: loss_main: 0.4970
2023-12-12 14:33:28[INFO]: [EPOCH=002]: auc: 0.7716 | acc: 0.7322 | rmse: 0.4237
2023-12-12 14:33:28[INFO]: ==============================
2023-12-12 14:33:28[INFO]: Training Completed!
2023-12-12 14:33:41[INFO]: auc: 0.7715969664108517
2023-12-12 14:33:41[INFO]: acc: 0.7322459526020428
2023-12-12 14:33:41[INFO]: rmse: 0.4236909670768807
2023-12-12 14:33:41[INFO]: doa_all: 0.7412482094482908
2023-12-12 14:33:41[INFO]: ====================
2023-12-12 14:33:41[INFO]: ====== [FOLD ID]: 2 ======
2023-12-12 14:33:41[INFO]: [CALLBACK]-ModelCheckPoint has been registered!
2023-12-12 14:33:41[INFO]: [CALLBACK]-EarlyStopping has been registered!
2023-12-12 14:33:41[INFO]: [CALLBACK]-History has been registered!
2023-12-12 14:33:41[INFO]: [CALLBACK]-BaseLogger has been registered!
2023-12-12 14:33:41[INFO]: Start Training...
2023-12-12 14:34:46[INFO]: Update best epoch as [1] for auc!
2023-12-12 14:34:46[INFO]: [EPOCH=001]: loss_main: 0.5816
2023-12-12 14:34:46[INFO]: [EPOCH=001]: auc: 0.7684 | acc: 0.7265 | rmse: 0.4262
2023-12-12 14:35:52[INFO]: Update best epoch as [2] for auc!
2023-12-12 14:35:52[INFO]: [EPOCH=002]: loss_main: 0.4970
2023-12-12 14:35:52[INFO]: [EPOCH=002]: auc: 0.7746 | acc: 0.7330 | rmse: 0.4221
2023-12-12 14:36:57[INFO]: [EPOCH=003]: loss_main: 0.4709
2023-12-12 14:36:57[INFO]: [EPOCH=003]: auc: 0.7736 | acc: 0.7266 | rmse: 0.4261
2023-12-12 14:38:02[INFO]: [EPOCH=004]: loss_main: 0.4560
2023-12-12 14:38:02[INFO]: [EPOCH=004]: auc: 0.7730 | acc: 0.7293 | rmse: 0.4243
2023-12-12 14:38:58[INFO]: [EPOCH=005]: loss_main: 0.4447
2023-12-12 14:38:58[INFO]: [EPOCH=005]: auc: 0.7711 | acc: 0.7282 | rmse: 0.4254
2023-12-12 14:40:03[INFO]: [EPOCH=006]: loss_main: 0.4368
2023-12-12 14:40:03[INFO]: [EPOCH=006]: auc: 0.7707 | acc: 0.7307 | rmse: 0.4255
2023-12-12 14:41:09[INFO]: [EPOCH=007]: loss_main: 0.4299
2023-12-12 14:41:09[INFO]: [EPOCH=007]: auc: 0.7691 | acc: 0.7266 | rmse: 0.4311
2023-12-12 14:42:14[INFO]: [EPOCH=008]: loss_main: 0.4246
2023-12-12 14:42:14[INFO]: [EPOCH=008]: auc: 0.7685 | acc: 0.7225 | rmse: 0.4350
2023-12-12 14:43:20[INFO]: [EPOCH=009]: loss_main: 0.4201
2023-12-12 14:43:20[INFO]: [EPOCH=009]: auc: 0.7684 | acc: 0.7251 | rmse: 0.4329
2023-12-12 14:44:24[INFO]: [EPOCH=010]: loss_main: 0.4161
2023-12-12 14:44:24[INFO]: [EPOCH=010]: auc: 0.7678 | acc: 0.7279 | rmse: 0.4317
2023-12-12 14:45:30[INFO]: [EPOCH=011]: loss_main: 0.4130
2023-12-12 14:45:30[INFO]: [EPOCH=011]: auc: 0.7674 | acc: 0.7278 | rmse: 0.4287
2023-12-12 14:46:35[INFO]: Suggest to stop training now
2023-12-12 14:46:35[INFO]: [EPOCH=012]: loss_main: 0.4099
2023-12-12 14:46:35[INFO]: [EPOCH=012]: auc: 0.7667 | acc: 0.7274 | rmse: 0.4351
2023-12-12 14:46:35[INFO]: ==============================
2023-12-12 14:46:35[INFO]: [For auc], the Best Epoch is: 2, the value=0.7746
2023-12-12 14:46:35[INFO]: [EPOCH=002]: loss_main: 0.4970
2023-12-12 14:46:35[INFO]: [EPOCH=002]: auc: 0.7746 | acc: 0.7330 | rmse: 0.4221
2023-12-12 14:46:35[INFO]: ==============================
2023-12-12 14:46:35[INFO]: Training Completed!
2023-12-12 14:46:49[INFO]: auc: 0.7745867597500015
2023-12-12 14:46:49[INFO]: acc: 0.7329524809237353
2023-12-12 14:46:49[INFO]: rmse: 0.42214210319832074
2023-12-12 14:46:49[INFO]: doa_all: 0.733482523255591
2023-12-12 14:46:49[INFO]: ====================
2023-12-12 14:46:49[INFO]: ====== [FOLD ID]: 3 ======
2023-12-12 14:46:49[INFO]: [CALLBACK]-ModelCheckPoint has been registered!
2023-12-12 14:46:49[INFO]: [CALLBACK]-EarlyStopping has been registered!
2023-12-12 14:46:49[INFO]: [CALLBACK]-History has been registered!
2023-12-12 14:46:49[INFO]: [CALLBACK]-BaseLogger has been registered!
2023-12-12 14:46:49[INFO]: Start Training...
2023-12-12 14:47:50[INFO]: Update best epoch as [1] for auc!
2023-12-12 14:47:51[INFO]: [EPOCH=001]: loss_main: 0.5816
2023-12-12 14:47:51[INFO]: [EPOCH=001]: auc: 0.7673 | acc: 0.7311 | rmse: 0.4248
2023-12-12 14:48:56[INFO]: Update best epoch as [2] for auc!
2023-12-12 14:48:56[INFO]: [EPOCH=002]: loss_main: 0.4976
2023-12-12 14:48:56[INFO]: [EPOCH=002]: auc: 0.7712 | acc: 0.7351 | rmse: 0.4231
2023-12-12 14:50:01[INFO]: [EPOCH=003]: loss_main: 0.4710
2023-12-12 14:50:01[INFO]: [EPOCH=003]: auc: 0.7704 | acc: 0.7316 | rmse: 0.4258
2023-12-12 14:51:03[INFO]: [EPOCH=004]: loss_main: 0.4558
2023-12-12 14:51:03[INFO]: [EPOCH=004]: auc: 0.7693 | acc: 0.7306 | rmse: 0.4247
2023-12-12 14:52:06[INFO]: [EPOCH=005]: loss_main: 0.4450
2023-12-12 14:52:06[INFO]: [EPOCH=005]: auc: 0.7675 | acc: 0.7225 | rmse: 0.4306
2023-12-12 14:53:11[INFO]: [EPOCH=006]: loss_main: 0.4372
2023-12-12 14:53:11[INFO]: [EPOCH=006]: auc: 0.7679 | acc: 0.7298 | rmse: 0.4287
2023-12-12 14:54:16[INFO]: [EPOCH=007]: loss_main: 0.4309
2023-12-12 14:54:16[INFO]: [EPOCH=007]: auc: 0.7672 | acc: 0.7327 | rmse: 0.4290
2023-12-12 14:55:22[INFO]: [EPOCH=008]: loss_main: 0.4254
2023-12-12 14:55:22[INFO]: [EPOCH=008]: auc: 0.7664 | acc: 0.7262 | rmse: 0.4308
2023-12-12 14:56:28[INFO]: [EPOCH=009]: loss_main: 0.4212
2023-12-12 14:56:28[INFO]: [EPOCH=009]: auc: 0.7646 | acc: 0.7219 | rmse: 0.4326
2023-12-12 14:57:34[INFO]: [EPOCH=010]: loss_main: 0.4173
2023-12-12 14:57:34[INFO]: [EPOCH=010]: auc: 0.7648 | acc: 0.7252 | rmse: 0.4327
2023-12-12 14:58:40[INFO]: [EPOCH=011]: loss_main: 0.4139
2023-12-12 14:58:40[INFO]: [EPOCH=011]: auc: 0.7637 | acc: 0.7245 | rmse: 0.4348
2023-12-12 14:59:43[INFO]: Suggest to stop training now
2023-12-12 14:59:43[INFO]: [EPOCH=012]: loss_main: 0.4110
2023-12-12 14:59:43[INFO]: [EPOCH=012]: auc: 0.7640 | acc: 0.7241 | rmse: 0.4356
2023-12-12 14:59:43[INFO]: ==============================
2023-12-12 14:59:43[INFO]: [For auc], the Best Epoch is: 2, the value=0.7712
2023-12-12 14:59:43[INFO]: [EPOCH=002]: loss_main: 0.4976
2023-12-12 14:59:43[INFO]: [EPOCH=002]: auc: 0.7712 | acc: 0.7351 | rmse: 0.4231
2023-12-12 14:59:43[INFO]: ==============================
2023-12-12 14:59:43[INFO]: Training Completed!
2023-12-12 14:59:57[INFO]: auc: 0.7712359890380478
2023-12-12 14:59:57[INFO]: acc: 0.7350720658888126
2023-12-12 14:59:57[INFO]: rmse: 0.423058439397859
2023-12-12 14:59:57[INFO]: doa_all: 0.7343443759561398
2023-12-12 14:59:57[INFO]: ====================
2023-12-12 14:59:57[INFO]: ====== [FOLD ID]: 4 ======
2023-12-12 14:59:57[INFO]: [CALLBACK]-ModelCheckPoint has been registered!
2023-12-12 14:59:57[INFO]: [CALLBACK]-EarlyStopping has been registered!
2023-12-12 14:59:57[INFO]: [CALLBACK]-History has been registered!
2023-12-12 14:59:57[INFO]: [CALLBACK]-BaseLogger has been registered!
2023-12-12 14:59:57[INFO]: Start Training...
2023-12-12 15:01:03[INFO]: Update best epoch as [1] for auc!
2023-12-12 15:01:03[INFO]: [EPOCH=001]: loss_main: 0.5802
2023-12-12 15:01:03[INFO]: [EPOCH=001]: auc: 0.7666 | acc: 0.7293 | rmse: 0.4253
2023-12-12 15:02:09[INFO]: Update best epoch as [2] for auc!
2023-12-12 15:02:09[INFO]: [EPOCH=002]: loss_main: 0.4974
2023-12-12 15:02:09[INFO]: [EPOCH=002]: auc: 0.7703 | acc: 0.7250 | rmse: 0.4273
2023-12-12 15:03:14[INFO]: [EPOCH=003]: loss_main: 0.4711
2023-12-12 15:03:14[INFO]: [EPOCH=003]: auc: 0.7694 | acc: 0.7298 | rmse: 0.4261
2023-12-12 15:04:20[INFO]: [EPOCH=004]: loss_main: 0.4554
2023-12-12 15:04:20[INFO]: [EPOCH=004]: auc: 0.7687 | acc: 0.7301 | rmse: 0.4271
2023-12-12 15:05:27[INFO]: [EPOCH=005]: loss_main: 0.4444
2023-12-12 15:05:27[INFO]: [EPOCH=005]: auc: 0.7680 | acc: 0.7324 | rmse: 0.4274
2023-12-12 15:06:33[INFO]: [EPOCH=006]: loss_main: 0.4362
2023-12-12 15:06:33[INFO]: [EPOCH=006]: auc: 0.7667 | acc: 0.7303 | rmse: 0.4313
2023-12-12 15:07:38[INFO]: [EPOCH=007]: loss_main: 0.4296
2023-12-12 15:07:38[INFO]: [EPOCH=007]: auc: 0.7663 | acc: 0.7286 | rmse: 0.4324
2023-12-12 15:08:44[INFO]: [EPOCH=008]: loss_main: 0.4240
2023-12-12 15:08:44[INFO]: [EPOCH=008]: auc: 0.7662 | acc: 0.7276 | rmse: 0.4354
2023-12-12 15:09:49[INFO]: [EPOCH=009]: loss_main: 0.4195
2023-12-12 15:09:49[INFO]: [EPOCH=009]: auc: 0.7652 | acc: 0.7224 | rmse: 0.4389
2023-12-12 15:10:54[INFO]: [EPOCH=010]: loss_main: 0.4153
2023-12-12 15:10:54[INFO]: [EPOCH=010]: auc: 0.7653 | acc: 0.7291 | rmse: 0.4324
2023-12-12 15:11:59[INFO]: [EPOCH=011]: loss_main: 0.4123
2023-12-12 15:11:59[INFO]: [EPOCH=011]: auc: 0.7646 | acc: 0.7267 | rmse: 0.4329
2023-12-12 15:13:01[INFO]: Suggest to stop training now
2023-12-12 15:13:01[INFO]: [EPOCH=012]: loss_main: 0.4091
2023-12-12 15:13:01[INFO]: [EPOCH=012]: auc: 0.7637 | acc: 0.7264 | rmse: 0.4364
2023-12-12 15:13:01[INFO]: ==============================
2023-12-12 15:13:01[INFO]: [For auc], the Best Epoch is: 2, the value=0.7703
2023-12-12 15:13:01[INFO]: [EPOCH=002]: loss_main: 0.4974
2023-12-12 15:13:01[INFO]: [EPOCH=002]: auc: 0.7703 | acc: 0.7250 | rmse: 0.4273
2023-12-12 15:13:01[INFO]: ==============================
2023-12-12 15:13:02[INFO]: Training Completed!
2023-12-12 15:13:15[INFO]: auc: 0.7703468159621184
2023-12-12 15:13:15[INFO]: acc: 0.7249586176268723
2023-12-12 15:13:15[INFO]: rmse: 0.42725538843126376
2023-12-12 15:13:15[INFO]: doa_all: 0.7392505922348274
2023-12-12 15:13:15[INFO]: ====================
2023-12-12 15:13:15[INFO]: All Fold Mean auc = 0.7717053979724591
2023-12-12 15:13:15[INFO]: All Fold Mean acc = 0.7312769994751503
2023-12-12 15:13:15[INFO]: All Fold Mean rmse = 0.4244465415001738
2023-12-12 15:13:15[INFO]: All Fold Mean doa_all = 0.7375672760208987
2023-12-12 15:13:15[INFO]: Task: 2023-12-12-140716 Completed!
