2023-12-04 11:48:49[INFO]: ============================================================
2023-12-04 11:48:49[INFO]: [ID]: 2023-12-04-114848
2023-12-04 11:48:49[INFO]: [DATASET]: ASSIST_0910
2023-12-04 11:48:49[INFO]: [ARGV]: ['run_cdmfkc_demo.py']
2023-12-04 11:48:49[INFO]: [ALL_CFG]: 
{
    "traintpl_cfg": {
        "cls": "EduTrainTPL",
        "num_stop_rounds": 10,
        "early_stop_metrics": [
            [
                "auc",
                "max"
            ]
        ],
        "best_epoch_metric": "auc",
        "unsave_best_epoch_pth": true,
        "ignore_metrics_in_train": [],
        "batch_size": 32,
        "device": "cpu",
        "epoch_num": 1000,
        "eval_batch_size": 2048,
        "num_workers": 0,
        "lr": 0.01,
        "optim": "adam",
        "eps": 1e-08,
        "weight_decay": 0.0,
        "seed": 2023
    },
    "datatpl_cfg": {
        "cls": "CDInterExtendsQDataTPL",
        "mid2cache_op_seq": [
            "M2C_Label2Int",
            "M2C_FilterRecords4CD",
            "M2C_ReMapId",
            "M2C_RandomDataSplit4CD",
            "M2C_GenQMat"
        ],
        "exer_exclude_feat_names": [],
        "stu_exclude_feat_names": [],
        "seperator": ",",
        "n_folds": 5,
        "is_dataset_divided": false,
        "is_save_cache": false,
        "cache_id": "cache_default",
        "load_data_from": "middata",
        "inter_exclude_feat_names": [],
        "raw2mid_op": null,
        "seed": 2023,
        "M2C_Label2Int": {},
        "M2C_FilterRecords4CD": {
            "stu_least_records": 10,
            "exer_least_records": 0
        },
        "M2C_ReMapId": {
            "share_id_columns": [],
            "ignore_columns": "{'order_id:token'}"
        },
        "M2C_RandomDataSplit4CD": {
            "seed": 2023,
            "divide_scale_list": [
                7,
                1,
                2
            ]
        },
        "M2C_GenQMat": {}
    },
    "modeltpl_cfg": {
        "cls": "CDMFKC",
        "dnn_units": [
            512,
            256
        ],
        "dropout_rate": 0.5,
        "activation": "sigmoid",
        "g_impact_a": 0.5,
        "g_impact_b": 0.5,
        "param_init_type": "xavier_normal",
        "pretrained_file_path": ""
    },
    "evaltpl_cfg": {
        "clses": [
            "BinaryClassificationEvalTPL"
        ],
        "BinaryClassificationEvalTPL": {
            "use_metrics": [
                "auc",
                "acc",
                "rmse"
            ]
        }
    },
    "frame_cfg": {
        "ARCHIVE_FOLDER_PATH": "/home/u2022171244/EduStudio-main/examples/single_model/archive",
        "CFG_FOLDER_PATH": "/home/u2022171244/EduStudio-main/examples/single_model/conf",
        "DATA_FOLDER_PATH": "/home/u2022171244/EduStudio-main/examples/single_model/data",
        "DISABLE_LOG_STDOUT": false,
        "DISABLE_TQDM_BAR": false,
        "DT_INFO_DICT": {},
        "DT_INFO_FILE_PATH": "/home/u2022171244/EduStudio-main/edustudio/assets/datasets.yaml",
        "ID": "2023-12-04-114848",
        "LOG_WITHOUT_DATE": false,
        "TEMP_FOLDER_PATH": "/home/u2022171244/EduStudio-main/examples/single_model/temp",
        "TQDM_NCOLS": 100,
        "WORK_DIR": "/home/u2022171244/EduStudio-main/examples/single_model",
        "data_folder_path": "/home/u2022171244/EduStudio-main/examples/single_model/data/ASSIST_0910",
        "temp_folder_path": "/home/u2022171244/EduStudio-main/examples/single_model/temp/ASSIST_0910/EduTrainTPL/CDMFKC/2023-12-04-114848",
        "archive_folder_path": "/home/u2022171244/EduStudio-main/examples/single_model/archive/ASSIST_0910/EduTrainTPL/CDMFKC"
    },
    "dataset": "ASSIST_0910",
    "logger": "<Logger edustudio (DEBUG)>"
}
2023-12-04 11:48:49[INFO]: ============================================================
2023-12-04 11:48:54[INFO]: {'stu_count': 2993, 'exer_count': 16936, 'cpt_count': 122}
2023-12-04 11:48:54[INFO]: TrainTPL <class 'edustudio.traintpl.edu_traintpl.EduTrainTPL'> Started!
2023-12-04 11:48:54[INFO]: ====== [FOLD ID]: 0 ======
2023-12-04 11:48:54[INFO]: [CALLBACK]-ModelCheckPoint has been registered!
2023-12-04 11:48:54[INFO]: [CALLBACK]-EarlyStopping has been registered!
2023-12-04 11:48:54[INFO]: [CALLBACK]-History has been registered!
2023-12-04 11:48:54[INFO]: [CALLBACK]-BaseLogger has been registered!
2023-12-04 11:48:54[INFO]: Start Training...
2023-12-04 11:52:32[INFO]: Update best epoch as [1] for auc!
2023-12-04 11:52:32[INFO]: [EPOCH=001]: loss_main: 0.6298
2023-12-04 11:52:32[INFO]: [EPOCH=001]: auc: 0.7289 | acc: 0.6893 | rmse: 0.4458
2023-12-04 11:56:08[INFO]: Update best epoch as [2] for auc!
2023-12-04 11:56:08[INFO]: [EPOCH=002]: loss_main: 0.5292
2023-12-04 11:56:08[INFO]: [EPOCH=002]: auc: 0.7390 | acc: 0.7062 | rmse: 0.4403
2023-12-04 11:59:43[INFO]: Update best epoch as [3] for auc!
2023-12-04 11:59:43[INFO]: [EPOCH=003]: loss_main: 0.4977
2023-12-04 11:59:43[INFO]: [EPOCH=003]: auc: 0.7434 | acc: 0.7008 | rmse: 0.4428
2023-12-04 12:03:31[INFO]: [EPOCH=004]: loss_main: 0.4817
2023-12-04 12:03:31[INFO]: [EPOCH=004]: auc: 0.7417 | acc: 0.7099 | rmse: 0.4435
2023-12-04 12:07:10[INFO]: [EPOCH=005]: loss_main: 0.4735
2023-12-04 12:07:10[INFO]: [EPOCH=005]: auc: 0.7401 | acc: 0.7133 | rmse: 0.4444
2023-12-04 12:10:58[INFO]: [EPOCH=006]: loss_main: 0.4668
2023-12-04 12:10:58[INFO]: [EPOCH=006]: auc: 0.7375 | acc: 0.7093 | rmse: 0.4460
2023-12-04 12:14:36[INFO]: [EPOCH=007]: loss_main: 0.4634
2023-12-04 12:14:36[INFO]: [EPOCH=007]: auc: 0.7369 | acc: 0.7030 | rmse: 0.4460
2023-12-04 12:18:30[INFO]: [EPOCH=008]: loss_main: 0.4612
2023-12-04 12:18:30[INFO]: [EPOCH=008]: auc: 0.7364 | acc: 0.7069 | rmse: 0.4464
2023-12-04 12:22:17[INFO]: [EPOCH=009]: loss_main: 0.4596
2023-12-04 12:22:17[INFO]: [EPOCH=009]: auc: 0.7327 | acc: 0.7113 | rmse: 0.4482
2023-12-04 12:26:03[INFO]: [EPOCH=010]: loss_main: 0.4599
2023-12-04 12:26:03[INFO]: [EPOCH=010]: auc: 0.7311 | acc: 0.7031 | rmse: 0.4513
2023-12-04 12:29:48[INFO]: [EPOCH=011]: loss_main: 0.4585
2023-12-04 12:29:48[INFO]: [EPOCH=011]: auc: 0.7307 | acc: 0.7061 | rmse: 0.4495
2023-12-04 12:33:18[INFO]: [EPOCH=012]: loss_main: 0.4581
2023-12-04 12:33:18[INFO]: [EPOCH=012]: auc: 0.7289 | acc: 0.6984 | rmse: 0.4542
2023-12-04 12:37:03[INFO]: Suggest to stop training now
2023-12-04 12:37:03[INFO]: [EPOCH=013]: loss_main: 0.4577
2023-12-04 12:37:03[INFO]: [EPOCH=013]: auc: 0.7284 | acc: 0.7063 | rmse: 0.4508
2023-12-04 12:37:03[INFO]: ==============================
2023-12-04 12:37:03[INFO]: [For auc], the Best Epoch is: 3, the value=0.7434
2023-12-04 12:37:03[INFO]: [EPOCH=003]: loss_main: 0.4977
2023-12-04 12:37:03[INFO]: [EPOCH=003]: auc: 0.7434 | acc: 0.7008 | rmse: 0.4428
2023-12-04 12:37:03[INFO]: ==============================
2023-12-04 12:37:03[INFO]: Training Completed!
2023-12-04 12:37:04[INFO]: auc: 0.743357360620259
2023-12-04 12:37:04[INFO]: acc: 0.700754975978037
2023-12-04 12:37:04[INFO]: rmse: 0.4428466319065162
2023-12-04 12:37:04[INFO]: ====================
2023-12-04 12:37:04[INFO]: ====== [FOLD ID]: 1 ======
2023-12-04 12:37:04[INFO]: [CALLBACK]-ModelCheckPoint has been registered!
2023-12-04 12:37:04[INFO]: [CALLBACK]-EarlyStopping has been registered!
2023-12-04 12:37:04[INFO]: [CALLBACK]-History has been registered!
2023-12-04 12:37:04[INFO]: [CALLBACK]-BaseLogger has been registered!
2023-12-04 12:37:04[INFO]: Start Training...
2023-12-04 12:40:44[INFO]: Update best epoch as [1] for auc!
2023-12-04 12:40:44[INFO]: [EPOCH=001]: loss_main: 0.6252
2023-12-04 12:40:44[INFO]: [EPOCH=001]: auc: 0.7319 | acc: 0.6994 | rmse: 0.4461
2023-12-04 12:44:16[INFO]: Update best epoch as [2] for auc!
2023-12-04 12:44:16[INFO]: [EPOCH=002]: loss_main: 0.5320
2023-12-04 12:44:16[INFO]: [EPOCH=002]: auc: 0.7420 | acc: 0.7086 | rmse: 0.4398
2023-12-04 12:47:46[INFO]: Update best epoch as [3] for auc!
2023-12-04 12:47:46[INFO]: [EPOCH=003]: loss_main: 0.5000
2023-12-04 12:47:46[INFO]: [EPOCH=003]: auc: 0.7448 | acc: 0.7074 | rmse: 0.4403
2023-12-04 12:51:16[INFO]: [EPOCH=004]: loss_main: 0.4841
2023-12-04 12:51:16[INFO]: [EPOCH=004]: auc: 0.7445 | acc: 0.7063 | rmse: 0.4410
2023-12-04 12:54:43[INFO]: [EPOCH=005]: loss_main: 0.4754
2023-12-04 12:54:43[INFO]: [EPOCH=005]: auc: 0.7439 | acc: 0.7102 | rmse: 0.4422
2023-12-04 12:58:13[INFO]: [EPOCH=006]: loss_main: 0.4691
2023-12-04 12:58:13[INFO]: [EPOCH=006]: auc: 0.7416 | acc: 0.7105 | rmse: 0.4448
2023-12-04 13:01:42[INFO]: [EPOCH=007]: loss_main: 0.4656
2023-12-04 13:01:42[INFO]: [EPOCH=007]: auc: 0.7400 | acc: 0.7125 | rmse: 0.4453
2023-12-04 13:05:19[INFO]: [EPOCH=008]: loss_main: 0.4641
2023-12-04 13:05:19[INFO]: [EPOCH=008]: auc: 0.7388 | acc: 0.6995 | rmse: 0.4519
2023-12-04 13:08:53[INFO]: [EPOCH=009]: loss_main: 0.4634
2023-12-04 13:08:53[INFO]: [EPOCH=009]: auc: 0.7374 | acc: 0.7154 | rmse: 0.4495
2023-12-04 13:12:26[INFO]: [EPOCH=010]: loss_main: 0.4628
2023-12-04 13:12:26[INFO]: [EPOCH=010]: auc: 0.7365 | acc: 0.7133 | rmse: 0.4470
2023-12-04 13:15:59[INFO]: [EPOCH=011]: loss_main: 0.4615
2023-12-04 13:15:59[INFO]: [EPOCH=011]: auc: 0.7336 | acc: 0.7087 | rmse: 0.4470
2023-12-04 13:19:35[INFO]: [EPOCH=012]: loss_main: 0.4617
2023-12-04 13:19:35[INFO]: [EPOCH=012]: auc: 0.7322 | acc: 0.7140 | rmse: 0.4504
2023-12-04 13:23:08[INFO]: Suggest to stop training now
2023-12-04 13:23:08[INFO]: [EPOCH=013]: loss_main: 0.4614
2023-12-04 13:23:08[INFO]: [EPOCH=013]: auc: 0.7309 | acc: 0.7063 | rmse: 0.4493
2023-12-04 13:23:08[INFO]: ==============================
2023-12-04 13:23:08[INFO]: [For auc], the Best Epoch is: 3, the value=0.7448
2023-12-04 13:23:08[INFO]: [EPOCH=003]: loss_main: 0.5000
2023-12-04 13:23:08[INFO]: [EPOCH=003]: auc: 0.7448 | acc: 0.7074 | rmse: 0.4403
2023-12-04 13:23:08[INFO]: ==============================
2023-12-04 13:23:08[INFO]: Training Completed!
2023-12-04 13:23:09[INFO]: auc: 0.7448189765603619
2023-12-04 13:23:09[INFO]: acc: 0.7074367152488998
2023-12-04 13:23:09[INFO]: rmse: 0.4402785454214218
2023-12-04 13:23:09[INFO]: ====================
2023-12-04 13:23:09[INFO]: ====== [FOLD ID]: 2 ======
2023-12-04 13:23:09[INFO]: [CALLBACK]-ModelCheckPoint has been registered!
2023-12-04 13:23:09[INFO]: [CALLBACK]-EarlyStopping has been registered!
2023-12-04 13:23:09[INFO]: [CALLBACK]-History has been registered!
2023-12-04 13:23:09[INFO]: [CALLBACK]-BaseLogger has been registered!
2023-12-04 13:23:09[INFO]: Start Training...
2023-12-04 13:26:50[INFO]: Update best epoch as [1] for auc!
2023-12-04 13:26:50[INFO]: [EPOCH=001]: loss_main: 0.6255
2023-12-04 13:26:50[INFO]: [EPOCH=001]: auc: 0.7352 | acc: 0.7018 | rmse: 0.4421
2023-12-04 13:30:21[INFO]: Update best epoch as [2] for auc!
2023-12-04 13:30:21[INFO]: [EPOCH=002]: loss_main: 0.5327
2023-12-04 13:30:21[INFO]: [EPOCH=002]: auc: 0.7463 | acc: 0.7110 | rmse: 0.4374
2023-12-04 13:33:50[INFO]: Update best epoch as [3] for auc!
2023-12-04 13:33:50[INFO]: [EPOCH=003]: loss_main: 0.5004
2023-12-04 13:33:50[INFO]: [EPOCH=003]: auc: 0.7482 | acc: 0.7099 | rmse: 0.4380
2023-12-04 13:37:21[INFO]: [EPOCH=004]: loss_main: 0.4853
2023-12-04 13:37:21[INFO]: [EPOCH=004]: auc: 0.7470 | acc: 0.7065 | rmse: 0.4403
2023-12-04 13:40:44[INFO]: [EPOCH=005]: loss_main: 0.4750
2023-12-04 13:40:44[INFO]: [EPOCH=005]: auc: 0.7467 | acc: 0.7023 | rmse: 0.4442
2023-12-04 13:44:12[INFO]: [EPOCH=006]: loss_main: 0.4702
2023-12-04 13:44:12[INFO]: [EPOCH=006]: auc: 0.7450 | acc: 0.7088 | rmse: 0.4426
2023-12-04 13:47:43[INFO]: [EPOCH=007]: loss_main: 0.4656
2023-12-04 13:47:43[INFO]: [EPOCH=007]: auc: 0.7420 | acc: 0.7118 | rmse: 0.4452
2023-12-04 13:51:15[INFO]: [EPOCH=008]: loss_main: 0.4639
2023-12-04 13:51:15[INFO]: [EPOCH=008]: auc: 0.7410 | acc: 0.7134 | rmse: 0.4435
2023-12-04 13:54:44[INFO]: [EPOCH=009]: loss_main: 0.4635
2023-12-04 13:54:44[INFO]: [EPOCH=009]: auc: 0.7396 | acc: 0.7108 | rmse: 0.4453
2023-12-04 13:58:17[INFO]: [EPOCH=010]: loss_main: 0.4613
2023-12-04 13:58:17[INFO]: [EPOCH=010]: auc: 0.7388 | acc: 0.7055 | rmse: 0.4506
2023-12-04 14:01:50[INFO]: [EPOCH=011]: loss_main: 0.4595
2023-12-04 14:01:50[INFO]: [EPOCH=011]: auc: 0.7367 | acc: 0.7130 | rmse: 0.4485
2023-12-04 14:05:07[INFO]: [EPOCH=012]: loss_main: 0.4604
2023-12-04 14:05:07[INFO]: [EPOCH=012]: auc: 0.7352 | acc: 0.7080 | rmse: 0.4495
2023-12-04 14:08:42[INFO]: Suggest to stop training now
2023-12-04 14:08:42[INFO]: [EPOCH=013]: loss_main: 0.4601
2023-12-04 14:08:42[INFO]: [EPOCH=013]: auc: 0.7349 | acc: 0.7125 | rmse: 0.4466
2023-12-04 14:08:42[INFO]: ==============================
2023-12-04 14:08:42[INFO]: [For auc], the Best Epoch is: 3, the value=0.7482
2023-12-04 14:08:42[INFO]: [EPOCH=003]: loss_main: 0.5004
2023-12-04 14:08:42[INFO]: [EPOCH=003]: auc: 0.7482 | acc: 0.7099 | rmse: 0.4380
2023-12-04 14:08:42[INFO]: ==============================
2023-12-04 14:08:42[INFO]: Training Completed!
2023-12-04 14:08:43[INFO]: auc: 0.7481698626733126
2023-12-04 14:08:43[INFO]: acc: 0.7098994711130849
2023-12-04 14:08:43[INFO]: rmse: 0.43796269608939703
2023-12-04 14:08:43[INFO]: ====================
2023-12-04 14:08:43[INFO]: ====== [FOLD ID]: 3 ======
2023-12-04 14:08:43[INFO]: [CALLBACK]-ModelCheckPoint has been registered!
2023-12-04 14:08:43[INFO]: [CALLBACK]-EarlyStopping has been registered!
2023-12-04 14:08:43[INFO]: [CALLBACK]-History has been registered!
2023-12-04 14:08:43[INFO]: [CALLBACK]-BaseLogger has been registered!
2023-12-04 14:08:43[INFO]: Start Training...
2023-12-04 14:12:34[INFO]: Update best epoch as [1] for auc!
2023-12-04 14:12:34[INFO]: [EPOCH=001]: loss_main: 0.6237
2023-12-04 14:12:34[INFO]: [EPOCH=001]: auc: 0.7316 | acc: 0.7059 | rmse: 0.4429
2023-12-04 14:16:03[INFO]: Update best epoch as [2] for auc!
2023-12-04 14:16:03[INFO]: [EPOCH=002]: loss_main: 0.5304
2023-12-04 14:16:03[INFO]: [EPOCH=002]: auc: 0.7430 | acc: 0.7065 | rmse: 0.4378
2023-12-04 14:19:24[INFO]: Update best epoch as [3] for auc!
2023-12-04 14:19:24[INFO]: [EPOCH=003]: loss_main: 0.5002
2023-12-04 14:19:24[INFO]: [EPOCH=003]: auc: 0.7452 | acc: 0.7095 | rmse: 0.4391
2023-12-04 14:22:46[INFO]: [EPOCH=004]: loss_main: 0.4842
2023-12-04 14:22:46[INFO]: [EPOCH=004]: auc: 0.7441 | acc: 0.7137 | rmse: 0.4396
2023-12-04 14:25:55[INFO]: [EPOCH=005]: loss_main: 0.4744
2023-12-04 14:25:55[INFO]: [EPOCH=005]: auc: 0.7431 | acc: 0.7140 | rmse: 0.4436
2023-12-04 14:29:23[INFO]: [EPOCH=006]: loss_main: 0.4689
2023-12-04 14:29:23[INFO]: [EPOCH=006]: auc: 0.7410 | acc: 0.7004 | rmse: 0.4455
2023-12-04 14:32:41[INFO]: [EPOCH=007]: loss_main: 0.4658
2023-12-04 14:32:41[INFO]: [EPOCH=007]: auc: 0.7401 | acc: 0.6963 | rmse: 0.4509
2023-12-04 14:36:07[INFO]: [EPOCH=008]: loss_main: 0.4624
2023-12-04 14:36:07[INFO]: [EPOCH=008]: auc: 0.7384 | acc: 0.7069 | rmse: 0.4439
2023-12-04 14:39:34[INFO]: [EPOCH=009]: loss_main: 0.4622
2023-12-04 14:39:34[INFO]: [EPOCH=009]: auc: 0.7375 | acc: 0.7097 | rmse: 0.4460
2023-12-04 14:43:06[INFO]: [EPOCH=010]: loss_main: 0.4612
2023-12-04 14:43:06[INFO]: [EPOCH=010]: auc: 0.7364 | acc: 0.7095 | rmse: 0.4475
2023-12-04 14:46:18[INFO]: [EPOCH=011]: loss_main: 0.4611
2023-12-04 14:46:18[INFO]: [EPOCH=011]: auc: 0.7338 | acc: 0.7098 | rmse: 0.4467
2023-12-04 14:49:48[INFO]: [EPOCH=012]: loss_main: 0.4587
2023-12-04 14:49:48[INFO]: [EPOCH=012]: auc: 0.7335 | acc: 0.7077 | rmse: 0.4472
2023-12-04 14:53:16[INFO]: Suggest to stop training now
2023-12-04 14:53:16[INFO]: [EPOCH=013]: loss_main: 0.4605
2023-12-04 14:53:16[INFO]: [EPOCH=013]: auc: 0.7313 | acc: 0.7108 | rmse: 0.4493
2023-12-04 14:53:16[INFO]: ==============================
2023-12-04 14:53:16[INFO]: [For auc], the Best Epoch is: 3, the value=0.7452
2023-12-04 14:53:16[INFO]: [EPOCH=003]: loss_main: 0.5002
2023-12-04 14:53:16[INFO]: [EPOCH=003]: auc: 0.7452 | acc: 0.7095 | rmse: 0.4391
2023-12-04 14:53:16[INFO]: ==============================
2023-12-04 14:53:16[INFO]: Training Completed!
2023-12-04 14:53:17[INFO]: auc: 0.745202381527829
2023-12-04 14:53:17[INFO]: acc: 0.7094755541200695
2023-12-04 14:53:17[INFO]: rmse: 0.4391181516843583
2023-12-04 14:53:17[INFO]: ====================
2023-12-04 14:53:17[INFO]: ====== [FOLD ID]: 4 ======
2023-12-04 14:53:17[INFO]: [CALLBACK]-ModelCheckPoint has been registered!
2023-12-04 14:53:17[INFO]: [CALLBACK]-EarlyStopping has been registered!
2023-12-04 14:53:17[INFO]: [CALLBACK]-History has been registered!
2023-12-04 14:53:17[INFO]: [CALLBACK]-BaseLogger has been registered!
2023-12-04 14:53:17[INFO]: Start Training...
2023-12-04 14:56:56[INFO]: Update best epoch as [1] for auc!
2023-12-04 14:56:57[INFO]: [EPOCH=001]: loss_main: 0.6241
2023-12-04 14:56:57[INFO]: [EPOCH=001]: auc: 0.7300 | acc: 0.6982 | rmse: 0.4433
2023-12-04 15:00:09[INFO]: Update best epoch as [2] for auc!
2023-12-04 15:00:09[INFO]: [EPOCH=002]: loss_main: 0.5314
2023-12-04 15:00:09[INFO]: [EPOCH=002]: auc: 0.7411 | acc: 0.7086 | rmse: 0.4403
2023-12-04 15:03:02[INFO]: Update best epoch as [3] for auc!
2023-12-04 15:03:02[INFO]: [EPOCH=003]: loss_main: 0.4994
2023-12-04 15:03:02[INFO]: [EPOCH=003]: auc: 0.7445 | acc: 0.7097 | rmse: 0.4409
2023-12-04 15:06:19[INFO]: [EPOCH=004]: loss_main: 0.4846
2023-12-04 15:06:19[INFO]: [EPOCH=004]: auc: 0.7438 | acc: 0.7054 | rmse: 0.4419
2023-12-04 15:09:46[INFO]: [EPOCH=005]: loss_main: 0.4752
2023-12-04 15:09:46[INFO]: [EPOCH=005]: auc: 0.7426 | acc: 0.7043 | rmse: 0.4449
2023-12-04 15:13:01[INFO]: [EPOCH=006]: loss_main: 0.4695
2023-12-04 15:13:01[INFO]: [EPOCH=006]: auc: 0.7415 | acc: 0.7125 | rmse: 0.4424
2023-12-04 15:16:21[INFO]: [EPOCH=007]: loss_main: 0.4663
2023-12-04 15:16:21[INFO]: [EPOCH=007]: auc: 0.7398 | acc: 0.7119 | rmse: 0.4441
2023-12-04 15:19:49[INFO]: [EPOCH=008]: loss_main: 0.4642
2023-12-04 15:19:49[INFO]: [EPOCH=008]: auc: 0.7388 | acc: 0.6966 | rmse: 0.4510
2023-12-04 15:23:12[INFO]: [EPOCH=009]: loss_main: 0.4629
2023-12-04 15:23:12[INFO]: [EPOCH=009]: auc: 0.7374 | acc: 0.7120 | rmse: 0.4477
2023-12-04 15:26:30[INFO]: [EPOCH=010]: loss_main: 0.4627
2023-12-04 15:26:30[INFO]: [EPOCH=010]: auc: 0.7364 | acc: 0.7047 | rmse: 0.4483
2023-12-04 15:29:58[INFO]: [EPOCH=011]: loss_main: 0.4613
2023-12-04 15:29:58[INFO]: [EPOCH=011]: auc: 0.7346 | acc: 0.7102 | rmse: 0.4460
2023-12-04 15:33:27[INFO]: [EPOCH=012]: loss_main: 0.4603
2023-12-04 15:33:27[INFO]: [EPOCH=012]: auc: 0.7332 | acc: 0.7046 | rmse: 0.4487
2023-12-04 15:36:44[INFO]: Suggest to stop training now
2023-12-04 15:36:44[INFO]: [EPOCH=013]: loss_main: 0.4596
2023-12-04 15:36:44[INFO]: [EPOCH=013]: auc: 0.7315 | acc: 0.7087 | rmse: 0.4532
2023-12-04 15:36:44[INFO]: ==============================
2023-12-04 15:36:44[INFO]: [For auc], the Best Epoch is: 3, the value=0.7445
2023-12-04 15:36:44[INFO]: [EPOCH=003]: loss_main: 0.4994
2023-12-04 15:36:44[INFO]: [EPOCH=003]: auc: 0.7445 | acc: 0.7097 | rmse: 0.4409
2023-12-04 15:36:44[INFO]: ==============================
2023-12-04 15:36:44[INFO]: Training Completed!
2023-12-04 15:36:46[INFO]: auc: 0.7444860819542312
2023-12-04 15:36:46[INFO]: acc: 0.7096572328313617
2023-12-04 15:36:46[INFO]: rmse: 0.4409463900745237
2023-12-04 15:36:46[INFO]: ====================
2023-12-04 15:36:46[INFO]: All Fold Mean auc = 0.7452069326671987
2023-12-04 15:36:46[INFO]: All Fold Mean acc = 0.7074447898582906
2023-12-04 15:36:46[INFO]: All Fold Mean rmse = 0.44023048303524337
2023-12-04 15:36:46[INFO]: Task: 2023-12-04-114848 Completed!
