2023-11-17 19:27:27[INFO]: ============================================================
2023-11-17 19:27:27[INFO]: [ID]: 2023-11-17-192712
2023-11-17 19:27:27[INFO]: [DATASET]: ASSIST_0910
2023-11-17 19:27:27[INFO]: [ARGV]: ['run_dina_demo.py']
2023-11-17 19:27:27[INFO]: [ALL_CFG]: 
{
    "traintpl_cfg": {
        "cls": "EduTrainTPL",
        "num_stop_rounds": 10,
        "early_stop_metrics": [
            [
                "auc",
                "max"
            ]
        ],
        "best_epoch_metric": "auc",
        "unsave_best_epoch_pth": true,
        "ignore_metrics_in_train": [],
        "batch_size": 32,
        "device": "cpu",
        "epoch_num": 100,
        "eval_batch_size": 2048,
        "num_workers": 0,
        "lr": 0.001,
        "optim": "adam",
        "eps": 1e-08,
        "weight_decay": 0.0,
        "seed": 2023
    },
    "datatpl_cfg": {
        "cls": "CDInterExtendsQDataTPL",
        "mid2cache_op_seq": [
            "M2C_Label2Int",
            "M2C_FilterRecords4CD",
            "M2C_ReMapId",
            "M2C_RandomDataSplit4CD",
            "M2C_GenQMat"
        ],
        "exer_exclude_feat_names": [],
        "stu_exclude_feat_names": [],
        "seperator": ",",
        "n_folds": 1,
        "is_dataset_divided": false,
        "is_save_cache": false,
        "cache_id": "cache_default",
        "load_data_from": "middata",
        "inter_exclude_feat_names": [],
        "raw2mid_op": null,
        "seed": 2023,
        "M2C_Label2Int": {},
        "M2C_FilterRecords4CD": {
            "stu_least_records": 10,
            "exer_least_records": 0
        },
        "M2C_ReMapId": {
            "share_id_columns": [],
            "ignore_columns": "{'order_id:token'}"
        },
        "M2C_RandomDataSplit4CD": {
            "seed": 2023,
            "divide_scale_list": [
                7,
                1,
                2
            ]
        },
        "M2C_GenQMat": {}
    },
    "modeltpl_cfg": {
        "cls": "DINA",
        "step": 0,
        "max_step": 1000,
        "max_slip": 0.4,
        "max_guess": 0.4,
        "param_init_type": "xavier_normal",
        "pretrained_file_path": ""
    },
    "evaltpl_cfg": {
        "clses": [
            "BinaryClassificationEvalTPL",
            "CognitiveDiagnosisEvalTPL"
        ],
        "BinaryClassificationEvalTPL": {
            "use_metrics": [
                "auc",
                "acc",
                "rmse"
            ]
        },
        "CognitiveDiagnosisEvalTPL": {
            "use_metrics": [
                "doa_all"
            ],
            "test_only_metrics": [
                "doa_all"
            ]
        }
    },
    "frame_cfg": {
        "ARCHIVE_FOLDER_PATH": "/mnt/inspurfs/user-fs/tanzhengtao/EduStudio-LeaderBoard/EduStudio-main/examples/single_model/archive",
        "CFG_FOLDER_PATH": "/mnt/inspurfs/user-fs/tanzhengtao/EduStudio-LeaderBoard/EduStudio-main/examples/single_model/conf",
        "DATA_FOLDER_PATH": "/mnt/inspurfs/user-fs/tanzhengtao/EduStudio-LeaderBoard/EduStudio-main/examples/single_model/data",
        "DISABLE_LOG_STDOUT": false,
        "DISABLE_TQDM_BAR": false,
        "DT_INFO_DICT": {},
        "DT_INFO_FILE_PATH": "/mnt/inspurfs/user-fs/tanzhengtao/EduStudio-LeaderBoard/EduStudio-main/edustudio/assets/datasets.yaml",
        "ID": "2023-11-17-192712",
        "LOG_WITHOUT_DATE": false,
        "TEMP_FOLDER_PATH": "/mnt/inspurfs/user-fs/tanzhengtao/EduStudio-LeaderBoard/EduStudio-main/examples/single_model/temp",
        "TQDM_NCOLS": 100,
        "WORK_DIR": "/mnt/inspurfs/user-fs/tanzhengtao/EduStudio-LeaderBoard/EduStudio-main/examples/single_model",
        "data_folder_path": "/mnt/inspurfs/user-fs/tanzhengtao/EduStudio-LeaderBoard/EduStudio-main/examples/single_model/data/ASSIST_0910",
        "temp_folder_path": "/mnt/inspurfs/user-fs/tanzhengtao/EduStudio-LeaderBoard/EduStudio-main/examples/single_model/temp/ASSIST_0910/EduTrainTPL/DINA/2023-11-17-192712",
        "archive_folder_path": "/mnt/inspurfs/user-fs/tanzhengtao/EduStudio-LeaderBoard/EduStudio-main/examples/single_model/archive/ASSIST_0910/EduTrainTPL/DINA"
    },
    "dataset": "ASSIST_0910",
    "logger": "<Logger edustudio (DEBUG)>"
}
2023-11-17 19:27:27[INFO]: ============================================================
2023-11-17 19:27:31[INFO]: {'stu_count': 2993, 'exer_count': 16936, 'cpt_count': 122}
2023-11-17 19:27:31[INFO]: TrainTPL <class 'edustudio.traintpl.edu_traintpl.EduTrainTPL'> Started!
2023-11-17 19:27:32[INFO]: ====== [FOLD ID]: 0 ======
2023-11-17 19:27:32[INFO]: [CALLBACK]-ModelCheckPoint has been registered!
2023-11-17 19:27:32[INFO]: [CALLBACK]-EarlyStopping has been registered!
2023-11-17 19:27:32[INFO]: [CALLBACK]-History has been registered!
2023-11-17 19:27:32[INFO]: [CALLBACK]-BaseLogger has been registered!
2023-11-17 19:27:32[INFO]: Start Training...
2023-11-17 19:28:08[INFO]: Update best epoch as [1] for auc!
2023-11-17 19:28:08[INFO]: [EPOCH=001]: loss_main: 0.6877
2023-11-17 19:28:08[INFO]: [EPOCH=001]: auc: 0.6940 | acc: 0.6511 | rmse: 0.4967
2023-11-17 19:28:43[INFO]: Update best epoch as [2] for auc!
2023-11-17 19:28:43[INFO]: [EPOCH=002]: loss_main: 0.6729
2023-11-17 19:28:43[INFO]: [EPOCH=002]: auc: 0.7005 | acc: 0.6604 | rmse: 0.4892
2023-11-17 19:29:17[INFO]: Update best epoch as [3] for auc!
2023-11-17 19:29:17[INFO]: [EPOCH=003]: loss_main: 0.6615
2023-11-17 19:29:17[INFO]: [EPOCH=003]: auc: 0.7058 | acc: 0.6661 | rmse: 0.4841
2023-11-17 19:29:52[INFO]: Update best epoch as [4] for auc!
2023-11-17 19:29:52[INFO]: [EPOCH=004]: loss_main: 0.6507
2023-11-17 19:29:52[INFO]: [EPOCH=004]: auc: 0.7074 | acc: 0.6683 | rmse: 0.4818
2023-11-17 19:30:31[INFO]: Update best epoch as [5] for auc!
2023-11-17 19:30:31[INFO]: [EPOCH=005]: loss_main: 0.6408
2023-11-17 19:30:31[INFO]: [EPOCH=005]: auc: 0.7090 | acc: 0.6703 | rmse: 0.4799
2023-11-17 19:31:11[INFO]: Update best epoch as [6] for auc!
2023-11-17 19:31:11[INFO]: [EPOCH=006]: loss_main: 0.6339
2023-11-17 19:31:11[INFO]: [EPOCH=006]: auc: 0.7104 | acc: 0.6712 | rmse: 0.4786
2023-11-17 19:31:45[INFO]: Update best epoch as [7] for auc!
2023-11-17 19:31:45[INFO]: [EPOCH=007]: loss_main: 0.6260
2023-11-17 19:31:45[INFO]: [EPOCH=007]: auc: 0.7116 | acc: 0.6717 | rmse: 0.4777
2023-11-17 19:32:19[INFO]: Update best epoch as [8] for auc!
2023-11-17 19:32:19[INFO]: [EPOCH=008]: loss_main: 0.6207
2023-11-17 19:32:19[INFO]: [EPOCH=008]: auc: 0.7129 | acc: 0.6726 | rmse: 0.4768
2023-11-17 19:32:53[INFO]: Update best epoch as [9] for auc!
2023-11-17 19:32:53[INFO]: [EPOCH=009]: loss_main: 0.6154
2023-11-17 19:32:53[INFO]: [EPOCH=009]: auc: 0.7136 | acc: 0.6733 | rmse: 0.4763
2023-11-17 19:33:29[INFO]: Update best epoch as [10] for auc!
2023-11-17 19:33:29[INFO]: [EPOCH=010]: loss_main: 0.6098
2023-11-17 19:33:29[INFO]: [EPOCH=010]: auc: 0.7143 | acc: 0.6735 | rmse: 0.4759
2023-11-17 19:34:03[INFO]: Update best epoch as [11] for auc!
2023-11-17 19:34:03[INFO]: [EPOCH=011]: loss_main: 0.6066
2023-11-17 19:34:03[INFO]: [EPOCH=011]: auc: 0.7153 | acc: 0.6738 | rmse: 0.4756
2023-11-17 19:34:37[INFO]: Update best epoch as [12] for auc!
2023-11-17 19:34:37[INFO]: [EPOCH=012]: loss_main: 0.6022
2023-11-17 19:34:37[INFO]: [EPOCH=012]: auc: 0.7163 | acc: 0.6743 | rmse: 0.4752
2023-11-17 19:35:10[INFO]: Update best epoch as [13] for auc!
2023-11-17 19:35:10[INFO]: [EPOCH=013]: loss_main: 0.5997
2023-11-17 19:35:10[INFO]: [EPOCH=013]: auc: 0.7163 | acc: 0.6731 | rmse: 0.4757
2023-11-17 19:35:45[INFO]: Update best epoch as [14] for auc!
2023-11-17 19:35:45[INFO]: [EPOCH=014]: loss_main: 0.5963
2023-11-17 19:35:45[INFO]: [EPOCH=014]: auc: 0.7166 | acc: 0.6729 | rmse: 0.4758
2023-11-17 19:36:20[INFO]: Update best epoch as [15] for auc!
2023-11-17 19:36:20[INFO]: [EPOCH=015]: loss_main: 0.5942
2023-11-17 19:36:20[INFO]: [EPOCH=015]: auc: 0.7173 | acc: 0.6743 | rmse: 0.4752
2023-11-17 19:36:53[INFO]: Update best epoch as [16] for auc!
2023-11-17 19:36:53[INFO]: [EPOCH=016]: loss_main: 0.5920
2023-11-17 19:36:53[INFO]: [EPOCH=016]: auc: 0.7178 | acc: 0.6745 | rmse: 0.4752
2023-11-17 19:37:28[INFO]: [EPOCH=017]: loss_main: 0.5888
2023-11-17 19:37:28[INFO]: [EPOCH=017]: auc: 0.7177 | acc: 0.6738 | rmse: 0.4757
2023-11-17 19:38:01[INFO]: Update best epoch as [18] for auc!
2023-11-17 19:38:01[INFO]: [EPOCH=018]: loss_main: 0.5883
2023-11-17 19:38:01[INFO]: [EPOCH=018]: auc: 0.7179 | acc: 0.6736 | rmse: 0.4757
2023-11-17 19:38:36[INFO]: Update best epoch as [19] for auc!
2023-11-17 19:38:36[INFO]: [EPOCH=019]: loss_main: 0.5855
2023-11-17 19:38:36[INFO]: [EPOCH=019]: auc: 0.7182 | acc: 0.6735 | rmse: 0.4759
2023-11-17 19:39:11[INFO]: Update best epoch as [20] for auc!
2023-11-17 19:39:11[INFO]: [EPOCH=020]: loss_main: 0.5855
2023-11-17 19:39:11[INFO]: [EPOCH=020]: auc: 0.7190 | acc: 0.6736 | rmse: 0.4757
2023-11-17 19:39:45[INFO]: Update best epoch as [21] for auc!
2023-11-17 19:39:45[INFO]: [EPOCH=021]: loss_main: 0.5839
2023-11-17 19:39:45[INFO]: [EPOCH=021]: auc: 0.7197 | acc: 0.6742 | rmse: 0.4755
2023-11-17 19:40:20[INFO]: Update best epoch as [22] for auc!
2023-11-17 19:40:20[INFO]: [EPOCH=022]: loss_main: 0.5815
2023-11-17 19:40:20[INFO]: [EPOCH=022]: auc: 0.7201 | acc: 0.6747 | rmse: 0.4754
2023-11-17 19:40:53[INFO]: Update best epoch as [23] for auc!
2023-11-17 19:40:53[INFO]: [EPOCH=023]: loss_main: 0.5821
2023-11-17 19:40:53[INFO]: [EPOCH=023]: auc: 0.7203 | acc: 0.6744 | rmse: 0.4757
2023-11-17 19:41:27[INFO]: [EPOCH=024]: loss_main: 0.5795
2023-11-17 19:41:27[INFO]: [EPOCH=024]: auc: 0.7199 | acc: 0.6741 | rmse: 0.4760
2023-11-17 19:42:02[INFO]: [EPOCH=025]: loss_main: 0.5800
2023-11-17 19:42:02[INFO]: [EPOCH=025]: auc: 0.7197 | acc: 0.6735 | rmse: 0.4764
2023-11-17 19:42:37[INFO]: [EPOCH=026]: loss_main: 0.5787
2023-11-17 19:42:37[INFO]: [EPOCH=026]: auc: 0.7193 | acc: 0.6725 | rmse: 0.4769
2023-11-17 19:43:10[INFO]: [EPOCH=027]: loss_main: 0.5776
2023-11-17 19:43:10[INFO]: [EPOCH=027]: auc: 0.7202 | acc: 0.6731 | rmse: 0.4766
2023-11-17 19:43:47[INFO]: [EPOCH=028]: loss_main: 0.5778
2023-11-17 19:43:47[INFO]: [EPOCH=028]: auc: 0.7199 | acc: 0.6729 | rmse: 0.4770
2023-11-17 19:44:24[INFO]: [EPOCH=029]: loss_main: 0.5758
2023-11-17 19:44:24[INFO]: [EPOCH=029]: auc: 0.7194 | acc: 0.6723 | rmse: 0.4775
2023-11-17 19:44:57[INFO]: [EPOCH=030]: loss_main: 0.5766
2023-11-17 19:44:57[INFO]: [EPOCH=030]: auc: 0.7199 | acc: 0.6724 | rmse: 0.4774
2023-11-17 19:45:32[INFO]: [EPOCH=031]: loss_main: 0.5750
2023-11-17 19:45:32[INFO]: [EPOCH=031]: auc: 0.7192 | acc: 0.6714 | rmse: 0.4781
2023-11-17 19:46:07[INFO]: [EPOCH=032]: loss_main: 0.5755
2023-11-17 19:46:07[INFO]: [EPOCH=032]: auc: 0.7186 | acc: 0.6706 | rmse: 0.4786
2023-11-17 19:46:40[INFO]: Suggest to stop training now
2023-11-17 19:46:40[INFO]: [EPOCH=033]: loss_main: 0.5753
2023-11-17 19:46:40[INFO]: [EPOCH=033]: auc: 0.7196 | acc: 0.6716 | rmse: 0.4781
2023-11-17 19:46:40[INFO]: ==============================
2023-11-17 19:46:40[INFO]: [For auc], the Best Epoch is: 23, the value=0.7203
2023-11-17 19:46:40[INFO]: [EPOCH=023]: loss_main: 0.5821
2023-11-17 19:46:40[INFO]: [EPOCH=023]: auc: 0.7203 | acc: 0.6744 | rmse: 0.4757
2023-11-17 19:46:40[INFO]: ==============================
2023-11-17 19:46:40[INFO]: Training Completed!
2023-11-17 19:46:59[INFO]: auc: 0.7160691090894116
2023-11-17 19:46:59[INFO]: acc: 0.6719084339295086
2023-11-17 19:46:59[INFO]: rmse: 0.4780068320061436
2023-11-17 19:46:59[INFO]: doa_all: 0.7662604078280382
2023-11-17 19:46:59[INFO]: ====================
2023-11-17 19:46:59[INFO]: All Fold Mean auc = 0.7160691090894116
2023-11-17 19:46:59[INFO]: All Fold Mean acc = 0.6719084339295086
2023-11-17 19:46:59[INFO]: All Fold Mean rmse = 0.4780068320061436
2023-11-17 19:46:59[INFO]: All Fold Mean doa_all = 0.7662604078280382
2023-11-17 19:46:59[INFO]: Task: 2023-11-17-192712 Completed!
