2023-11-28 10:42:14[INFO]: ============================================================
2023-11-28 10:42:14[INFO]: [ID]: 2023-11-28-104210
2023-11-28 10:42:14[INFO]: [DATASET]: ASSIST_0910
2023-11-28 10:42:14[INFO]: [ARGV]: ['kscd.py']
2023-11-28 10:42:14[INFO]: [ALL_CFG]: 
{
    "traintpl_cfg": {
        "cls": "EduTrainTPL",
        "num_stop_rounds": 10,
        "early_stop_metrics": [
            [
                "auc",
                "max"
            ]
        ],
        "best_epoch_metric": "auc",
        "unsave_best_epoch_pth": true,
        "ignore_metrics_in_train": [],
        "batch_size": 32,
        "device": "cuda:0",
        "epoch_num": 100,
        "eval_batch_size": 2048,
        "num_workers": 0,
        "lr": 0.001,
        "optim": "adam",
        "eps": 1e-08,
        "weight_decay": 0.0,
        "seed": 2023
    },
    "datatpl_cfg": {
        "cls": "CDInterExtendsQDataTPL",
        "mid2cache_op_seq": [
            "M2C_Label2Int",
            "M2C_FilterRecords4CD",
            "M2C_ReMapId",
            "M2C_RandomDataSplit4CD",
            "M2C_GenQMat"
        ],
        "exer_exclude_feat_names": [],
        "stu_exclude_feat_names": [],
        "seperator": ",",
        "n_folds": 1,
        "is_dataset_divided": false,
        "is_save_cache": false,
        "cache_id": "cache_default",
        "load_data_from": "middata",
        "inter_exclude_feat_names": [],
        "raw2mid_op": null,
        "seed": 2023,
        "M2C_Label2Int": {},
        "M2C_FilterRecords4CD": {
            "stu_least_records": 10,
            "exer_least_records": 0
        },
        "M2C_ReMapId": {
            "share_id_columns": [],
            "ignore_columns": "{'order_id:token'}"
        },
        "M2C_RandomDataSplit4CD": {
            "seed": 2023,
            "divide_scale_list": [
                7,
                1,
                2
            ]
        },
        "M2C_GenQMat": {}
    },
    "modeltpl_cfg": {
        "cls": "KSCD",
        "emb_dim": 20,
        "dropout_rate": 0.5,
        "interaction_type": "kscd",
        "interaction_type_ncdm": {
            "dnn_units": [
                512,
                256
            ],
            "dropout_rate": 0.5,
            "activation": "sigmoid",
            "disc_scale": 10
        },
        "interaction_type_kscd": {
            "dropout_rate": 0.0
        },
        "param_init_type": "xavier_normal",
        "pretrained_file_path": ""
    },
    "evaltpl_cfg": {
        "clses": [
            "BinaryClassificationEvalTPL"
        ],
        "BinaryClassificationEvalTPL": {
            "use_metrics": [
                "auc",
                "acc",
                "rmse"
            ]
        }
    },
    "frame_cfg": {
        "ARCHIVE_FOLDER_PATH": "/lijinglong/Projects/EduStudio-main/examples/archive",
        "CFG_FOLDER_PATH": "/lijinglong/Projects/EduStudio-main/examples/conf",
        "DATA_FOLDER_PATH": "/lijinglong/Projects/EduStudio-main/examples/data",
        "DISABLE_LOG_STDOUT": false,
        "DISABLE_TQDM_BAR": false,
        "DT_INFO_DICT": {},
        "DT_INFO_FILE_PATH": "/lijinglong/Projects/EduStudio-main/edustudio/assets/datasets.yaml",
        "ID": "2023-11-28-104210",
        "LOG_WITHOUT_DATE": false,
        "TEMP_FOLDER_PATH": "/lijinglong/Projects/EduStudio-main/examples/temp",
        "TQDM_NCOLS": 100,
        "WORK_DIR": "/lijinglong/Projects/EduStudio-main/examples",
        "data_folder_path": "/lijinglong/Projects/EduStudio-main/examples/data/ASSIST_0910",
        "temp_folder_path": "/lijinglong/Projects/EduStudio-main/examples/temp/ASSIST_0910/EduTrainTPL/KSCD/2023-11-28-104210",
        "archive_folder_path": "/lijinglong/Projects/EduStudio-main/examples/archive/ASSIST_0910/EduTrainTPL/KSCD"
    },
    "dataset": "ASSIST_0910",
    "logger": "<Logger edustudio (DEBUG)>"
}
2023-11-28 10:42:14[INFO]: ============================================================
2023-11-28 10:42:22[INFO]: {'stu_count': 2993, 'exer_count': 16936, 'cpt_count': 122}
2023-11-28 10:42:22[INFO]: TrainTPL <class 'edustudio.traintpl.edu_traintpl.EduTrainTPL'> Started!
2023-11-28 10:42:23[INFO]: ====== [FOLD ID]: 0 ======
2023-11-28 10:42:23[INFO]: [CALLBACK]-ModelCheckPoint has been registered!
2023-11-28 10:42:23[INFO]: [CALLBACK]-EarlyStopping has been registered!
2023-11-28 10:42:23[INFO]: [CALLBACK]-History has been registered!
2023-11-28 10:42:23[INFO]: [CALLBACK]-BaseLogger has been registered!
2023-11-28 10:42:23[INFO]: Start Training...
2023-11-28 10:43:16[INFO]: Update best epoch as [1] for auc!
2023-11-28 10:43:16[INFO]: [EPOCH=001]: loss_main: 0.5750
2023-11-28 10:43:16[INFO]: [EPOCH=001]: auc: 0.7594 | acc: 0.7173 | rmse: 0.4309
2023-11-28 10:44:06[INFO]: Update best epoch as [2] for auc!
2023-11-28 10:44:06[INFO]: [EPOCH=002]: loss_main: 0.5136
2023-11-28 10:44:06[INFO]: [EPOCH=002]: auc: 0.7631 | acc: 0.7238 | rmse: 0.4275
2023-11-28 10:44:56[INFO]: [EPOCH=003]: loss_main: 0.4985
2023-11-28 10:44:56[INFO]: [EPOCH=003]: auc: 0.7618 | acc: 0.7237 | rmse: 0.4285
2023-11-28 10:45:48[INFO]: [EPOCH=004]: loss_main: 0.4908
2023-11-28 10:45:48[INFO]: [EPOCH=004]: auc: 0.7613 | acc: 0.7223 | rmse: 0.4287
2023-11-28 10:46:39[INFO]: [EPOCH=005]: loss_main: 0.4851
2023-11-28 10:46:39[INFO]: [EPOCH=005]: auc: 0.7598 | acc: 0.7222 | rmse: 0.4293
2023-11-28 10:47:30[INFO]: [EPOCH=006]: loss_main: 0.4816
2023-11-28 10:47:30[INFO]: [EPOCH=006]: auc: 0.7606 | acc: 0.7236 | rmse: 0.4300
2023-11-28 10:48:21[INFO]: [EPOCH=007]: loss_main: 0.4786
2023-11-28 10:48:21[INFO]: [EPOCH=007]: auc: 0.7612 | acc: 0.7217 | rmse: 0.4301
2023-11-28 10:49:12[INFO]: [EPOCH=008]: loss_main: 0.4759
2023-11-28 10:49:12[INFO]: [EPOCH=008]: auc: 0.7605 | acc: 0.7217 | rmse: 0.4318
2023-11-28 10:50:01[INFO]: [EPOCH=009]: loss_main: 0.4742
2023-11-28 10:50:01[INFO]: [EPOCH=009]: auc: 0.7595 | acc: 0.7221 | rmse: 0.4308
2023-11-28 10:50:52[INFO]: [EPOCH=010]: loss_main: 0.4727
2023-11-28 10:50:52[INFO]: [EPOCH=010]: auc: 0.7601 | acc: 0.7209 | rmse: 0.4314
2023-11-28 10:51:43[INFO]: [EPOCH=011]: loss_main: 0.4710
2023-11-28 10:51:43[INFO]: [EPOCH=011]: auc: 0.7583 | acc: 0.7146 | rmse: 0.4358
2023-11-28 10:52:34[INFO]: Suggest to stop training now
2023-11-28 10:52:34[INFO]: [EPOCH=012]: loss_main: 0.4699
2023-11-28 10:52:34[INFO]: [EPOCH=012]: auc: 0.7585 | acc: 0.7229 | rmse: 0.4317
2023-11-28 10:52:34[INFO]: ==============================
2023-11-28 10:52:34[INFO]: [For auc], the Best Epoch is: 2, the value=0.7631
2023-11-28 10:52:34[INFO]: [EPOCH=002]: loss_main: 0.5136
2023-11-28 10:52:34[INFO]: [EPOCH=002]: auc: 0.7631 | acc: 0.7238 | rmse: 0.4275
2023-11-28 10:52:34[INFO]: ==============================
2023-11-28 10:52:34[INFO]: Training Completed!
2023-11-28 10:52:35[INFO]: auc: 0.761275042633865
2023-11-28 10:52:35[INFO]: acc: 0.7233638822721951
2023-11-28 10:52:35[INFO]: rmse: 0.4286229905832024
2023-11-28 10:52:35[INFO]: ====================
2023-11-28 10:52:35[INFO]: All Fold Mean auc = 0.761275042633865
2023-11-28 10:52:35[INFO]: All Fold Mean acc = 0.7233638822721951
2023-11-28 10:52:35[INFO]: All Fold Mean rmse = 0.4286229905832024
2023-11-28 10:52:35[INFO]: Task: 2023-11-28-104210 Completed!
