2023-11-28 10:23:56[INFO]: ============================================================
2023-11-28 10:23:56[INFO]: [ID]: 2023-11-28-102352
2023-11-28 10:23:56[INFO]: [DATASET]: ASSIST_0910
2023-11-28 10:23:56[INFO]: [ARGV]: ['kancd.py']
2023-11-28 10:23:56[INFO]: [ALL_CFG]: 
{
    "traintpl_cfg": {
        "cls": "EduTrainTPL",
        "num_stop_rounds": 10,
        "early_stop_metrics": [
            [
                "auc",
                "max"
            ]
        ],
        "best_epoch_metric": "auc",
        "unsave_best_epoch_pth": true,
        "ignore_metrics_in_train": [],
        "batch_size": 32,
        "device": "cuda:0",
        "epoch_num": 100,
        "eval_batch_size": 2048,
        "num_workers": 0,
        "lr": 0.001,
        "optim": "adam",
        "eps": 1e-08,
        "weight_decay": 0.0,
        "seed": 2023
    },
    "datatpl_cfg": {
        "cls": "CDInterExtendsQDataTPL",
        "mid2cache_op_seq": [
            "M2C_Label2Int",
            "M2C_FilterRecords4CD",
            "M2C_ReMapId",
            "M2C_RandomDataSplit4CD",
            "M2C_GenQMat"
        ],
        "exer_exclude_feat_names": [],
        "stu_exclude_feat_names": [],
        "seperator": ",",
        "n_folds": 1,
        "is_dataset_divided": false,
        "is_save_cache": false,
        "cache_id": "cache_default",
        "load_data_from": "middata",
        "inter_exclude_feat_names": [],
        "raw2mid_op": null,
        "seed": 2023,
        "M2C_Label2Int": {},
        "M2C_FilterRecords4CD": {
            "stu_least_records": 10,
            "exer_least_records": 0
        },
        "M2C_ReMapId": {
            "share_id_columns": [],
            "ignore_columns": "{'order_id:token'}"
        },
        "M2C_RandomDataSplit4CD": {
            "seed": 2023,
            "divide_scale_list": [
                7,
                1,
                2
            ]
        },
        "M2C_GenQMat": {}
    },
    "modeltpl_cfg": {
        "cls": "KaNCD",
        "prednet_len1": 256,
        "prednet_len2": 128,
        "emb_dim": 20,
        "mf_type": "gmf",
        "param_init_type": "xavier_normal",
        "pretrained_file_path": ""
    },
    "evaltpl_cfg": {
        "clses": [
            "BinaryClassificationEvalTPL",
            "CognitiveDiagnosisEvalTPL"
        ],
        "BinaryClassificationEvalTPL": {
            "use_metrics": [
                "auc",
                "acc",
                "rmse"
            ]
        },
        "CognitiveDiagnosisEvalTPL": {
            "use_metrics": [
                "doa_all"
            ],
            "test_only_metrics": [
                "doa_all"
            ]
        }
    },
    "frame_cfg": {
        "ARCHIVE_FOLDER_PATH": "/lijinglong/Projects/EduStudio-main/examples/archive",
        "CFG_FOLDER_PATH": "/lijinglong/Projects/EduStudio-main/examples/conf",
        "DATA_FOLDER_PATH": "/lijinglong/Projects/EduStudio-main/examples/data",
        "DISABLE_LOG_STDOUT": false,
        "DISABLE_TQDM_BAR": false,
        "DT_INFO_DICT": {},
        "DT_INFO_FILE_PATH": "/lijinglong/Projects/EduStudio-main/edustudio/assets/datasets.yaml",
        "ID": "2023-11-28-102352",
        "LOG_WITHOUT_DATE": false,
        "TEMP_FOLDER_PATH": "/lijinglong/Projects/EduStudio-main/examples/temp",
        "TQDM_NCOLS": 100,
        "WORK_DIR": "/lijinglong/Projects/EduStudio-main/examples",
        "data_folder_path": "/lijinglong/Projects/EduStudio-main/examples/data/ASSIST_0910",
        "temp_folder_path": "/lijinglong/Projects/EduStudio-main/examples/temp/ASSIST_0910/EduTrainTPL/KaNCD/2023-11-28-102352",
        "archive_folder_path": "/lijinglong/Projects/EduStudio-main/examples/archive/ASSIST_0910/EduTrainTPL/KaNCD"
    },
    "dataset": "ASSIST_0910",
    "logger": "<Logger edustudio (DEBUG)>"
}
2023-11-28 10:23:56[INFO]: ============================================================
2023-11-28 10:24:03[INFO]: {'stu_count': 2993, 'exer_count': 16936, 'cpt_count': 122}
2023-11-28 10:24:03[INFO]: TrainTPL <class 'edustudio.traintpl.edu_traintpl.EduTrainTPL'> Started!
2023-11-28 10:24:05[INFO]: ====== [FOLD ID]: 0 ======
2023-11-28 10:24:05[INFO]: [CALLBACK]-ModelCheckPoint has been registered!
2023-11-28 10:24:05[INFO]: [CALLBACK]-EarlyStopping has been registered!
2023-11-28 10:24:05[INFO]: [CALLBACK]-History has been registered!
2023-11-28 10:24:05[INFO]: [CALLBACK]-BaseLogger has been registered!
2023-11-28 10:24:05[INFO]: Start Training...
2023-11-28 10:25:04[INFO]: Update best epoch as [1] for auc!
2023-11-28 10:25:04[INFO]: [EPOCH=001]: loss_main: 0.5866
2023-11-28 10:25:04[INFO]: [EPOCH=001]: auc: 0.7635 | acc: 0.7226 | rmse: 0.4279
2023-11-28 10:25:59[INFO]: Update best epoch as [2] for auc!
2023-11-28 10:26:00[INFO]: [EPOCH=002]: loss_main: 0.4945
2023-11-28 10:26:00[INFO]: [EPOCH=002]: auc: 0.7670 | acc: 0.7258 | rmse: 0.4268
2023-11-28 10:26:55[INFO]: [EPOCH=003]: loss_main: 0.4660
2023-11-28 10:26:55[INFO]: [EPOCH=003]: auc: 0.7657 | acc: 0.7208 | rmse: 0.4303
2023-11-28 10:27:48[INFO]: [EPOCH=004]: loss_main: 0.4485
2023-11-28 10:27:48[INFO]: [EPOCH=004]: auc: 0.7645 | acc: 0.7222 | rmse: 0.4313
2023-11-28 10:28:38[INFO]: [EPOCH=005]: loss_main: 0.4362
2023-11-28 10:28:38[INFO]: [EPOCH=005]: auc: 0.7619 | acc: 0.7201 | rmse: 0.4339
2023-11-28 10:29:34[INFO]: [EPOCH=006]: loss_main: 0.4272
2023-11-28 10:29:34[INFO]: [EPOCH=006]: auc: 0.7617 | acc: 0.7202 | rmse: 0.4380
2023-11-28 10:30:29[INFO]: [EPOCH=007]: loss_main: 0.4198
2023-11-28 10:30:29[INFO]: [EPOCH=007]: auc: 0.7609 | acc: 0.7208 | rmse: 0.4373
2023-11-28 10:31:21[INFO]: [EPOCH=008]: loss_main: 0.4137
2023-11-28 10:31:21[INFO]: [EPOCH=008]: auc: 0.7602 | acc: 0.7221 | rmse: 0.4434
2023-11-28 10:32:15[INFO]: [EPOCH=009]: loss_main: 0.4091
2023-11-28 10:32:15[INFO]: [EPOCH=009]: auc: 0.7588 | acc: 0.7236 | rmse: 0.4348
2023-11-28 10:33:11[INFO]: [EPOCH=010]: loss_main: 0.4048
2023-11-28 10:33:11[INFO]: [EPOCH=010]: auc: 0.7582 | acc: 0.7210 | rmse: 0.4423
2023-11-28 10:34:04[INFO]: [EPOCH=011]: loss_main: 0.4009
2023-11-28 10:34:04[INFO]: [EPOCH=011]: auc: 0.7574 | acc: 0.7153 | rmse: 0.4449
2023-11-28 10:34:59[INFO]: Suggest to stop training now
2023-11-28 10:34:59[INFO]: [EPOCH=012]: loss_main: 0.3975
2023-11-28 10:34:59[INFO]: [EPOCH=012]: auc: 0.7565 | acc: 0.7146 | rmse: 0.4439
2023-11-28 10:34:59[INFO]: ==============================
2023-11-28 10:34:59[INFO]: [For auc], the Best Epoch is: 2, the value=0.7670
2023-11-28 10:34:59[INFO]: [EPOCH=002]: loss_main: 0.4945
2023-11-28 10:34:59[INFO]: [EPOCH=002]: auc: 0.7670 | acc: 0.7258 | rmse: 0.4268
2023-11-28 10:34:59[INFO]: ==============================
2023-11-28 10:34:59[INFO]: Training Completed!
2023-11-28 10:35:13[INFO]: auc: 0.7650904322679309
2023-11-28 10:35:13[INFO]: acc: 0.7267148451693649
2023-11-28 10:35:13[INFO]: rmse: 0.42757888476044453
2023-11-28 10:35:13[INFO]: doa_all: 0.730839314784776
2023-11-28 10:35:13[INFO]: ====================
2023-11-28 10:35:13[INFO]: All Fold Mean auc = 0.7650904322679309
2023-11-28 10:35:13[INFO]: All Fold Mean acc = 0.7267148451693649
2023-11-28 10:35:13[INFO]: All Fold Mean rmse = 0.42757888476044453
2023-11-28 10:35:13[INFO]: All Fold Mean doa_all = 0.730839314784776
2023-11-28 10:35:13[INFO]: Task: 2023-11-28-102352 Completed!
