2023-12-12 15:37:48[INFO]: ============================================================
2023-12-12 15:37:48[INFO]: [ID]: 2023-12-12-153744
2023-12-12 15:37:48[INFO]: [DATASET]: ASSIST_0910
2023-12-12 15:37:48[INFO]: [ARGV]: ['ncdm.py']
2023-12-12 15:37:48[INFO]: [ALL_CFG]: 
{
    "traintpl_cfg": {
        "cls": "EduTrainTPL",
        "num_stop_rounds": 10,
        "early_stop_metrics": [
            [
                "auc",
                "max"
            ]
        ],
        "best_epoch_metric": "auc",
        "unsave_best_epoch_pth": true,
        "ignore_metrics_in_train": [],
        "batch_size": 32,
        "device": "cuda:0",
        "epoch_num": 100,
        "eval_batch_size": 2048,
        "num_workers": 0,
        "lr": 0.001,
        "optim": "adam",
        "eps": 1e-08,
        "weight_decay": 0.0,
        "seed": 2023
    },
    "datatpl_cfg": {
        "cls": "CDInterExtendsQDataTPL",
        "mid2cache_op_seq": [
            "M2C_Label2Int",
            "M2C_FilterRecords4CD",
            "M2C_ReMapId",
            "M2C_RandomDataSplit4CD",
            "M2C_GenQMat"
        ],
        "exer_exclude_feat_names": [],
        "stu_exclude_feat_names": [],
        "seperator": ",",
        "n_folds": 5,
        "is_dataset_divided": false,
        "is_save_cache": false,
        "cache_id": "cache_default",
        "load_data_from": "middata",
        "inter_exclude_feat_names": [],
        "raw2mid_op": null,
        "seed": 2023,
        "M2C_Label2Int": {},
        "M2C_FilterRecords4CD": {
            "stu_least_records": 10,
            "exer_least_records": 0
        },
        "M2C_ReMapId": {
            "share_id_columns": [],
            "ignore_columns": "{'order_id:token'}"
        },
        "M2C_RandomDataSplit4CD": {
            "seed": 2023,
            "divide_scale_list": [
                7,
                1,
                2
            ]
        },
        "M2C_GenQMat": {}
    },
    "modeltpl_cfg": {
        "cls": "NCDM",
        "dnn_units": [
            512,
            256
        ],
        "dropout_rate": 0.5,
        "activation": "sigmoid",
        "disc_scale": 10,
        "param_init_type": "xavier_normal",
        "pretrained_file_path": ""
    },
    "evaltpl_cfg": {
        "clses": [
            "BinaryClassificationEvalTPL",
            "CognitiveDiagnosisEvalTPL"
        ],
        "BinaryClassificationEvalTPL": {
            "use_metrics": [
                "auc",
                "acc",
                "rmse"
            ]
        },
        "CognitiveDiagnosisEvalTPL": {
            "use_metrics": [
                "doa_all"
            ],
            "test_only_metrics": [
                "doa_all"
            ]
        }
    },
    "frame_cfg": {
        "ARCHIVE_FOLDER_PATH": "/lijinglong/Projects/EduStudio-main/examples/archive",
        "CFG_FOLDER_PATH": "/lijinglong/Projects/EduStudio-main/examples/conf",
        "DATA_FOLDER_PATH": "/lijinglong/Projects/EduStudio-main/examples/data",
        "DISABLE_LOG_STDOUT": false,
        "DISABLE_TQDM_BAR": false,
        "DT_INFO_DICT": {},
        "DT_INFO_FILE_PATH": "/lijinglong/Projects/EduStudio-main/edustudio/assets/datasets.yaml",
        "ID": "2023-12-12-153744",
        "LOG_WITHOUT_DATE": false,
        "TEMP_FOLDER_PATH": "/lijinglong/Projects/EduStudio-main/examples/temp",
        "TQDM_NCOLS": 100,
        "WORK_DIR": "/lijinglong/Projects/EduStudio-main/examples",
        "data_folder_path": "/lijinglong/Projects/EduStudio-main/examples/data/ASSIST_0910",
        "temp_folder_path": "/lijinglong/Projects/EduStudio-main/examples/temp/ASSIST_0910/EduTrainTPL/NCDM/2023-12-12-153744",
        "archive_folder_path": "/lijinglong/Projects/EduStudio-main/examples/archive/ASSIST_0910/EduTrainTPL/NCDM"
    },
    "dataset": "ASSIST_0910",
    "logger": "<Logger edustudio (DEBUG)>"
}
2023-12-12 15:37:48[INFO]: ============================================================
2023-12-12 15:37:56[INFO]: {'stu_count': 2993, 'exer_count': 16936, 'cpt_count': 122}
2023-12-12 15:37:56[INFO]: TrainTPL <class 'edustudio.traintpl.edu_traintpl.EduTrainTPL'> Started!
2023-12-12 15:37:57[INFO]: ====== [FOLD ID]: 0 ======
2023-12-12 15:37:57[INFO]: [CALLBACK]-ModelCheckPoint has been registered!
2023-12-12 15:37:57[INFO]: [CALLBACK]-EarlyStopping has been registered!
2023-12-12 15:37:57[INFO]: [CALLBACK]-History has been registered!
2023-12-12 15:37:57[INFO]: [CALLBACK]-BaseLogger has been registered!
2023-12-12 15:37:57[INFO]: Start Training...
2023-12-12 15:38:47[INFO]: Update best epoch as [1] for auc!
2023-12-12 15:38:47[INFO]: [EPOCH=001]: loss_main: 0.7088
2023-12-12 15:38:47[INFO]: [EPOCH=001]: auc: 0.7209 | acc: 0.6782 | rmse: 0.4548
2023-12-12 15:39:39[INFO]: Update best epoch as [2] for auc!
2023-12-12 15:39:39[INFO]: [EPOCH=002]: loss_main: 0.5353
2023-12-12 15:39:39[INFO]: [EPOCH=002]: auc: 0.7443 | acc: 0.7200 | rmse: 0.4357
2023-12-12 15:40:27[INFO]: Update best epoch as [3] for auc!
2023-12-12 15:40:27[INFO]: [EPOCH=003]: loss_main: 0.4816
2023-12-12 15:40:27[INFO]: [EPOCH=003]: auc: 0.7502 | acc: 0.7159 | rmse: 0.4360
2023-12-12 15:41:18[INFO]: Update best epoch as [4] for auc!
2023-12-12 15:41:18[INFO]: [EPOCH=004]: loss_main: 0.4574
2023-12-12 15:41:18[INFO]: [EPOCH=004]: auc: 0.7515 | acc: 0.7106 | rmse: 0.4389
2023-12-12 15:42:10[INFO]: [EPOCH=005]: loss_main: 0.4425
2023-12-12 15:42:10[INFO]: [EPOCH=005]: auc: 0.7513 | acc: 0.7157 | rmse: 0.4399
2023-12-12 15:43:01[INFO]: [EPOCH=006]: loss_main: 0.4317
2023-12-12 15:43:01[INFO]: [EPOCH=006]: auc: 0.7509 | acc: 0.7231 | rmse: 0.4405
2023-12-12 15:43:52[INFO]: [EPOCH=007]: loss_main: 0.4236
2023-12-12 15:43:52[INFO]: [EPOCH=007]: auc: 0.7501 | acc: 0.7094 | rmse: 0.4432
2023-12-12 15:44:44[INFO]: [EPOCH=008]: loss_main: 0.4171
2023-12-12 15:44:44[INFO]: [EPOCH=008]: auc: 0.7497 | acc: 0.7077 | rmse: 0.4449
2023-12-12 15:45:35[INFO]: [EPOCH=009]: loss_main: 0.4116
2023-12-12 15:45:35[INFO]: [EPOCH=009]: auc: 0.7494 | acc: 0.7249 | rmse: 0.4452
2023-12-12 15:46:22[INFO]: [EPOCH=010]: loss_main: 0.4076
2023-12-12 15:46:22[INFO]: [EPOCH=010]: auc: 0.7488 | acc: 0.7058 | rmse: 0.4475
2023-12-12 15:47:11[INFO]: [EPOCH=011]: loss_main: 0.4029
2023-12-12 15:47:11[INFO]: [EPOCH=011]: auc: 0.7484 | acc: 0.7107 | rmse: 0.4452
2023-12-12 15:48:02[INFO]: [EPOCH=012]: loss_main: 0.4001
2023-12-12 15:48:02[INFO]: [EPOCH=012]: auc: 0.7482 | acc: 0.7103 | rmse: 0.4468
2023-12-12 15:48:54[INFO]: [EPOCH=013]: loss_main: 0.3964
2023-12-12 15:48:54[INFO]: [EPOCH=013]: auc: 0.7478 | acc: 0.7209 | rmse: 0.4468
2023-12-12 15:49:43[INFO]: Suggest to stop training now
2023-12-12 15:49:43[INFO]: [EPOCH=014]: loss_main: 0.3929
2023-12-12 15:49:43[INFO]: [EPOCH=014]: auc: 0.7473 | acc: 0.7179 | rmse: 0.4504
2023-12-12 15:49:43[INFO]: ==============================
2023-12-12 15:49:43[INFO]: [For auc], the Best Epoch is: 4, the value=0.7515
2023-12-12 15:49:43[INFO]: [EPOCH=004]: loss_main: 0.4574
2023-12-12 15:49:43[INFO]: [EPOCH=004]: auc: 0.7515 | acc: 0.7106 | rmse: 0.4389
2023-12-12 15:49:43[INFO]: ==============================
2023-12-12 15:49:43[INFO]: Training Completed!
2023-12-12 15:49:58[INFO]: auc: 0.7515106458071071
2023-12-12 15:49:58[INFO]: acc: 0.7106463724817312
2023-12-12 15:49:58[INFO]: rmse: 0.43889392453871356
2023-12-12 15:49:58[INFO]: doa_all: 0.7855885676342007
2023-12-12 15:49:58[INFO]: ====================
2023-12-12 15:49:58[INFO]: ====== [FOLD ID]: 1 ======
2023-12-12 15:49:58[INFO]: [CALLBACK]-ModelCheckPoint has been registered!
2023-12-12 15:49:58[INFO]: [CALLBACK]-EarlyStopping has been registered!
2023-12-12 15:49:58[INFO]: [CALLBACK]-History has been registered!
2023-12-12 15:49:58[INFO]: [CALLBACK]-BaseLogger has been registered!
2023-12-12 15:49:58[INFO]: Start Training...
2023-12-12 15:50:47[INFO]: Update best epoch as [1] for auc!
2023-12-12 15:50:47[INFO]: [EPOCH=001]: loss_main: 0.6899
2023-12-12 15:50:47[INFO]: [EPOCH=001]: auc: 0.7213 | acc: 0.6629 | rmse: 0.4575
2023-12-12 15:51:40[INFO]: Update best epoch as [2] for auc!
2023-12-12 15:51:40[INFO]: [EPOCH=002]: loss_main: 0.5366
2023-12-12 15:51:40[INFO]: [EPOCH=002]: auc: 0.7453 | acc: 0.7227 | rmse: 0.4350
2023-12-12 15:52:40[INFO]: Update best epoch as [3] for auc!
2023-12-12 15:52:40[INFO]: [EPOCH=003]: loss_main: 0.4831
2023-12-12 15:52:40[INFO]: [EPOCH=003]: auc: 0.7519 | acc: 0.7213 | rmse: 0.4356
2023-12-12 15:53:40[INFO]: Update best epoch as [4] for auc!
2023-12-12 15:53:41[INFO]: [EPOCH=004]: loss_main: 0.4590
2023-12-12 15:53:41[INFO]: [EPOCH=004]: auc: 0.7532 | acc: 0.7193 | rmse: 0.4350
2023-12-12 15:54:34[INFO]: Update best epoch as [5] for auc!
2023-12-12 15:54:34[INFO]: [EPOCH=005]: loss_main: 0.4440
2023-12-12 15:54:34[INFO]: [EPOCH=005]: auc: 0.7532 | acc: 0.7194 | rmse: 0.4361
2023-12-12 15:55:24[INFO]: [EPOCH=006]: loss_main: 0.4344
2023-12-12 15:55:24[INFO]: [EPOCH=006]: auc: 0.7526 | acc: 0.7209 | rmse: 0.4382
2023-12-12 15:56:13[INFO]: [EPOCH=007]: loss_main: 0.4262
2023-12-12 15:56:13[INFO]: [EPOCH=007]: auc: 0.7522 | acc: 0.7095 | rmse: 0.4438
2023-12-12 15:57:02[INFO]: [EPOCH=008]: loss_main: 0.4196
2023-12-12 15:57:02[INFO]: [EPOCH=008]: auc: 0.7517 | acc: 0.7199 | rmse: 0.4385
2023-12-12 15:57:51[INFO]: [EPOCH=009]: loss_main: 0.4139
2023-12-12 15:57:51[INFO]: [EPOCH=009]: auc: 0.7513 | acc: 0.7108 | rmse: 0.4436
2023-12-12 15:58:41[INFO]: [EPOCH=010]: loss_main: 0.4095
2023-12-12 15:58:41[INFO]: [EPOCH=010]: auc: 0.7510 | acc: 0.7232 | rmse: 0.4428
2023-12-12 15:59:30[INFO]: [EPOCH=011]: loss_main: 0.4051
2023-12-12 15:59:30[INFO]: [EPOCH=011]: auc: 0.7504 | acc: 0.6950 | rmse: 0.4500
2023-12-12 16:00:18[INFO]: [EPOCH=012]: loss_main: 0.4014
2023-12-12 16:00:18[INFO]: [EPOCH=012]: auc: 0.7502 | acc: 0.7267 | rmse: 0.4425
2023-12-12 16:01:07[INFO]: [EPOCH=013]: loss_main: 0.3980
2023-12-12 16:01:07[INFO]: [EPOCH=013]: auc: 0.7497 | acc: 0.7202 | rmse: 0.4442
2023-12-12 16:01:57[INFO]: [EPOCH=014]: loss_main: 0.3940
2023-12-12 16:01:57[INFO]: [EPOCH=014]: auc: 0.7491 | acc: 0.7240 | rmse: 0.4458
2023-12-12 16:02:46[INFO]: Suggest to stop training now
2023-12-12 16:02:46[INFO]: [EPOCH=015]: loss_main: 0.3901
2023-12-12 16:02:46[INFO]: [EPOCH=015]: auc: 0.7486 | acc: 0.7264 | rmse: 0.4451
2023-12-12 16:02:46[INFO]: ==============================
2023-12-12 16:02:46[INFO]: [For auc], the Best Epoch is: 5, the value=0.7532
2023-12-12 16:02:46[INFO]: [EPOCH=005]: loss_main: 0.4440
2023-12-12 16:02:46[INFO]: [EPOCH=005]: auc: 0.7532 | acc: 0.7194 | rmse: 0.4361
2023-12-12 16:02:46[INFO]: ==============================
2023-12-12 16:02:46[INFO]: Training Completed!
2023-12-12 16:03:01[INFO]: auc: 0.7532388396289162
2023-12-12 16:03:01[INFO]: acc: 0.7193669506237635
2023-12-12 16:03:01[INFO]: rmse: 0.43610818044254157
2023-12-12 16:03:01[INFO]: doa_all: 0.7905020747661738
2023-12-12 16:03:01[INFO]: ====================
2023-12-12 16:03:01[INFO]: ====== [FOLD ID]: 2 ======
2023-12-12 16:03:02[INFO]: [CALLBACK]-ModelCheckPoint has been registered!
2023-12-12 16:03:02[INFO]: [CALLBACK]-EarlyStopping has been registered!
2023-12-12 16:03:02[INFO]: [CALLBACK]-History has been registered!
2023-12-12 16:03:02[INFO]: [CALLBACK]-BaseLogger has been registered!
2023-12-12 16:03:02[INFO]: Start Training...
2023-12-12 16:03:51[INFO]: Update best epoch as [1] for auc!
2023-12-12 16:03:52[INFO]: [EPOCH=001]: loss_main: 0.6879
2023-12-12 16:03:52[INFO]: [EPOCH=001]: auc: 0.7258 | acc: 0.6632 | rmse: 0.4556
2023-12-12 16:04:43[INFO]: Update best epoch as [2] for auc!
2023-12-12 16:04:43[INFO]: [EPOCH=002]: loss_main: 0.5375
2023-12-12 16:04:43[INFO]: [EPOCH=002]: auc: 0.7490 | acc: 0.7251 | rmse: 0.4329
2023-12-12 16:05:33[INFO]: Update best epoch as [3] for auc!
2023-12-12 16:05:33[INFO]: [EPOCH=003]: loss_main: 0.4845
2023-12-12 16:05:33[INFO]: [EPOCH=003]: auc: 0.7555 | acc: 0.7269 | rmse: 0.4331
2023-12-12 16:06:23[INFO]: Update best epoch as [4] for auc!
2023-12-12 16:06:23[INFO]: [EPOCH=004]: loss_main: 0.4598
2023-12-12 16:06:23[INFO]: [EPOCH=004]: auc: 0.7570 | acc: 0.7217 | rmse: 0.4325
2023-12-12 16:07:13[INFO]: [EPOCH=005]: loss_main: 0.4456
2023-12-12 16:07:13[INFO]: [EPOCH=005]: auc: 0.7569 | acc: 0.7204 | rmse: 0.4334
2023-12-12 16:08:02[INFO]: [EPOCH=006]: loss_main: 0.4349
2023-12-12 16:08:02[INFO]: [EPOCH=006]: auc: 0.7566 | acc: 0.7273 | rmse: 0.4342
2023-12-12 16:08:49[INFO]: [EPOCH=007]: loss_main: 0.4263
2023-12-12 16:08:49[INFO]: [EPOCH=007]: auc: 0.7560 | acc: 0.7192 | rmse: 0.4375
2023-12-12 16:09:39[INFO]: [EPOCH=008]: loss_main: 0.4200
2023-12-12 16:09:39[INFO]: [EPOCH=008]: auc: 0.7556 | acc: 0.7063 | rmse: 0.4443
2023-12-12 16:10:27[INFO]: [EPOCH=009]: loss_main: 0.4151
2023-12-12 16:10:27[INFO]: [EPOCH=009]: auc: 0.7552 | acc: 0.7155 | rmse: 0.4402
2023-12-12 16:11:15[INFO]: [EPOCH=010]: loss_main: 0.4099
2023-12-12 16:11:15[INFO]: [EPOCH=010]: auc: 0.7547 | acc: 0.7177 | rmse: 0.4400
2023-12-12 16:12:05[INFO]: [EPOCH=011]: loss_main: 0.4059
2023-12-12 16:12:05[INFO]: [EPOCH=011]: auc: 0.7543 | acc: 0.7251 | rmse: 0.4401
2023-12-12 16:12:56[INFO]: [EPOCH=012]: loss_main: 0.4021
2023-12-12 16:12:56[INFO]: [EPOCH=012]: auc: 0.7539 | acc: 0.7172 | rmse: 0.4431
2023-12-12 16:13:45[INFO]: [EPOCH=013]: loss_main: 0.3989
2023-12-12 16:13:45[INFO]: [EPOCH=013]: auc: 0.7537 | acc: 0.7191 | rmse: 0.4427
2023-12-12 16:14:35[INFO]: Suggest to stop training now
2023-12-12 16:14:35[INFO]: [EPOCH=014]: loss_main: 0.3957
2023-12-12 16:14:35[INFO]: [EPOCH=014]: auc: 0.7533 | acc: 0.7249 | rmse: 0.4434
2023-12-12 16:14:35[INFO]: ==============================
2023-12-12 16:14:35[INFO]: [For auc], the Best Epoch is: 4, the value=0.7570
2023-12-12 16:14:35[INFO]: [EPOCH=004]: loss_main: 0.4598
2023-12-12 16:14:35[INFO]: [EPOCH=004]: auc: 0.7570 | acc: 0.7217 | rmse: 0.4325
2023-12-12 16:14:35[INFO]: ==============================
2023-12-12 16:14:35[INFO]: Training Completed!
2023-12-12 16:14:48[INFO]: auc: 0.7570325828337181
2023-12-12 16:14:48[INFO]: acc: 0.7216682143001333
2023-12-12 16:14:48[INFO]: rmse: 0.43254214426005766
2023-12-12 16:14:48[INFO]: doa_all: 0.7828670475803939
2023-12-12 16:14:48[INFO]: ====================
2023-12-12 16:14:48[INFO]: ====== [FOLD ID]: 3 ======
2023-12-12 16:14:48[INFO]: [CALLBACK]-ModelCheckPoint has been registered!
2023-12-12 16:14:48[INFO]: [CALLBACK]-EarlyStopping has been registered!
2023-12-12 16:14:48[INFO]: [CALLBACK]-History has been registered!
2023-12-12 16:14:48[INFO]: [CALLBACK]-BaseLogger has been registered!
2023-12-12 16:14:48[INFO]: Start Training...
2023-12-12 16:15:38[INFO]: Update best epoch as [1] for auc!
2023-12-12 16:15:38[INFO]: [EPOCH=001]: loss_main: 0.6940
2023-12-12 16:15:38[INFO]: [EPOCH=001]: auc: 0.7246 | acc: 0.6682 | rmse: 0.4540
2023-12-12 16:16:27[INFO]: Update best epoch as [2] for auc!
2023-12-12 16:16:27[INFO]: [EPOCH=002]: loss_main: 0.5368
2023-12-12 16:16:27[INFO]: [EPOCH=002]: auc: 0.7468 | acc: 0.7250 | rmse: 0.4336
2023-12-12 16:17:17[INFO]: Update best epoch as [3] for auc!
2023-12-12 16:17:18[INFO]: [EPOCH=003]: loss_main: 0.4837
2023-12-12 16:17:18[INFO]: [EPOCH=003]: auc: 0.7527 | acc: 0.7203 | rmse: 0.4333
2023-12-12 16:18:08[INFO]: Update best epoch as [4] for auc!
2023-12-12 16:18:08[INFO]: [EPOCH=004]: loss_main: 0.4598
2023-12-12 16:18:08[INFO]: [EPOCH=004]: auc: 0.7539 | acc: 0.7254 | rmse: 0.4338
2023-12-12 16:18:58[INFO]: [EPOCH=005]: loss_main: 0.4446
2023-12-12 16:18:58[INFO]: [EPOCH=005]: auc: 0.7538 | acc: 0.7187 | rmse: 0.4371
2023-12-12 16:19:46[INFO]: [EPOCH=006]: loss_main: 0.4344
2023-12-12 16:19:46[INFO]: [EPOCH=006]: auc: 0.7534 | acc: 0.7224 | rmse: 0.4377
2023-12-12 16:20:40[INFO]: [EPOCH=007]: loss_main: 0.4258
2023-12-12 16:20:40[INFO]: [EPOCH=007]: auc: 0.7528 | acc: 0.7251 | rmse: 0.4389
2023-12-12 16:21:31[INFO]: [EPOCH=008]: loss_main: 0.4193
2023-12-12 16:21:31[INFO]: [EPOCH=008]: auc: 0.7527 | acc: 0.7228 | rmse: 0.4389
2023-12-12 16:22:20[INFO]: [EPOCH=009]: loss_main: 0.4142
2023-12-12 16:22:20[INFO]: [EPOCH=009]: auc: 0.7520 | acc: 0.7177 | rmse: 0.4407
2023-12-12 16:23:11[INFO]: [EPOCH=010]: loss_main: 0.4099
2023-12-12 16:23:11[INFO]: [EPOCH=010]: auc: 0.7517 | acc: 0.7223 | rmse: 0.4404
2023-12-12 16:24:02[INFO]: [EPOCH=011]: loss_main: 0.4059
2023-12-12 16:24:02[INFO]: [EPOCH=011]: auc: 0.7515 | acc: 0.7194 | rmse: 0.4423
2023-12-12 16:24:51[INFO]: [EPOCH=012]: loss_main: 0.4021
2023-12-12 16:24:51[INFO]: [EPOCH=012]: auc: 0.7513 | acc: 0.7151 | rmse: 0.4434
2023-12-12 16:25:41[INFO]: [EPOCH=013]: loss_main: 0.3986
2023-12-12 16:25:41[INFO]: [EPOCH=013]: auc: 0.7511 | acc: 0.7280 | rmse: 0.4405
2023-12-12 16:26:29[INFO]: Suggest to stop training now
2023-12-12 16:26:29[INFO]: [EPOCH=014]: loss_main: 0.3954
2023-12-12 16:26:29[INFO]: [EPOCH=014]: auc: 0.7505 | acc: 0.7255 | rmse: 0.4433
2023-12-12 16:26:29[INFO]: ==============================
2023-12-12 16:26:29[INFO]: [For auc], the Best Epoch is: 4, the value=0.7539
2023-12-12 16:26:29[INFO]: [EPOCH=004]: loss_main: 0.4598
2023-12-12 16:26:29[INFO]: [EPOCH=004]: auc: 0.7539 | acc: 0.7254 | rmse: 0.4338
2023-12-12 16:26:29[INFO]: ==============================
2023-12-12 16:26:30[INFO]: Training Completed!
2023-12-12 16:26:44[INFO]: auc: 0.7538523982974263
2023-12-12 16:26:44[INFO]: acc: 0.7254229076668416
2023-12-12 16:26:44[INFO]: rmse: 0.4338434548522961
2023-12-12 16:26:44[INFO]: doa_all: 0.7788233928494874
2023-12-12 16:26:44[INFO]: ====================
2023-12-12 16:26:44[INFO]: ====== [FOLD ID]: 4 ======
2023-12-12 16:26:44[INFO]: [CALLBACK]-ModelCheckPoint has been registered!
2023-12-12 16:26:44[INFO]: [CALLBACK]-EarlyStopping has been registered!
2023-12-12 16:26:44[INFO]: [CALLBACK]-History has been registered!
2023-12-12 16:26:44[INFO]: [CALLBACK]-BaseLogger has been registered!
2023-12-12 16:26:44[INFO]: Start Training...
2023-12-12 16:27:35[INFO]: Update best epoch as [1] for auc!
2023-12-12 16:27:35[INFO]: [EPOCH=001]: loss_main: 0.6947
2023-12-12 16:27:35[INFO]: [EPOCH=001]: auc: 0.7192 | acc: 0.6759 | rmse: 0.4542
2023-12-12 16:28:25[INFO]: Update best epoch as [2] for auc!
2023-12-12 16:28:25[INFO]: [EPOCH=002]: loss_main: 0.5369
2023-12-12 16:28:25[INFO]: [EPOCH=002]: auc: 0.7429 | acc: 0.7114 | rmse: 0.4381
2023-12-12 16:29:13[INFO]: Update best epoch as [3] for auc!
2023-12-12 16:29:13[INFO]: [EPOCH=003]: loss_main: 0.4831
2023-12-12 16:29:13[INFO]: [EPOCH=003]: auc: 0.7505 | acc: 0.7236 | rmse: 0.4345
2023-12-12 16:30:02[INFO]: Update best epoch as [4] for auc!
2023-12-12 16:30:02[INFO]: [EPOCH=004]: loss_main: 0.4587
2023-12-12 16:30:02[INFO]: [EPOCH=004]: auc: 0.7525 | acc: 0.7183 | rmse: 0.4355
2023-12-12 16:30:49[INFO]: Update best epoch as [5] for auc!
2023-12-12 16:30:49[INFO]: [EPOCH=005]: loss_main: 0.4441
2023-12-12 16:30:49[INFO]: [EPOCH=005]: auc: 0.7528 | acc: 0.7254 | rmse: 0.4355
2023-12-12 16:31:40[INFO]: [EPOCH=006]: loss_main: 0.4335
2023-12-12 16:31:40[INFO]: [EPOCH=006]: auc: 0.7526 | acc: 0.7233 | rmse: 0.4384
2023-12-12 16:32:25[INFO]: [EPOCH=007]: loss_main: 0.4255
2023-12-12 16:32:25[INFO]: [EPOCH=007]: auc: 0.7523 | acc: 0.7230 | rmse: 0.4409
2023-12-12 16:33:15[INFO]: [EPOCH=008]: loss_main: 0.4189
2023-12-12 16:33:15[INFO]: [EPOCH=008]: auc: 0.7520 | acc: 0.7168 | rmse: 0.4405
2023-12-12 16:34:00[INFO]: [EPOCH=009]: loss_main: 0.4137
2023-12-12 16:34:00[INFO]: [EPOCH=009]: auc: 0.7515 | acc: 0.7139 | rmse: 0.4419
2023-12-12 16:34:51[INFO]: [EPOCH=010]: loss_main: 0.4087
2023-12-12 16:34:51[INFO]: [EPOCH=010]: auc: 0.7512 | acc: 0.7262 | rmse: 0.4421
2023-12-12 16:35:43[INFO]: [EPOCH=011]: loss_main: 0.4049
2023-12-12 16:35:43[INFO]: [EPOCH=011]: auc: 0.7508 | acc: 0.7234 | rmse: 0.4414
2023-12-12 16:36:34[INFO]: [EPOCH=012]: loss_main: 0.4009
2023-12-12 16:36:34[INFO]: [EPOCH=012]: auc: 0.7505 | acc: 0.7258 | rmse: 0.4436
2023-12-12 16:37:23[INFO]: [EPOCH=013]: loss_main: 0.3976
2023-12-12 16:37:23[INFO]: [EPOCH=013]: auc: 0.7500 | acc: 0.7202 | rmse: 0.4459
2023-12-12 16:38:13[INFO]: [EPOCH=014]: loss_main: 0.3941
2023-12-12 16:38:13[INFO]: [EPOCH=014]: auc: 0.7497 | acc: 0.7244 | rmse: 0.4460
2023-12-12 16:39:03[INFO]: Suggest to stop training now
2023-12-12 16:39:03[INFO]: [EPOCH=015]: loss_main: 0.3903
2023-12-12 16:39:03[INFO]: [EPOCH=015]: auc: 0.7493 | acc: 0.7075 | rmse: 0.4478
2023-12-12 16:39:03[INFO]: ==============================
2023-12-12 16:39:03[INFO]: [For auc], the Best Epoch is: 5, the value=0.7528
2023-12-12 16:39:03[INFO]: [EPOCH=005]: loss_main: 0.4441
2023-12-12 16:39:03[INFO]: [EPOCH=005]: auc: 0.7528 | acc: 0.7254 | rmse: 0.4355
2023-12-12 16:39:03[INFO]: ==============================
2023-12-12 16:39:04[INFO]: Training Completed!
2023-12-12 16:39:19[INFO]: auc: 0.7528240537981066
2023-12-12 16:39:19[INFO]: acc: 0.7253623480964109
2023-12-12 16:39:19[INFO]: rmse: 0.4355011133350546
2023-12-12 16:39:19[INFO]: doa_all: 0.7906846500205157
2023-12-12 16:39:19[INFO]: ====================
2023-12-12 16:39:19[INFO]: All Fold Mean auc = 0.7536917040730549
2023-12-12 16:39:19[INFO]: All Fold Mean acc = 0.7204933586337761
2023-12-12 16:39:19[INFO]: All Fold Mean rmse = 0.43537776348573265
2023-12-12 16:39:19[INFO]: All Fold Mean doa_all = 0.7856931465701543
2023-12-12 16:39:19[INFO]: Task: 2023-12-12-153744 Completed!
