2023-11-17 16:34:04[INFO]: ============================================================
2023-11-17 16:34:04[INFO]: [ID]: 2023-11-17-163401
2023-11-17 16:34:04[INFO]: [DATASET]: ASSIST_0910
2023-11-17 16:34:04[INFO]: [ARGV]: ['run_cdgk_demo.py']
2023-11-17 16:34:04[INFO]: [ALL_CFG]: 
{
    "traintpl_cfg": {
        "cls": "EduTrainTPL",
        "num_stop_rounds": 10,
        "early_stop_metrics": [
            [
                "auc",
                "max"
            ]
        ],
        "best_epoch_metric": "auc",
        "unsave_best_epoch_pth": true,
        "ignore_metrics_in_train": [],
        "batch_size": 1024,
        "device": "cpu",
        "epoch_num": 100,
        "eval_batch_size": 2048,
        "num_workers": 0,
        "lr": 0.001,
        "optim": "adam",
        "eps": 1e-08,
        "weight_decay": 0.0,
        "seed": 2023
    },
    "datatpl_cfg": {
        "cls": "CDGKDataTPL",
        "mid2cache_op_seq": [
            "M2C_Label2Int",
            "M2C_FilterRecords4CD",
            "M2C_ReMapId",
            "M2C_RandomDataSplit4CD",
            "M2C_GenQMat",
            "M2C_CDGK_OP"
        ],
        "exer_exclude_feat_names": [],
        "stu_exclude_feat_names": [],
        "seperator": ",",
        "n_folds": 1,
        "is_dataset_divided": false,
        "is_save_cache": false,
        "cache_id": "cache_default",
        "load_data_from": "middata",
        "inter_exclude_feat_names": [],
        "raw2mid_op": null,
        "seed": 2023,
        "M2C_Label2Int": {},
        "M2C_FilterRecords4CD": {
            "stu_least_records": 10,
            "exer_least_records": 0
        },
        "M2C_ReMapId": {
            "share_id_columns": [],
            "ignore_columns": "{'order_id:token'}"
        },
        "M2C_RandomDataSplit4CD": {
            "seed": 2023,
            "divide_scale_list": [
                7,
                1,
                2
            ]
        },
        "M2C_GenQMat": {},
        "M2C_CDGK_OP": {
            "subgraph_count": 1
        }
    },
    "modeltpl_cfg": {
        "cls": "CDGK_MULTI",
        "param_init_type": "xavier_normal",
        "pretrained_file_path": ""
    },
    "evaltpl_cfg": {
        "clses": [
            "BinaryClassificationEvalTPL"
        ],
        "BinaryClassificationEvalTPL": {
            "use_metrics": [
                "auc",
                "acc",
                "rmse"
            ]
        }
    },
    "frame_cfg": {
        "ARCHIVE_FOLDER_PATH": "/mnt/inspurfs/user-fs/tanzhengtao/EduStudio-LeaderBoard/EduStudio-main/examples/single_model/archive",
        "CFG_FOLDER_PATH": "/mnt/inspurfs/user-fs/tanzhengtao/EduStudio-LeaderBoard/EduStudio-main/examples/single_model/conf",
        "DATA_FOLDER_PATH": "/mnt/inspurfs/user-fs/tanzhengtao/EduStudio-LeaderBoard/EduStudio-main/examples/single_model/data",
        "DISABLE_LOG_STDOUT": false,
        "DISABLE_TQDM_BAR": false,
        "DT_INFO_DICT": {},
        "DT_INFO_FILE_PATH": "/mnt/inspurfs/user-fs/tanzhengtao/EduStudio-LeaderBoard/EduStudio-main/edustudio/assets/datasets.yaml",
        "ID": "2023-11-17-163401",
        "LOG_WITHOUT_DATE": false,
        "TEMP_FOLDER_PATH": "/mnt/inspurfs/user-fs/tanzhengtao/EduStudio-LeaderBoard/EduStudio-main/examples/single_model/temp",
        "TQDM_NCOLS": 100,
        "WORK_DIR": "/mnt/inspurfs/user-fs/tanzhengtao/EduStudio-LeaderBoard/EduStudio-main/examples/single_model",
        "data_folder_path": "/mnt/inspurfs/user-fs/tanzhengtao/EduStudio-LeaderBoard/EduStudio-main/examples/single_model/data/ASSIST_0910",
        "temp_folder_path": "/mnt/inspurfs/user-fs/tanzhengtao/EduStudio-LeaderBoard/EduStudio-main/examples/single_model/temp/ASSIST_0910/EduTrainTPL/CDGK_MULTI/2023-11-17-163401",
        "archive_folder_path": "/mnt/inspurfs/user-fs/tanzhengtao/EduStudio-LeaderBoard/EduStudio-main/examples/single_model/archive/ASSIST_0910/EduTrainTPL/CDGK_MULTI"
    },
    "dataset": "ASSIST_0910",
    "logger": "<Logger edustudio (DEBUG)>"
}
2023-11-17 16:34:04[INFO]: ============================================================
2023-11-17 16:34:04[WARNING]: Can't find dataset files of ASSIST_0910 in local environment!
2023-11-17 16:34:04[INFO]: Prepare to download ASSIST_0910 from Internet.
2023-11-17 16:34:12[INFO]: {'stu_count': 2993, 'exer_count': 16936, 'cpt_count': 122, 'n_cpt_group': 1}
2023-11-17 16:34:12[INFO]: TrainTPL <class 'edustudio.traintpl.edu_traintpl.EduTrainTPL'> Started!
2023-11-17 16:34:13[INFO]: ====== [FOLD ID]: 0 ======
2023-11-17 16:34:13[INFO]: [CALLBACK]-ModelCheckPoint has been registered!
2023-11-17 16:34:13[INFO]: [CALLBACK]-EarlyStopping has been registered!
2023-11-17 16:34:13[INFO]: [CALLBACK]-History has been registered!
2023-11-17 16:34:13[INFO]: [CALLBACK]-BaseLogger has been registered!
2023-11-17 16:34:13[INFO]: Start Training...
2023-11-17 16:34:24[INFO]: Update best epoch as [1] for auc!
2023-11-17 16:34:24[INFO]: [EPOCH=001]: loss_main: 0.6538
2023-11-17 16:34:24[INFO]: [EPOCH=001]: auc: 0.6047 | acc: 0.6467 | rmse: 0.4743
2023-11-17 16:34:36[INFO]: Update best epoch as [2] for auc!
2023-11-17 16:34:36[INFO]: [EPOCH=002]: loss_main: 0.6297
2023-11-17 16:34:36[INFO]: [EPOCH=002]: auc: 0.6594 | acc: 0.6469 | rmse: 0.4665
2023-11-17 16:34:46[INFO]: Update best epoch as [3] for auc!
2023-11-17 16:34:46[INFO]: [EPOCH=003]: loss_main: 0.6145
2023-11-17 16:34:46[INFO]: [EPOCH=003]: auc: 0.6828 | acc: 0.6507 | rmse: 0.4606
2023-11-17 16:34:56[INFO]: Update best epoch as [4] for auc!
2023-11-17 16:34:56[INFO]: [EPOCH=004]: loss_main: 0.6019
2023-11-17 16:34:56[INFO]: [EPOCH=004]: auc: 0.6973 | acc: 0.6634 | rmse: 0.4558
2023-11-17 16:35:08[INFO]: Update best epoch as [5] for auc!
2023-11-17 16:35:08[INFO]: [EPOCH=005]: loss_main: 0.5908
2023-11-17 16:35:08[INFO]: [EPOCH=005]: auc: 0.7084 | acc: 0.6798 | rmse: 0.4517
2023-11-17 16:35:19[INFO]: Update best epoch as [6] for auc!
2023-11-17 16:35:19[INFO]: [EPOCH=006]: loss_main: 0.5811
2023-11-17 16:35:19[INFO]: [EPOCH=006]: auc: 0.7162 | acc: 0.6936 | rmse: 0.4483
2023-11-17 16:35:30[INFO]: Update best epoch as [7] for auc!
2023-11-17 16:35:30[INFO]: [EPOCH=007]: loss_main: 0.5728
2023-11-17 16:35:30[INFO]: [EPOCH=007]: auc: 0.7221 | acc: 0.7014 | rmse: 0.4455
2023-11-17 16:35:41[INFO]: Update best epoch as [8] for auc!
2023-11-17 16:35:41[INFO]: [EPOCH=008]: loss_main: 0.5653
2023-11-17 16:35:41[INFO]: [EPOCH=008]: auc: 0.7267 | acc: 0.7052 | rmse: 0.4433
2023-11-17 16:35:51[INFO]: Update best epoch as [9] for auc!
2023-11-17 16:35:51[INFO]: [EPOCH=009]: loss_main: 0.5591
2023-11-17 16:35:51[INFO]: [EPOCH=009]: auc: 0.7302 | acc: 0.7107 | rmse: 0.4415
2023-11-17 16:36:02[INFO]: Update best epoch as [10] for auc!
2023-11-17 16:36:02[INFO]: [EPOCH=010]: loss_main: 0.5533
2023-11-17 16:36:02[INFO]: [EPOCH=010]: auc: 0.7332 | acc: 0.7142 | rmse: 0.4400
2023-11-17 16:36:13[INFO]: Update best epoch as [11] for auc!
2023-11-17 16:36:13[INFO]: [EPOCH=011]: loss_main: 0.5481
2023-11-17 16:36:13[INFO]: [EPOCH=011]: auc: 0.7361 | acc: 0.7162 | rmse: 0.4386
2023-11-17 16:36:23[INFO]: Update best epoch as [12] for auc!
2023-11-17 16:36:23[INFO]: [EPOCH=012]: loss_main: 0.5425
2023-11-17 16:36:23[INFO]: [EPOCH=012]: auc: 0.7391 | acc: 0.7180 | rmse: 0.4373
2023-11-17 16:36:35[INFO]: Update best epoch as [13] for auc!
2023-11-17 16:36:35[INFO]: [EPOCH=013]: loss_main: 0.5370
2023-11-17 16:36:35[INFO]: [EPOCH=013]: auc: 0.7424 | acc: 0.7205 | rmse: 0.4361
2023-11-17 16:36:45[INFO]: Update best epoch as [14] for auc!
2023-11-17 16:36:45[INFO]: [EPOCH=014]: loss_main: 0.5310
2023-11-17 16:36:45[INFO]: [EPOCH=014]: auc: 0.7460 | acc: 0.7239 | rmse: 0.4348
2023-11-17 16:36:56[INFO]: Update best epoch as [15] for auc!
2023-11-17 16:36:56[INFO]: [EPOCH=015]: loss_main: 0.5248
2023-11-17 16:36:56[INFO]: [EPOCH=015]: auc: 0.7495 | acc: 0.7259 | rmse: 0.4336
2023-11-17 16:37:08[INFO]: Update best epoch as [16] for auc!
2023-11-17 16:37:08[INFO]: [EPOCH=016]: loss_main: 0.5180
2023-11-17 16:37:08[INFO]: [EPOCH=016]: auc: 0.7530 | acc: 0.7270 | rmse: 0.4324
2023-11-17 16:37:18[INFO]: Update best epoch as [17] for auc!
2023-11-17 16:37:18[INFO]: [EPOCH=017]: loss_main: 0.5111
2023-11-17 16:37:18[INFO]: [EPOCH=017]: auc: 0.7560 | acc: 0.7289 | rmse: 0.4314
2023-11-17 16:37:29[INFO]: Update best epoch as [18] for auc!
2023-11-17 16:37:29[INFO]: [EPOCH=018]: loss_main: 0.5042
2023-11-17 16:37:29[INFO]: [EPOCH=018]: auc: 0.7587 | acc: 0.7292 | rmse: 0.4304
2023-11-17 16:37:40[INFO]: Update best epoch as [19] for auc!
2023-11-17 16:37:40[INFO]: [EPOCH=019]: loss_main: 0.4972
2023-11-17 16:37:40[INFO]: [EPOCH=019]: auc: 0.7605 | acc: 0.7291 | rmse: 0.4296
2023-11-17 16:37:51[INFO]: Update best epoch as [20] for auc!
2023-11-17 16:37:51[INFO]: [EPOCH=020]: loss_main: 0.4903
2023-11-17 16:37:51[INFO]: [EPOCH=020]: auc: 0.7619 | acc: 0.7299 | rmse: 0.4290
2023-11-17 16:38:03[INFO]: Update best epoch as [21] for auc!
2023-11-17 16:38:03[INFO]: [EPOCH=021]: loss_main: 0.4838
2023-11-17 16:38:03[INFO]: [EPOCH=021]: auc: 0.7628 | acc: 0.7295 | rmse: 0.4285
2023-11-17 16:38:14[INFO]: Update best epoch as [22] for auc!
2023-11-17 16:38:14[INFO]: [EPOCH=022]: loss_main: 0.4777
2023-11-17 16:38:14[INFO]: [EPOCH=022]: auc: 0.7634 | acc: 0.7293 | rmse: 0.4281
2023-11-17 16:38:26[INFO]: Update best epoch as [23] for auc!
2023-11-17 16:38:26[INFO]: [EPOCH=023]: loss_main: 0.4717
2023-11-17 16:38:26[INFO]: [EPOCH=023]: auc: 0.7636 | acc: 0.7283 | rmse: 0.4278
2023-11-17 16:38:38[INFO]: [EPOCH=024]: loss_main: 0.4661
2023-11-17 16:38:38[INFO]: [EPOCH=024]: auc: 0.7635 | acc: 0.7276 | rmse: 0.4277
2023-11-17 16:38:49[INFO]: [EPOCH=025]: loss_main: 0.4606
2023-11-17 16:38:49[INFO]: [EPOCH=025]: auc: 0.7633 | acc: 0.7278 | rmse: 0.4276
2023-11-17 16:39:00[INFO]: [EPOCH=026]: loss_main: 0.4556
2023-11-17 16:39:00[INFO]: [EPOCH=026]: auc: 0.7629 | acc: 0.7270 | rmse: 0.4276
2023-11-17 16:39:12[INFO]: [EPOCH=027]: loss_main: 0.4508
2023-11-17 16:39:12[INFO]: [EPOCH=027]: auc: 0.7625 | acc: 0.7261 | rmse: 0.4277
2023-11-17 16:39:24[INFO]: [EPOCH=028]: loss_main: 0.4461
2023-11-17 16:39:24[INFO]: [EPOCH=028]: auc: 0.7621 | acc: 0.7262 | rmse: 0.4278
2023-11-17 16:39:36[INFO]: [EPOCH=029]: loss_main: 0.4419
2023-11-17 16:39:36[INFO]: [EPOCH=029]: auc: 0.7616 | acc: 0.7255 | rmse: 0.4281
2023-11-17 16:39:47[INFO]: [EPOCH=030]: loss_main: 0.4375
2023-11-17 16:39:47[INFO]: [EPOCH=030]: auc: 0.7611 | acc: 0.7251 | rmse: 0.4283
2023-11-17 16:39:58[INFO]: [EPOCH=031]: loss_main: 0.4336
2023-11-17 16:39:58[INFO]: [EPOCH=031]: auc: 0.7606 | acc: 0.7245 | rmse: 0.4286
2023-11-17 16:40:11[INFO]: [EPOCH=032]: loss_main: 0.4298
2023-11-17 16:40:11[INFO]: [EPOCH=032]: auc: 0.7600 | acc: 0.7242 | rmse: 0.4289
2023-11-17 16:40:22[INFO]: Suggest to stop training now
2023-11-17 16:40:22[INFO]: [EPOCH=033]: loss_main: 0.4262
2023-11-17 16:40:22[INFO]: [EPOCH=033]: auc: 0.7594 | acc: 0.7243 | rmse: 0.4293
2023-11-17 16:40:22[INFO]: ==============================
2023-11-17 16:40:22[INFO]: [For auc], the Best Epoch is: 23, the value=0.7636
2023-11-17 16:40:22[INFO]: [EPOCH=023]: loss_main: 0.4717
2023-11-17 16:40:22[INFO]: [EPOCH=023]: auc: 0.7636 | acc: 0.7283 | rmse: 0.4278
2023-11-17 16:40:22[INFO]: ==============================
2023-11-17 16:40:22[INFO]: Training Completed!
2023-11-17 16:40:24[INFO]: auc: 0.7626591520002202
2023-11-17 16:40:24[INFO]: acc: 0.7283903266179499
2023-11-17 16:40:24[INFO]: rmse: 0.4284366086231311
2023-11-17 16:40:24[INFO]: ====================
2023-11-17 16:40:24[INFO]: All Fold Mean auc = 0.7626591520002202
2023-11-17 16:40:24[INFO]: All Fold Mean acc = 0.7283903266179499
2023-11-17 16:40:24[INFO]: All Fold Mean rmse = 0.4284366086231311
2023-11-17 16:40:24[INFO]: Task: 2023-11-17-163401 Completed!
