2023-12-05 11:08:01[INFO]: ============================================================
2023-12-05 11:08:01[INFO]: [ID]: 2023-12-05-110800
2023-12-05 11:08:01[INFO]: [DATASET]: ASSIST_0910
2023-12-05 11:08:01[INFO]: [ARGV]: ['run_dkt_plus_demo.py']
2023-12-05 11:08:01[INFO]: [ALL_CFG]: 
{
    "traintpl_cfg": {
        "cls": "EduTrainTPL",
        "num_stop_rounds": 10,
        "early_stop_metrics": [
            [
                "auc",
                "max"
            ]
        ],
        "best_epoch_metric": "auc",
        "unsave_best_epoch_pth": true,
        "ignore_metrics_in_train": [],
        "batch_size": 32,
        "device": "cpu",
        "epoch_num": 100,
        "eval_batch_size": 2048,
        "num_workers": 0,
        "lr": 0.001,
        "optim": "adam",
        "eps": 1e-08,
        "weight_decay": 0.0,
        "seed": 2023
    },
    "datatpl_cfg": {
        "cls": "KTInterCptAsExerDataTPL",
        "mid2cache_op_seq": [
            "M2C_CptAsExer",
            "M2C_Label2Int",
            "M2C_ReMapId",
            "M2C_BuildSeqInterFeats"
        ],
        "exer_exclude_feat_names": [],
        "stu_exclude_feat_names": [],
        "seperator": ",",
        "n_folds": 1,
        "is_dataset_divided": false,
        "is_save_cache": false,
        "cache_id": "cache_default",
        "load_data_from": "middata",
        "inter_exclude_feat_names": [],
        "raw2mid_op": null,
        "seed": 2023,
        "M2C_CptAsExer": {},
        "M2C_Label2Int": {},
        "M2C_ReMapId": {
            "share_id_columns": [],
            "ignore_columns": "{'order_id:token'}"
        },
        "M2C_BuildSeqInterFeats": {
            "seed": 2023,
            "divide_by": "stu",
            "window_size": 100,
            "divide_scale_list": [
                7,
                1,
                2
            ],
            "extra_inter_feats": []
        }
    },
    "modeltpl_cfg": {
        "cls": "DKT_plus",
        "lambda_r": 0.01,
        "lambda_w1": 0.003,
        "lambda_w2": 3.0,
        "reg_all_KCs": true,
        "emb_size": 100,
        "hidden_size": 100,
        "num_layers": 1,
        "dropout_rate": 0.2,
        "rnn_or_lstm": "lstm",
        "param_init_type": "xavier_normal",
        "pretrained_file_path": ""
    },
    "evaltpl_cfg": {
        "clses": [
            "BinaryClassificationEvalTPL"
        ],
        "BinaryClassificationEvalTPL": {
            "use_metrics": [
                "auc",
                "acc",
                "rmse"
            ]
        }
    },
    "frame_cfg": {
        "ARCHIVE_FOLDER_PATH": "/home/u2022171244/EduStudio-main/examples/single_model/archive",
        "CFG_FOLDER_PATH": "/home/u2022171244/EduStudio-main/examples/single_model/conf",
        "DATA_FOLDER_PATH": "/home/u2022171244/EduStudio-main/examples/single_model/data",
        "DISABLE_LOG_STDOUT": false,
        "DISABLE_TQDM_BAR": false,
        "DT_INFO_DICT": {},
        "DT_INFO_FILE_PATH": "/home/u2022171244/EduStudio-main/edustudio/assets/datasets.yaml",
        "ID": "2023-12-05-110800",
        "LOG_WITHOUT_DATE": false,
        "TEMP_FOLDER_PATH": "/home/u2022171244/EduStudio-main/examples/single_model/temp",
        "TQDM_NCOLS": 100,
        "WORK_DIR": "/home/u2022171244/EduStudio-main/examples/single_model",
        "data_folder_path": "/home/u2022171244/EduStudio-main/examples/single_model/data/ASSIST_0910",
        "temp_folder_path": "/home/u2022171244/EduStudio-main/examples/single_model/temp/ASSIST_0910/EduTrainTPL/DKT_plus/2023-12-05-110800",
        "archive_folder_path": "/home/u2022171244/EduStudio-main/examples/single_model/archive/ASSIST_0910/EduTrainTPL/DKT_plus"
    },
    "dataset": "ASSIST_0910",
    "logger": "<Logger edustudio (DEBUG)>"
}
2023-12-05 11:08:01[INFO]: ============================================================
2023-12-05 11:08:04[INFO]: {'stu_count': 4163, 'exer_count': 153, 'real_window_size': 100}
2023-12-05 11:08:04[INFO]: TrainTPL <class 'edustudio.traintpl.edu_traintpl.EduTrainTPL'> Started!
2023-12-05 11:08:04[INFO]: ====== [FOLD ID]: 0 ======
2023-12-05 11:08:04[INFO]: [CALLBACK]-ModelCheckPoint has been registered!
2023-12-05 11:08:04[INFO]: [CALLBACK]-EarlyStopping has been registered!
2023-12-05 11:08:04[INFO]: [CALLBACK]-History has been registered!
2023-12-05 11:08:04[INFO]: [CALLBACK]-BaseLogger has been registered!
2023-12-05 11:08:04[INFO]: Start Training...
2023-12-05 11:08:19[INFO]: Update best epoch as [1] for auc!
2023-12-05 11:08:19[INFO]: [EPOCH=001]: loss_main: 0.6221 | loss_r: 0.0059 | loss_w1: 0.0032 | loss_w2: 0.0083
2023-12-05 11:08:19[INFO]: [EPOCH=001]: auc: 0.7137 | acc: 0.7038 | rmse: 0.4489
2023-12-05 11:08:33[INFO]: Update best epoch as [2] for auc!
2023-12-05 11:08:33[INFO]: [EPOCH=002]: loss_main: 0.5805 | loss_r: 0.0053 | loss_w1: 0.0034 | loss_w2: 0.0092
2023-12-05 11:08:33[INFO]: [EPOCH=002]: auc: 0.7277 | acc: 0.7136 | rmse: 0.4395
2023-12-05 11:08:49[INFO]: Update best epoch as [3] for auc!
2023-12-05 11:08:49[INFO]: [EPOCH=003]: loss_main: 0.5708 | loss_r: 0.0051 | loss_w1: 0.0032 | loss_w2: 0.0090
2023-12-05 11:08:49[INFO]: [EPOCH=003]: auc: 0.7338 | acc: 0.7134 | rmse: 0.4378
2023-12-05 11:09:04[INFO]: Update best epoch as [4] for auc!
2023-12-05 11:09:04[INFO]: [EPOCH=004]: loss_main: 0.5651 | loss_r: 0.0050 | loss_w1: 0.0031 | loss_w2: 0.0089
2023-12-05 11:09:04[INFO]: [EPOCH=004]: auc: 0.7372 | acc: 0.7163 | rmse: 0.4355
2023-12-05 11:09:20[INFO]: Update best epoch as [5] for auc!
2023-12-05 11:09:20[INFO]: [EPOCH=005]: loss_main: 0.5610 | loss_r: 0.0049 | loss_w1: 0.0031 | loss_w2: 0.0090
2023-12-05 11:09:20[INFO]: [EPOCH=005]: auc: 0.7402 | acc: 0.7173 | rmse: 0.4344
2023-12-05 11:09:35[INFO]: Update best epoch as [6] for auc!
2023-12-05 11:09:35[INFO]: [EPOCH=006]: loss_main: 0.5585 | loss_r: 0.0049 | loss_w1: 0.0031 | loss_w2: 0.0090
2023-12-05 11:09:35[INFO]: [EPOCH=006]: auc: 0.7418 | acc: 0.7182 | rmse: 0.4337
2023-12-05 11:09:51[INFO]: Update best epoch as [7] for auc!
2023-12-05 11:09:51[INFO]: [EPOCH=007]: loss_main: 0.5552 | loss_r: 0.0049 | loss_w1: 0.0031 | loss_w2: 0.0090
2023-12-05 11:09:51[INFO]: [EPOCH=007]: auc: 0.7441 | acc: 0.7199 | rmse: 0.4329
2023-12-05 11:10:08[INFO]: Update best epoch as [8] for auc!
2023-12-05 11:10:08[INFO]: [EPOCH=008]: loss_main: 0.5528 | loss_r: 0.0048 | loss_w1: 0.0031 | loss_w2: 0.0091
2023-12-05 11:10:08[INFO]: [EPOCH=008]: auc: 0.7468 | acc: 0.7211 | rmse: 0.4324
2023-12-05 11:10:23[INFO]: Update best epoch as [9] for auc!
2023-12-05 11:10:23[INFO]: [EPOCH=009]: loss_main: 0.5504 | loss_r: 0.0048 | loss_w1: 0.0031 | loss_w2: 0.0091
2023-12-05 11:10:23[INFO]: [EPOCH=009]: auc: 0.7474 | acc: 0.7226 | rmse: 0.4319
2023-12-05 11:10:38[INFO]: Update best epoch as [10] for auc!
2023-12-05 11:10:38[INFO]: [EPOCH=010]: loss_main: 0.5484 | loss_r: 0.0048 | loss_w1: 0.0031 | loss_w2: 0.0093
2023-12-05 11:10:38[INFO]: [EPOCH=010]: auc: 0.7478 | acc: 0.7205 | rmse: 0.4320
2023-12-05 11:10:52[INFO]: Update best epoch as [11] for auc!
2023-12-05 11:10:52[INFO]: [EPOCH=011]: loss_main: 0.5476 | loss_r: 0.0048 | loss_w1: 0.0031 | loss_w2: 0.0093
2023-12-05 11:10:52[INFO]: [EPOCH=011]: auc: 0.7484 | acc: 0.7228 | rmse: 0.4311
2023-12-05 11:11:07[INFO]: Update best epoch as [12] for auc!
2023-12-05 11:11:07[INFO]: [EPOCH=012]: loss_main: 0.5456 | loss_r: 0.0048 | loss_w1: 0.0031 | loss_w2: 0.0094
2023-12-05 11:11:07[INFO]: [EPOCH=012]: auc: 0.7494 | acc: 0.7228 | rmse: 0.4315
2023-12-05 11:11:22[INFO]: Update best epoch as [13] for auc!
2023-12-05 11:11:22[INFO]: [EPOCH=013]: loss_main: 0.5446 | loss_r: 0.0048 | loss_w1: 0.0032 | loss_w2: 0.0095
2023-12-05 11:11:22[INFO]: [EPOCH=013]: auc: 0.7495 | acc: 0.7232 | rmse: 0.4309
2023-12-05 11:11:36[INFO]: Update best epoch as [14] for auc!
2023-12-05 11:11:36[INFO]: [EPOCH=014]: loss_main: 0.5413 | loss_r: 0.0047 | loss_w1: 0.0032 | loss_w2: 0.0096
2023-12-05 11:11:36[INFO]: [EPOCH=014]: auc: 0.7508 | acc: 0.7234 | rmse: 0.4306
2023-12-05 11:11:50[INFO]: Update best epoch as [15] for auc!
2023-12-05 11:11:50[INFO]: [EPOCH=015]: loss_main: 0.5409 | loss_r: 0.0047 | loss_w1: 0.0032 | loss_w2: 0.0098
2023-12-05 11:11:50[INFO]: [EPOCH=015]: auc: 0.7513 | acc: 0.7241 | rmse: 0.4305
2023-12-05 11:12:06[INFO]: [EPOCH=016]: loss_main: 0.5386 | loss_r: 0.0047 | loss_w1: 0.0033 | loss_w2: 0.0099
2023-12-05 11:12:06[INFO]: [EPOCH=016]: auc: 0.7511 | acc: 0.7222 | rmse: 0.4305
2023-12-05 11:12:20[INFO]: Update best epoch as [17] for auc!
2023-12-05 11:12:20[INFO]: [EPOCH=017]: loss_main: 0.5378 | loss_r: 0.0047 | loss_w1: 0.0033 | loss_w2: 0.0101
2023-12-05 11:12:20[INFO]: [EPOCH=017]: auc: 0.7519 | acc: 0.7222 | rmse: 0.4302
2023-12-05 11:12:35[INFO]: Update best epoch as [18] for auc!
2023-12-05 11:12:35[INFO]: [EPOCH=018]: loss_main: 0.5366 | loss_r: 0.0047 | loss_w1: 0.0034 | loss_w2: 0.0102
2023-12-05 11:12:35[INFO]: [EPOCH=018]: auc: 0.7530 | acc: 0.7236 | rmse: 0.4299
2023-12-05 11:12:49[INFO]: [EPOCH=019]: loss_main: 0.5341 | loss_r: 0.0047 | loss_w1: 0.0034 | loss_w2: 0.0104
2023-12-05 11:12:49[INFO]: [EPOCH=019]: auc: 0.7529 | acc: 0.7225 | rmse: 0.4297
2023-12-05 11:13:04[INFO]: Update best epoch as [20] for auc!
2023-12-05 11:13:04[INFO]: [EPOCH=020]: loss_main: 0.5333 | loss_r: 0.0046 | loss_w1: 0.0035 | loss_w2: 0.0106
2023-12-05 11:13:04[INFO]: [EPOCH=020]: auc: 0.7536 | acc: 0.7238 | rmse: 0.4297
2023-12-05 11:13:18[INFO]: [EPOCH=021]: loss_main: 0.5311 | loss_r: 0.0046 | loss_w1: 0.0035 | loss_w2: 0.0108
2023-12-05 11:13:18[INFO]: [EPOCH=021]: auc: 0.7519 | acc: 0.7230 | rmse: 0.4302
2023-12-05 11:13:33[INFO]: [EPOCH=022]: loss_main: 0.5289 | loss_r: 0.0046 | loss_w1: 0.0036 | loss_w2: 0.0110
2023-12-05 11:13:33[INFO]: [EPOCH=022]: auc: 0.7529 | acc: 0.7236 | rmse: 0.4308
2023-12-05 11:13:48[INFO]: [EPOCH=023]: loss_main: 0.5275 | loss_r: 0.0046 | loss_w1: 0.0037 | loss_w2: 0.0113
2023-12-05 11:13:48[INFO]: [EPOCH=023]: auc: 0.7509 | acc: 0.7207 | rmse: 0.4314
2023-12-05 11:14:04[INFO]: [EPOCH=024]: loss_main: 0.5265 | loss_r: 0.0046 | loss_w1: 0.0037 | loss_w2: 0.0115
2023-12-05 11:14:04[INFO]: [EPOCH=024]: auc: 0.7521 | acc: 0.7214 | rmse: 0.4305
2023-12-05 11:14:21[INFO]: [EPOCH=025]: loss_main: 0.5243 | loss_r: 0.0046 | loss_w1: 0.0038 | loss_w2: 0.0117
2023-12-05 11:14:21[INFO]: [EPOCH=025]: auc: 0.7527 | acc: 0.7234 | rmse: 0.4303
2023-12-05 11:14:36[INFO]: [EPOCH=026]: loss_main: 0.5237 | loss_r: 0.0046 | loss_w1: 0.0039 | loss_w2: 0.0120
2023-12-05 11:14:36[INFO]: [EPOCH=026]: auc: 0.7519 | acc: 0.7230 | rmse: 0.4305
2023-12-05 11:14:51[INFO]: [EPOCH=027]: loss_main: 0.5211 | loss_r: 0.0046 | loss_w1: 0.0040 | loss_w2: 0.0123
2023-12-05 11:14:51[INFO]: [EPOCH=027]: auc: 0.7518 | acc: 0.7222 | rmse: 0.4305
2023-12-05 11:15:06[INFO]: [EPOCH=028]: loss_main: 0.5182 | loss_r: 0.0045 | loss_w1: 0.0041 | loss_w2: 0.0125
2023-12-05 11:15:06[INFO]: [EPOCH=028]: auc: 0.7531 | acc: 0.7229 | rmse: 0.4301
2023-12-05 11:15:21[INFO]: [EPOCH=029]: loss_main: 0.5170 | loss_r: 0.0045 | loss_w1: 0.0042 | loss_w2: 0.0129
2023-12-05 11:15:21[INFO]: [EPOCH=029]: auc: 0.7518 | acc: 0.7229 | rmse: 0.4307
2023-12-05 11:15:36[INFO]: Suggest to stop training now
2023-12-05 11:15:36[INFO]: [EPOCH=030]: loss_main: 0.5154 | loss_r: 0.0045 | loss_w1: 0.0042 | loss_w2: 0.0130
2023-12-05 11:15:36[INFO]: [EPOCH=030]: auc: 0.7520 | acc: 0.7203 | rmse: 0.4307
2023-12-05 11:15:36[INFO]: ==============================
2023-12-05 11:15:36[INFO]: [For auc], the Best Epoch is: 20, the value=0.7536
2023-12-05 11:15:36[INFO]: [EPOCH=020]: loss_main: 0.5333 | loss_r: 0.0046 | loss_w1: 0.0035 | loss_w2: 0.0106
2023-12-05 11:15:36[INFO]: [EPOCH=020]: auc: 0.7536 | acc: 0.7238 | rmse: 0.4297
2023-12-05 11:15:36[INFO]: ==============================
2023-12-05 11:15:36[INFO]: Training Completed!
2023-12-05 11:15:37[INFO]: auc: 0.7566492107148823
2023-12-05 11:15:37[INFO]: acc: 0.7221657942026721
2023-12-05 11:15:37[INFO]: rmse: 0.42883698645922447
2023-12-05 11:15:37[INFO]: ====================
2023-12-05 11:15:37[INFO]: All Fold Mean auc = 0.7566492107148823
2023-12-05 11:15:37[INFO]: All Fold Mean acc = 0.7221657942026721
2023-12-05 11:15:37[INFO]: All Fold Mean rmse = 0.42883698645922447
2023-12-05 11:15:37[INFO]: Task: 2023-12-05-110800 Completed!
