2023-12-14 16:21:13[INFO]: ============================================================
2023-12-14 16:21:13[INFO]: [ID]: 2023-12-14-162103
2023-12-14 16:21:13[INFO]: [DATASET]: ASSIST_0910
2023-12-14 16:21:13[INFO]: [ARGV]: ['run_saint_plus_demo.py']
2023-12-14 16:21:13[INFO]: [ALL_CFG]: 
{
    "traintpl_cfg": {
        "cls": "EduTrainTPL",
        "num_stop_rounds": 10,
        "early_stop_metrics": [
            [
                "auc",
                "max"
            ]
        ],
        "best_epoch_metric": "auc",
        "unsave_best_epoch_pth": true,
        "ignore_metrics_in_train": [],
        "batch_size": 32,
        "device": "cuda:0",
        "epoch_num": 100,
        "eval_batch_size": 2048,
        "num_workers": 0,
        "lr": 0.001,
        "optim": "adam",
        "eps": 1e-08,
        "weight_decay": 0.0,
        "seed": 2023
    },
    "datatpl_cfg": {
        "cls": "KTInterCptUnfoldDataTPL",
        "mid2cache_op_seq": [
            "M2C_Label2Int",
            "M2C_ReMapId",
            "M2C_GenUnFoldCptSeq",
            "M2C_BuildSeqInterFeats"
        ],
        "M2C_BuildSeqInterFeats": {
            "extra_inter_feats": [
                "start_timestamp:float",
                "cpt_unfold:token"
            ],
            "seed": 2023,
            "divide_by": "stu",
            "window_size": 100,
            "divide_scale_list": [
                7,
                1,
                2
            ]
        },
        "exer_exclude_feat_names": [],
        "stu_exclude_feat_names": [],
        "seperator": ",",
        "n_folds": 1,
        "is_dataset_divided": false,
        "is_save_cache": false,
        "cache_id": "cache_default",
        "load_data_from": "middata",
        "inter_exclude_feat_names": [],
        "raw2mid_op": null,
        "seed": 2023,
        "M2C_Label2Int": {},
        "M2C_ReMapId": {
            "share_id_columns": [],
            "ignore_columns": "{'order_id:token'}"
        },
        "M2C_GenUnFoldCptSeq": {}
    },
    "modeltpl_cfg": {
        "cls": "SAINT_plus",
        "emb_size": 256,
        "num_attn_heads": 8,
        "dropout_rate": 0.2,
        "n_blocks": 4,
        "param_init_type": "xavier_normal",
        "pretrained_file_path": ""
    },
    "evaltpl_cfg": {
        "clses": [
            "BinaryClassificationEvalTPL"
        ],
        "BinaryClassificationEvalTPL": {
            "use_metrics": [
                "auc",
                "acc",
                "rmse"
            ]
        }
    },
    "frame_cfg": {
        "ARCHIVE_FOLDER_PATH": "/lijinglong/Projects/EduStudio-main/examples/single_model/archive",
        "CFG_FOLDER_PATH": "/lijinglong/Projects/EduStudio-main/examples/single_model/conf",
        "DATA_FOLDER_PATH": "/lijinglong/Projects/EduStudio-main/examples/single_model/data",
        "DISABLE_LOG_STDOUT": false,
        "DISABLE_TQDM_BAR": false,
        "DT_INFO_DICT": {},
        "DT_INFO_FILE_PATH": "/lijinglong/Projects/EduStudio-main/edustudio/assets/datasets.yaml",
        "ID": "2023-12-14-162103",
        "LOG_WITHOUT_DATE": false,
        "TEMP_FOLDER_PATH": "/lijinglong/Projects/EduStudio-main/examples/single_model/temp",
        "TQDM_NCOLS": 100,
        "WORK_DIR": "/lijinglong/Projects/EduStudio-main/examples/single_model",
        "data_folder_path": "/lijinglong/Projects/EduStudio-main/examples/single_model/data/ASSIST_0910",
        "temp_folder_path": "/lijinglong/Projects/EduStudio-main/examples/single_model/temp/ASSIST_0910/EduTrainTPL/SAINT_plus/2023-12-14-162103",
        "archive_folder_path": "/lijinglong/Projects/EduStudio-main/examples/single_model/archive/ASSIST_0910/EduTrainTPL/SAINT_plus"
    },
    "dataset": "ASSIST_0910",
    "logger": "<Logger edustudio (DEBUG)>"
}
2023-12-14 16:21:14[INFO]: ============================================================
2023-12-14 16:22:08[INFO]: {'real_window_size': 100, 'stu_count': 4163, 'exer_count': 16988, 'cpt_count': 122}
2023-12-14 16:22:08[INFO]: TrainTPL <class 'edustudio.traintpl.edu_traintpl.EduTrainTPL'> Started!
2023-12-14 16:22:25[INFO]: ====== [FOLD ID]: 0 ======
2023-12-14 16:22:25[INFO]: [CALLBACK]-ModelCheckPoint has been registered!
2023-12-14 16:22:25[INFO]: [CALLBACK]-EarlyStopping has been registered!
2023-12-14 16:22:25[INFO]: [CALLBACK]-History has been registered!
2023-12-14 16:22:25[INFO]: [CALLBACK]-BaseLogger has been registered!
2023-12-14 16:22:25[INFO]: Start Training...
2023-12-14 16:25:21[INFO]: Update best epoch as [1] for auc!
2023-12-14 16:25:26[INFO]: [EPOCH=001]: loss_main: 0.8765
2023-12-14 16:25:26[INFO]: [EPOCH=001]: auc: 0.7346 | acc: 0.6917 | rmse: 0.4597
2023-12-14 16:27:58[INFO]: Update best epoch as [2] for auc!
2023-12-14 16:28:03[INFO]: [EPOCH=002]: loss_main: 0.5861
2023-12-14 16:28:03[INFO]: [EPOCH=002]: auc: 0.7392 | acc: 0.7082 | rmse: 0.4429
2023-12-14 16:30:34[INFO]: Update best epoch as [3] for auc!
2023-12-14 16:30:40[INFO]: [EPOCH=003]: loss_main: 0.5630
2023-12-14 16:30:40[INFO]: [EPOCH=003]: auc: 0.7556 | acc: 0.7180 | rmse: 0.4417
2023-12-14 16:33:11[INFO]: Update best epoch as [4] for auc!
2023-12-14 16:33:17[INFO]: [EPOCH=004]: loss_main: 0.5253
2023-12-14 16:33:17[INFO]: [EPOCH=004]: auc: 0.7588 | acc: 0.7183 | rmse: 0.4367
2023-12-14 16:35:56[INFO]: [EPOCH=005]: loss_main: 0.4963
2023-12-14 16:35:56[INFO]: [EPOCH=005]: auc: 0.7475 | acc: 0.7117 | rmse: 0.4430
2023-12-14 16:38:54[INFO]: [EPOCH=006]: loss_main: 0.4653
2023-12-14 16:38:54[INFO]: [EPOCH=006]: auc: 0.7402 | acc: 0.6931 | rmse: 0.4545
2023-12-14 16:41:16[INFO]: [EPOCH=007]: loss_main: 0.4285
2023-12-14 16:41:16[INFO]: [EPOCH=007]: auc: 0.7331 | acc: 0.7029 | rmse: 0.4626
2023-12-14 16:43:35[INFO]: [EPOCH=008]: loss_main: 0.3797
2023-12-14 16:43:35[INFO]: [EPOCH=008]: auc: 0.7286 | acc: 0.6850 | rmse: 0.4899
2023-12-14 16:46:18[INFO]: [EPOCH=009]: loss_main: 0.3238
2023-12-14 16:46:18[INFO]: [EPOCH=009]: auc: 0.7284 | acc: 0.6900 | rmse: 0.4783
2023-12-14 16:48:40[INFO]: [EPOCH=010]: loss_main: 0.2667
2023-12-14 16:48:40[INFO]: [EPOCH=010]: auc: 0.7157 | acc: 0.6918 | rmse: 0.4997
2023-12-14 16:51:05[INFO]: [EPOCH=011]: loss_main: 0.2153
2023-12-14 16:51:05[INFO]: [EPOCH=011]: auc: 0.7073 | acc: 0.6894 | rmse: 0.5041
2023-12-14 16:53:25[INFO]: [EPOCH=012]: loss_main: 0.1769
2023-12-14 16:53:25[INFO]: [EPOCH=012]: auc: 0.7019 | acc: 0.6773 | rmse: 0.5050
2023-12-14 16:54:16[INFO]: [EPOCH=013]: loss_main: 0.1505
2023-12-14 16:54:16[INFO]: [EPOCH=013]: auc: 0.7107 | acc: 0.6766 | rmse: 0.5119
2023-12-14 16:55:05[INFO]: Suggest to stop training now
2023-12-14 16:55:05[INFO]: [EPOCH=014]: loss_main: 0.1262
2023-12-14 16:55:05[INFO]: [EPOCH=014]: auc: 0.7071 | acc: 0.6843 | rmse: 0.5164
2023-12-14 16:55:05[INFO]: ==============================
2023-12-14 16:55:05[INFO]: [For auc], the Best Epoch is: 4, the value=0.7588
2023-12-14 16:55:05[INFO]: [EPOCH=004]: loss_main: 0.5253
2023-12-14 16:55:05[INFO]: [EPOCH=004]: auc: 0.7588 | acc: 0.7183 | rmse: 0.4367
2023-12-14 16:55:05[INFO]: ==============================
2023-12-14 16:55:05[INFO]: Training Completed!
2023-12-14 16:55:07[INFO]: auc: 0.7449535862360429
2023-12-14 16:55:07[INFO]: acc: 0.7208877493790562
2023-12-14 16:55:07[INFO]: rmse: 0.43490969660547857
2023-12-14 16:55:07[INFO]: ====================
2023-12-14 16:55:07[INFO]: All Fold Mean auc = 0.7449535862360429
2023-12-14 16:55:07[INFO]: All Fold Mean acc = 0.7208877493790562
2023-12-14 16:55:07[INFO]: All Fold Mean rmse = 0.43490969660547857
2023-12-14 16:55:07[INFO]: Task: 2023-12-14-162103 Completed!
