2023-12-14 15:06:03[INFO]: ============================================================
2023-12-14 15:06:03[INFO]: [ID]: 2023-12-14-150559
2023-12-14 15:06:03[INFO]: [DATASET]: ASSIST_0910
2023-12-14 15:06:03[INFO]: [ARGV]: ['run_lpkt_s_demo.py']
2023-12-14 15:06:03[INFO]: [ALL_CFG]: 
{
    "traintpl_cfg": {
        "cls": "EduTrainTPL",
        "num_stop_rounds": 10,
        "early_stop_metrics": [
            [
                "auc",
                "max"
            ]
        ],
        "best_epoch_metric": "auc",
        "unsave_best_epoch_pth": true,
        "ignore_metrics_in_train": [],
        "batch_size": 32,
        "device": "cuda:0",
        "epoch_num": 100,
        "eval_batch_size": 2048,
        "num_workers": 0,
        "lr": 0.001,
        "optim": "adam",
        "eps": 1e-08,
        "weight_decay": 0.0,
        "seed": 2023
    },
    "datatpl_cfg": {
        "cls": "LPKTDataTPL",
        "mid2cache_op_seq": [
            "M2C_Label2Int",
            "M2C_ReMapId",
            "M2C_BuildSeqInterFeats",
            "M2C_LPKT_OP",
            "M2C_GenQMat"
        ],
        "M2C_BuildSeqInterFeats": {
            "extra_inter_feats": [
                "start_timestamp:float",
                "answer_time:float"
            ],
            "seed": 2023,
            "divide_by": "stu",
            "window_size": 100,
            "divide_scale_list": [
                7,
                1,
                2
            ]
        },
        "exer_exclude_feat_names": [],
        "stu_exclude_feat_names": [],
        "seperator": ",",
        "n_folds": 1,
        "is_dataset_divided": false,
        "is_save_cache": false,
        "cache_id": "cache_default",
        "load_data_from": "middata",
        "inter_exclude_feat_names": [],
        "raw2mid_op": null,
        "seed": 2023,
        "M2C_Label2Int": {},
        "M2C_ReMapId": {
            "share_id_columns": [],
            "ignore_columns": "{'order_id:token'}"
        },
        "M2C_LPKT_OP": {
            "answer_time_unit": "ms",
            "start_timestamp_unit": "ms"
        },
        "M2C_GenQMat": {}
    },
    "modeltpl_cfg": {
        "cls": "LPKT_S",
        "d_a": 50,
        "d_k": 128,
        "d_e": 128,
        "d_s": 128,
        "q_gamma": 0.03,
        "drop_rate": 0.2,
        "param_init_type": "xavier_uniform",
        "pretrained_file_path": ""
    },
    "evaltpl_cfg": {
        "clses": [
            "BinaryClassificationEvalTPL"
        ],
        "BinaryClassificationEvalTPL": {
            "use_metrics": [
                "auc",
                "acc",
                "rmse"
            ]
        }
    },
    "frame_cfg": {
        "ARCHIVE_FOLDER_PATH": "/lijinglong/Projects/EduStudio-main/examples/single_model/archive",
        "CFG_FOLDER_PATH": "/lijinglong/Projects/EduStudio-main/examples/single_model/conf",
        "DATA_FOLDER_PATH": "/lijinglong/Projects/EduStudio-main/examples/single_model/data",
        "DISABLE_LOG_STDOUT": false,
        "DISABLE_TQDM_BAR": false,
        "DT_INFO_DICT": {},
        "DT_INFO_FILE_PATH": "/lijinglong/Projects/EduStudio-main/edustudio/assets/datasets.yaml",
        "ID": "2023-12-14-150559",
        "LOG_WITHOUT_DATE": false,
        "TEMP_FOLDER_PATH": "/lijinglong/Projects/EduStudio-main/examples/single_model/temp",
        "TQDM_NCOLS": 100,
        "WORK_DIR": "/lijinglong/Projects/EduStudio-main/examples/single_model",
        "data_folder_path": "/lijinglong/Projects/EduStudio-main/examples/single_model/data/ASSIST_0910",
        "temp_folder_path": "/lijinglong/Projects/EduStudio-main/examples/single_model/temp/ASSIST_0910/EduTrainTPL/LPKT_S/2023-12-14-150559",
        "archive_folder_path": "/lijinglong/Projects/EduStudio-main/examples/single_model/archive/ASSIST_0910/EduTrainTPL/LPKT_S"
    },
    "dataset": "ASSIST_0910",
    "logger": "<Logger edustudio (DEBUG)>"
}
2023-12-14 15:06:03[INFO]: ============================================================
2023-12-14 15:06:11[INFO]: {'real_window_size': 100, 'stu_count': 4163, 'exer_count': 16988, 'cpt_count': 122, 'answer_time_count_list': [1358], 'interval_time_count_list': [88]}
2023-12-14 15:06:11[INFO]: TrainTPL <class 'edustudio.traintpl.edu_traintpl.EduTrainTPL'> Started!
2023-12-14 15:06:13[INFO]: ====== [FOLD ID]: 0 ======
2023-12-14 15:06:13[INFO]: [CALLBACK]-ModelCheckPoint has been registered!
2023-12-14 15:06:13[INFO]: [CALLBACK]-EarlyStopping has been registered!
2023-12-14 15:06:13[INFO]: [CALLBACK]-History has been registered!
2023-12-14 15:06:13[INFO]: [CALLBACK]-BaseLogger has been registered!
2023-12-14 15:06:13[INFO]: Start Training...
2023-12-14 15:07:19[INFO]: Update best epoch as [1] for auc!
2023-12-14 15:07:19[INFO]: [EPOCH=001]: loss_main: 2.0542
2023-12-14 15:07:19[INFO]: [EPOCH=001]: auc: 0.5598 | acc: 0.6439 | rmse: 0.4834
2023-12-14 15:08:24[INFO]: Update best epoch as [2] for auc!
2023-12-14 15:08:24[INFO]: [EPOCH=002]: loss_main: 2.1093
2023-12-14 15:08:24[INFO]: [EPOCH=002]: auc: 0.5748 | acc: 0.6291 | rmse: 0.4851
2023-12-14 15:09:28[INFO]: [EPOCH=003]: loss_main: 1.9479
2023-12-14 15:09:28[INFO]: [EPOCH=003]: auc: 0.5704 | acc: 0.6167 | rmse: 0.4897
2023-12-14 15:10:33[INFO]: [EPOCH=004]: loss_main: 1.9412
2023-12-14 15:10:33[INFO]: [EPOCH=004]: auc: 0.5596 | acc: 0.6109 | rmse: 0.4927
2023-12-14 15:11:38[INFO]: [EPOCH=005]: loss_main: 1.9795
2023-12-14 15:11:38[INFO]: [EPOCH=005]: auc: 0.5620 | acc: 0.6104 | rmse: 0.4948
2023-12-14 15:12:43[INFO]: [EPOCH=006]: loss_main: 1.9258
2023-12-14 15:12:43[INFO]: [EPOCH=006]: auc: 0.5648 | acc: 0.6061 | rmse: 0.4963
2023-12-14 15:13:47[INFO]: [EPOCH=007]: loss_main: 1.9370
2023-12-14 15:13:47[INFO]: [EPOCH=007]: auc: 0.5552 | acc: 0.6089 | rmse: 0.4972
2023-12-14 15:14:51[INFO]: [EPOCH=008]: loss_main: 1.9150
2023-12-14 15:14:51[INFO]: [EPOCH=008]: auc: 0.5624 | acc: 0.6038 | rmse: 0.4977
2023-12-14 15:15:56[INFO]: [EPOCH=009]: loss_main: 1.9216
2023-12-14 15:15:56[INFO]: [EPOCH=009]: auc: 0.5508 | acc: 0.6071 | rmse: 0.4988
2023-12-14 15:17:00[INFO]: [EPOCH=010]: loss_main: 1.9122
2023-12-14 15:17:00[INFO]: [EPOCH=010]: auc: 0.5629 | acc: 0.5964 | rmse: 0.5008
2023-12-14 15:18:05[INFO]: [EPOCH=011]: loss_main: 1.9152
2023-12-14 15:18:05[INFO]: [EPOCH=011]: auc: 0.5498 | acc: 0.6009 | rmse: 0.5004
2023-12-14 15:19:09[INFO]: Suggest to stop training now
2023-12-14 15:19:09[INFO]: [EPOCH=012]: loss_main: 1.9106
2023-12-14 15:19:09[INFO]: [EPOCH=012]: auc: 0.5459 | acc: 0.5996 | rmse: 0.5010
2023-12-14 15:19:09[INFO]: ==============================
2023-12-14 15:19:09[INFO]: [For auc], the Best Epoch is: 2, the value=0.5748
2023-12-14 15:19:09[INFO]: [EPOCH=002]: loss_main: 2.1093
2023-12-14 15:19:09[INFO]: [EPOCH=002]: auc: 0.5748 | acc: 0.6291 | rmse: 0.4851
2023-12-14 15:19:09[INFO]: ==============================
2023-12-14 15:19:09[INFO]: Training Completed!
2023-12-14 15:19:10[INFO]: auc: 0.560437823026977
2023-12-14 15:19:10[INFO]: acc: 0.6219681148032505
2023-12-14 15:19:10[INFO]: rmse: 0.48828250121910005
2023-12-14 15:19:10[INFO]: ====================
2023-12-14 15:19:10[INFO]: All Fold Mean auc = 0.560437823026977
2023-12-14 15:19:10[INFO]: All Fold Mean acc = 0.6219681148032505
2023-12-14 15:19:10[INFO]: All Fold Mean rmse = 0.48828250121910005
2023-12-14 15:19:10[INFO]: Task: 2023-12-14-150559 Completed!
