2023-12-12 19:08:34[INFO]: ============================================================
2023-12-12 19:08:34[INFO]: [ID]: 2023-12-12-190832
2023-12-12 19:08:34[INFO]: [DATASET]: FrcSub
2023-12-12 19:08:34[INFO]: [ARGV]: ['mirt.py']
2023-12-12 19:08:34[INFO]: [ALL_CFG]: 
{
    "traintpl_cfg": {
        "cls": "EduTrainTPL",
        "num_stop_rounds": 10,
        "early_stop_metrics": [
            [
                "auc",
                "max"
            ]
        ],
        "best_epoch_metric": "auc",
        "unsave_best_epoch_pth": true,
        "ignore_metrics_in_train": [],
        "batch_size": 32,
        "device": "cuda:0",
        "epoch_num": 100,
        "eval_batch_size": 2048,
        "num_workers": 0,
        "lr": 0.001,
        "optim": "adam",
        "eps": 1e-08,
        "weight_decay": 0.0,
        "seed": 2023
    },
    "datatpl_cfg": {
        "cls": "CDInterDataTPL",
        "mid2cache_op_seq": [
            "M2C_Label2Int",
            "M2C_FilterRecords4CD",
            "M2C_ReMapId",
            "M2C_RandomDataSplit4CD"
        ],
        "seperator": ",",
        "n_folds": 1,
        "is_dataset_divided": false,
        "is_save_cache": false,
        "cache_id": "cache_default",
        "load_data_from": "middata",
        "inter_exclude_feat_names": [],
        "raw2mid_op": null,
        "seed": 2023,
        "M2C_Label2Int": {},
        "M2C_FilterRecords4CD": {
            "stu_least_records": 10,
            "exer_least_records": 0
        },
        "M2C_ReMapId": {
            "share_id_columns": [],
            "ignore_columns": "{'order_id:token'}"
        },
        "M2C_RandomDataSplit4CD": {
            "seed": 2023,
            "divide_scale_list": [
                7,
                1,
                2
            ]
        }
    },
    "modeltpl_cfg": {
        "cls": "MIRT",
        "a_range": -1.0,
        "emb_dim": 32,
        "param_init_type": "xavier_normal",
        "pretrained_file_path": ""
    },
    "evaltpl_cfg": {
        "clses": [
            "BinaryClassificationEvalTPL"
        ],
        "BinaryClassificationEvalTPL": {
            "use_metrics": [
                "auc",
                "acc",
                "rmse"
            ]
        }
    },
    "frame_cfg": {
        "ARCHIVE_FOLDER_PATH": "/lijinglong/Projects/EduStudio-main/examples/archive",
        "CFG_FOLDER_PATH": "/lijinglong/Projects/EduStudio-main/examples/conf",
        "DATA_FOLDER_PATH": "/lijinglong/Projects/EduStudio-main/examples/data",
        "DISABLE_LOG_STDOUT": false,
        "DISABLE_TQDM_BAR": false,
        "DT_INFO_DICT": {},
        "DT_INFO_FILE_PATH": "/lijinglong/Projects/EduStudio-main/edustudio/assets/datasets.yaml",
        "ID": "2023-12-12-190832",
        "LOG_WITHOUT_DATE": false,
        "TEMP_FOLDER_PATH": "/lijinglong/Projects/EduStudio-main/examples/temp",
        "TQDM_NCOLS": 100,
        "WORK_DIR": "/lijinglong/Projects/EduStudio-main/examples",
        "data_folder_path": "/lijinglong/Projects/EduStudio-main/examples/data/FrcSub",
        "temp_folder_path": "/lijinglong/Projects/EduStudio-main/examples/temp/FrcSub/EduTrainTPL/MIRT/2023-12-12-190832",
        "archive_folder_path": "/lijinglong/Projects/EduStudio-main/examples/archive/FrcSub/EduTrainTPL/MIRT"
    },
    "dataset": "FrcSub",
    "logger": "<Logger edustudio (DEBUG)>"
}
2023-12-12 19:08:34[INFO]: ============================================================
2023-12-12 19:08:35[INFO]: {'stu_count': 536, 'exer_count': 20}
2023-12-12 19:08:35[INFO]: TrainTPL <class 'edustudio.traintpl.edu_traintpl.EduTrainTPL'> Started!
2023-12-12 19:08:36[INFO]: ====== [FOLD ID]: 0 ======
2023-12-12 19:08:36[INFO]: [CALLBACK]-ModelCheckPoint has been registered!
2023-12-12 19:08:36[INFO]: [CALLBACK]-EarlyStopping has been registered!
2023-12-12 19:08:36[INFO]: [CALLBACK]-History has been registered!
2023-12-12 19:08:36[INFO]: [CALLBACK]-BaseLogger has been registered!
2023-12-12 19:08:36[INFO]: Start Training...
2023-12-12 19:08:37[INFO]: Update best epoch as [1] for auc!
2023-12-12 19:08:37[INFO]: [EPOCH=001]: loss_main: 0.6217
2023-12-12 19:08:37[INFO]: [EPOCH=001]: auc: 0.8319 | acc: 0.7808 | rmse: 0.4243
2023-12-12 19:08:38[INFO]: Update best epoch as [2] for auc!
2023-12-12 19:08:38[INFO]: [EPOCH=002]: loss_main: 0.4985
2023-12-12 19:08:38[INFO]: [EPOCH=002]: auc: 0.8536 | acc: 0.7882 | rmse: 0.3974
2023-12-12 19:08:39[INFO]: Update best epoch as [3] for auc!
2023-12-12 19:08:39[INFO]: [EPOCH=003]: loss_main: 0.4485
2023-12-12 19:08:39[INFO]: [EPOCH=003]: auc: 0.8595 | acc: 0.7938 | rmse: 0.3887
2023-12-12 19:08:40[INFO]: Update best epoch as [4] for auc!
2023-12-12 19:08:40[INFO]: [EPOCH=004]: loss_main: 0.4241
2023-12-12 19:08:40[INFO]: [EPOCH=004]: auc: 0.8639 | acc: 0.7966 | rmse: 0.3845
2023-12-12 19:08:40[INFO]: Update best epoch as [5] for auc!
2023-12-12 19:08:41[INFO]: [EPOCH=005]: loss_main: 0.4092
2023-12-12 19:08:41[INFO]: [EPOCH=005]: auc: 0.8679 | acc: 0.7976 | rmse: 0.3812
2023-12-12 19:08:41[INFO]: Update best epoch as [6] for auc!
2023-12-12 19:08:41[INFO]: [EPOCH=006]: loss_main: 0.3988
2023-12-12 19:08:41[INFO]: [EPOCH=006]: auc: 0.8711 | acc: 0.7985 | rmse: 0.3784
2023-12-12 19:08:42[INFO]: Update best epoch as [7] for auc!
2023-12-12 19:08:42[INFO]: [EPOCH=007]: loss_main: 0.3898
2023-12-12 19:08:42[INFO]: [EPOCH=007]: auc: 0.8737 | acc: 0.8050 | rmse: 0.3763
2023-12-12 19:08:43[INFO]: Update best epoch as [8] for auc!
2023-12-12 19:08:43[INFO]: [EPOCH=008]: loss_main: 0.3819
2023-12-12 19:08:43[INFO]: [EPOCH=008]: auc: 0.8762 | acc: 0.8088 | rmse: 0.3739
2023-12-12 19:08:44[INFO]: Update best epoch as [9] for auc!
2023-12-12 19:08:44[INFO]: [EPOCH=009]: loss_main: 0.3753
2023-12-12 19:08:44[INFO]: [EPOCH=009]: auc: 0.8781 | acc: 0.8106 | rmse: 0.3722
2023-12-12 19:08:45[INFO]: Update best epoch as [10] for auc!
2023-12-12 19:08:45[INFO]: [EPOCH=010]: loss_main: 0.3693
2023-12-12 19:08:45[INFO]: [EPOCH=010]: auc: 0.8797 | acc: 0.8106 | rmse: 0.3708
2023-12-12 19:08:45[INFO]: Update best epoch as [11] for auc!
2023-12-12 19:08:45[INFO]: [EPOCH=011]: loss_main: 0.3631
2023-12-12 19:08:45[INFO]: [EPOCH=011]: auc: 0.8812 | acc: 0.8134 | rmse: 0.3693
2023-12-12 19:08:46[INFO]: Update best epoch as [12] for auc!
2023-12-12 19:08:46[INFO]: [EPOCH=012]: loss_main: 0.3565
2023-12-12 19:08:46[INFO]: [EPOCH=012]: auc: 0.8830 | acc: 0.8125 | rmse: 0.3673
2023-12-12 19:08:47[INFO]: Update best epoch as [13] for auc!
2023-12-12 19:08:47[INFO]: [EPOCH=013]: loss_main: 0.3511
2023-12-12 19:08:47[INFO]: [EPOCH=013]: auc: 0.8843 | acc: 0.8153 | rmse: 0.3660
2023-12-12 19:08:48[INFO]: Update best epoch as [14] for auc!
2023-12-12 19:08:48[INFO]: [EPOCH=014]: loss_main: 0.3450
2023-12-12 19:08:48[INFO]: [EPOCH=014]: auc: 0.8856 | acc: 0.8153 | rmse: 0.3646
2023-12-12 19:08:49[INFO]: Update best epoch as [15] for auc!
2023-12-12 19:08:49[INFO]: [EPOCH=015]: loss_main: 0.3381
2023-12-12 19:08:49[INFO]: [EPOCH=015]: auc: 0.8861 | acc: 0.8172 | rmse: 0.3640
2023-12-12 19:08:49[INFO]: Update best epoch as [16] for auc!
2023-12-12 19:08:49[INFO]: [EPOCH=016]: loss_main: 0.3307
2023-12-12 19:08:49[INFO]: [EPOCH=016]: auc: 0.8876 | acc: 0.8200 | rmse: 0.3626
2023-12-12 19:08:50[INFO]: Update best epoch as [17] for auc!
2023-12-12 19:08:50[INFO]: [EPOCH=017]: loss_main: 0.3229
2023-12-12 19:08:50[INFO]: [EPOCH=017]: auc: 0.8894 | acc: 0.8200 | rmse: 0.3609
2023-12-12 19:08:51[INFO]: Update best epoch as [18] for auc!
2023-12-12 19:08:51[INFO]: [EPOCH=018]: loss_main: 0.3146
2023-12-12 19:08:51[INFO]: [EPOCH=018]: auc: 0.8906 | acc: 0.8209 | rmse: 0.3594
2023-12-12 19:08:52[INFO]: Update best epoch as [19] for auc!
2023-12-12 19:08:52[INFO]: [EPOCH=019]: loss_main: 0.3061
2023-12-12 19:08:52[INFO]: [EPOCH=019]: auc: 0.8913 | acc: 0.8209 | rmse: 0.3585
2023-12-12 19:08:53[INFO]: Update best epoch as [20] for auc!
2023-12-12 19:08:53[INFO]: [EPOCH=020]: loss_main: 0.2954
2023-12-12 19:08:53[INFO]: [EPOCH=020]: auc: 0.8934 | acc: 0.8256 | rmse: 0.3559
2023-12-12 19:08:53[INFO]: Update best epoch as [21] for auc!
2023-12-12 19:08:53[INFO]: [EPOCH=021]: loss_main: 0.2845
2023-12-12 19:08:53[INFO]: [EPOCH=021]: auc: 0.8944 | acc: 0.8237 | rmse: 0.3550
2023-12-12 19:08:54[INFO]: Update best epoch as [22] for auc!
2023-12-12 19:08:54[INFO]: [EPOCH=022]: loss_main: 0.2727
2023-12-12 19:08:54[INFO]: [EPOCH=022]: auc: 0.8958 | acc: 0.8293 | rmse: 0.3528
2023-12-12 19:08:55[INFO]: Update best epoch as [23] for auc!
2023-12-12 19:08:55[INFO]: [EPOCH=023]: loss_main: 0.2603
2023-12-12 19:08:55[INFO]: [EPOCH=023]: auc: 0.8973 | acc: 0.8340 | rmse: 0.3510
2023-12-12 19:08:56[INFO]: Update best epoch as [24] for auc!
2023-12-12 19:08:56[INFO]: [EPOCH=024]: loss_main: 0.2476
2023-12-12 19:08:56[INFO]: [EPOCH=024]: auc: 0.8988 | acc: 0.8330 | rmse: 0.3488
2023-12-12 19:08:56[INFO]: Update best epoch as [25] for auc!
2023-12-12 19:08:56[INFO]: [EPOCH=025]: loss_main: 0.2344
2023-12-12 19:08:56[INFO]: [EPOCH=025]: auc: 0.8995 | acc: 0.8321 | rmse: 0.3478
2023-12-12 19:08:57[INFO]: Update best epoch as [26] for auc!
2023-12-12 19:08:57[INFO]: [EPOCH=026]: loss_main: 0.2207
2023-12-12 19:08:57[INFO]: [EPOCH=026]: auc: 0.9000 | acc: 0.8340 | rmse: 0.3468
2023-12-12 19:08:58[INFO]: Update best epoch as [27] for auc!
2023-12-12 19:08:58[INFO]: [EPOCH=027]: loss_main: 0.2071
2023-12-12 19:08:58[INFO]: [EPOCH=027]: auc: 0.9011 | acc: 0.8396 | rmse: 0.3454
2023-12-12 19:08:59[INFO]: Update best epoch as [28] for auc!
2023-12-12 19:08:59[INFO]: [EPOCH=028]: loss_main: 0.1934
2023-12-12 19:08:59[INFO]: [EPOCH=028]: auc: 0.9018 | acc: 0.8405 | rmse: 0.3445
2023-12-12 19:08:59[INFO]: Update best epoch as [29] for auc!
2023-12-12 19:08:59[INFO]: [EPOCH=029]: loss_main: 0.1803
2023-12-12 19:08:59[INFO]: [EPOCH=029]: auc: 0.9023 | acc: 0.8461 | rmse: 0.3439
2023-12-12 19:09:00[INFO]: Update best epoch as [30] for auc!
2023-12-12 19:09:00[INFO]: [EPOCH=030]: loss_main: 0.1669
2023-12-12 19:09:00[INFO]: [EPOCH=030]: auc: 0.9026 | acc: 0.8414 | rmse: 0.3439
2023-12-12 19:09:01[INFO]: [EPOCH=031]: loss_main: 0.1541
2023-12-12 19:09:01[INFO]: [EPOCH=031]: auc: 0.9025 | acc: 0.8424 | rmse: 0.3440
2023-12-12 19:09:01[INFO]: Update best epoch as [32] for auc!
2023-12-12 19:09:01[INFO]: [EPOCH=032]: loss_main: 0.1419
2023-12-12 19:09:01[INFO]: [EPOCH=032]: auc: 0.9028 | acc: 0.8396 | rmse: 0.3438
2023-12-12 19:09:02[INFO]: Update best epoch as [33] for auc!
2023-12-12 19:09:02[INFO]: [EPOCH=033]: loss_main: 0.1305
2023-12-12 19:09:02[INFO]: [EPOCH=033]: auc: 0.9030 | acc: 0.8414 | rmse: 0.3437
2023-12-12 19:09:03[INFO]: Update best epoch as [34] for auc!
2023-12-12 19:09:03[INFO]: [EPOCH=034]: loss_main: 0.1195
2023-12-12 19:09:03[INFO]: [EPOCH=034]: auc: 0.9033 | acc: 0.8433 | rmse: 0.3438
2023-12-12 19:09:04[INFO]: [EPOCH=035]: loss_main: 0.1088
2023-12-12 19:09:04[INFO]: [EPOCH=035]: auc: 0.9032 | acc: 0.8442 | rmse: 0.3444
2023-12-12 19:09:05[INFO]: Update best epoch as [36] for auc!
2023-12-12 19:09:05[INFO]: [EPOCH=036]: loss_main: 0.0992
2023-12-12 19:09:05[INFO]: [EPOCH=036]: auc: 0.9034 | acc: 0.8405 | rmse: 0.3447
2023-12-12 19:09:05[INFO]: [EPOCH=037]: loss_main: 0.0901
2023-12-12 19:09:05[INFO]: [EPOCH=037]: auc: 0.9031 | acc: 0.8414 | rmse: 0.3451
2023-12-12 19:09:06[INFO]: [EPOCH=038]: loss_main: 0.0818
2023-12-12 19:09:06[INFO]: [EPOCH=038]: auc: 0.9026 | acc: 0.8377 | rmse: 0.3465
2023-12-12 19:09:07[INFO]: [EPOCH=039]: loss_main: 0.0737
2023-12-12 19:09:07[INFO]: [EPOCH=039]: auc: 0.9023 | acc: 0.8405 | rmse: 0.3475
2023-12-12 19:09:08[INFO]: [EPOCH=040]: loss_main: 0.0667
2023-12-12 19:09:08[INFO]: [EPOCH=040]: auc: 0.9022 | acc: 0.8405 | rmse: 0.3483
2023-12-12 19:09:08[INFO]: [EPOCH=041]: loss_main: 0.0601
2023-12-12 19:09:08[INFO]: [EPOCH=041]: auc: 0.9016 | acc: 0.8396 | rmse: 0.3496
2023-12-12 19:09:09[INFO]: [EPOCH=042]: loss_main: 0.0542
2023-12-12 19:09:09[INFO]: [EPOCH=042]: auc: 0.9014 | acc: 0.8396 | rmse: 0.3506
2023-12-12 19:09:10[INFO]: [EPOCH=043]: loss_main: 0.0489
2023-12-12 19:09:10[INFO]: [EPOCH=043]: auc: 0.9014 | acc: 0.8386 | rmse: 0.3515
2023-12-12 19:09:11[INFO]: [EPOCH=044]: loss_main: 0.0438
2023-12-12 19:09:11[INFO]: [EPOCH=044]: auc: 0.9009 | acc: 0.8368 | rmse: 0.3527
2023-12-12 19:09:11[INFO]: [EPOCH=045]: loss_main: 0.0393
2023-12-12 19:09:11[INFO]: [EPOCH=045]: auc: 0.9007 | acc: 0.8358 | rmse: 0.3537
2023-12-12 19:09:12[INFO]: Suggest to stop training now
2023-12-12 19:09:12[INFO]: [EPOCH=046]: loss_main: 0.0354
2023-12-12 19:09:12[INFO]: [EPOCH=046]: auc: 0.9001 | acc: 0.8358 | rmse: 0.3550
2023-12-12 19:09:12[INFO]: ==============================
2023-12-12 19:09:12[INFO]: [For auc], the Best Epoch is: 36, the value=0.9034
2023-12-12 19:09:12[INFO]: [EPOCH=036]: loss_main: 0.0992
2023-12-12 19:09:12[INFO]: [EPOCH=036]: auc: 0.9034 | acc: 0.8405 | rmse: 0.3447
2023-12-12 19:09:12[INFO]: ==============================
2023-12-12 19:09:12[INFO]: Training Completed!
2023-12-12 19:09:12[INFO]: auc: 0.9161550179938138
2023-12-12 19:09:12[INFO]: acc: 0.847481343283582
2023-12-12 19:09:12[INFO]: rmse: 0.3363798799469115
2023-12-12 19:09:12[INFO]: ====================
2023-12-12 19:09:12[INFO]: All Fold Mean auc = 0.9161550179938138
2023-12-12 19:09:12[INFO]: All Fold Mean acc = 0.847481343283582
2023-12-12 19:09:12[INFO]: All Fold Mean rmse = 0.3363798799469115
2023-12-12 19:09:12[INFO]: Task: 2023-12-12-190832 Completed!
