2023-11-02 20:38:43[INFO]: ============================================================
2023-11-02 20:38:43[INFO]: [ID]: 2023-11-02-203839
2023-11-02 20:38:43[INFO]: [DATASET]: ASSIST_0910
2023-11-02 20:38:43[INFO]: [ARGV]: ['/chenaoxia/home/01_EduStudioMaintain/EduStudio/examples/single_model/run_dkt_demo.py']
2023-11-02 20:38:43[INFO]: [ALL_CFG]: 
{
    "traintpl_cfg": {
        "cls": "EduTrainTPL",
        "num_stop_rounds": 10,
        "early_stop_metrics": [
            [
                "auc",
                "max"
            ]
        ],
        "best_epoch_metric": "auc",
        "unsave_best_epoch_pth": true,
        "ignore_metrics_in_train": [],
        "batch_size": 32,
        "device": "cuda:0",
        "epoch_num": 100,
        "eval_batch_size": 2048,
        "num_workers": 0,
        "lr": 0.001,
        "optim": "adam",
        "eps": 1e-08,
        "weight_decay": 0.0,
        "seed": 2023
    },
    "datatpl_cfg": {
        "cls": "KTInterCptAsExerDataTPL",
        "mid2cache_op_seq": [
            "M2C_CptAsExer",
            "M2C_Label2Int",
            "M2C_ReMapId",
            "M2C_BuildSeqInterFeats"
        ],
        "exer_exclude_feat_names": [],
        "stu_exclude_feat_names": [],
        "seperator": ",",
        "n_folds": 1,
        "is_dataset_divided": false,
        "is_save_cache": false,
        "cache_id": "cache_default",
        "load_data_from": "middata",
        "inter_exclude_feat_names": [],
        "raw2mid_op": null,
        "seed": 2023,
        "M2C_CptAsExer": {},
        "M2C_Label2Int": {},
        "M2C_ReMapId": {
            "share_id_columns": [],
            "ignore_columns": "{'order_id:token'}"
        },
        "M2C_BuildSeqInterFeats": {
            "seed": 2023,
            "divide_by": "stu",
            "window_size": 100,
            "divide_scale_list": [
                7,
                1,
                2
            ],
            "extra_inter_feats": []
        }
    },
    "modeltpl_cfg": {
        "cls": "DKT",
        "emb_size": 100,
        "hidden_size": 100,
        "num_layers": 1,
        "dropout_rate": 0.2,
        "rnn_or_lstm": "lstm",
        "param_init_type": "xavier_normal",
        "pretrained_file_path": ""
    },
    "evaltpl_cfg": {
        "clses": [
            "BinaryClassificationEvalTPL"
        ],
        "BinaryClassificationEvalTPL": {
            "use_metrics": [
                "auc",
                "acc",
                "rmse"
            ]
        }
    },
    "frame_cfg": {
        "ARCHIVE_FOLDER_PATH": "/chenaoxia/home/01_EduStudioMaintain/EduStudio/examples/single_model/archive",
        "CFG_FOLDER_PATH": "/chenaoxia/home/01_EduStudioMaintain/EduStudio/examples/single_model/conf",
        "DATA_FOLDER_PATH": "/chenaoxia/home/01_EduStudioMaintain/EduStudio/examples/single_model/data",
        "DISABLE_LOG_STDOUT": false,
        "DISABLE_TQDM_BAR": false,
        "DT_INFO_DICT": {},
        "DT_INFO_FILE_PATH": "/chenaoxia/home/01_EduStudioMaintain/EduStudio/edustudio/assets/datasets.yaml",
        "ID": "2023-11-02-203839",
        "LOG_WITHOUT_DATE": false,
        "TEMP_FOLDER_PATH": "/chenaoxia/home/01_EduStudioMaintain/EduStudio/examples/single_model/temp",
        "TQDM_NCOLS": 100,
        "WORK_DIR": "/chenaoxia/home/01_EduStudioMaintain/EduStudio/examples/single_model",
        "data_folder_path": "/chenaoxia/home/01_EduStudioMaintain/EduStudio/examples/single_model/data/ASSIST_0910",
        "temp_folder_path": "/chenaoxia/home/01_EduStudioMaintain/EduStudio/examples/single_model/temp/ASSIST_0910/EduTrainTPL/DKT/2023-11-02-203839",
        "archive_folder_path": "/chenaoxia/home/01_EduStudioMaintain/EduStudio/examples/single_model/archive/ASSIST_0910/EduTrainTPL/DKT"
    },
    "dataset": "ASSIST_0910",
    "logger": "<Logger edustudio (DEBUG)>"
}
2023-11-02 20:38:43[INFO]: ============================================================
2023-11-02 20:38:53[INFO]: {'stu_count': 4163, 'exer_count': 153, 'real_window_size': 100}
2023-11-02 20:38:53[INFO]: TrainTPL <class 'edustudio.traintpl.edu_traintpl.EduTrainTPL'> Started!
2023-11-02 20:38:57[INFO]: ====== [FOLD ID]: 0 ======
2023-11-02 20:38:57[INFO]: [CALLBACK]-ModelCheckPoint has been registered!
2023-11-02 20:38:57[INFO]: [CALLBACK]-EarlyStopping has been registered!
2023-11-02 20:38:57[INFO]: [CALLBACK]-History has been registered!
2023-11-02 20:38:57[INFO]: [CALLBACK]-BaseLogger has been registered!
2023-11-02 20:38:57[INFO]: Start Training...
2023-11-02 20:39:00[INFO]: Update best epoch as [1] for auc!
2023-11-02 20:39:01[INFO]: [EPOCH=001]: loss_main: 0.6255
2023-11-02 20:39:01[INFO]: [EPOCH=001]: auc: 0.7220 | acc: 0.7147 | rmse: 0.4438
2023-11-02 20:39:04[INFO]: Update best epoch as [2] for auc!
2023-11-02 20:39:04[INFO]: [EPOCH=002]: loss_main: 0.5833
2023-11-02 20:39:04[INFO]: [EPOCH=002]: auc: 0.7372 | acc: 0.7254 | rmse: 0.4324
2023-11-02 20:39:02[INFO]: Update best epoch as [3] for auc!
2023-11-02 20:39:02[INFO]: [EPOCH=003]: loss_main: 0.5723
2023-11-02 20:39:02[INFO]: [EPOCH=003]: auc: 0.7425 | acc: 0.7315 | rmse: 0.4287
2023-11-02 20:39:05[INFO]: Update best epoch as [4] for auc!
2023-11-02 20:39:05[INFO]: [EPOCH=004]: loss_main: 0.5679
2023-11-02 20:39:05[INFO]: [EPOCH=004]: auc: 0.7433 | acc: 0.7303 | rmse: 0.4286
2023-11-02 20:39:09[INFO]: Update best epoch as [5] for auc!
2023-11-02 20:39:09[INFO]: [EPOCH=005]: loss_main: 0.5625
2023-11-02 20:39:09[INFO]: [EPOCH=005]: auc: 0.7489 | acc: 0.7327 | rmse: 0.4262
2023-11-02 20:39:12[INFO]: Update best epoch as [6] for auc!
2023-11-02 20:39:12[INFO]: [EPOCH=006]: loss_main: 0.5601
2023-11-02 20:39:12[INFO]: [EPOCH=006]: auc: 0.7504 | acc: 0.7335 | rmse: 0.4253
2023-11-02 20:39:15[INFO]: Update best epoch as [7] for auc!
2023-11-02 20:39:15[INFO]: [EPOCH=007]: loss_main: 0.5563
2023-11-02 20:39:15[INFO]: [EPOCH=007]: auc: 0.7525 | acc: 0.7341 | rmse: 0.4250
2023-11-02 20:39:19[INFO]: [EPOCH=008]: loss_main: 0.5542
2023-11-02 20:39:19[INFO]: [EPOCH=008]: auc: 0.7510 | acc: 0.7337 | rmse: 0.4257
2023-11-02 20:39:22[INFO]: Update best epoch as [9] for auc!
2023-11-02 20:39:22[INFO]: [EPOCH=009]: loss_main: 0.5535
2023-11-02 20:39:22[INFO]: [EPOCH=009]: auc: 0.7535 | acc: 0.7331 | rmse: 0.4245
2023-11-02 20:39:25[INFO]: Update best epoch as [10] for auc!
2023-11-02 20:39:25[INFO]: [EPOCH=010]: loss_main: 0.5484
2023-11-02 20:39:25[INFO]: [EPOCH=010]: auc: 0.7551 | acc: 0.7354 | rmse: 0.4236
2023-11-02 20:39:28[INFO]: Update best epoch as [11] for auc!
2023-11-02 20:39:28[INFO]: [EPOCH=011]: loss_main: 0.5475
2023-11-02 20:39:28[INFO]: [EPOCH=011]: auc: 0.7551 | acc: 0.7370 | rmse: 0.4237
2023-11-02 20:39:32[INFO]: [EPOCH=012]: loss_main: 0.5463
2023-11-02 20:39:32[INFO]: [EPOCH=012]: auc: 0.7546 | acc: 0.7339 | rmse: 0.4243
2023-11-02 20:39:35[INFO]: Update best epoch as [13] for auc!
2023-11-02 20:39:35[INFO]: [EPOCH=013]: loss_main: 0.5439
2023-11-02 20:39:35[INFO]: [EPOCH=013]: auc: 0.7564 | acc: 0.7355 | rmse: 0.4234
2023-11-02 20:39:38[INFO]: [EPOCH=014]: loss_main: 0.5405
2023-11-02 20:39:38[INFO]: [EPOCH=014]: auc: 0.7529 | acc: 0.7339 | rmse: 0.4248
2023-11-02 20:39:41[INFO]: Update best epoch as [15] for auc!
2023-11-02 20:39:42[INFO]: [EPOCH=015]: loss_main: 0.5384
2023-11-02 20:39:42[INFO]: [EPOCH=015]: auc: 0.7568 | acc: 0.7350 | rmse: 0.4234
2023-11-02 20:39:45[INFO]: Update best epoch as [16] for auc!
2023-11-02 20:39:45[INFO]: [EPOCH=016]: loss_main: 0.5358
2023-11-02 20:39:45[INFO]: [EPOCH=016]: auc: 0.7577 | acc: 0.7365 | rmse: 0.4231
2023-11-02 20:39:48[INFO]: Update best epoch as [17] for auc!
2023-11-02 20:39:49[INFO]: [EPOCH=017]: loss_main: 0.5327
2023-11-02 20:39:49[INFO]: [EPOCH=017]: auc: 0.7584 | acc: 0.7354 | rmse: 0.4228
2023-11-02 20:39:52[INFO]: [EPOCH=018]: loss_main: 0.5324
2023-11-02 20:39:52[INFO]: [EPOCH=018]: auc: 0.7573 | acc: 0.7354 | rmse: 0.4231
2023-11-02 20:39:55[INFO]: [EPOCH=019]: loss_main: 0.5283
2023-11-02 20:39:55[INFO]: [EPOCH=019]: auc: 0.7575 | acc: 0.7352 | rmse: 0.4235
2023-11-02 20:39:58[INFO]: [EPOCH=020]: loss_main: 0.5252
2023-11-02 20:39:58[INFO]: [EPOCH=020]: auc: 0.7572 | acc: 0.7325 | rmse: 0.4240
2023-11-02 20:40:01[INFO]: [EPOCH=021]: loss_main: 0.5260
2023-11-02 20:40:01[INFO]: [EPOCH=021]: auc: 0.7575 | acc: 0.7348 | rmse: 0.4232
2023-11-02 20:40:04[INFO]: [EPOCH=022]: loss_main: 0.5218
2023-11-02 20:40:04[INFO]: [EPOCH=022]: auc: 0.7574 | acc: 0.7363 | rmse: 0.4232
2023-11-02 20:40:07[INFO]: [EPOCH=023]: loss_main: 0.5200
2023-11-02 20:40:07[INFO]: [EPOCH=023]: auc: 0.7565 | acc: 0.7356 | rmse: 0.4236
2023-11-02 20:40:04[INFO]: [EPOCH=024]: loss_main: 0.5165
2023-11-02 20:40:04[INFO]: [EPOCH=024]: auc: 0.7569 | acc: 0.7335 | rmse: 0.4236
2023-11-02 20:40:07[INFO]: [EPOCH=025]: loss_main: 0.5143
2023-11-02 20:40:07[INFO]: [EPOCH=025]: auc: 0.7561 | acc: 0.7328 | rmse: 0.4243
2023-11-02 20:40:10[INFO]: [EPOCH=026]: loss_main: 0.5122
2023-11-02 20:40:10[INFO]: [EPOCH=026]: auc: 0.7571 | acc: 0.7312 | rmse: 0.4243
2023-11-02 20:40:14[INFO]: Suggest to stop training now
2023-11-02 20:40:14[INFO]: [EPOCH=027]: loss_main: 0.5088
2023-11-02 20:40:14[INFO]: [EPOCH=027]: auc: 0.7565 | acc: 0.7329 | rmse: 0.4248
2023-11-02 20:40:14[INFO]: ==============================
2023-11-02 20:40:14[INFO]: [For auc], the Best Epoch is: 17, the value=0.7584
2023-11-02 20:40:14[INFO]: [EPOCH=017]: loss_main: 0.5327
2023-11-02 20:40:14[INFO]: [EPOCH=017]: auc: 0.7584 | acc: 0.7354 | rmse: 0.4228
2023-11-02 20:40:14[INFO]: ==============================
2023-11-02 20:40:14[INFO]: Training Completed!
2023-11-02 20:40:14[INFO]: auc: 0.7448773013378298
2023-11-02 20:40:14[INFO]: acc: 0.7221935030293005
2023-11-02 20:40:14[INFO]: rmse: 0.4307287085491113
2023-11-02 20:40:14[INFO]: ====================
2023-11-02 20:40:14[INFO]: All Fold Mean auc = 0.7448773013378298
2023-11-02 20:40:14[INFO]: All Fold Mean acc = 0.7221935030293005
2023-11-02 20:40:14[INFO]: All Fold Mean rmse = 0.4307287085491113
2023-11-02 20:40:14[INFO]: Task: 2023-11-02-203839 Completed!
