2023-12-12 14:20:13[INFO]: ============================================================
2023-12-12 14:20:13[INFO]: [ID]: 2023-12-12-142009
2023-12-12 14:20:13[INFO]: [DATASET]: ASSIST_0910
2023-12-12 14:20:13[INFO]: [ARGV]: ['irt.py']
2023-12-12 14:20:13[INFO]: [ALL_CFG]: 
{
    "traintpl_cfg": {
        "cls": "EduTrainTPL",
        "num_stop_rounds": 10,
        "early_stop_metrics": [
            [
                "auc",
                "max"
            ]
        ],
        "best_epoch_metric": "auc",
        "unsave_best_epoch_pth": true,
        "ignore_metrics_in_train": [],
        "batch_size": 32,
        "device": "cuda:0",
        "epoch_num": 100,
        "eval_batch_size": 2048,
        "num_workers": 0,
        "lr": 0.001,
        "optim": "adam",
        "eps": 1e-08,
        "weight_decay": 0.0,
        "seed": 2023
    },
    "datatpl_cfg": {
        "cls": "CDInterDataTPL",
        "mid2cache_op_seq": [
            "M2C_Label2Int",
            "M2C_FilterRecords4CD",
            "M2C_ReMapId",
            "M2C_RandomDataSplit4CD"
        ],
        "seperator": ",",
        "n_folds": 1,
        "is_dataset_divided": false,
        "is_save_cache": false,
        "cache_id": "cache_default",
        "load_data_from": "middata",
        "inter_exclude_feat_names": [],
        "raw2mid_op": null,
        "seed": 2023,
        "M2C_Label2Int": {},
        "M2C_FilterRecords4CD": {
            "stu_least_records": 10,
            "exer_least_records": 0
        },
        "M2C_ReMapId": {
            "share_id_columns": [],
            "ignore_columns": "{'order_id:token'}"
        },
        "M2C_RandomDataSplit4CD": {
            "seed": 2023,
            "divide_scale_list": [
                7,
                1,
                2
            ]
        }
    },
    "modeltpl_cfg": {
        "cls": "IRT",
        "a_range": -1.0,
        "diff_range": -1.0,
        "fix_a": false,
        "fix_c": true,
        "param_init_type": "xavier_normal",
        "pretrained_file_path": ""
    },
    "evaltpl_cfg": {
        "clses": [
            "BinaryClassificationEvalTPL"
        ],
        "BinaryClassificationEvalTPL": {
            "use_metrics": [
                "auc",
                "acc",
                "rmse"
            ]
        }
    },
    "frame_cfg": {
        "ARCHIVE_FOLDER_PATH": "/lijinglong/Projects/EduStudio-main/examples/archive",
        "CFG_FOLDER_PATH": "/lijinglong/Projects/EduStudio-main/examples/conf",
        "DATA_FOLDER_PATH": "/lijinglong/Projects/EduStudio-main/examples/data",
        "DISABLE_LOG_STDOUT": false,
        "DISABLE_TQDM_BAR": false,
        "DT_INFO_DICT": {},
        "DT_INFO_FILE_PATH": "/lijinglong/Projects/EduStudio-main/edustudio/assets/datasets.yaml",
        "ID": "2023-12-12-142009",
        "LOG_WITHOUT_DATE": false,
        "TEMP_FOLDER_PATH": "/lijinglong/Projects/EduStudio-main/examples/temp",
        "TQDM_NCOLS": 100,
        "WORK_DIR": "/lijinglong/Projects/EduStudio-main/examples",
        "data_folder_path": "/lijinglong/Projects/EduStudio-main/examples/data/ASSIST_0910",
        "temp_folder_path": "/lijinglong/Projects/EduStudio-main/examples/temp/ASSIST_0910/EduTrainTPL/IRT/2023-12-12-142009",
        "archive_folder_path": "/lijinglong/Projects/EduStudio-main/examples/archive/ASSIST_0910/EduTrainTPL/IRT"
    },
    "dataset": "ASSIST_0910",
    "logger": "<Logger edustudio (DEBUG)>"
}
2023-12-12 14:20:13[INFO]: ============================================================
2023-12-12 14:20:13[INFO]: {'stu_count': 2993, 'exer_count': 16936}
2023-12-12 14:20:13[INFO]: TrainTPL <class 'edustudio.traintpl.edu_traintpl.EduTrainTPL'> Started!
2023-12-12 14:20:15[INFO]: ====== [FOLD ID]: 0 ======
2023-12-12 14:20:15[INFO]: [CALLBACK]-ModelCheckPoint has been registered!
2023-12-12 14:20:15[INFO]: [CALLBACK]-EarlyStopping has been registered!
2023-12-12 14:20:15[INFO]: [CALLBACK]-History has been registered!
2023-12-12 14:20:15[INFO]: [CALLBACK]-BaseLogger has been registered!
2023-12-12 14:20:15[INFO]: Start Training...
2023-12-12 14:20:36[INFO]: Update best epoch as [1] for auc!
2023-12-12 14:20:36[INFO]: [EPOCH=001]: loss_main: 0.6457
2023-12-12 14:20:36[INFO]: [EPOCH=001]: auc: 0.7272 | acc: 0.7088 | rmse: 0.4567
2023-12-12 14:20:55[INFO]: Update best epoch as [2] for auc!
2023-12-12 14:20:55[INFO]: [EPOCH=002]: loss_main: 0.5749
2023-12-12 14:20:55[INFO]: [EPOCH=002]: auc: 0.7445 | acc: 0.7133 | rmse: 0.4397
2023-12-12 14:21:16[INFO]: Update best epoch as [3] for auc!
2023-12-12 14:21:16[INFO]: [EPOCH=003]: loss_main: 0.5374
2023-12-12 14:21:16[INFO]: [EPOCH=003]: auc: 0.7540 | acc: 0.7183 | rmse: 0.4328
2023-12-12 14:21:36[INFO]: Update best epoch as [4] for auc!
2023-12-12 14:21:36[INFO]: [EPOCH=004]: loss_main: 0.5143
2023-12-12 14:21:36[INFO]: [EPOCH=004]: auc: 0.7588 | acc: 0.7212 | rmse: 0.4296
2023-12-12 14:21:57[INFO]: Update best epoch as [5] for auc!
2023-12-12 14:21:57[INFO]: [EPOCH=005]: loss_main: 0.4985
2023-12-12 14:21:57[INFO]: [EPOCH=005]: auc: 0.7611 | acc: 0.7222 | rmse: 0.4284
2023-12-12 14:22:18[INFO]: Update best epoch as [6] for auc!
2023-12-12 14:22:18[INFO]: [EPOCH=006]: loss_main: 0.4871
2023-12-12 14:22:18[INFO]: [EPOCH=006]: auc: 0.7622 | acc: 0.7216 | rmse: 0.4281
2023-12-12 14:22:38[INFO]: Update best epoch as [7] for auc!
2023-12-12 14:22:38[INFO]: [EPOCH=007]: loss_main: 0.4785
2023-12-12 14:22:38[INFO]: [EPOCH=007]: auc: 0.7629 | acc: 0.7240 | rmse: 0.4283
2023-12-12 14:22:59[INFO]: Update best epoch as [8] for auc!
2023-12-12 14:22:59[INFO]: [EPOCH=008]: loss_main: 0.4720
2023-12-12 14:22:59[INFO]: [EPOCH=008]: auc: 0.7630 | acc: 0.7232 | rmse: 0.4290
2023-12-12 14:23:22[INFO]: Update best epoch as [9] for auc!
2023-12-12 14:23:22[INFO]: [EPOCH=009]: loss_main: 0.4669
2023-12-12 14:23:22[INFO]: [EPOCH=009]: auc: 0.7631 | acc: 0.7226 | rmse: 0.4298
2023-12-12 14:23:41[INFO]: [EPOCH=010]: loss_main: 0.4627
2023-12-12 14:23:41[INFO]: [EPOCH=010]: auc: 0.7630 | acc: 0.7229 | rmse: 0.4307
2023-12-12 14:24:03[INFO]: [EPOCH=011]: loss_main: 0.4596
2023-12-12 14:24:03[INFO]: [EPOCH=011]: auc: 0.7627 | acc: 0.7228 | rmse: 0.4317
2023-12-12 14:24:24[INFO]: [EPOCH=012]: loss_main: 0.4569
2023-12-12 14:24:24[INFO]: [EPOCH=012]: auc: 0.7622 | acc: 0.7217 | rmse: 0.4328
2023-12-12 14:24:44[INFO]: [EPOCH=013]: loss_main: 0.4547
2023-12-12 14:24:44[INFO]: [EPOCH=013]: auc: 0.7618 | acc: 0.7212 | rmse: 0.4339
2023-12-12 14:25:05[INFO]: [EPOCH=014]: loss_main: 0.4529
2023-12-12 14:25:05[INFO]: [EPOCH=014]: auc: 0.7613 | acc: 0.7226 | rmse: 0.4349
2023-12-12 14:25:26[INFO]: [EPOCH=015]: loss_main: 0.4513
2023-12-12 14:25:26[INFO]: [EPOCH=015]: auc: 0.7610 | acc: 0.7209 | rmse: 0.4358
2023-12-12 14:25:47[INFO]: [EPOCH=016]: loss_main: 0.4500
2023-12-12 14:25:47[INFO]: [EPOCH=016]: auc: 0.7605 | acc: 0.7210 | rmse: 0.4368
2023-12-12 14:26:08[INFO]: [EPOCH=017]: loss_main: 0.4489
2023-12-12 14:26:08[INFO]: [EPOCH=017]: auc: 0.7601 | acc: 0.7201 | rmse: 0.4377
2023-12-12 14:26:27[INFO]: [EPOCH=018]: loss_main: 0.4478
2023-12-12 14:26:27[INFO]: [EPOCH=018]: auc: 0.7595 | acc: 0.7196 | rmse: 0.4386
2023-12-12 14:26:49[INFO]: Suggest to stop training now
2023-12-12 14:26:49[INFO]: [EPOCH=019]: loss_main: 0.4469
2023-12-12 14:26:49[INFO]: [EPOCH=019]: auc: 0.7590 | acc: 0.7200 | rmse: 0.4394
2023-12-12 14:26:49[INFO]: ==============================
2023-12-12 14:26:49[INFO]: [For auc], the Best Epoch is: 9, the value=0.7631
2023-12-12 14:26:49[INFO]: [EPOCH=009]: loss_main: 0.4669
2023-12-12 14:26:49[INFO]: [EPOCH=009]: auc: 0.7631 | acc: 0.7226 | rmse: 0.4298
2023-12-12 14:26:49[INFO]: ==============================
2023-12-12 14:26:49[INFO]: Training Completed!
2023-12-12 14:26:51[INFO]: auc: 0.7612450540540683
2023-12-12 14:26:51[INFO]: acc: 0.722859219185272
2023-12-12 14:26:51[INFO]: rmse: 0.4315646178009199
2023-12-12 14:26:51[INFO]: ====================
2023-12-12 14:26:51[INFO]: All Fold Mean auc = 0.7612450540540683
2023-12-12 14:26:51[INFO]: All Fold Mean acc = 0.722859219185272
2023-12-12 14:26:51[INFO]: All Fold Mean rmse = 0.4315646178009199
2023-12-12 14:26:51[INFO]: Task: 2023-12-12-142009 Completed!
