2023-12-05 10:54:21[INFO]: ============================================================
2023-12-05 10:54:21[INFO]: [ID]: 2023-12-05-105403
2023-12-05 10:54:21[INFO]: [DATASET]: ASSIST_0910
2023-12-05 10:54:21[INFO]: [ARGV]: ['run_dkt_demo.py']
2023-12-05 10:54:21[INFO]: [ALL_CFG]: 
{
    "traintpl_cfg": {
        "cls": "EduTrainTPL",
        "num_stop_rounds": 10,
        "early_stop_metrics": [
            [
                "auc",
                "max"
            ]
        ],
        "best_epoch_metric": "auc",
        "unsave_best_epoch_pth": true,
        "ignore_metrics_in_train": [],
        "batch_size": 32,
        "device": "cpu",
        "epoch_num": 100,
        "eval_batch_size": 2048,
        "num_workers": 0,
        "lr": 0.001,
        "optim": "adam",
        "eps": 1e-08,
        "weight_decay": 0.0,
        "seed": 2023
    },
    "datatpl_cfg": {
        "cls": "KTInterCptAsExerDataTPL",
        "mid2cache_op_seq": [
            "M2C_CptAsExer",
            "M2C_Label2Int",
            "M2C_ReMapId",
            "M2C_BuildSeqInterFeats"
        ],
        "exer_exclude_feat_names": [],
        "stu_exclude_feat_names": [],
        "seperator": ",",
        "n_folds": 1,
        "is_dataset_divided": false,
        "is_save_cache": false,
        "cache_id": "cache_default",
        "load_data_from": "middata",
        "inter_exclude_feat_names": [],
        "raw2mid_op": null,
        "seed": 2023,
        "M2C_CptAsExer": {},
        "M2C_Label2Int": {},
        "M2C_ReMapId": {
            "share_id_columns": [],
            "ignore_columns": "{'order_id:token'}"
        },
        "M2C_BuildSeqInterFeats": {
            "seed": 2023,
            "divide_by": "stu",
            "window_size": 100,
            "divide_scale_list": [
                7,
                1,
                2
            ],
            "extra_inter_feats": []
        }
    },
    "modeltpl_cfg": {
        "cls": "DKT",
        "emb_size": 100,
        "hidden_size": 100,
        "num_layers": 1,
        "dropout_rate": 0.2,
        "rnn_or_lstm": "lstm",
        "param_init_type": "xavier_normal",
        "pretrained_file_path": ""
    },
    "evaltpl_cfg": {
        "clses": [
            "BinaryClassificationEvalTPL"
        ],
        "BinaryClassificationEvalTPL": {
            "use_metrics": [
                "auc",
                "acc",
                "rmse"
            ]
        }
    },
    "frame_cfg": {
        "ARCHIVE_FOLDER_PATH": "/home/u2022171244/EduStudio-main/examples/single_model/archive",
        "CFG_FOLDER_PATH": "/home/u2022171244/EduStudio-main/examples/single_model/conf",
        "DATA_FOLDER_PATH": "/home/u2022171244/EduStudio-main/examples/single_model/data",
        "DISABLE_LOG_STDOUT": false,
        "DISABLE_TQDM_BAR": false,
        "DT_INFO_DICT": {},
        "DT_INFO_FILE_PATH": "/home/u2022171244/EduStudio-main/edustudio/assets/datasets.yaml",
        "ID": "2023-12-05-105403",
        "LOG_WITHOUT_DATE": false,
        "TEMP_FOLDER_PATH": "/home/u2022171244/EduStudio-main/examples/single_model/temp",
        "TQDM_NCOLS": 100,
        "WORK_DIR": "/home/u2022171244/EduStudio-main/examples/single_model",
        "data_folder_path": "/home/u2022171244/EduStudio-main/examples/single_model/data/ASSIST_0910",
        "temp_folder_path": "/home/u2022171244/EduStudio-main/examples/single_model/temp/ASSIST_0910/EduTrainTPL/DKT/2023-12-05-105403",
        "archive_folder_path": "/home/u2022171244/EduStudio-main/examples/single_model/archive/ASSIST_0910/EduTrainTPL/DKT"
    },
    "dataset": "ASSIST_0910",
    "logger": "<Logger edustudio (DEBUG)>"
}
2023-12-05 10:54:21[INFO]: ============================================================
2023-12-05 10:54:25[INFO]: {'stu_count': 4163, 'exer_count': 153, 'real_window_size': 100}
2023-12-05 10:54:25[INFO]: TrainTPL <class 'edustudio.traintpl.edu_traintpl.EduTrainTPL'> Started!
2023-12-05 10:54:25[INFO]: ====== [FOLD ID]: 0 ======
2023-12-05 10:54:25[INFO]: [CALLBACK]-ModelCheckPoint has been registered!
2023-12-05 10:54:25[INFO]: [CALLBACK]-EarlyStopping has been registered!
2023-12-05 10:54:25[INFO]: [CALLBACK]-History has been registered!
2023-12-05 10:54:25[INFO]: [CALLBACK]-BaseLogger has been registered!
2023-12-05 10:54:25[INFO]: Start Training...
2023-12-05 10:54:43[INFO]: Update best epoch as [1] for auc!
2023-12-05 10:54:43[INFO]: [EPOCH=001]: loss_main: 0.6223
2023-12-05 10:54:43[INFO]: [EPOCH=001]: auc: 0.7124 | acc: 0.7020 | rmse: 0.4492
2023-12-05 10:54:56[INFO]: Update best epoch as [2] for auc!
2023-12-05 10:54:56[INFO]: [EPOCH=002]: loss_main: 0.5808
2023-12-05 10:54:56[INFO]: [EPOCH=002]: auc: 0.7301 | acc: 0.7128 | rmse: 0.4387
2023-12-05 10:55:09[INFO]: Update best epoch as [3] for auc!
2023-12-05 10:55:09[INFO]: [EPOCH=003]: loss_main: 0.5699
2023-12-05 10:55:09[INFO]: [EPOCH=003]: auc: 0.7347 | acc: 0.7162 | rmse: 0.4367
2023-12-05 10:55:23[INFO]: Update best epoch as [4] for auc!
2023-12-05 10:55:23[INFO]: [EPOCH=004]: loss_main: 0.5639
2023-12-05 10:55:23[INFO]: [EPOCH=004]: auc: 0.7396 | acc: 0.7182 | rmse: 0.4343
2023-12-05 10:55:37[INFO]: Update best epoch as [5] for auc!
2023-12-05 10:55:37[INFO]: [EPOCH=005]: loss_main: 0.5603
2023-12-05 10:55:37[INFO]: [EPOCH=005]: auc: 0.7435 | acc: 0.7187 | rmse: 0.4332
2023-12-05 10:55:51[INFO]: [EPOCH=006]: loss_main: 0.5576
2023-12-05 10:55:51[INFO]: [EPOCH=006]: auc: 0.7430 | acc: 0.7187 | rmse: 0.4329
2023-12-05 10:56:04[INFO]: Update best epoch as [7] for auc!
2023-12-05 10:56:04[INFO]: [EPOCH=007]: loss_main: 0.5540
2023-12-05 10:56:04[INFO]: [EPOCH=007]: auc: 0.7438 | acc: 0.7204 | rmse: 0.4326
2023-12-05 10:56:18[INFO]: Update best epoch as [8] for auc!
2023-12-05 10:56:18[INFO]: [EPOCH=008]: loss_main: 0.5514
2023-12-05 10:56:18[INFO]: [EPOCH=008]: auc: 0.7476 | acc: 0.7220 | rmse: 0.4320
2023-12-05 10:56:31[INFO]: [EPOCH=009]: loss_main: 0.5505
2023-12-05 10:56:31[INFO]: [EPOCH=009]: auc: 0.7473 | acc: 0.7202 | rmse: 0.4315
2023-12-05 10:56:45[INFO]: Update best epoch as [10] for auc!
2023-12-05 10:56:45[INFO]: [EPOCH=010]: loss_main: 0.5466
2023-12-05 10:56:45[INFO]: [EPOCH=010]: auc: 0.7478 | acc: 0.7194 | rmse: 0.4315
2023-12-05 10:56:59[INFO]: Update best epoch as [11] for auc!
2023-12-05 10:56:59[INFO]: [EPOCH=011]: loss_main: 0.5447
2023-12-05 10:56:59[INFO]: [EPOCH=011]: auc: 0.7493 | acc: 0.7223 | rmse: 0.4309
2023-12-05 10:57:12[INFO]: [EPOCH=012]: loss_main: 0.5426
2023-12-05 10:57:12[INFO]: [EPOCH=012]: auc: 0.7491 | acc: 0.7222 | rmse: 0.4314
2023-12-05 10:57:25[INFO]: [EPOCH=013]: loss_main: 0.5410
2023-12-05 10:57:25[INFO]: [EPOCH=013]: auc: 0.7489 | acc: 0.7237 | rmse: 0.4307
2023-12-05 10:57:40[INFO]: Update best epoch as [14] for auc!
2023-12-05 10:57:40[INFO]: [EPOCH=014]: loss_main: 0.5373
2023-12-05 10:57:40[INFO]: [EPOCH=014]: auc: 0.7494 | acc: 0.7233 | rmse: 0.4308
2023-12-05 10:57:54[INFO]: [EPOCH=015]: loss_main: 0.5367
2023-12-05 10:57:54[INFO]: [EPOCH=015]: auc: 0.7493 | acc: 0.7226 | rmse: 0.4307
2023-12-05 10:58:07[INFO]: [EPOCH=016]: loss_main: 0.5329
2023-12-05 10:58:07[INFO]: [EPOCH=016]: auc: 0.7485 | acc: 0.7208 | rmse: 0.4314
2023-12-05 10:58:21[INFO]: [EPOCH=017]: loss_main: 0.5319
2023-12-05 10:58:21[INFO]: [EPOCH=017]: auc: 0.7493 | acc: 0.7202 | rmse: 0.4310
2023-12-05 10:58:35[INFO]: [EPOCH=018]: loss_main: 0.5292
2023-12-05 10:58:35[INFO]: [EPOCH=018]: auc: 0.7486 | acc: 0.7226 | rmse: 0.4311
2023-12-05 10:58:49[INFO]: Update best epoch as [19] for auc!
2023-12-05 10:58:49[INFO]: [EPOCH=019]: loss_main: 0.5267
2023-12-05 10:58:49[INFO]: [EPOCH=019]: auc: 0.7498 | acc: 0.7206 | rmse: 0.4307
2023-12-05 10:59:03[INFO]: [EPOCH=020]: loss_main: 0.5257
2023-12-05 10:59:03[INFO]: [EPOCH=020]: auc: 0.7489 | acc: 0.7218 | rmse: 0.4313
2023-12-05 10:59:18[INFO]: Update best epoch as [21] for auc!
2023-12-05 10:59:18[INFO]: [EPOCH=021]: loss_main: 0.5226
2023-12-05 10:59:18[INFO]: [EPOCH=021]: auc: 0.7506 | acc: 0.7211 | rmse: 0.4305
2023-12-05 10:59:32[INFO]: [EPOCH=022]: loss_main: 0.5184
2023-12-05 10:59:32[INFO]: [EPOCH=022]: auc: 0.7493 | acc: 0.7181 | rmse: 0.4316
2023-12-05 10:59:46[INFO]: [EPOCH=023]: loss_main: 0.5161
2023-12-05 10:59:46[INFO]: [EPOCH=023]: auc: 0.7494 | acc: 0.7192 | rmse: 0.4315
2023-12-05 11:00:01[INFO]: [EPOCH=024]: loss_main: 0.5138
2023-12-05 11:00:01[INFO]: [EPOCH=024]: auc: 0.7501 | acc: 0.7209 | rmse: 0.4312
2023-12-05 11:00:14[INFO]: [EPOCH=025]: loss_main: 0.5106
2023-12-05 11:00:14[INFO]: [EPOCH=025]: auc: 0.7490 | acc: 0.7193 | rmse: 0.4317
2023-12-05 11:00:28[INFO]: [EPOCH=026]: loss_main: 0.5081
2023-12-05 11:00:28[INFO]: [EPOCH=026]: auc: 0.7493 | acc: 0.7198 | rmse: 0.4315
2023-12-05 11:00:42[INFO]: [EPOCH=027]: loss_main: 0.5047
2023-12-05 11:00:42[INFO]: [EPOCH=027]: auc: 0.7491 | acc: 0.7207 | rmse: 0.4318
2023-12-05 11:00:56[INFO]: [EPOCH=028]: loss_main: 0.5016
2023-12-05 11:00:56[INFO]: [EPOCH=028]: auc: 0.7491 | acc: 0.7189 | rmse: 0.4323
2023-12-05 11:01:10[INFO]: [EPOCH=029]: loss_main: 0.4992
2023-12-05 11:01:10[INFO]: [EPOCH=029]: auc: 0.7489 | acc: 0.7181 | rmse: 0.4322
2023-12-05 11:01:23[INFO]: [EPOCH=030]: loss_main: 0.4957
2023-12-05 11:01:23[INFO]: [EPOCH=030]: auc: 0.7467 | acc: 0.7180 | rmse: 0.4334
2023-12-05 11:01:37[INFO]: Suggest to stop training now
2023-12-05 11:01:37[INFO]: [EPOCH=031]: loss_main: 0.4929
2023-12-05 11:01:37[INFO]: [EPOCH=031]: auc: 0.7496 | acc: 0.7182 | rmse: 0.4331
2023-12-05 11:01:37[INFO]: ==============================
2023-12-05 11:01:37[INFO]: [For auc], the Best Epoch is: 21, the value=0.7506
2023-12-05 11:01:37[INFO]: [EPOCH=021]: loss_main: 0.5226
2023-12-05 11:01:37[INFO]: [EPOCH=021]: auc: 0.7506 | acc: 0.7211 | rmse: 0.4305
2023-12-05 11:01:37[INFO]: ==============================
2023-12-05 11:01:37[INFO]: Training Completed!
2023-12-05 11:01:37[INFO]: auc: 0.7556133995506005
2023-12-05 11:01:37[INFO]: acc: 0.7218532697867021
2023-12-05 11:01:37[INFO]: rmse: 0.4295348156239484
2023-12-05 11:01:37[INFO]: ====================
2023-12-05 11:01:37[INFO]: All Fold Mean auc = 0.7556133995506005
2023-12-05 11:01:37[INFO]: All Fold Mean acc = 0.7218532697867021
2023-12-05 11:01:37[INFO]: All Fold Mean rmse = 0.4295348156239484
2023-12-05 11:01:37[INFO]: Task: 2023-12-05-105403 Completed!
