2023-11-17 17:36:41[INFO]: ============================================================
2023-11-17 17:36:41[INFO]: [ID]: 2023-11-17-173631
2023-11-17 17:36:41[INFO]: [DATASET]: ASSIST_0910
2023-11-17 17:36:41[INFO]: [ARGV]: ['run_cdmfkc_demo.py']
2023-11-17 17:36:41[INFO]: [ALL_CFG]: 
{
    "traintpl_cfg": {
        "cls": "EduTrainTPL",
        "num_stop_rounds": 10,
        "early_stop_metrics": [
            [
                "auc",
                "max"
            ]
        ],
        "best_epoch_metric": "auc",
        "unsave_best_epoch_pth": true,
        "ignore_metrics_in_train": [],
        "batch_size": 32,
        "device": "cpu",
        "epoch_num": 1000,
        "eval_batch_size": 2048,
        "num_workers": 0,
        "lr": 0.001,
        "optim": "adam",
        "eps": 1e-08,
        "weight_decay": 0.0,
        "seed": 2023
    },
    "datatpl_cfg": {
        "cls": "CDInterExtendsQDataTPL",
        "mid2cache_op_seq": [
            "M2C_Label2Int",
            "M2C_FilterRecords4CD",
            "M2C_ReMapId",
            "M2C_RandomDataSplit4CD",
            "M2C_GenQMat"
        ],
        "exer_exclude_feat_names": [],
        "stu_exclude_feat_names": [],
        "seperator": ",",
        "n_folds": 1,
        "is_dataset_divided": false,
        "is_save_cache": false,
        "cache_id": "cache_default",
        "load_data_from": "middata",
        "inter_exclude_feat_names": [],
        "raw2mid_op": null,
        "seed": 2023,
        "M2C_Label2Int": {},
        "M2C_FilterRecords4CD": {
            "stu_least_records": 10,
            "exer_least_records": 0
        },
        "M2C_ReMapId": {
            "share_id_columns": [],
            "ignore_columns": "{'order_id:token'}"
        },
        "M2C_RandomDataSplit4CD": {
            "seed": 2023,
            "divide_scale_list": [
                7,
                1,
                2
            ]
        },
        "M2C_GenQMat": {}
    },
    "modeltpl_cfg": {
        "cls": "CDMFKC",
        "dnn_units": [
            512,
            256
        ],
        "dropout_rate": 0.5,
        "activation": "sigmoid",
        "g_impact_a": 0.5,
        "g_impact_b": 0.5,
        "param_init_type": "xavier_normal",
        "pretrained_file_path": ""
    },
    "evaltpl_cfg": {
        "clses": [
            "BinaryClassificationEvalTPL"
        ],
        "BinaryClassificationEvalTPL": {
            "use_metrics": [
                "auc",
                "acc",
                "rmse"
            ]
        }
    },
    "frame_cfg": {
        "ARCHIVE_FOLDER_PATH": "/mnt/inspurfs/user-fs/tanzhengtao/EduStudio-LeaderBoard/EduStudio-main/examples/single_model/archive",
        "CFG_FOLDER_PATH": "/mnt/inspurfs/user-fs/tanzhengtao/EduStudio-LeaderBoard/EduStudio-main/examples/single_model/conf",
        "DATA_FOLDER_PATH": "/mnt/inspurfs/user-fs/tanzhengtao/EduStudio-LeaderBoard/EduStudio-main/examples/single_model/data",
        "DISABLE_LOG_STDOUT": false,
        "DISABLE_TQDM_BAR": false,
        "DT_INFO_DICT": {},
        "DT_INFO_FILE_PATH": "/mnt/inspurfs/user-fs/tanzhengtao/EduStudio-LeaderBoard/EduStudio-main/edustudio/assets/datasets.yaml",
        "ID": "2023-11-17-173631",
        "LOG_WITHOUT_DATE": false,
        "TEMP_FOLDER_PATH": "/mnt/inspurfs/user-fs/tanzhengtao/EduStudio-LeaderBoard/EduStudio-main/examples/single_model/temp",
        "TQDM_NCOLS": 100,
        "WORK_DIR": "/mnt/inspurfs/user-fs/tanzhengtao/EduStudio-LeaderBoard/EduStudio-main/examples/single_model",
        "data_folder_path": "/mnt/inspurfs/user-fs/tanzhengtao/EduStudio-LeaderBoard/EduStudio-main/examples/single_model/data/ASSIST_0910",
        "temp_folder_path": "/mnt/inspurfs/user-fs/tanzhengtao/EduStudio-LeaderBoard/EduStudio-main/examples/single_model/temp/ASSIST_0910/EduTrainTPL/CDMFKC/2023-11-17-173631",
        "archive_folder_path": "/mnt/inspurfs/user-fs/tanzhengtao/EduStudio-LeaderBoard/EduStudio-main/examples/single_model/archive/ASSIST_0910/EduTrainTPL/CDMFKC"
    },
    "dataset": "ASSIST_0910",
    "logger": "<Logger edustudio (DEBUG)>"
}
2023-11-17 17:36:41[INFO]: ============================================================
2023-11-17 17:36:46[INFO]: {'stu_count': 2993, 'exer_count': 16936, 'cpt_count': 122}
2023-11-17 17:36:46[INFO]: TrainTPL <class 'edustudio.traintpl.edu_traintpl.EduTrainTPL'> Started!
2023-11-17 17:36:46[INFO]: ====== [FOLD ID]: 0 ======
2023-11-17 17:36:46[INFO]: [CALLBACK]-ModelCheckPoint has been registered!
2023-11-17 17:36:46[INFO]: [CALLBACK]-EarlyStopping has been registered!
2023-11-17 17:36:46[INFO]: [CALLBACK]-History has been registered!
2023-11-17 17:36:46[INFO]: [CALLBACK]-BaseLogger has been registered!
2023-11-17 17:36:46[INFO]: Start Training...
2023-11-17 17:39:19[INFO]: Update best epoch as [1] for auc!
2023-11-17 17:39:19[INFO]: [EPOCH=001]: loss_main: 0.8450
2023-11-17 17:39:19[INFO]: [EPOCH=001]: auc: 0.6273 | acc: 0.6467 | rmse: 0.4818
2023-11-17 17:41:52[INFO]: Update best epoch as [2] for auc!
2023-11-17 17:41:52[INFO]: [EPOCH=002]: loss_main: 0.6426
2023-11-17 17:41:52[INFO]: [EPOCH=002]: auc: 0.6425 | acc: 0.6467 | rmse: 0.4694
2023-11-17 17:44:28[INFO]: Update best epoch as [3] for auc!
2023-11-17 17:44:28[INFO]: [EPOCH=003]: loss_main: 0.6152
2023-11-17 17:44:28[INFO]: [EPOCH=003]: auc: 0.6744 | acc: 0.6467 | rmse: 0.4598
2023-11-17 17:47:03[INFO]: Update best epoch as [4] for auc!
2023-11-17 17:47:03[INFO]: [EPOCH=004]: loss_main: 0.5791
2023-11-17 17:47:03[INFO]: [EPOCH=004]: auc: 0.7083 | acc: 0.6792 | rmse: 0.4510
2023-11-17 17:49:36[INFO]: Update best epoch as [5] for auc!
2023-11-17 17:49:36[INFO]: [EPOCH=005]: loss_main: 0.5421
2023-11-17 17:49:36[INFO]: [EPOCH=005]: auc: 0.7249 | acc: 0.6974 | rmse: 0.4457
2023-11-17 17:52:11[INFO]: Update best epoch as [6] for auc!
2023-11-17 17:52:11[INFO]: [EPOCH=006]: loss_main: 0.5153
2023-11-17 17:52:11[INFO]: [EPOCH=006]: auc: 0.7319 | acc: 0.7014 | rmse: 0.4424
2023-11-17 17:54:47[INFO]: Update best epoch as [7] for auc!
2023-11-17 17:54:47[INFO]: [EPOCH=007]: loss_main: 0.4975
2023-11-17 17:54:47[INFO]: [EPOCH=007]: auc: 0.7359 | acc: 0.7066 | rmse: 0.4438
2023-11-17 17:57:24[INFO]: Update best epoch as [8] for auc!
2023-11-17 17:57:24[INFO]: [EPOCH=008]: loss_main: 0.4835
2023-11-17 17:57:24[INFO]: [EPOCH=008]: auc: 0.7385 | acc: 0.7089 | rmse: 0.4423
2023-11-17 18:00:06[INFO]: Update best epoch as [9] for auc!
2023-11-17 18:00:06[INFO]: [EPOCH=009]: loss_main: 0.4717
2023-11-17 18:00:06[INFO]: [EPOCH=009]: auc: 0.7405 | acc: 0.7050 | rmse: 0.4437
2023-11-17 18:02:51[INFO]: Update best epoch as [10] for auc!
2023-11-17 18:02:52[INFO]: [EPOCH=010]: loss_main: 0.4618
2023-11-17 18:02:52[INFO]: [EPOCH=010]: auc: 0.7417 | acc: 0.7018 | rmse: 0.4454
2023-11-17 18:05:34[INFO]: Update best epoch as [11] for auc!
2023-11-17 18:05:34[INFO]: [EPOCH=011]: loss_main: 0.4538
2023-11-17 18:05:34[INFO]: [EPOCH=011]: auc: 0.7425 | acc: 0.6994 | rmse: 0.4464
2023-11-17 18:08:07[INFO]: Update best epoch as [12] for auc!
2023-11-17 18:08:08[INFO]: [EPOCH=012]: loss_main: 0.4473
2023-11-17 18:08:08[INFO]: [EPOCH=012]: auc: 0.7430 | acc: 0.7000 | rmse: 0.4468
2023-11-17 18:10:41[INFO]: Update best epoch as [13] for auc!
2023-11-17 18:10:41[INFO]: [EPOCH=013]: loss_main: 0.4410
2023-11-17 18:10:41[INFO]: [EPOCH=013]: auc: 0.7436 | acc: 0.7006 | rmse: 0.4475
2023-11-17 18:13:17[INFO]: Update best epoch as [14] for auc!
2023-11-17 18:13:18[INFO]: [EPOCH=014]: loss_main: 0.4355
2023-11-17 18:13:18[INFO]: [EPOCH=014]: auc: 0.7438 | acc: 0.7032 | rmse: 0.4472
2023-11-17 18:15:50[INFO]: Update best epoch as [15] for auc!
2023-11-17 18:15:50[INFO]: [EPOCH=015]: loss_main: 0.4315
2023-11-17 18:15:50[INFO]: [EPOCH=015]: auc: 0.7443 | acc: 0.7105 | rmse: 0.4465
2023-11-17 18:18:24[INFO]: [EPOCH=016]: loss_main: 0.4269
2023-11-17 18:18:24[INFO]: [EPOCH=016]: auc: 0.7441 | acc: 0.7116 | rmse: 0.4475
2023-11-17 18:20:58[INFO]: [EPOCH=017]: loss_main: 0.4231
2023-11-17 18:20:58[INFO]: [EPOCH=017]: auc: 0.7441 | acc: 0.7073 | rmse: 0.4474
2023-11-17 18:23:33[INFO]: [EPOCH=018]: loss_main: 0.4202
2023-11-17 18:23:33[INFO]: [EPOCH=018]: auc: 0.7443 | acc: 0.7030 | rmse: 0.4484
2023-11-17 18:26:11[INFO]: [EPOCH=019]: loss_main: 0.4174
2023-11-17 18:26:11[INFO]: [EPOCH=019]: auc: 0.7440 | acc: 0.7010 | rmse: 0.4495
2023-11-17 18:28:48[INFO]: [EPOCH=020]: loss_main: 0.4154
2023-11-17 18:28:48[INFO]: [EPOCH=020]: auc: 0.7438 | acc: 0.7088 | rmse: 0.4489
2023-11-17 18:31:28[INFO]: [EPOCH=021]: loss_main: 0.4127
2023-11-17 18:31:28[INFO]: [EPOCH=021]: auc: 0.7440 | acc: 0.7041 | rmse: 0.4491
2023-11-17 18:34:00[INFO]: [EPOCH=022]: loss_main: 0.4106
2023-11-17 18:34:00[INFO]: [EPOCH=022]: auc: 0.7439 | acc: 0.6925 | rmse: 0.4542
2023-11-17 18:36:35[INFO]: [EPOCH=023]: loss_main: 0.4093
2023-11-17 18:36:35[INFO]: [EPOCH=023]: auc: 0.7438 | acc: 0.6972 | rmse: 0.4527
2023-11-17 18:39:07[INFO]: [EPOCH=024]: loss_main: 0.4063
2023-11-17 18:39:07[INFO]: [EPOCH=024]: auc: 0.7435 | acc: 0.7073 | rmse: 0.4494
2023-11-17 18:41:49[INFO]: Suggest to stop training now
2023-11-17 18:41:49[INFO]: [EPOCH=025]: loss_main: 0.4051
2023-11-17 18:41:49[INFO]: [EPOCH=025]: auc: 0.7430 | acc: 0.6997 | rmse: 0.4529
2023-11-17 18:41:49[INFO]: ==============================
2023-11-17 18:41:49[INFO]: [For auc], the Best Epoch is: 15, the value=0.7443
2023-11-17 18:41:49[INFO]: [EPOCH=015]: loss_main: 0.4315
2023-11-17 18:41:49[INFO]: [EPOCH=015]: auc: 0.7443 | acc: 0.7105 | rmse: 0.4465
2023-11-17 18:41:49[INFO]: ==============================
2023-11-17 18:41:49[INFO]: Training Completed!
2023-11-17 18:41:51[INFO]: auc: 0.7405549792360653
2023-11-17 18:41:51[INFO]: acc: 0.7108684242399774
2023-11-17 18:41:51[INFO]: rmse: 0.4485732540974468
2023-11-17 18:41:51[INFO]: ====================
2023-11-17 18:41:51[INFO]: All Fold Mean auc = 0.7405549792360653
2023-11-17 18:41:51[INFO]: All Fold Mean acc = 0.7108684242399774
2023-11-17 18:41:51[INFO]: All Fold Mean rmse = 0.4485732540974468
2023-11-17 18:41:51[INFO]: Task: 2023-11-17-173631 Completed!
