2023-12-05 17:01:04[INFO]: ============================================================
2023-12-05 17:01:04[INFO]: [ID]: 2023-12-05-170103
2023-12-05 17:01:04[INFO]: [DATASET]: FrcSub
2023-12-05 17:01:04[INFO]: [ARGV]: ['run_cdmfkc_demo.py']
2023-12-05 17:01:04[INFO]: [ALL_CFG]: 
{
    "traintpl_cfg": {
        "cls": "EduTrainTPL",
        "num_stop_rounds": 10,
        "early_stop_metrics": [
            [
                "auc",
                "max"
            ]
        ],
        "best_epoch_metric": "auc",
        "unsave_best_epoch_pth": true,
        "ignore_metrics_in_train": [],
        "batch_size": 32,
        "device": "cpu",
        "epoch_num": 1000,
        "eval_batch_size": 2048,
        "num_workers": 0,
        "lr": 0.001,
        "optim": "adam",
        "eps": 1e-08,
        "weight_decay": 0.0,
        "seed": 2023
    },
    "datatpl_cfg": {
        "cls": "CDInterExtendsQDataTPL",
        "mid2cache_op_seq": [
            "M2C_Label2Int",
            "M2C_FilterRecords4CD",
            "M2C_ReMapId",
            "M2C_RandomDataSplit4CD",
            "M2C_GenQMat"
        ],
        "exer_exclude_feat_names": [],
        "stu_exclude_feat_names": [],
        "seperator": ",",
        "n_folds": 5,
        "is_dataset_divided": false,
        "is_save_cache": false,
        "cache_id": "cache_default",
        "load_data_from": "middata",
        "inter_exclude_feat_names": [],
        "raw2mid_op": null,
        "seed": 2023,
        "M2C_Label2Int": {},
        "M2C_FilterRecords4CD": {
            "stu_least_records": 10,
            "exer_least_records": 0
        },
        "M2C_ReMapId": {
            "share_id_columns": [],
            "ignore_columns": "{'order_id:token'}"
        },
        "M2C_RandomDataSplit4CD": {
            "seed": 2023,
            "divide_scale_list": [
                7,
                1,
                2
            ]
        },
        "M2C_GenQMat": {}
    },
    "modeltpl_cfg": {
        "cls": "CDMFKC",
        "dnn_units": [
            512,
            256
        ],
        "dropout_rate": 0.5,
        "activation": "sigmoid",
        "g_impact_a": 0.5,
        "g_impact_b": 0.5,
        "param_init_type": "xavier_normal",
        "pretrained_file_path": ""
    },
    "evaltpl_cfg": {
        "clses": [
            "BinaryClassificationEvalTPL"
        ],
        "BinaryClassificationEvalTPL": {
            "use_metrics": [
                "auc",
                "acc",
                "rmse"
            ]
        }
    },
    "frame_cfg": {
        "ARCHIVE_FOLDER_PATH": "/home/u2022171244/EduStudio-main/examples/single_model/archive",
        "CFG_FOLDER_PATH": "/home/u2022171244/EduStudio-main/examples/single_model/conf",
        "DATA_FOLDER_PATH": "/home/u2022171244/EduStudio-main/examples/single_model/data",
        "DISABLE_LOG_STDOUT": false,
        "DISABLE_TQDM_BAR": false,
        "DT_INFO_DICT": {},
        "DT_INFO_FILE_PATH": "/home/u2022171244/EduStudio-main/edustudio/assets/datasets.yaml",
        "ID": "2023-12-05-170103",
        "LOG_WITHOUT_DATE": false,
        "TEMP_FOLDER_PATH": "/home/u2022171244/EduStudio-main/examples/single_model/temp",
        "TQDM_NCOLS": 100,
        "WORK_DIR": "/home/u2022171244/EduStudio-main/examples/single_model",
        "data_folder_path": "/home/u2022171244/EduStudio-main/examples/single_model/data/FrcSub",
        "temp_folder_path": "/home/u2022171244/EduStudio-main/examples/single_model/temp/FrcSub/EduTrainTPL/CDMFKC/2023-12-05-170103",
        "archive_folder_path": "/home/u2022171244/EduStudio-main/examples/single_model/archive/FrcSub/EduTrainTPL/CDMFKC"
    },
    "dataset": "FrcSub",
    "logger": "<Logger edustudio (DEBUG)>"
}
2023-12-05 17:01:04[INFO]: ============================================================
2023-12-05 17:01:04[INFO]: {'stu_count': 536, 'exer_count': 20, 'cpt_count': 8}
2023-12-05 17:01:04[INFO]: TrainTPL <class 'edustudio.traintpl.edu_traintpl.EduTrainTPL'> Started!
2023-12-05 17:01:04[INFO]: ====== [FOLD ID]: 0 ======
2023-12-05 17:01:04[INFO]: [CALLBACK]-ModelCheckPoint has been registered!
2023-12-05 17:01:04[INFO]: [CALLBACK]-EarlyStopping has been registered!
2023-12-05 17:01:04[INFO]: [CALLBACK]-History has been registered!
2023-12-05 17:01:04[INFO]: [CALLBACK]-BaseLogger has been registered!
2023-12-05 17:01:04[INFO]: Start Training...
2023-12-05 17:01:05[INFO]: Update best epoch as [1] for auc!
2023-12-05 17:01:05[INFO]: [EPOCH=001]: loss_main: 3.1408
2023-12-05 17:01:05[INFO]: [EPOCH=001]: auc: 0.4126 | acc: 0.5229 | rmse: 0.5056
2023-12-05 17:01:07[INFO]: Update best epoch as [2] for auc!
2023-12-05 17:01:07[INFO]: [EPOCH=002]: loss_main: 0.6956
2023-12-05 17:01:07[INFO]: [EPOCH=002]: auc: 0.4239 | acc: 0.5229 | rmse: 0.5013
2023-12-05 17:01:09[INFO]: Update best epoch as [3] for auc!
2023-12-05 17:01:09[INFO]: [EPOCH=003]: loss_main: 0.6918
2023-12-05 17:01:09[INFO]: [EPOCH=003]: auc: 0.4391 | acc: 0.5229 | rmse: 0.5022
2023-12-05 17:01:10[INFO]: Update best epoch as [4] for auc!
2023-12-05 17:01:10[INFO]: [EPOCH=004]: loss_main: 0.6920
2023-12-05 17:01:10[INFO]: [EPOCH=004]: auc: 0.4718 | acc: 0.5229 | rmse: 0.5007
2023-12-05 17:01:12[INFO]: Update best epoch as [5] for auc!
2023-12-05 17:01:12[INFO]: [EPOCH=005]: loss_main: 0.6926
2023-12-05 17:01:12[INFO]: [EPOCH=005]: auc: 0.4740 | acc: 0.5229 | rmse: 0.4995
2023-12-05 17:01:14[INFO]: Update best epoch as [6] for auc!
2023-12-05 17:01:14[INFO]: [EPOCH=006]: loss_main: 0.6921
2023-12-05 17:01:14[INFO]: [EPOCH=006]: auc: 0.4861 | acc: 0.5229 | rmse: 0.5000
2023-12-05 17:01:16[INFO]: Update best epoch as [7] for auc!
2023-12-05 17:01:16[INFO]: [EPOCH=007]: loss_main: 0.6931
2023-12-05 17:01:16[INFO]: [EPOCH=007]: auc: 0.5055 | acc: 0.5229 | rmse: 0.5011
2023-12-05 17:01:18[INFO]: Update best epoch as [8] for auc!
2023-12-05 17:01:18[INFO]: [EPOCH=008]: loss_main: 0.6925
2023-12-05 17:01:18[INFO]: [EPOCH=008]: auc: 0.5487 | acc: 0.5229 | rmse: 0.5014
2023-12-05 17:01:20[INFO]: Update best epoch as [9] for auc!
2023-12-05 17:01:20[INFO]: [EPOCH=009]: loss_main: 0.6923
2023-12-05 17:01:20[INFO]: [EPOCH=009]: auc: 0.6236 | acc: 0.5229 | rmse: 0.5007
2023-12-05 17:01:22[INFO]: Update best epoch as [10] for auc!
2023-12-05 17:01:22[INFO]: [EPOCH=010]: loss_main: 0.6925
2023-12-05 17:01:22[INFO]: [EPOCH=010]: auc: 0.6614 | acc: 0.5229 | rmse: 0.5031
2023-12-05 17:01:24[INFO]: Update best epoch as [11] for auc!
2023-12-05 17:01:24[INFO]: [EPOCH=011]: loss_main: 0.6913
2023-12-05 17:01:24[INFO]: [EPOCH=011]: auc: 0.6892 | acc: 0.5229 | rmse: 0.4991
2023-12-05 17:01:26[INFO]: Update best epoch as [12] for auc!
2023-12-05 17:01:26[INFO]: [EPOCH=012]: loss_main: 0.6906
2023-12-05 17:01:26[INFO]: [EPOCH=012]: auc: 0.7060 | acc: 0.5229 | rmse: 0.5010
2023-12-05 17:01:27[INFO]: Update best epoch as [13] for auc!
2023-12-05 17:01:27[INFO]: [EPOCH=013]: loss_main: 0.6890
2023-12-05 17:01:27[INFO]: [EPOCH=013]: auc: 0.7182 | acc: 0.6558 | rmse: 0.4977
2023-12-05 17:01:29[INFO]: Update best epoch as [14] for auc!
2023-12-05 17:01:29[INFO]: [EPOCH=014]: loss_main: 0.6859
2023-12-05 17:01:29[INFO]: [EPOCH=014]: auc: 0.7318 | acc: 0.5229 | rmse: 0.4967
2023-12-05 17:01:31[INFO]: Update best epoch as [15] for auc!
2023-12-05 17:01:31[INFO]: [EPOCH=015]: loss_main: 0.6805
2023-12-05 17:01:31[INFO]: [EPOCH=015]: auc: 0.7505 | acc: 0.5229 | rmse: 0.4935
2023-12-05 17:01:33[INFO]: Update best epoch as [16] for auc!
2023-12-05 17:01:33[INFO]: [EPOCH=016]: loss_main: 0.6764
2023-12-05 17:01:33[INFO]: [EPOCH=016]: auc: 0.7702 | acc: 0.5229 | rmse: 0.4894
2023-12-05 17:01:34[INFO]: Update best epoch as [17] for auc!
2023-12-05 17:01:34[INFO]: [EPOCH=017]: loss_main: 0.6652
2023-12-05 17:01:34[INFO]: [EPOCH=017]: auc: 0.7851 | acc: 0.5229 | rmse: 0.4844
2023-12-05 17:01:36[INFO]: Update best epoch as [18] for auc!
2023-12-05 17:01:36[INFO]: [EPOCH=018]: loss_main: 0.6501
2023-12-05 17:01:36[INFO]: [EPOCH=018]: auc: 0.7959 | acc: 0.6138 | rmse: 0.4762
2023-12-05 17:01:38[INFO]: Update best epoch as [19] for auc!
2023-12-05 17:01:38[INFO]: [EPOCH=019]: loss_main: 0.6294
2023-12-05 17:01:38[INFO]: [EPOCH=019]: auc: 0.8093 | acc: 0.5457 | rmse: 0.4732
2023-12-05 17:01:40[INFO]: Update best epoch as [20] for auc!
2023-12-05 17:01:40[INFO]: [EPOCH=020]: loss_main: 0.6077
2023-12-05 17:01:40[INFO]: [EPOCH=020]: auc: 0.8232 | acc: 0.7201 | rmse: 0.4582
2023-12-05 17:01:42[INFO]: Update best epoch as [21] for auc!
2023-12-05 17:01:42[INFO]: [EPOCH=021]: loss_main: 0.5805
2023-12-05 17:01:42[INFO]: [EPOCH=021]: auc: 0.8398 | acc: 0.7836 | rmse: 0.4406
2023-12-05 17:01:43[INFO]: Update best epoch as [22] for auc!
2023-12-05 17:01:43[INFO]: [EPOCH=022]: loss_main: 0.5498
2023-12-05 17:01:43[INFO]: [EPOCH=022]: auc: 0.8572 | acc: 0.7785 | rmse: 0.4287
2023-12-05 17:01:45[INFO]: Update best epoch as [23] for auc!
2023-12-05 17:01:45[INFO]: [EPOCH=023]: loss_main: 0.5155
2023-12-05 17:01:45[INFO]: [EPOCH=023]: auc: 0.8744 | acc: 0.7971 | rmse: 0.4087
2023-12-05 17:01:47[INFO]: Update best epoch as [24] for auc!
2023-12-05 17:01:47[INFO]: [EPOCH=024]: loss_main: 0.4774
2023-12-05 17:01:47[INFO]: [EPOCH=024]: auc: 0.8910 | acc: 0.8083 | rmse: 0.3902
2023-12-05 17:01:48[INFO]: Update best epoch as [25] for auc!
2023-12-05 17:01:48[INFO]: [EPOCH=025]: loss_main: 0.4469
2023-12-05 17:01:48[INFO]: [EPOCH=025]: auc: 0.9017 | acc: 0.8260 | rmse: 0.3758
2023-12-05 17:01:50[INFO]: Update best epoch as [26] for auc!
2023-12-05 17:01:50[INFO]: [EPOCH=026]: loss_main: 0.4226
2023-12-05 17:01:50[INFO]: [EPOCH=026]: auc: 0.9076 | acc: 0.8307 | rmse: 0.3674
2023-12-05 17:01:52[INFO]: Update best epoch as [27] for auc!
2023-12-05 17:01:52[INFO]: [EPOCH=027]: loss_main: 0.4004
2023-12-05 17:01:52[INFO]: [EPOCH=027]: auc: 0.9108 | acc: 0.8330 | rmse: 0.3571
2023-12-05 17:01:53[INFO]: Update best epoch as [28] for auc!
2023-12-05 17:01:53[INFO]: [EPOCH=028]: loss_main: 0.3823
2023-12-05 17:01:53[INFO]: [EPOCH=028]: auc: 0.9126 | acc: 0.8396 | rmse: 0.3521
2023-12-05 17:01:55[INFO]: Update best epoch as [29] for auc!
2023-12-05 17:01:55[INFO]: [EPOCH=029]: loss_main: 0.3692
2023-12-05 17:01:55[INFO]: [EPOCH=029]: auc: 0.9140 | acc: 0.8354 | rmse: 0.3502
2023-12-05 17:01:57[INFO]: Update best epoch as [30] for auc!
2023-12-05 17:01:57[INFO]: [EPOCH=030]: loss_main: 0.3609
2023-12-05 17:01:57[INFO]: [EPOCH=030]: auc: 0.9150 | acc: 0.8326 | rmse: 0.3471
2023-12-05 17:01:59[INFO]: Update best epoch as [31] for auc!
2023-12-05 17:01:59[INFO]: [EPOCH=031]: loss_main: 0.3556
2023-12-05 17:01:59[INFO]: [EPOCH=031]: auc: 0.9156 | acc: 0.8330 | rmse: 0.3449
2023-12-05 17:02:01[INFO]: Update best epoch as [32] for auc!
2023-12-05 17:02:01[INFO]: [EPOCH=032]: loss_main: 0.3479
2023-12-05 17:02:01[INFO]: [EPOCH=032]: auc: 0.9163 | acc: 0.8438 | rmse: 0.3423
2023-12-05 17:02:03[INFO]: Update best epoch as [33] for auc!
2023-12-05 17:02:03[INFO]: [EPOCH=033]: loss_main: 0.3378
2023-12-05 17:02:03[INFO]: [EPOCH=033]: auc: 0.9168 | acc: 0.8405 | rmse: 0.3403
2023-12-05 17:02:05[INFO]: Update best epoch as [34] for auc!
2023-12-05 17:02:05[INFO]: [EPOCH=034]: loss_main: 0.3334
2023-12-05 17:02:05[INFO]: [EPOCH=034]: auc: 0.9174 | acc: 0.8451 | rmse: 0.3382
2023-12-05 17:02:06[INFO]: Update best epoch as [35] for auc!
2023-12-05 17:02:06[INFO]: [EPOCH=035]: loss_main: 0.3259
2023-12-05 17:02:06[INFO]: [EPOCH=035]: auc: 0.9178 | acc: 0.8442 | rmse: 0.3373
2023-12-05 17:02:08[INFO]: Update best epoch as [36] for auc!
2023-12-05 17:02:08[INFO]: [EPOCH=036]: loss_main: 0.3210
2023-12-05 17:02:08[INFO]: [EPOCH=036]: auc: 0.9181 | acc: 0.8456 | rmse: 0.3364
2023-12-05 17:02:10[INFO]: Update best epoch as [37] for auc!
2023-12-05 17:02:10[INFO]: [EPOCH=037]: loss_main: 0.3148
2023-12-05 17:02:10[INFO]: [EPOCH=037]: auc: 0.9185 | acc: 0.8400 | rmse: 0.3398
2023-12-05 17:02:12[INFO]: Update best epoch as [38] for auc!
2023-12-05 17:02:12[INFO]: [EPOCH=038]: loss_main: 0.3136
2023-12-05 17:02:12[INFO]: [EPOCH=038]: auc: 0.9188 | acc: 0.8461 | rmse: 0.3368
2023-12-05 17:02:14[INFO]: Update best epoch as [39] for auc!
2023-12-05 17:02:14[INFO]: [EPOCH=039]: loss_main: 0.3059
2023-12-05 17:02:14[INFO]: [EPOCH=039]: auc: 0.9190 | acc: 0.8479 | rmse: 0.3354
2023-12-05 17:02:16[INFO]: Update best epoch as [40] for auc!
2023-12-05 17:02:16[INFO]: [EPOCH=040]: loss_main: 0.3019
2023-12-05 17:02:16[INFO]: [EPOCH=040]: auc: 0.9191 | acc: 0.8465 | rmse: 0.3343
2023-12-05 17:02:18[INFO]: Update best epoch as [41] for auc!
2023-12-05 17:02:18[INFO]: [EPOCH=041]: loss_main: 0.2967
2023-12-05 17:02:18[INFO]: [EPOCH=041]: auc: 0.9192 | acc: 0.8484 | rmse: 0.3347
2023-12-05 17:02:20[INFO]: Update best epoch as [42] for auc!
2023-12-05 17:02:20[INFO]: [EPOCH=042]: loss_main: 0.2909
2023-12-05 17:02:20[INFO]: [EPOCH=042]: auc: 0.9193 | acc: 0.8479 | rmse: 0.3344
2023-12-05 17:02:22[INFO]: Update best epoch as [43] for auc!
2023-12-05 17:02:22[INFO]: [EPOCH=043]: loss_main: 0.2872
2023-12-05 17:02:22[INFO]: [EPOCH=043]: auc: 0.9194 | acc: 0.8484 | rmse: 0.3344
2023-12-05 17:02:24[INFO]: [EPOCH=044]: loss_main: 0.2827
2023-12-05 17:02:24[INFO]: [EPOCH=044]: auc: 0.9194 | acc: 0.8484 | rmse: 0.3338
2023-12-05 17:02:25[INFO]: [EPOCH=045]: loss_main: 0.2786
2023-12-05 17:02:25[INFO]: [EPOCH=045]: auc: 0.9194 | acc: 0.8498 | rmse: 0.3333
2023-12-05 17:02:27[INFO]: [EPOCH=046]: loss_main: 0.2738
2023-12-05 17:02:27[INFO]: [EPOCH=046]: auc: 0.9194 | acc: 0.8391 | rmse: 0.3422
2023-12-05 17:02:29[INFO]: [EPOCH=047]: loss_main: 0.2723
2023-12-05 17:02:29[INFO]: [EPOCH=047]: auc: 0.9193 | acc: 0.8461 | rmse: 0.3361
2023-12-05 17:02:31[INFO]: [EPOCH=048]: loss_main: 0.2700
2023-12-05 17:02:31[INFO]: [EPOCH=048]: auc: 0.9192 | acc: 0.8507 | rmse: 0.3351
2023-12-05 17:02:33[INFO]: [EPOCH=049]: loss_main: 0.2649
2023-12-05 17:02:33[INFO]: [EPOCH=049]: auc: 0.9191 | acc: 0.8475 | rmse: 0.3336
2023-12-05 17:02:35[INFO]: [EPOCH=050]: loss_main: 0.2591
2023-12-05 17:02:35[INFO]: [EPOCH=050]: auc: 0.9188 | acc: 0.8517 | rmse: 0.3350
2023-12-05 17:02:37[INFO]: [EPOCH=051]: loss_main: 0.2600
2023-12-05 17:02:37[INFO]: [EPOCH=051]: auc: 0.9185 | acc: 0.8489 | rmse: 0.3347
2023-12-05 17:02:39[INFO]: [EPOCH=052]: loss_main: 0.2555
2023-12-05 17:02:39[INFO]: [EPOCH=052]: auc: 0.9183 | acc: 0.8484 | rmse: 0.3352
2023-12-05 17:02:41[INFO]: Suggest to stop training now
2023-12-05 17:02:41[INFO]: [EPOCH=053]: loss_main: 0.2471
2023-12-05 17:02:41[INFO]: [EPOCH=053]: auc: 0.9180 | acc: 0.8484 | rmse: 0.3357
2023-12-05 17:02:41[INFO]: ==============================
2023-12-05 17:02:41[INFO]: [For auc], the Best Epoch is: 43, the value=0.9194
2023-12-05 17:02:41[INFO]: [EPOCH=043]: loss_main: 0.2872
2023-12-05 17:02:41[INFO]: [EPOCH=043]: auc: 0.9194 | acc: 0.8484 | rmse: 0.3344
2023-12-05 17:02:41[INFO]: ==============================
2023-12-05 17:02:41[INFO]: Training Completed!
2023-12-05 17:02:41[INFO]: auc: 0.9194341911242144
2023-12-05 17:02:41[INFO]: acc: 0.8484141791044776
2023-12-05 17:02:41[INFO]: rmse: 0.3344060566998475
2023-12-05 17:02:41[INFO]: ====================
2023-12-05 17:02:41[INFO]: ====== [FOLD ID]: 1 ======
2023-12-05 17:02:41[INFO]: [CALLBACK]-ModelCheckPoint has been registered!
2023-12-05 17:02:41[INFO]: [CALLBACK]-EarlyStopping has been registered!
2023-12-05 17:02:41[INFO]: [CALLBACK]-History has been registered!
2023-12-05 17:02:41[INFO]: [CALLBACK]-BaseLogger has been registered!
2023-12-05 17:02:41[INFO]: Start Training...
2023-12-05 17:02:43[INFO]: Update best epoch as [1] for auc!
2023-12-05 17:02:43[INFO]: [EPOCH=001]: loss_main: 3.0225
2023-12-05 17:02:43[INFO]: [EPOCH=001]: auc: 0.3810 | acc: 0.5443 | rmse: 0.5001
2023-12-05 17:02:45[INFO]: Update best epoch as [2] for auc!
2023-12-05 17:02:45[INFO]: [EPOCH=002]: loss_main: 0.6958
2023-12-05 17:02:45[INFO]: [EPOCH=002]: auc: 0.3970 | acc: 0.5443 | rmse: 0.4980
2023-12-05 17:02:46[INFO]: Update best epoch as [3] for auc!
2023-12-05 17:02:46[INFO]: [EPOCH=003]: loss_main: 0.6933
2023-12-05 17:02:46[INFO]: [EPOCH=003]: auc: 0.4093 | acc: 0.5443 | rmse: 0.4980
2023-12-05 17:02:48[INFO]: Update best epoch as [4] for auc!
2023-12-05 17:02:48[INFO]: [EPOCH=004]: loss_main: 0.6923
2023-12-05 17:02:48[INFO]: [EPOCH=004]: auc: 0.4183 | acc: 0.5443 | rmse: 0.4981
2023-12-05 17:02:50[INFO]: Update best epoch as [5] for auc!
2023-12-05 17:02:50[INFO]: [EPOCH=005]: loss_main: 0.6930
2023-12-05 17:02:50[INFO]: [EPOCH=005]: auc: 0.4355 | acc: 0.5443 | rmse: 0.4981
2023-12-05 17:02:52[INFO]: Update best epoch as [6] for auc!
2023-12-05 17:02:52[INFO]: [EPOCH=006]: loss_main: 0.6921
2023-12-05 17:02:52[INFO]: [EPOCH=006]: auc: 0.4687 | acc: 0.5443 | rmse: 0.4980
2023-12-05 17:02:54[INFO]: Update best epoch as [7] for auc!
2023-12-05 17:02:54[INFO]: [EPOCH=007]: loss_main: 0.6936
2023-12-05 17:02:54[INFO]: [EPOCH=007]: auc: 0.5127 | acc: 0.5443 | rmse: 0.4999
2023-12-05 17:02:56[INFO]: Update best epoch as [8] for auc!
2023-12-05 17:02:56[INFO]: [EPOCH=008]: loss_main: 0.6941
2023-12-05 17:02:56[INFO]: [EPOCH=008]: auc: 0.5777 | acc: 0.5443 | rmse: 0.4981
2023-12-05 17:02:58[INFO]: Update best epoch as [9] for auc!
2023-12-05 17:02:58[INFO]: [EPOCH=009]: loss_main: 0.6942
2023-12-05 17:02:58[INFO]: [EPOCH=009]: auc: 0.6598 | acc: 0.5443 | rmse: 0.4990
2023-12-05 17:03:00[INFO]: Update best epoch as [10] for auc!
2023-12-05 17:03:00[INFO]: [EPOCH=010]: loss_main: 0.6925
2023-12-05 17:03:00[INFO]: [EPOCH=010]: auc: 0.7012 | acc: 0.5443 | rmse: 0.5010
2023-12-05 17:03:02[INFO]: Update best epoch as [11] for auc!
2023-12-05 17:03:02[INFO]: [EPOCH=011]: loss_main: 0.6921
2023-12-05 17:03:02[INFO]: [EPOCH=011]: auc: 0.7283 | acc: 0.5443 | rmse: 0.4976
2023-12-05 17:03:03[INFO]: Update best epoch as [12] for auc!
2023-12-05 17:03:03[INFO]: [EPOCH=012]: loss_main: 0.6913
2023-12-05 17:03:03[INFO]: [EPOCH=012]: auc: 0.7364 | acc: 0.5443 | rmse: 0.4977
2023-12-05 17:03:05[INFO]: Update best epoch as [13] for auc!
2023-12-05 17:03:05[INFO]: [EPOCH=013]: loss_main: 0.6894
2023-12-05 17:03:05[INFO]: [EPOCH=013]: auc: 0.7404 | acc: 0.5443 | rmse: 0.4954
2023-12-05 17:03:07[INFO]: Update best epoch as [14] for auc!
2023-12-05 17:03:07[INFO]: [EPOCH=014]: loss_main: 0.6865
2023-12-05 17:03:07[INFO]: [EPOCH=014]: auc: 0.7456 | acc: 0.5443 | rmse: 0.4929
2023-12-05 17:03:09[INFO]: Update best epoch as [15] for auc!
2023-12-05 17:03:09[INFO]: [EPOCH=015]: loss_main: 0.6802
2023-12-05 17:03:09[INFO]: [EPOCH=015]: auc: 0.7559 | acc: 0.7048 | rmse: 0.4929
2023-12-05 17:03:11[INFO]: Update best epoch as [16] for auc!
2023-12-05 17:03:11[INFO]: [EPOCH=016]: loss_main: 0.6757
2023-12-05 17:03:11[INFO]: [EPOCH=016]: auc: 0.7689 | acc: 0.5443 | rmse: 0.4856
2023-12-05 17:03:13[INFO]: Update best epoch as [17] for auc!
2023-12-05 17:03:13[INFO]: [EPOCH=017]: loss_main: 0.6631
2023-12-05 17:03:13[INFO]: [EPOCH=017]: auc: 0.7834 | acc: 0.5443 | rmse: 0.4804
2023-12-05 17:03:15[INFO]: Update best epoch as [18] for auc!
2023-12-05 17:03:15[INFO]: [EPOCH=018]: loss_main: 0.6456
2023-12-05 17:03:15[INFO]: [EPOCH=018]: auc: 0.7975 | acc: 0.7108 | rmse: 0.4692
2023-12-05 17:03:17[INFO]: Update best epoch as [19] for auc!
2023-12-05 17:03:17[INFO]: [EPOCH=019]: loss_main: 0.6243
2023-12-05 17:03:17[INFO]: [EPOCH=019]: auc: 0.8124 | acc: 0.7467 | rmse: 0.4581
2023-12-05 17:03:18[INFO]: Update best epoch as [20] for auc!
2023-12-05 17:03:18[INFO]: [EPOCH=020]: loss_main: 0.5979
2023-12-05 17:03:18[INFO]: [EPOCH=020]: auc: 0.8281 | acc: 0.7705 | rmse: 0.4450
2023-12-05 17:03:20[INFO]: Update best epoch as [21] for auc!
2023-12-05 17:03:20[INFO]: [EPOCH=021]: loss_main: 0.5685
2023-12-05 17:03:20[INFO]: [EPOCH=021]: auc: 0.8445 | acc: 0.7743 | rmse: 0.4312
2023-12-05 17:03:22[INFO]: Update best epoch as [22] for auc!
2023-12-05 17:03:22[INFO]: [EPOCH=022]: loss_main: 0.5336
2023-12-05 17:03:22[INFO]: [EPOCH=022]: auc: 0.8608 | acc: 0.7831 | rmse: 0.4154
2023-12-05 17:03:24[INFO]: Update best epoch as [23] for auc!
2023-12-05 17:03:24[INFO]: [EPOCH=023]: loss_main: 0.4970
2023-12-05 17:03:24[INFO]: [EPOCH=023]: auc: 0.8740 | acc: 0.7929 | rmse: 0.3998
2023-12-05 17:03:26[INFO]: Update best epoch as [24] for auc!
2023-12-05 17:03:26[INFO]: [EPOCH=024]: loss_main: 0.4606
2023-12-05 17:03:26[INFO]: [EPOCH=024]: auc: 0.8834 | acc: 0.8022 | rmse: 0.3928
2023-12-05 17:03:28[INFO]: Update best epoch as [25] for auc!
2023-12-05 17:03:28[INFO]: [EPOCH=025]: loss_main: 0.4310
2023-12-05 17:03:28[INFO]: [EPOCH=025]: auc: 0.8885 | acc: 0.8018 | rmse: 0.3791
2023-12-05 17:03:30[INFO]: Update best epoch as [26] for auc!
2023-12-05 17:03:30[INFO]: [EPOCH=026]: loss_main: 0.4067
2023-12-05 17:03:30[INFO]: [EPOCH=026]: auc: 0.8912 | acc: 0.8064 | rmse: 0.3717
2023-12-05 17:03:32[INFO]: Update best epoch as [27] for auc!
2023-12-05 17:03:32[INFO]: [EPOCH=027]: loss_main: 0.3874
2023-12-05 17:03:32[INFO]: [EPOCH=027]: auc: 0.8930 | acc: 0.8144 | rmse: 0.3714
2023-12-05 17:03:34[INFO]: Update best epoch as [28] for auc!
2023-12-05 17:03:34[INFO]: [EPOCH=028]: loss_main: 0.3729
2023-12-05 17:03:34[INFO]: [EPOCH=028]: auc: 0.8935 | acc: 0.8120 | rmse: 0.3656
2023-12-05 17:03:36[INFO]: Update best epoch as [29] for auc!
2023-12-05 17:03:36[INFO]: [EPOCH=029]: loss_main: 0.3627
2023-12-05 17:03:36[INFO]: [EPOCH=029]: auc: 0.8943 | acc: 0.8167 | rmse: 0.3647
2023-12-05 17:03:37[INFO]: Update best epoch as [30] for auc!
2023-12-05 17:03:37[INFO]: [EPOCH=030]: loss_main: 0.3510
2023-12-05 17:03:37[INFO]: [EPOCH=030]: auc: 0.8947 | acc: 0.8181 | rmse: 0.3630
2023-12-05 17:03:39[INFO]: Update best epoch as [31] for auc!
2023-12-05 17:03:39[INFO]: [EPOCH=031]: loss_main: 0.3462
2023-12-05 17:03:39[INFO]: [EPOCH=031]: auc: 0.8952 | acc: 0.8158 | rmse: 0.3618
2023-12-05 17:03:41[INFO]: Update best epoch as [32] for auc!
2023-12-05 17:03:41[INFO]: [EPOCH=032]: loss_main: 0.3344
2023-12-05 17:03:41[INFO]: [EPOCH=032]: auc: 0.8956 | acc: 0.8204 | rmse: 0.3612
2023-12-05 17:03:43[INFO]: Update best epoch as [33] for auc!
2023-12-05 17:03:43[INFO]: [EPOCH=033]: loss_main: 0.3329
2023-12-05 17:03:43[INFO]: [EPOCH=033]: auc: 0.8958 | acc: 0.8176 | rmse: 0.3606
2023-12-05 17:03:45[INFO]: Update best epoch as [34] for auc!
2023-12-05 17:03:45[INFO]: [EPOCH=034]: loss_main: 0.3238
2023-12-05 17:03:45[INFO]: [EPOCH=034]: auc: 0.8962 | acc: 0.8111 | rmse: 0.3628
2023-12-05 17:03:47[INFO]: Update best epoch as [35] for auc!
2023-12-05 17:03:47[INFO]: [EPOCH=035]: loss_main: 0.3187
2023-12-05 17:03:47[INFO]: [EPOCH=035]: auc: 0.8965 | acc: 0.8279 | rmse: 0.3606
2023-12-05 17:03:49[INFO]: Update best epoch as [36] for auc!
2023-12-05 17:03:49[INFO]: [EPOCH=036]: loss_main: 0.3136
2023-12-05 17:03:49[INFO]: [EPOCH=036]: auc: 0.8967 | acc: 0.8218 | rmse: 0.3598
2023-12-05 17:03:51[INFO]: Update best epoch as [37] for auc!
2023-12-05 17:03:51[INFO]: [EPOCH=037]: loss_main: 0.3103
2023-12-05 17:03:51[INFO]: [EPOCH=037]: auc: 0.8971 | acc: 0.8162 | rmse: 0.3602
2023-12-05 17:03:52[INFO]: Update best epoch as [38] for auc!
2023-12-05 17:03:52[INFO]: [EPOCH=038]: loss_main: 0.3037
2023-12-05 17:03:52[INFO]: [EPOCH=038]: auc: 0.8974 | acc: 0.8246 | rmse: 0.3589
2023-12-05 17:03:54[INFO]: Update best epoch as [39] for auc!
2023-12-05 17:03:54[INFO]: [EPOCH=039]: loss_main: 0.3003
2023-12-05 17:03:54[INFO]: [EPOCH=039]: auc: 0.8976 | acc: 0.8200 | rmse: 0.3599
2023-12-05 17:03:56[INFO]: [EPOCH=040]: loss_main: 0.2935
2023-12-05 17:03:56[INFO]: [EPOCH=040]: auc: 0.8976 | acc: 0.8232 | rmse: 0.3590
2023-12-05 17:03:58[INFO]: Update best epoch as [41] for auc!
2023-12-05 17:03:58[INFO]: [EPOCH=041]: loss_main: 0.2895
2023-12-05 17:03:58[INFO]: [EPOCH=041]: auc: 0.8978 | acc: 0.8200 | rmse: 0.3600
2023-12-05 17:04:00[INFO]: [EPOCH=042]: loss_main: 0.2881
2023-12-05 17:04:00[INFO]: [EPOCH=042]: auc: 0.8978 | acc: 0.8260 | rmse: 0.3595
2023-12-05 17:04:02[INFO]: Update best epoch as [43] for auc!
2023-12-05 17:04:02[INFO]: [EPOCH=043]: loss_main: 0.2819
2023-12-05 17:04:02[INFO]: [EPOCH=043]: auc: 0.8978 | acc: 0.8209 | rmse: 0.3606
2023-12-05 17:04:04[INFO]: Update best epoch as [44] for auc!
2023-12-05 17:04:04[INFO]: [EPOCH=044]: loss_main: 0.2765
2023-12-05 17:04:04[INFO]: [EPOCH=044]: auc: 0.8980 | acc: 0.8242 | rmse: 0.3600
2023-12-05 17:04:05[INFO]: [EPOCH=045]: loss_main: 0.2744
2023-12-05 17:04:05[INFO]: [EPOCH=045]: auc: 0.8979 | acc: 0.8302 | rmse: 0.3589
2023-12-05 17:04:07[INFO]: [EPOCH=046]: loss_main: 0.2690
2023-12-05 17:04:07[INFO]: [EPOCH=046]: auc: 0.8979 | acc: 0.8228 | rmse: 0.3622
2023-12-05 17:04:09[INFO]: [EPOCH=047]: loss_main: 0.2639
2023-12-05 17:04:09[INFO]: [EPOCH=047]: auc: 0.8977 | acc: 0.8288 | rmse: 0.3598
2023-12-05 17:04:11[INFO]: [EPOCH=048]: loss_main: 0.2579
2023-12-05 17:04:11[INFO]: [EPOCH=048]: auc: 0.8976 | acc: 0.8228 | rmse: 0.3623
2023-12-05 17:04:13[INFO]: [EPOCH=049]: loss_main: 0.2537
2023-12-05 17:04:13[INFO]: [EPOCH=049]: auc: 0.8974 | acc: 0.8260 | rmse: 0.3607
2023-12-05 17:04:15[INFO]: [EPOCH=050]: loss_main: 0.2489
2023-12-05 17:04:15[INFO]: [EPOCH=050]: auc: 0.8972 | acc: 0.8251 | rmse: 0.3620
2023-12-05 17:04:16[INFO]: [EPOCH=051]: loss_main: 0.2469
2023-12-05 17:04:16[INFO]: [EPOCH=051]: auc: 0.8969 | acc: 0.8218 | rmse: 0.3641
2023-12-05 17:04:18[INFO]: [EPOCH=052]: loss_main: 0.2442
2023-12-05 17:04:18[INFO]: [EPOCH=052]: auc: 0.8967 | acc: 0.8260 | rmse: 0.3635
2023-12-05 17:04:19[INFO]: [EPOCH=053]: loss_main: 0.2410
2023-12-05 17:04:19[INFO]: [EPOCH=053]: auc: 0.8964 | acc: 0.8251 | rmse: 0.3625
2023-12-05 17:04:21[INFO]: Suggest to stop training now
2023-12-05 17:04:21[INFO]: [EPOCH=054]: loss_main: 0.2360
2023-12-05 17:04:21[INFO]: [EPOCH=054]: auc: 0.8963 | acc: 0.8312 | rmse: 0.3627
2023-12-05 17:04:21[INFO]: ==============================
2023-12-05 17:04:21[INFO]: [For auc], the Best Epoch is: 44, the value=0.8980
2023-12-05 17:04:21[INFO]: [EPOCH=044]: loss_main: 0.2765
2023-12-05 17:04:21[INFO]: [EPOCH=044]: auc: 0.8980 | acc: 0.8242 | rmse: 0.3600
2023-12-05 17:04:21[INFO]: ==============================
2023-12-05 17:04:21[INFO]: Training Completed!
2023-12-05 17:04:21[INFO]: auc: 0.8979835268589732
2023-12-05 17:04:21[INFO]: acc: 0.824160447761194
2023-12-05 17:04:21[INFO]: rmse: 0.35995505002651224
2023-12-05 17:04:21[INFO]: ====================
2023-12-05 17:04:21[INFO]: ====== [FOLD ID]: 2 ======
2023-12-05 17:04:21[INFO]: [CALLBACK]-ModelCheckPoint has been registered!
2023-12-05 17:04:21[INFO]: [CALLBACK]-EarlyStopping has been registered!
2023-12-05 17:04:21[INFO]: [CALLBACK]-History has been registered!
2023-12-05 17:04:21[INFO]: [CALLBACK]-BaseLogger has been registered!
2023-12-05 17:04:21[INFO]: Start Training...
2023-12-05 17:04:23[INFO]: Update best epoch as [1] for auc!
2023-12-05 17:04:23[INFO]: [EPOCH=001]: loss_main: 2.1485
2023-12-05 17:04:23[INFO]: [EPOCH=001]: auc: 0.3962 | acc: 0.5424 | rmse: 0.5019
2023-12-05 17:04:25[INFO]: Update best epoch as [2] for auc!
2023-12-05 17:04:25[INFO]: [EPOCH=002]: loss_main: 0.6958
2023-12-05 17:04:25[INFO]: [EPOCH=002]: auc: 0.4075 | acc: 0.5424 | rmse: 0.4982
2023-12-05 17:04:27[INFO]: Update best epoch as [3] for auc!
2023-12-05 17:04:27[INFO]: [EPOCH=003]: loss_main: 0.6935
2023-12-05 17:04:27[INFO]: [EPOCH=003]: auc: 0.4263 | acc: 0.5424 | rmse: 0.4990
2023-12-05 17:04:29[INFO]: Update best epoch as [4] for auc!
2023-12-05 17:04:29[INFO]: [EPOCH=004]: loss_main: 0.6929
2023-12-05 17:04:29[INFO]: [EPOCH=004]: auc: 0.4443 | acc: 0.5424 | rmse: 0.4982
2023-12-05 17:04:30[INFO]: Update best epoch as [5] for auc!
2023-12-05 17:04:30[INFO]: [EPOCH=005]: loss_main: 0.6927
2023-12-05 17:04:30[INFO]: [EPOCH=005]: auc: 0.4553 | acc: 0.5424 | rmse: 0.4982
2023-12-05 17:04:32[INFO]: Update best epoch as [6] for auc!
2023-12-05 17:04:32[INFO]: [EPOCH=006]: loss_main: 0.6926
2023-12-05 17:04:32[INFO]: [EPOCH=006]: auc: 0.4660 | acc: 0.5424 | rmse: 0.4996
2023-12-05 17:04:34[INFO]: Update best epoch as [7] for auc!
2023-12-05 17:04:34[INFO]: [EPOCH=007]: loss_main: 0.6926
2023-12-05 17:04:34[INFO]: [EPOCH=007]: auc: 0.4747 | acc: 0.5424 | rmse: 0.4982
2023-12-05 17:04:36[INFO]: Update best epoch as [8] for auc!
2023-12-05 17:04:36[INFO]: [EPOCH=008]: loss_main: 0.6935
2023-12-05 17:04:36[INFO]: [EPOCH=008]: auc: 0.5105 | acc: 0.5424 | rmse: 0.4983
2023-12-05 17:04:38[INFO]: Update best epoch as [9] for auc!
2023-12-05 17:04:38[INFO]: [EPOCH=009]: loss_main: 0.6934
2023-12-05 17:04:38[INFO]: [EPOCH=009]: auc: 0.5837 | acc: 0.5424 | rmse: 0.4983
2023-12-05 17:04:40[INFO]: Update best epoch as [10] for auc!
2023-12-05 17:04:40[INFO]: [EPOCH=010]: loss_main: 0.6927
2023-12-05 17:04:40[INFO]: [EPOCH=010]: auc: 0.7022 | acc: 0.5424 | rmse: 0.4981
2023-12-05 17:04:42[INFO]: Update best epoch as [11] for auc!
2023-12-05 17:04:42[INFO]: [EPOCH=011]: loss_main: 0.6936
2023-12-05 17:04:42[INFO]: [EPOCH=011]: auc: 0.7396 | acc: 0.5424 | rmse: 0.4988
2023-12-05 17:04:43[INFO]: Update best epoch as [12] for auc!
2023-12-05 17:04:43[INFO]: [EPOCH=012]: loss_main: 0.6924
2023-12-05 17:04:43[INFO]: [EPOCH=012]: auc: 0.7543 | acc: 0.5424 | rmse: 0.4975
2023-12-05 17:04:45[INFO]: Update best epoch as [13] for auc!
2023-12-05 17:04:45[INFO]: [EPOCH=013]: loss_main: 0.6912
2023-12-05 17:04:45[INFO]: [EPOCH=013]: auc: 0.7609 | acc: 0.5424 | rmse: 0.4963
2023-12-05 17:04:47[INFO]: Update best epoch as [14] for auc!
2023-12-05 17:04:47[INFO]: [EPOCH=014]: loss_main: 0.6880
2023-12-05 17:04:47[INFO]: [EPOCH=014]: auc: 0.7659 | acc: 0.5424 | rmse: 0.4952
2023-12-05 17:04:49[INFO]: Update best epoch as [15] for auc!
2023-12-05 17:04:49[INFO]: [EPOCH=015]: loss_main: 0.6846
2023-12-05 17:04:49[INFO]: [EPOCH=015]: auc: 0.7762 | acc: 0.5424 | rmse: 0.4937
2023-12-05 17:04:51[INFO]: Update best epoch as [16] for auc!
2023-12-05 17:04:51[INFO]: [EPOCH=016]: loss_main: 0.6789
2023-12-05 17:04:51[INFO]: [EPOCH=016]: auc: 0.7891 | acc: 0.5424 | rmse: 0.4890
2023-12-05 17:04:52[INFO]: Update best epoch as [17] for auc!
2023-12-05 17:04:52[INFO]: [EPOCH=017]: loss_main: 0.6694
2023-12-05 17:04:52[INFO]: [EPOCH=017]: auc: 0.8014 | acc: 0.5424 | rmse: 0.4827
2023-12-05 17:04:54[INFO]: Update best epoch as [18] for auc!
2023-12-05 17:04:54[INFO]: [EPOCH=018]: loss_main: 0.6574
2023-12-05 17:04:54[INFO]: [EPOCH=018]: auc: 0.8131 | acc: 0.7584 | rmse: 0.4756
2023-12-05 17:04:56[INFO]: Update best epoch as [19] for auc!
2023-12-05 17:04:56[INFO]: [EPOCH=019]: loss_main: 0.6361
2023-12-05 17:04:56[INFO]: [EPOCH=019]: auc: 0.8236 | acc: 0.7052 | rmse: 0.4630
2023-12-05 17:04:58[INFO]: Update best epoch as [20] for auc!
2023-12-05 17:04:58[INFO]: [EPOCH=020]: loss_main: 0.6106
2023-12-05 17:04:58[INFO]: [EPOCH=020]: auc: 0.8342 | acc: 0.7649 | rmse: 0.4488
2023-12-05 17:05:00[INFO]: Update best epoch as [21] for auc!
2023-12-05 17:05:00[INFO]: [EPOCH=021]: loss_main: 0.5811
2023-12-05 17:05:00[INFO]: [EPOCH=021]: auc: 0.8456 | acc: 0.7598 | rmse: 0.4368
2023-12-05 17:05:02[INFO]: Update best epoch as [22] for auc!
2023-12-05 17:05:02[INFO]: [EPOCH=022]: loss_main: 0.5479
2023-12-05 17:05:02[INFO]: [EPOCH=022]: auc: 0.8609 | acc: 0.7892 | rmse: 0.4181
2023-12-05 17:05:03[INFO]: Update best epoch as [23] for auc!
2023-12-05 17:05:03[INFO]: [EPOCH=023]: loss_main: 0.5095
2023-12-05 17:05:03[INFO]: [EPOCH=023]: auc: 0.8756 | acc: 0.8074 | rmse: 0.4020
2023-12-05 17:05:05[INFO]: Update best epoch as [24] for auc!
2023-12-05 17:05:05[INFO]: [EPOCH=024]: loss_main: 0.4716
2023-12-05 17:05:05[INFO]: [EPOCH=024]: auc: 0.8865 | acc: 0.8032 | rmse: 0.3910
2023-12-05 17:05:07[INFO]: Update best epoch as [25] for auc!
2023-12-05 17:05:07[INFO]: [EPOCH=025]: loss_main: 0.4418
2023-12-05 17:05:07[INFO]: [EPOCH=025]: auc: 0.8933 | acc: 0.8190 | rmse: 0.3775
2023-12-05 17:05:09[INFO]: Update best epoch as [26] for auc!
2023-12-05 17:05:09[INFO]: [EPOCH=026]: loss_main: 0.4128
2023-12-05 17:05:09[INFO]: [EPOCH=026]: auc: 0.8963 | acc: 0.8139 | rmse: 0.3744
2023-12-05 17:05:11[INFO]: Update best epoch as [27] for auc!
2023-12-05 17:05:11[INFO]: [EPOCH=027]: loss_main: 0.3923
2023-12-05 17:05:11[INFO]: [EPOCH=027]: auc: 0.8979 | acc: 0.8242 | rmse: 0.3641
2023-12-05 17:05:13[INFO]: Update best epoch as [28] for auc!
2023-12-05 17:05:13[INFO]: [EPOCH=028]: loss_main: 0.3787
2023-12-05 17:05:13[INFO]: [EPOCH=028]: auc: 0.8987 | acc: 0.8181 | rmse: 0.3606
2023-12-05 17:05:14[INFO]: Update best epoch as [29] for auc!
2023-12-05 17:05:15[INFO]: [EPOCH=029]: loss_main: 0.3667
2023-12-05 17:05:15[INFO]: [EPOCH=029]: auc: 0.8995 | acc: 0.8172 | rmse: 0.3594
2023-12-05 17:05:16[INFO]: Update best epoch as [30] for auc!
2023-12-05 17:05:16[INFO]: [EPOCH=030]: loss_main: 0.3557
2023-12-05 17:05:16[INFO]: [EPOCH=030]: auc: 0.9001 | acc: 0.8200 | rmse: 0.3573
2023-12-05 17:05:18[INFO]: Update best epoch as [31] for auc!
2023-12-05 17:05:18[INFO]: [EPOCH=031]: loss_main: 0.3440
2023-12-05 17:05:18[INFO]: [EPOCH=031]: auc: 0.9006 | acc: 0.8330 | rmse: 0.3573
2023-12-05 17:05:20[INFO]: Update best epoch as [32] for auc!
2023-12-05 17:05:20[INFO]: [EPOCH=032]: loss_main: 0.3360
2023-12-05 17:05:20[INFO]: [EPOCH=032]: auc: 0.9010 | acc: 0.8340 | rmse: 0.3585
2023-12-05 17:05:22[INFO]: Update best epoch as [33] for auc!
2023-12-05 17:05:22[INFO]: [EPOCH=033]: loss_main: 0.3344
2023-12-05 17:05:22[INFO]: [EPOCH=033]: auc: 0.9013 | acc: 0.8382 | rmse: 0.3543
2023-12-05 17:05:24[INFO]: Update best epoch as [34] for auc!
2023-12-05 17:05:24[INFO]: [EPOCH=034]: loss_main: 0.3211
2023-12-05 17:05:24[INFO]: [EPOCH=034]: auc: 0.9014 | acc: 0.8335 | rmse: 0.3531
2023-12-05 17:05:26[INFO]: Update best epoch as [35] for auc!
2023-12-05 17:05:26[INFO]: [EPOCH=035]: loss_main: 0.3229
2023-12-05 17:05:26[INFO]: [EPOCH=035]: auc: 0.9018 | acc: 0.8302 | rmse: 0.3525
2023-12-05 17:05:28[INFO]: Update best epoch as [36] for auc!
2023-12-05 17:05:28[INFO]: [EPOCH=036]: loss_main: 0.3170
2023-12-05 17:05:28[INFO]: [EPOCH=036]: auc: 0.9021 | acc: 0.8326 | rmse: 0.3523
2023-12-05 17:05:30[INFO]: Update best epoch as [37] for auc!
2023-12-05 17:05:30[INFO]: [EPOCH=037]: loss_main: 0.3065
2023-12-05 17:05:30[INFO]: [EPOCH=037]: auc: 0.9021 | acc: 0.8354 | rmse: 0.3516
2023-12-05 17:05:31[INFO]: Update best epoch as [38] for auc!
2023-12-05 17:05:31[INFO]: [EPOCH=038]: loss_main: 0.3039
2023-12-05 17:05:31[INFO]: [EPOCH=038]: auc: 0.9022 | acc: 0.8377 | rmse: 0.3513
2023-12-05 17:05:33[INFO]: Update best epoch as [39] for auc!
2023-12-05 17:05:33[INFO]: [EPOCH=039]: loss_main: 0.2950
2023-12-05 17:05:33[INFO]: [EPOCH=039]: auc: 0.9023 | acc: 0.8386 | rmse: 0.3514
2023-12-05 17:05:35[INFO]: Update best epoch as [40] for auc!
2023-12-05 17:05:35[INFO]: [EPOCH=040]: loss_main: 0.2909
2023-12-05 17:05:35[INFO]: [EPOCH=040]: auc: 0.9024 | acc: 0.8363 | rmse: 0.3512
2023-12-05 17:05:37[INFO]: Update best epoch as [41] for auc!
2023-12-05 17:05:37[INFO]: [EPOCH=041]: loss_main: 0.2888
2023-12-05 17:05:37[INFO]: [EPOCH=041]: auc: 0.9025 | acc: 0.8013 | rmse: 0.3646
2023-12-05 17:05:39[INFO]: Update best epoch as [42] for auc!
2023-12-05 17:05:39[INFO]: [EPOCH=042]: loss_main: 0.2817
2023-12-05 17:05:39[INFO]: [EPOCH=042]: auc: 0.9026 | acc: 0.8400 | rmse: 0.3514
2023-12-05 17:05:41[INFO]: [EPOCH=043]: loss_main: 0.2798
2023-12-05 17:05:41[INFO]: [EPOCH=043]: auc: 0.9025 | acc: 0.8377 | rmse: 0.3522
2023-12-05 17:05:43[INFO]: [EPOCH=044]: loss_main: 0.2785
2023-12-05 17:05:43[INFO]: [EPOCH=044]: auc: 0.9024 | acc: 0.8368 | rmse: 0.3505
2023-12-05 17:05:44[INFO]: [EPOCH=045]: loss_main: 0.2684
2023-12-05 17:05:44[INFO]: [EPOCH=045]: auc: 0.9024 | acc: 0.8377 | rmse: 0.3517
2023-12-05 17:05:46[INFO]: [EPOCH=046]: loss_main: 0.2663
2023-12-05 17:05:46[INFO]: [EPOCH=046]: auc: 0.9022 | acc: 0.8396 | rmse: 0.3515
2023-12-05 17:05:48[INFO]: [EPOCH=047]: loss_main: 0.2645
2023-12-05 17:05:48[INFO]: [EPOCH=047]: auc: 0.9021 | acc: 0.8386 | rmse: 0.3512
2023-12-05 17:05:50[INFO]: [EPOCH=048]: loss_main: 0.2601
2023-12-05 17:05:50[INFO]: [EPOCH=048]: auc: 0.9018 | acc: 0.8372 | rmse: 0.3518
2023-12-05 17:05:52[INFO]: [EPOCH=049]: loss_main: 0.2558
2023-12-05 17:05:52[INFO]: [EPOCH=049]: auc: 0.9015 | acc: 0.8307 | rmse: 0.3563
2023-12-05 17:05:54[INFO]: [EPOCH=050]: loss_main: 0.2507
2023-12-05 17:05:54[INFO]: [EPOCH=050]: auc: 0.9012 | acc: 0.8349 | rmse: 0.3533
2023-12-05 17:05:56[INFO]: [EPOCH=051]: loss_main: 0.2445
2023-12-05 17:05:56[INFO]: [EPOCH=051]: auc: 0.9009 | acc: 0.8354 | rmse: 0.3524
2023-12-05 17:05:58[INFO]: Suggest to stop training now
2023-12-05 17:05:58[INFO]: [EPOCH=052]: loss_main: 0.2408
2023-12-05 17:05:58[INFO]: [EPOCH=052]: auc: 0.9005 | acc: 0.8354 | rmse: 0.3531
2023-12-05 17:05:58[INFO]: ==============================
2023-12-05 17:05:58[INFO]: [For auc], the Best Epoch is: 42, the value=0.9026
2023-12-05 17:05:58[INFO]: [EPOCH=042]: loss_main: 0.2817
2023-12-05 17:05:58[INFO]: [EPOCH=042]: auc: 0.9026 | acc: 0.8400 | rmse: 0.3514
2023-12-05 17:05:58[INFO]: ==============================
2023-12-05 17:05:58[INFO]: Training Completed!
2023-12-05 17:05:58[INFO]: auc: 0.9025850576254073
2023-12-05 17:05:58[INFO]: acc: 0.840018656716418
2023-12-05 17:05:58[INFO]: rmse: 0.35143791746385755
2023-12-05 17:05:58[INFO]: ====================
2023-12-05 17:05:58[INFO]: ====== [FOLD ID]: 3 ======
2023-12-05 17:05:58[INFO]: [CALLBACK]-ModelCheckPoint has been registered!
2023-12-05 17:05:58[INFO]: [CALLBACK]-EarlyStopping has been registered!
2023-12-05 17:05:58[INFO]: [CALLBACK]-History has been registered!
2023-12-05 17:05:58[INFO]: [CALLBACK]-BaseLogger has been registered!
2023-12-05 17:05:58[INFO]: Start Training...
2023-12-05 17:06:00[INFO]: Update best epoch as [1] for auc!
2023-12-05 17:06:00[INFO]: [EPOCH=001]: loss_main: 3.5916
2023-12-05 17:06:00[INFO]: [EPOCH=001]: auc: 0.4079 | acc: 0.5266 | rmse: 0.5023
2023-12-05 17:06:02[INFO]: Update best epoch as [2] for auc!
2023-12-05 17:06:02[INFO]: [EPOCH=002]: loss_main: 0.6935
2023-12-05 17:06:02[INFO]: [EPOCH=002]: auc: 0.4323 | acc: 0.5266 | rmse: 0.5003
2023-12-05 17:06:03[INFO]: Update best epoch as [3] for auc!
2023-12-05 17:06:03[INFO]: [EPOCH=003]: loss_main: 0.6921
2023-12-05 17:06:03[INFO]: [EPOCH=003]: auc: 0.4457 | acc: 0.5266 | rmse: 0.4993
2023-12-05 17:06:05[INFO]: Update best epoch as [4] for auc!
2023-12-05 17:06:05[INFO]: [EPOCH=004]: loss_main: 0.6930
2023-12-05 17:06:05[INFO]: [EPOCH=004]: auc: 0.4554 | acc: 0.5266 | rmse: 0.4993
2023-12-05 17:06:07[INFO]: Update best epoch as [5] for auc!
2023-12-05 17:06:07[INFO]: [EPOCH=005]: loss_main: 0.6921
2023-12-05 17:06:07[INFO]: [EPOCH=005]: auc: 0.4780 | acc: 0.5266 | rmse: 0.4993
2023-12-05 17:06:09[INFO]: Update best epoch as [6] for auc!
2023-12-05 17:06:09[INFO]: [EPOCH=006]: loss_main: 0.6921
2023-12-05 17:06:09[INFO]: [EPOCH=006]: auc: 0.4788 | acc: 0.5266 | rmse: 0.4993
2023-12-05 17:06:11[INFO]: Update best epoch as [7] for auc!
2023-12-05 17:06:11[INFO]: [EPOCH=007]: loss_main: 0.6931
2023-12-05 17:06:11[INFO]: [EPOCH=007]: auc: 0.5007 | acc: 0.5266 | rmse: 0.4994
2023-12-05 17:06:12[INFO]: Update best epoch as [8] for auc!
2023-12-05 17:06:12[INFO]: [EPOCH=008]: loss_main: 0.6916
2023-12-05 17:06:12[INFO]: [EPOCH=008]: auc: 0.5512 | acc: 0.5266 | rmse: 0.4997
2023-12-05 17:06:14[INFO]: Update best epoch as [9] for auc!
2023-12-05 17:06:14[INFO]: [EPOCH=009]: loss_main: 0.6928
2023-12-05 17:06:14[INFO]: [EPOCH=009]: auc: 0.6349 | acc: 0.5266 | rmse: 0.4993
2023-12-05 17:06:15[INFO]: Update best epoch as [10] for auc!
2023-12-05 17:06:15[INFO]: [EPOCH=010]: loss_main: 0.6927
2023-12-05 17:06:15[INFO]: [EPOCH=010]: auc: 0.6649 | acc: 0.5266 | rmse: 0.5064
2023-12-05 17:06:16[INFO]: Update best epoch as [11] for auc!
2023-12-05 17:06:16[INFO]: [EPOCH=011]: loss_main: 0.6928
2023-12-05 17:06:16[INFO]: [EPOCH=011]: auc: 0.6976 | acc: 0.5266 | rmse: 0.5002
2023-12-05 17:06:18[INFO]: Update best epoch as [12] for auc!
2023-12-05 17:06:18[INFO]: [EPOCH=012]: loss_main: 0.6911
2023-12-05 17:06:18[INFO]: [EPOCH=012]: auc: 0.7139 | acc: 0.5266 | rmse: 0.4984
2023-12-05 17:06:19[INFO]: Update best epoch as [13] for auc!
2023-12-05 17:06:19[INFO]: [EPOCH=013]: loss_main: 0.6895
2023-12-05 17:06:19[INFO]: [EPOCH=013]: auc: 0.7236 | acc: 0.5266 | rmse: 0.4981
2023-12-05 17:06:21[INFO]: Update best epoch as [14] for auc!
2023-12-05 17:06:21[INFO]: [EPOCH=014]: loss_main: 0.6869
2023-12-05 17:06:21[INFO]: [EPOCH=014]: auc: 0.7291 | acc: 0.5266 | rmse: 0.4957
2023-12-05 17:06:22[INFO]: Update best epoch as [15] for auc!
2023-12-05 17:06:22[INFO]: [EPOCH=015]: loss_main: 0.6815
2023-12-05 17:06:22[INFO]: [EPOCH=015]: auc: 0.7363 | acc: 0.5266 | rmse: 0.4952
2023-12-05 17:06:23[INFO]: Update best epoch as [16] for auc!
2023-12-05 17:06:23[INFO]: [EPOCH=016]: loss_main: 0.6746
2023-12-05 17:06:23[INFO]: [EPOCH=016]: auc: 0.7479 | acc: 0.5266 | rmse: 0.4944
2023-12-05 17:06:25[INFO]: Update best epoch as [17] for auc!
2023-12-05 17:06:25[INFO]: [EPOCH=017]: loss_main: 0.6638
2023-12-05 17:06:25[INFO]: [EPOCH=017]: auc: 0.7625 | acc: 0.5266 | rmse: 0.4882
2023-12-05 17:06:26[INFO]: Update best epoch as [18] for auc!
2023-12-05 17:06:26[INFO]: [EPOCH=018]: loss_main: 0.6498
2023-12-05 17:06:26[INFO]: [EPOCH=018]: auc: 0.7768 | acc: 0.6922 | rmse: 0.4769
2023-12-05 17:06:28[INFO]: Update best epoch as [19] for auc!
2023-12-05 17:06:28[INFO]: [EPOCH=019]: loss_main: 0.6291
2023-12-05 17:06:28[INFO]: [EPOCH=019]: auc: 0.7897 | acc: 0.7197 | rmse: 0.4670
2023-12-05 17:06:29[INFO]: Update best epoch as [20] for auc!
2023-12-05 17:06:29[INFO]: [EPOCH=020]: loss_main: 0.6009
2023-12-05 17:06:29[INFO]: [EPOCH=020]: auc: 0.8050 | acc: 0.7458 | rmse: 0.4565
2023-12-05 17:06:31[INFO]: Update best epoch as [21] for auc!
2023-12-05 17:06:31[INFO]: [EPOCH=021]: loss_main: 0.5748
2023-12-05 17:06:31[INFO]: [EPOCH=021]: auc: 0.8223 | acc: 0.7547 | rmse: 0.4430
2023-12-05 17:06:32[INFO]: Update best epoch as [22] for auc!
2023-12-05 17:06:32[INFO]: [EPOCH=022]: loss_main: 0.5414
2023-12-05 17:06:32[INFO]: [EPOCH=022]: auc: 0.8408 | acc: 0.7757 | rmse: 0.4289
2023-12-05 17:06:34[INFO]: Update best epoch as [23] for auc!
2023-12-05 17:06:34[INFO]: [EPOCH=023]: loss_main: 0.5049
2023-12-05 17:06:34[INFO]: [EPOCH=023]: auc: 0.8589 | acc: 0.7817 | rmse: 0.4122
2023-12-05 17:06:35[INFO]: Update best epoch as [24] for auc!
2023-12-05 17:06:35[INFO]: [EPOCH=024]: loss_main: 0.4703
2023-12-05 17:06:35[INFO]: [EPOCH=024]: auc: 0.8738 | acc: 0.7878 | rmse: 0.4001
2023-12-05 17:06:37[INFO]: Update best epoch as [25] for auc!
2023-12-05 17:06:37[INFO]: [EPOCH=025]: loss_main: 0.4365
2023-12-05 17:06:37[INFO]: [EPOCH=025]: auc: 0.8829 | acc: 0.8027 | rmse: 0.3860
2023-12-05 17:06:38[INFO]: Update best epoch as [26] for auc!
2023-12-05 17:06:38[INFO]: [EPOCH=026]: loss_main: 0.4104
2023-12-05 17:06:38[INFO]: [EPOCH=026]: auc: 0.8875 | acc: 0.8074 | rmse: 0.3790
2023-12-05 17:06:40[INFO]: Update best epoch as [27] for auc!
2023-12-05 17:06:40[INFO]: [EPOCH=027]: loss_main: 0.3930
2023-12-05 17:06:40[INFO]: [EPOCH=027]: auc: 0.8898 | acc: 0.8120 | rmse: 0.3745
2023-12-05 17:06:41[INFO]: Update best epoch as [28] for auc!
2023-12-05 17:06:41[INFO]: [EPOCH=028]: loss_main: 0.3752
2023-12-05 17:06:41[INFO]: [EPOCH=028]: auc: 0.8912 | acc: 0.8106 | rmse: 0.3680
2023-12-05 17:06:43[INFO]: Update best epoch as [29] for auc!
2023-12-05 17:06:43[INFO]: [EPOCH=029]: loss_main: 0.3632
2023-12-05 17:06:43[INFO]: [EPOCH=029]: auc: 0.8920 | acc: 0.8134 | rmse: 0.3662
2023-12-05 17:06:45[INFO]: Update best epoch as [30] for auc!
2023-12-05 17:06:45[INFO]: [EPOCH=030]: loss_main: 0.3534
2023-12-05 17:06:45[INFO]: [EPOCH=030]: auc: 0.8926 | acc: 0.8153 | rmse: 0.3639
2023-12-05 17:06:47[INFO]: Update best epoch as [31] for auc!
2023-12-05 17:06:47[INFO]: [EPOCH=031]: loss_main: 0.3475
2023-12-05 17:06:47[INFO]: [EPOCH=031]: auc: 0.8930 | acc: 0.8176 | rmse: 0.3625
2023-12-05 17:06:49[INFO]: Update best epoch as [32] for auc!
2023-12-05 17:06:49[INFO]: [EPOCH=032]: loss_main: 0.3361
2023-12-05 17:06:49[INFO]: [EPOCH=032]: auc: 0.8936 | acc: 0.8190 | rmse: 0.3622
2023-12-05 17:06:50[INFO]: Update best epoch as [33] for auc!
2023-12-05 17:06:50[INFO]: [EPOCH=033]: loss_main: 0.3316
2023-12-05 17:06:50[INFO]: [EPOCH=033]: auc: 0.8942 | acc: 0.8186 | rmse: 0.3605
2023-12-05 17:06:52[INFO]: Update best epoch as [34] for auc!
2023-12-05 17:06:52[INFO]: [EPOCH=034]: loss_main: 0.3265
2023-12-05 17:06:52[INFO]: [EPOCH=034]: auc: 0.8945 | acc: 0.8223 | rmse: 0.3600
2023-12-05 17:06:54[INFO]: Update best epoch as [35] for auc!
2023-12-05 17:06:54[INFO]: [EPOCH=035]: loss_main: 0.3174
2023-12-05 17:06:54[INFO]: [EPOCH=035]: auc: 0.8948 | acc: 0.8251 | rmse: 0.3610
2023-12-05 17:06:56[INFO]: Update best epoch as [36] for auc!
2023-12-05 17:06:56[INFO]: [EPOCH=036]: loss_main: 0.3130
2023-12-05 17:06:56[INFO]: [EPOCH=036]: auc: 0.8952 | acc: 0.8195 | rmse: 0.3604
2023-12-05 17:06:58[INFO]: Update best epoch as [37] for auc!
2023-12-05 17:06:58[INFO]: [EPOCH=037]: loss_main: 0.3102
2023-12-05 17:06:58[INFO]: [EPOCH=037]: auc: 0.8955 | acc: 0.8246 | rmse: 0.3587
2023-12-05 17:07:00[INFO]: Update best epoch as [38] for auc!
2023-12-05 17:07:00[INFO]: [EPOCH=038]: loss_main: 0.3011
2023-12-05 17:07:00[INFO]: [EPOCH=038]: auc: 0.8957 | acc: 0.8293 | rmse: 0.3586
2023-12-05 17:07:02[INFO]: Update best epoch as [39] for auc!
2023-12-05 17:07:02[INFO]: [EPOCH=039]: loss_main: 0.2988
2023-12-05 17:07:02[INFO]: [EPOCH=039]: auc: 0.8960 | acc: 0.8312 | rmse: 0.3581
2023-12-05 17:07:03[INFO]: Update best epoch as [40] for auc!
2023-12-05 17:07:03[INFO]: [EPOCH=040]: loss_main: 0.2924
2023-12-05 17:07:03[INFO]: [EPOCH=040]: auc: 0.8962 | acc: 0.8195 | rmse: 0.3613
2023-12-05 17:07:05[INFO]: Update best epoch as [41] for auc!
2023-12-05 17:07:05[INFO]: [EPOCH=041]: loss_main: 0.2898
2023-12-05 17:07:05[INFO]: [EPOCH=041]: auc: 0.8963 | acc: 0.8302 | rmse: 0.3575
2023-12-05 17:07:07[INFO]: Update best epoch as [42] for auc!
2023-12-05 17:07:07[INFO]: [EPOCH=042]: loss_main: 0.2843
2023-12-05 17:07:07[INFO]: [EPOCH=042]: auc: 0.8965 | acc: 0.8228 | rmse: 0.3597
2023-12-05 17:07:09[INFO]: Update best epoch as [43] for auc!
2023-12-05 17:07:09[INFO]: [EPOCH=043]: loss_main: 0.2811
2023-12-05 17:07:09[INFO]: [EPOCH=043]: auc: 0.8965 | acc: 0.8312 | rmse: 0.3574
2023-12-05 17:07:11[INFO]: Update best epoch as [44] for auc!
2023-12-05 17:07:11[INFO]: [EPOCH=044]: loss_main: 0.2779
2023-12-05 17:07:11[INFO]: [EPOCH=044]: auc: 0.8966 | acc: 0.8284 | rmse: 0.3605
2023-12-05 17:07:12[INFO]: [EPOCH=045]: loss_main: 0.2721
2023-12-05 17:07:12[INFO]: [EPOCH=045]: auc: 0.8965 | acc: 0.8316 | rmse: 0.3574
2023-12-05 17:07:14[INFO]: [EPOCH=046]: loss_main: 0.2687
2023-12-05 17:07:14[INFO]: [EPOCH=046]: auc: 0.8965 | acc: 0.8298 | rmse: 0.3587
2023-12-05 17:07:16[INFO]: [EPOCH=047]: loss_main: 0.2639
2023-12-05 17:07:16[INFO]: [EPOCH=047]: auc: 0.8964 | acc: 0.8330 | rmse: 0.3576
2023-12-05 17:07:18[INFO]: [EPOCH=048]: loss_main: 0.2582
2023-12-05 17:07:18[INFO]: [EPOCH=048]: auc: 0.8964 | acc: 0.8312 | rmse: 0.3595
2023-12-05 17:07:19[INFO]: [EPOCH=049]: loss_main: 0.2570
2023-12-05 17:07:19[INFO]: [EPOCH=049]: auc: 0.8963 | acc: 0.8321 | rmse: 0.3575
2023-12-05 17:07:21[INFO]: [EPOCH=050]: loss_main: 0.2504
2023-12-05 17:07:21[INFO]: [EPOCH=050]: auc: 0.8961 | acc: 0.8265 | rmse: 0.3596
2023-12-05 17:07:22[INFO]: [EPOCH=051]: loss_main: 0.2498
2023-12-05 17:07:22[INFO]: [EPOCH=051]: auc: 0.8959 | acc: 0.8298 | rmse: 0.3589
2023-12-05 17:07:24[INFO]: [EPOCH=052]: loss_main: 0.2427
2023-12-05 17:07:24[INFO]: [EPOCH=052]: auc: 0.8958 | acc: 0.8284 | rmse: 0.3598
2023-12-05 17:07:25[INFO]: [EPOCH=053]: loss_main: 0.2381
2023-12-05 17:07:25[INFO]: [EPOCH=053]: auc: 0.8955 | acc: 0.8316 | rmse: 0.3596
2023-12-05 17:07:27[INFO]: Suggest to stop training now
2023-12-05 17:07:27[INFO]: [EPOCH=054]: loss_main: 0.2361
2023-12-05 17:07:27[INFO]: [EPOCH=054]: auc: 0.8954 | acc: 0.8335 | rmse: 0.3601
2023-12-05 17:07:27[INFO]: ==============================
2023-12-05 17:07:27[INFO]: [For auc], the Best Epoch is: 44, the value=0.8966
2023-12-05 17:07:27[INFO]: [EPOCH=044]: loss_main: 0.2779
2023-12-05 17:07:27[INFO]: [EPOCH=044]: auc: 0.8966 | acc: 0.8284 | rmse: 0.3605
2023-12-05 17:07:27[INFO]: ==============================
2023-12-05 17:07:27[INFO]: Training Completed!
2023-12-05 17:07:27[INFO]: auc: 0.8965665591852942
2023-12-05 17:07:27[INFO]: acc: 0.8283582089552238
2023-12-05 17:07:27[INFO]: rmse: 0.36047123521626884
2023-12-05 17:07:27[INFO]: ====================
2023-12-05 17:07:27[INFO]: ====== [FOLD ID]: 4 ======
2023-12-05 17:07:27[INFO]: [CALLBACK]-ModelCheckPoint has been registered!
2023-12-05 17:07:27[INFO]: [CALLBACK]-EarlyStopping has been registered!
2023-12-05 17:07:27[INFO]: [CALLBACK]-History has been registered!
2023-12-05 17:07:27[INFO]: [CALLBACK]-BaseLogger has been registered!
2023-12-05 17:07:27[INFO]: Start Training...
2023-12-05 17:07:29[INFO]: Update best epoch as [1] for auc!
2023-12-05 17:07:29[INFO]: [EPOCH=001]: loss_main: 2.1326
2023-12-05 17:07:29[INFO]: [EPOCH=001]: auc: 0.4027 | acc: 0.5331 | rmse: 0.5044
2023-12-05 17:07:30[INFO]: Update best epoch as [2] for auc!
2023-12-05 17:07:30[INFO]: [EPOCH=002]: loss_main: 0.6962
2023-12-05 17:07:30[INFO]: [EPOCH=002]: auc: 0.4293 | acc: 0.5331 | rmse: 0.4995
2023-12-05 17:07:32[INFO]: Update best epoch as [3] for auc!
2023-12-05 17:07:32[INFO]: [EPOCH=003]: loss_main: 0.6934
2023-12-05 17:07:32[INFO]: [EPOCH=003]: auc: 0.4505 | acc: 0.5331 | rmse: 0.4989
2023-12-05 17:07:33[INFO]: Update best epoch as [4] for auc!
2023-12-05 17:07:33[INFO]: [EPOCH=004]: loss_main: 0.6923
2023-12-05 17:07:33[INFO]: [EPOCH=004]: auc: 0.4610 | acc: 0.5331 | rmse: 0.4995
2023-12-05 17:07:35[INFO]: Update best epoch as [5] for auc!
2023-12-05 17:07:35[INFO]: [EPOCH=005]: loss_main: 0.6925
2023-12-05 17:07:35[INFO]: [EPOCH=005]: auc: 0.4634 | acc: 0.5331 | rmse: 0.5012
2023-12-05 17:07:37[INFO]: Update best epoch as [6] for auc!
2023-12-05 17:07:37[INFO]: [EPOCH=006]: loss_main: 0.6920
2023-12-05 17:07:37[INFO]: [EPOCH=006]: auc: 0.4728 | acc: 0.5331 | rmse: 0.4989
2023-12-05 17:07:38[INFO]: Update best epoch as [7] for auc!
2023-12-05 17:07:38[INFO]: [EPOCH=007]: loss_main: 0.6927
2023-12-05 17:07:38[INFO]: [EPOCH=007]: auc: 0.4801 | acc: 0.5331 | rmse: 0.4989
2023-12-05 17:07:40[INFO]: Update best epoch as [8] for auc!
2023-12-05 17:07:40[INFO]: [EPOCH=008]: loss_main: 0.6928
2023-12-05 17:07:40[INFO]: [EPOCH=008]: auc: 0.5318 | acc: 0.5331 | rmse: 0.5032
2023-12-05 17:07:42[INFO]: Update best epoch as [9] for auc!
2023-12-05 17:07:42[INFO]: [EPOCH=009]: loss_main: 0.6926
2023-12-05 17:07:42[INFO]: [EPOCH=009]: auc: 0.6376 | acc: 0.5331 | rmse: 0.4989
2023-12-05 17:07:44[INFO]: Update best epoch as [10] for auc!
2023-12-05 17:07:44[INFO]: [EPOCH=010]: loss_main: 0.6934
2023-12-05 17:07:44[INFO]: [EPOCH=010]: auc: 0.6973 | acc: 0.5331 | rmse: 0.4988
2023-12-05 17:07:46[INFO]: Update best epoch as [11] for auc!
2023-12-05 17:07:46[INFO]: [EPOCH=011]: loss_main: 0.6924
2023-12-05 17:07:46[INFO]: [EPOCH=011]: auc: 0.7252 | acc: 0.5331 | rmse: 0.4989
2023-12-05 17:07:48[INFO]: Update best epoch as [12] for auc!
2023-12-05 17:07:48[INFO]: [EPOCH=012]: loss_main: 0.6922
2023-12-05 17:07:48[INFO]: [EPOCH=012]: auc: 0.7411 | acc: 0.5331 | rmse: 0.4983
2023-12-05 17:07:50[INFO]: Update best epoch as [13] for auc!
2023-12-05 17:07:50[INFO]: [EPOCH=013]: loss_main: 0.6897
2023-12-05 17:07:50[INFO]: [EPOCH=013]: auc: 0.7465 | acc: 0.5331 | rmse: 0.4972
2023-12-05 17:07:51[INFO]: Update best epoch as [14] for auc!
2023-12-05 17:07:51[INFO]: [EPOCH=014]: loss_main: 0.6879
2023-12-05 17:07:51[INFO]: [EPOCH=014]: auc: 0.7537 | acc: 0.5331 | rmse: 0.4994
2023-12-05 17:07:52[INFO]: Update best epoch as [15] for auc!
2023-12-05 17:07:52[INFO]: [EPOCH=015]: loss_main: 0.6824
2023-12-05 17:07:52[INFO]: [EPOCH=015]: auc: 0.7664 | acc: 0.5331 | rmse: 0.4927
2023-12-05 17:07:54[INFO]: Update best epoch as [16] for auc!
2023-12-05 17:07:54[INFO]: [EPOCH=016]: loss_main: 0.6772
2023-12-05 17:07:54[INFO]: [EPOCH=016]: auc: 0.7800 | acc: 0.5331 | rmse: 0.4940
2023-12-05 17:07:55[INFO]: Update best epoch as [17] for auc!
2023-12-05 17:07:55[INFO]: [EPOCH=017]: loss_main: 0.6652
2023-12-05 17:07:55[INFO]: [EPOCH=017]: auc: 0.7922 | acc: 0.5331 | rmse: 0.4853
2023-12-05 17:07:57[INFO]: Update best epoch as [18] for auc!
2023-12-05 17:07:57[INFO]: [EPOCH=018]: loss_main: 0.6509
2023-12-05 17:07:57[INFO]: [EPOCH=018]: auc: 0.8026 | acc: 0.7575 | rmse: 0.4741
2023-12-05 17:07:58[INFO]: Update best epoch as [19] for auc!
2023-12-05 17:07:58[INFO]: [EPOCH=019]: loss_main: 0.6283
2023-12-05 17:07:58[INFO]: [EPOCH=019]: auc: 0.8129 | acc: 0.6581 | rmse: 0.4653
2023-12-05 17:08:00[INFO]: Update best epoch as [20] for auc!
2023-12-05 17:08:00[INFO]: [EPOCH=020]: loss_main: 0.6052
2023-12-05 17:08:00[INFO]: [EPOCH=020]: auc: 0.8239 | acc: 0.7654 | rmse: 0.4503
2023-12-05 17:08:01[INFO]: Update best epoch as [21] for auc!
2023-12-05 17:08:01[INFO]: [EPOCH=021]: loss_main: 0.5746
2023-12-05 17:08:01[INFO]: [EPOCH=021]: auc: 0.8379 | acc: 0.7775 | rmse: 0.4360
2023-12-05 17:08:03[INFO]: Update best epoch as [22] for auc!
2023-12-05 17:08:03[INFO]: [EPOCH=022]: loss_main: 0.5415
2023-12-05 17:08:03[INFO]: [EPOCH=022]: auc: 0.8556 | acc: 0.7812 | rmse: 0.4216
2023-12-05 17:08:04[INFO]: Update best epoch as [23] for auc!
2023-12-05 17:08:04[INFO]: [EPOCH=023]: loss_main: 0.5058
2023-12-05 17:08:04[INFO]: [EPOCH=023]: auc: 0.8728 | acc: 0.7966 | rmse: 0.4044
2023-12-05 17:08:06[INFO]: Update best epoch as [24] for auc!
2023-12-05 17:08:06[INFO]: [EPOCH=024]: loss_main: 0.4711
2023-12-05 17:08:06[INFO]: [EPOCH=024]: auc: 0.8849 | acc: 0.8027 | rmse: 0.3908
2023-12-05 17:08:08[INFO]: Update best epoch as [25] for auc!
2023-12-05 17:08:08[INFO]: [EPOCH=025]: loss_main: 0.4391
2023-12-05 17:08:08[INFO]: [EPOCH=025]: auc: 0.8921 | acc: 0.8083 | rmse: 0.3787
2023-12-05 17:08:10[INFO]: Update best epoch as [26] for auc!
2023-12-05 17:08:10[INFO]: [EPOCH=026]: loss_main: 0.4165
2023-12-05 17:08:10[INFO]: [EPOCH=026]: auc: 0.8957 | acc: 0.8120 | rmse: 0.3756
2023-12-05 17:08:12[INFO]: Update best epoch as [27] for auc!
2023-12-05 17:08:12[INFO]: [EPOCH=027]: loss_main: 0.3937
2023-12-05 17:08:12[INFO]: [EPOCH=027]: auc: 0.8975 | acc: 0.8186 | rmse: 0.3658
2023-12-05 17:08:14[INFO]: Update best epoch as [28] for auc!
2023-12-05 17:08:14[INFO]: [EPOCH=028]: loss_main: 0.3782
2023-12-05 17:08:14[INFO]: [EPOCH=028]: auc: 0.8988 | acc: 0.8176 | rmse: 0.3611
2023-12-05 17:08:15[INFO]: Update best epoch as [29] for auc!
2023-12-05 17:08:15[INFO]: [EPOCH=029]: loss_main: 0.3706
2023-12-05 17:08:15[INFO]: [EPOCH=029]: auc: 0.8997 | acc: 0.8218 | rmse: 0.3583
2023-12-05 17:08:17[INFO]: Update best epoch as [30] for auc!
2023-12-05 17:08:17[INFO]: [EPOCH=030]: loss_main: 0.3600
2023-12-05 17:08:17[INFO]: [EPOCH=030]: auc: 0.9003 | acc: 0.8209 | rmse: 0.3566
2023-12-05 17:08:19[INFO]: Update best epoch as [31] for auc!
2023-12-05 17:08:19[INFO]: [EPOCH=031]: loss_main: 0.3487
2023-12-05 17:08:19[INFO]: [EPOCH=031]: auc: 0.9009 | acc: 0.8284 | rmse: 0.3550
2023-12-05 17:08:21[INFO]: Update best epoch as [32] for auc!
2023-12-05 17:08:21[INFO]: [EPOCH=032]: loss_main: 0.3421
2023-12-05 17:08:21[INFO]: [EPOCH=032]: auc: 0.9015 | acc: 0.8260 | rmse: 0.3536
2023-12-05 17:08:23[INFO]: Update best epoch as [33] for auc!
2023-12-05 17:08:23[INFO]: [EPOCH=033]: loss_main: 0.3381
2023-12-05 17:08:23[INFO]: [EPOCH=033]: auc: 0.9021 | acc: 0.8312 | rmse: 0.3531
2023-12-05 17:08:25[INFO]: Update best epoch as [34] for auc!
2023-12-05 17:08:25[INFO]: [EPOCH=034]: loss_main: 0.3318
2023-12-05 17:08:25[INFO]: [EPOCH=034]: auc: 0.9025 | acc: 0.8316 | rmse: 0.3523
2023-12-05 17:08:27[INFO]: Update best epoch as [35] for auc!
2023-12-05 17:08:27[INFO]: [EPOCH=035]: loss_main: 0.3270
2023-12-05 17:08:27[INFO]: [EPOCH=035]: auc: 0.9030 | acc: 0.8307 | rmse: 0.3511
2023-12-05 17:08:29[INFO]: Update best epoch as [36] for auc!
2023-12-05 17:08:29[INFO]: [EPOCH=036]: loss_main: 0.3186
2023-12-05 17:08:29[INFO]: [EPOCH=036]: auc: 0.9033 | acc: 0.8335 | rmse: 0.3518
2023-12-05 17:08:30[INFO]: Update best epoch as [37] for auc!
2023-12-05 17:08:30[INFO]: [EPOCH=037]: loss_main: 0.3133
2023-12-05 17:08:30[INFO]: [EPOCH=037]: auc: 0.9037 | acc: 0.8312 | rmse: 0.3501
2023-12-05 17:08:32[INFO]: Update best epoch as [38] for auc!
2023-12-05 17:08:32[INFO]: [EPOCH=038]: loss_main: 0.3085
2023-12-05 17:08:32[INFO]: [EPOCH=038]: auc: 0.9041 | acc: 0.8344 | rmse: 0.3497
2023-12-05 17:08:34[INFO]: Update best epoch as [39] for auc!
2023-12-05 17:08:34[INFO]: [EPOCH=039]: loss_main: 0.3028
2023-12-05 17:08:34[INFO]: [EPOCH=039]: auc: 0.9044 | acc: 0.8344 | rmse: 0.3489
2023-12-05 17:08:36[INFO]: Update best epoch as [40] for auc!
2023-12-05 17:08:36[INFO]: [EPOCH=040]: loss_main: 0.2989
2023-12-05 17:08:36[INFO]: [EPOCH=040]: auc: 0.9046 | acc: 0.8344 | rmse: 0.3489
2023-12-05 17:08:38[INFO]: Update best epoch as [41] for auc!
2023-12-05 17:08:38[INFO]: [EPOCH=041]: loss_main: 0.2946
2023-12-05 17:08:38[INFO]: [EPOCH=041]: auc: 0.9048 | acc: 0.8382 | rmse: 0.3477
2023-12-05 17:08:40[INFO]: Update best epoch as [42] for auc!
2023-12-05 17:08:40[INFO]: [EPOCH=042]: loss_main: 0.2892
2023-12-05 17:08:40[INFO]: [EPOCH=042]: auc: 0.9050 | acc: 0.8391 | rmse: 0.3477
2023-12-05 17:08:42[INFO]: Update best epoch as [43] for auc!
2023-12-05 17:08:42[INFO]: [EPOCH=043]: loss_main: 0.2849
2023-12-05 17:08:42[INFO]: [EPOCH=043]: auc: 0.9051 | acc: 0.8391 | rmse: 0.3490
2023-12-05 17:08:43[INFO]: Update best epoch as [44] for auc!
2023-12-05 17:08:43[INFO]: [EPOCH=044]: loss_main: 0.2797
2023-12-05 17:08:43[INFO]: [EPOCH=044]: auc: 0.9053 | acc: 0.8382 | rmse: 0.3472
2023-12-05 17:08:45[INFO]: Update best epoch as [45] for auc!
2023-12-05 17:08:45[INFO]: [EPOCH=045]: loss_main: 0.2806
2023-12-05 17:08:45[INFO]: [EPOCH=045]: auc: 0.9053 | acc: 0.8391 | rmse: 0.3474
2023-12-05 17:08:47[INFO]: Update best epoch as [46] for auc!
2023-12-05 17:08:47[INFO]: [EPOCH=046]: loss_main: 0.2731
2023-12-05 17:08:47[INFO]: [EPOCH=046]: auc: 0.9054 | acc: 0.8414 | rmse: 0.3468
2023-12-05 17:08:48[INFO]: [EPOCH=047]: loss_main: 0.2678
2023-12-05 17:08:48[INFO]: [EPOCH=047]: auc: 0.9054 | acc: 0.8382 | rmse: 0.3480
2023-12-05 17:08:50[INFO]: [EPOCH=048]: loss_main: 0.2640
2023-12-05 17:08:50[INFO]: [EPOCH=048]: auc: 0.9053 | acc: 0.8349 | rmse: 0.3519
2023-12-05 17:08:52[INFO]: [EPOCH=049]: loss_main: 0.2607
2023-12-05 17:08:52[INFO]: [EPOCH=049]: auc: 0.9053 | acc: 0.8419 | rmse: 0.3489
2023-12-05 17:08:53[INFO]: [EPOCH=050]: loss_main: 0.2537
2023-12-05 17:08:53[INFO]: [EPOCH=050]: auc: 0.9053 | acc: 0.8438 | rmse: 0.3481
2023-12-05 17:08:55[INFO]: [EPOCH=051]: loss_main: 0.2499
2023-12-05 17:08:55[INFO]: [EPOCH=051]: auc: 0.9050 | acc: 0.8433 | rmse: 0.3488
2023-12-05 17:08:56[INFO]: [EPOCH=052]: loss_main: 0.2504
2023-12-05 17:08:56[INFO]: [EPOCH=052]: auc: 0.9047 | acc: 0.8363 | rmse: 0.3507
2023-12-05 17:08:58[INFO]: [EPOCH=053]: loss_main: 0.2447
2023-12-05 17:08:58[INFO]: [EPOCH=053]: auc: 0.9046 | acc: 0.8424 | rmse: 0.3481
2023-12-05 17:09:00[INFO]: [EPOCH=054]: loss_main: 0.2392
2023-12-05 17:09:00[INFO]: [EPOCH=054]: auc: 0.9044 | acc: 0.8340 | rmse: 0.3519
2023-12-05 17:09:02[INFO]: [EPOCH=055]: loss_main: 0.2371
2023-12-05 17:09:02[INFO]: [EPOCH=055]: auc: 0.9040 | acc: 0.8424 | rmse: 0.3498
2023-12-05 17:09:04[INFO]: Suggest to stop training now
2023-12-05 17:09:04[INFO]: [EPOCH=056]: loss_main: 0.2312
2023-12-05 17:09:04[INFO]: [EPOCH=056]: auc: 0.9038 | acc: 0.8433 | rmse: 0.3493
2023-12-05 17:09:04[INFO]: ==============================
2023-12-05 17:09:04[INFO]: [For auc], the Best Epoch is: 46, the value=0.9054
2023-12-05 17:09:04[INFO]: [EPOCH=046]: loss_main: 0.2731
2023-12-05 17:09:04[INFO]: [EPOCH=046]: auc: 0.9054 | acc: 0.8414 | rmse: 0.3468
2023-12-05 17:09:04[INFO]: ==============================
2023-12-05 17:09:04[INFO]: Training Completed!
2023-12-05 17:09:04[INFO]: auc: 0.9054121731287085
2023-12-05 17:09:04[INFO]: acc: 0.8414179104477612
2023-12-05 17:09:04[INFO]: rmse: 0.34675551109156166
2023-12-05 17:09:04[INFO]: ====================
2023-12-05 17:09:04[INFO]: All Fold Mean auc = 0.9043963015845196
2023-12-05 17:09:04[INFO]: All Fold Mean acc = 0.836473880597015
2023-12-05 17:09:04[INFO]: All Fold Mean rmse = 0.3506051540996096
2023-12-05 17:09:04[INFO]: Task: 2023-12-05-170103 Completed!
