2023-12-14 13:31:08[INFO]: ============================================================
2023-12-14 13:31:08[INFO]: [ID]: 2023-12-14-133100
2023-12-14 13:31:08[INFO]: [DATASET]: ASSIST_0910
2023-12-14 13:31:08[INFO]: [ARGV]: ['run_iekt_demo.py']
2023-12-14 13:31:08[INFO]: [ALL_CFG]: 
{
    "traintpl_cfg": {
        "cls": "EduTrainTPL",
        "num_stop_rounds": 10,
        "early_stop_metrics": [
            [
                "auc",
                "max"
            ]
        ],
        "best_epoch_metric": "auc",
        "unsave_best_epoch_pth": true,
        "ignore_metrics_in_train": [],
        "batch_size": 32,
        "device": "cuda:0",
        "epoch_num": 100,
        "eval_batch_size": 2048,
        "num_workers": 0,
        "lr": 0.001,
        "optim": "adam",
        "eps": 1e-08,
        "weight_decay": 0.0,
        "seed": 2023
    },
    "datatpl_cfg": {
        "cls": "KTInterExtendsQDataTPL",
        "mid2cache_op_seq": [
            "M2C_Label2Int",
            "M2C_ReMapId",
            "M2C_BuildSeqInterFeats",
            "M2C_GenCptSeq"
        ],
        "exer_exclude_feat_names": [],
        "stu_exclude_feat_names": [],
        "seperator": ",",
        "n_folds": 1,
        "is_dataset_divided": false,
        "is_save_cache": false,
        "cache_id": "cache_default",
        "load_data_from": "middata",
        "inter_exclude_feat_names": [],
        "raw2mid_op": null,
        "seed": 2023,
        "M2C_Label2Int": {},
        "M2C_ReMapId": {
            "share_id_columns": [],
            "ignore_columns": "{'order_id:token'}"
        },
        "M2C_BuildSeqInterFeats": {
            "seed": 2023,
            "divide_by": "stu",
            "window_size": 100,
            "divide_scale_list": [
                7,
                1,
                2
            ],
            "extra_inter_feats": []
        },
        "M2C_GenCptSeq": {
            "cpt_seq_window_size": -1
        }
    },
    "modeltpl_cfg": {
        "cls": "IEKT",
        "d_q": 64,
        "d_c": 64,
        "d_m": 128,
        "d_s": 128,
        "d_h": 64,
        "n_cog_level": 10,
        "n_acq_level": 10,
        "dropout_rate": 0.0,
        "gamma": 0.93,
        "lambda": 40.0,
        "param_init_type": "xavier_normal",
        "pretrained_file_path": ""
    },
    "evaltpl_cfg": {
        "clses": [
            "BinaryClassificationEvalTPL"
        ],
        "BinaryClassificationEvalTPL": {
            "use_metrics": [
                "auc",
                "acc",
                "rmse"
            ]
        }
    },
    "frame_cfg": {
        "ARCHIVE_FOLDER_PATH": "/lijinglong/Projects/EduStudio-main/examples/single_model/archive",
        "CFG_FOLDER_PATH": "/lijinglong/Projects/EduStudio-main/examples/single_model/conf",
        "DATA_FOLDER_PATH": "/lijinglong/Projects/EduStudio-main/examples/single_model/data",
        "DISABLE_LOG_STDOUT": false,
        "DISABLE_TQDM_BAR": false,
        "DT_INFO_DICT": {},
        "DT_INFO_FILE_PATH": "/lijinglong/Projects/EduStudio-main/edustudio/assets/datasets.yaml",
        "ID": "2023-12-14-133100",
        "LOG_WITHOUT_DATE": false,
        "TEMP_FOLDER_PATH": "/lijinglong/Projects/EduStudio-main/examples/single_model/temp",
        "TQDM_NCOLS": 100,
        "WORK_DIR": "/lijinglong/Projects/EduStudio-main/examples/single_model",
        "data_folder_path": "/lijinglong/Projects/EduStudio-main/examples/single_model/data/ASSIST_0910",
        "temp_folder_path": "/lijinglong/Projects/EduStudio-main/examples/single_model/temp/ASSIST_0910/EduTrainTPL/IEKT/2023-12-14-133100",
        "archive_folder_path": "/lijinglong/Projects/EduStudio-main/examples/single_model/archive/ASSIST_0910/EduTrainTPL/IEKT"
    },
    "dataset": "ASSIST_0910",
    "logger": "<Logger edustudio (DEBUG)>"
}
2023-12-14 13:31:09[INFO]: ============================================================
2023-12-14 13:31:16[INFO]: {'real_window_size': 100, 'stu_count': 4163, 'exer_count': 16988, 'cpt_count': 122}
2023-12-14 13:31:16[INFO]: TrainTPL <class 'edustudio.traintpl.edu_traintpl.EduTrainTPL'> Started!
2023-12-14 13:31:18[INFO]: ====== [FOLD ID]: 0 ======
2023-12-14 13:31:18[INFO]: [CALLBACK]-ModelCheckPoint has been registered!
2023-12-14 13:31:18[INFO]: [CALLBACK]-EarlyStopping has been registered!
2023-12-14 13:31:18[INFO]: [CALLBACK]-History has been registered!
2023-12-14 13:31:18[INFO]: [CALLBACK]-BaseLogger has been registered!
2023-12-14 13:31:18[INFO]: Start Training...
2023-12-14 13:35:33[INFO]: Update best epoch as [1] for auc!
2023-12-14 13:35:34[INFO]: [EPOCH=001]: loss_main: 22.7278
2023-12-14 13:35:34[INFO]: [EPOCH=001]: auc: 0.7489 | acc: 0.7268 | rmse: 0.4292
2023-12-14 13:39:47[INFO]: Update best epoch as [2] for auc!
2023-12-14 13:39:47[INFO]: [EPOCH=002]: loss_main: 24.3925
2023-12-14 13:39:47[INFO]: [EPOCH=002]: auc: 0.7625 | acc: 0.7264 | rmse: 0.4264
2023-12-14 13:45:08[INFO]: Update best epoch as [3] for auc!
2023-12-14 13:45:08[INFO]: [EPOCH=003]: loss_main: 24.6519
2023-12-14 13:45:08[INFO]: [EPOCH=003]: auc: 0.7690 | acc: 0.7337 | rmse: 0.4217
2023-12-14 13:52:17[INFO]: [EPOCH=004]: loss_main: 25.0653
2023-12-14 13:52:17[INFO]: [EPOCH=004]: auc: 0.7627 | acc: 0.7295 | rmse: 0.4248
2023-12-14 13:59:35[INFO]: [EPOCH=005]: loss_main: 25.6115
2023-12-14 13:59:35[INFO]: [EPOCH=005]: auc: 0.7646 | acc: 0.7308 | rmse: 0.4244
2023-12-14 14:06:57[INFO]: [EPOCH=006]: loss_main: 25.9766
2023-12-14 14:06:57[INFO]: [EPOCH=006]: auc: 0.7606 | acc: 0.7228 | rmse: 0.4310
2023-12-14 14:14:16[INFO]: [EPOCH=007]: loss_main: 26.5082
2023-12-14 14:14:16[INFO]: [EPOCH=007]: auc: 0.7520 | acc: 0.7189 | rmse: 0.4388
2023-12-14 14:21:35[INFO]: [EPOCH=008]: loss_main: 27.0353
2023-12-14 14:21:35[INFO]: [EPOCH=008]: auc: 0.7475 | acc: 0.7140 | rmse: 0.4447
2023-12-14 14:29:14[INFO]: [EPOCH=009]: loss_main: 27.7289
2023-12-14 14:29:14[INFO]: [EPOCH=009]: auc: 0.7502 | acc: 0.7072 | rmse: 0.4570
2023-12-14 14:36:46[INFO]: [EPOCH=010]: loss_main: 28.8892
2023-12-14 14:36:46[INFO]: [EPOCH=010]: auc: 0.7476 | acc: 0.7140 | rmse: 0.4599
2023-12-14 14:44:12[INFO]: [EPOCH=011]: loss_main: 28.7638
2023-12-14 14:44:12[INFO]: [EPOCH=011]: auc: 0.7403 | acc: 0.7047 | rmse: 0.4676
2023-12-14 14:48:24[INFO]: [EPOCH=012]: loss_main: 29.2712
2023-12-14 14:48:24[INFO]: [EPOCH=012]: auc: 0.7431 | acc: 0.6987 | rmse: 0.4803
2023-12-14 14:52:39[INFO]: Suggest to stop training now
2023-12-14 14:52:39[INFO]: [EPOCH=013]: loss_main: 29.6452
2023-12-14 14:52:39[INFO]: [EPOCH=013]: auc: 0.7365 | acc: 0.7014 | rmse: 0.4880
2023-12-14 14:52:39[INFO]: ==============================
2023-12-14 14:52:39[INFO]: [For auc], the Best Epoch is: 3, the value=0.7690
2023-12-14 14:52:39[INFO]: [EPOCH=003]: loss_main: 24.6519
2023-12-14 14:52:39[INFO]: [EPOCH=003]: auc: 0.7690 | acc: 0.7337 | rmse: 0.4217
2023-12-14 14:52:39[INFO]: ==============================
2023-12-14 14:52:39[INFO]: Training Completed!
2023-12-14 14:52:54[INFO]: auc: 0.7514040779172358
2023-12-14 14:52:54[INFO]: acc: 0.7212349123551889
2023-12-14 14:52:54[INFO]: rmse: 0.430890410923181
2023-12-14 14:52:54[INFO]: ====================
2023-12-14 14:52:54[INFO]: All Fold Mean auc = 0.7514040779172358
2023-12-14 14:52:54[INFO]: All Fold Mean acc = 0.7212349123551889
2023-12-14 14:52:54[INFO]: All Fold Mean rmse = 0.430890410923181
2023-12-14 14:52:54[INFO]: Task: 2023-12-14-133100 Completed!
