2023-12-04 19:42:00[INFO]: ============================================================
2023-12-04 19:42:00[INFO]: [ID]: 2023-12-04-194140
2023-12-04 19:42:00[INFO]: [DATASET]: ASSIST_0910
2023-12-04 19:42:00[INFO]: [ARGV]: ['run_dina_demo.py']
2023-12-04 19:42:00[INFO]: [ALL_CFG]: 
{
    "traintpl_cfg": {
        "cls": "EduTrainTPL",
        "num_stop_rounds": 10,
        "early_stop_metrics": [
            [
                "auc",
                "max"
            ]
        ],
        "best_epoch_metric": "auc",
        "unsave_best_epoch_pth": true,
        "ignore_metrics_in_train": [],
        "batch_size": 32,
        "device": "cpu",
        "epoch_num": 100,
        "eval_batch_size": 2048,
        "num_workers": 0,
        "lr": 0.001,
        "optim": "adam",
        "eps": 1e-08,
        "weight_decay": 0.0,
        "seed": 2023
    },
    "datatpl_cfg": {
        "cls": "CDInterExtendsQDataTPL",
        "mid2cache_op_seq": [
            "M2C_Label2Int",
            "M2C_FilterRecords4CD",
            "M2C_ReMapId",
            "M2C_RandomDataSplit4CD",
            "M2C_GenQMat"
        ],
        "exer_exclude_feat_names": [],
        "stu_exclude_feat_names": [],
        "seperator": ",",
        "n_folds": 5,
        "is_dataset_divided": false,
        "is_save_cache": false,
        "cache_id": "cache_default",
        "load_data_from": "middata",
        "inter_exclude_feat_names": [],
        "raw2mid_op": null,
        "seed": 2023,
        "M2C_Label2Int": {},
        "M2C_FilterRecords4CD": {
            "stu_least_records": 10,
            "exer_least_records": 0
        },
        "M2C_ReMapId": {
            "share_id_columns": [],
            "ignore_columns": "{'order_id:token'}"
        },
        "M2C_RandomDataSplit4CD": {
            "seed": 2023,
            "divide_scale_list": [
                7,
                1,
                2
            ]
        },
        "M2C_GenQMat": {}
    },
    "modeltpl_cfg": {
        "cls": "DINA",
        "step": 0,
        "max_step": 1000,
        "max_slip": 0.4,
        "max_guess": 0.4,
        "param_init_type": "xavier_normal",
        "pretrained_file_path": ""
    },
    "evaltpl_cfg": {
        "clses": [
            "BinaryClassificationEvalTPL",
            "CognitiveDiagnosisEvalTPL"
        ],
        "BinaryClassificationEvalTPL": {
            "use_metrics": [
                "auc",
                "acc",
                "rmse"
            ]
        },
        "CognitiveDiagnosisEvalTPL": {
            "use_metrics": [
                "doa_all"
            ],
            "test_only_metrics": [
                "doa_all"
            ]
        }
    },
    "frame_cfg": {
        "ARCHIVE_FOLDER_PATH": "/home/u2022171244/EduStudio-main/examples/single_model/archive",
        "CFG_FOLDER_PATH": "/home/u2022171244/EduStudio-main/examples/single_model/conf",
        "DATA_FOLDER_PATH": "/home/u2022171244/EduStudio-main/examples/single_model/data",
        "DISABLE_LOG_STDOUT": false,
        "DISABLE_TQDM_BAR": false,
        "DT_INFO_DICT": {},
        "DT_INFO_FILE_PATH": "/home/u2022171244/EduStudio-main/edustudio/assets/datasets.yaml",
        "ID": "2023-12-04-194140",
        "LOG_WITHOUT_DATE": false,
        "TEMP_FOLDER_PATH": "/home/u2022171244/EduStudio-main/examples/single_model/temp",
        "TQDM_NCOLS": 100,
        "WORK_DIR": "/home/u2022171244/EduStudio-main/examples/single_model",
        "data_folder_path": "/home/u2022171244/EduStudio-main/examples/single_model/data/ASSIST_0910",
        "temp_folder_path": "/home/u2022171244/EduStudio-main/examples/single_model/temp/ASSIST_0910/EduTrainTPL/DINA/2023-12-04-194140",
        "archive_folder_path": "/home/u2022171244/EduStudio-main/examples/single_model/archive/ASSIST_0910/EduTrainTPL/DINA"
    },
    "dataset": "ASSIST_0910",
    "logger": "<Logger edustudio (DEBUG)>"
}
2023-12-04 19:42:00[INFO]: ============================================================
2023-12-04 19:42:05[INFO]: {'stu_count': 2993, 'exer_count': 16936, 'cpt_count': 122}
2023-12-04 19:42:05[INFO]: TrainTPL <class 'edustudio.traintpl.edu_traintpl.EduTrainTPL'> Started!
2023-12-04 19:42:06[INFO]: ====== [FOLD ID]: 0 ======
2023-12-04 19:42:06[INFO]: [CALLBACK]-ModelCheckPoint has been registered!
2023-12-04 19:42:06[INFO]: [CALLBACK]-EarlyStopping has been registered!
2023-12-04 19:42:06[INFO]: [CALLBACK]-History has been registered!
2023-12-04 19:42:06[INFO]: [CALLBACK]-BaseLogger has been registered!
2023-12-04 19:42:06[INFO]: Start Training...
2023-12-04 19:42:48[INFO]: Update best epoch as [1] for auc!
2023-12-04 19:42:48[INFO]: [EPOCH=001]: loss_main: 0.6866
2023-12-04 19:42:48[INFO]: [EPOCH=001]: auc: 0.6949 | acc: 0.6543 | rmse: 0.4945
2023-12-04 19:43:32[INFO]: Update best epoch as [2] for auc!
2023-12-04 19:43:32[INFO]: [EPOCH=002]: loss_main: 0.6712
2023-12-04 19:43:32[INFO]: [EPOCH=002]: auc: 0.7068 | acc: 0.6697 | rmse: 0.4832
2023-12-04 19:44:15[INFO]: Update best epoch as [3] for auc!
2023-12-04 19:44:15[INFO]: [EPOCH=003]: loss_main: 0.6582
2023-12-04 19:44:15[INFO]: [EPOCH=003]: auc: 0.7102 | acc: 0.6734 | rmse: 0.4794
2023-12-04 19:44:59[INFO]: Update best epoch as [4] for auc!
2023-12-04 19:44:59[INFO]: [EPOCH=004]: loss_main: 0.6472
2023-12-04 19:44:59[INFO]: [EPOCH=004]: auc: 0.7121 | acc: 0.6751 | rmse: 0.4773
2023-12-04 19:45:42[INFO]: Update best epoch as [5] for auc!
2023-12-04 19:45:42[INFO]: [EPOCH=005]: loss_main: 0.6376
2023-12-04 19:45:42[INFO]: [EPOCH=005]: auc: 0.7134 | acc: 0.6760 | rmse: 0.4761
2023-12-04 19:46:26[INFO]: Update best epoch as [6] for auc!
2023-12-04 19:46:26[INFO]: [EPOCH=006]: loss_main: 0.6296
2023-12-04 19:46:26[INFO]: [EPOCH=006]: auc: 0.7145 | acc: 0.6771 | rmse: 0.4751
2023-12-04 19:47:10[INFO]: Update best epoch as [7] for auc!
2023-12-04 19:47:10[INFO]: [EPOCH=007]: loss_main: 0.6228
2023-12-04 19:47:10[INFO]: [EPOCH=007]: auc: 0.7152 | acc: 0.6773 | rmse: 0.4746
2023-12-04 19:47:53[INFO]: Update best epoch as [8] for auc!
2023-12-04 19:47:53[INFO]: [EPOCH=008]: loss_main: 0.6171
2023-12-04 19:47:53[INFO]: [EPOCH=008]: auc: 0.7155 | acc: 0.6765 | rmse: 0.4747
2023-12-04 19:48:37[INFO]: Update best epoch as [9] for auc!
2023-12-04 19:48:37[INFO]: [EPOCH=009]: loss_main: 0.6118
2023-12-04 19:48:37[INFO]: [EPOCH=009]: auc: 0.7163 | acc: 0.6766 | rmse: 0.4745
2023-12-04 19:49:20[INFO]: Update best epoch as [10] for auc!
2023-12-04 19:49:20[INFO]: [EPOCH=010]: loss_main: 0.6066
2023-12-04 19:49:20[INFO]: [EPOCH=010]: auc: 0.7164 | acc: 0.6760 | rmse: 0.4748
2023-12-04 19:50:04[INFO]: Update best epoch as [11] for auc!
2023-12-04 19:50:04[INFO]: [EPOCH=011]: loss_main: 0.6035
2023-12-04 19:50:04[INFO]: [EPOCH=011]: auc: 0.7175 | acc: 0.6765 | rmse: 0.4744
2023-12-04 19:50:47[INFO]: Update best epoch as [12] for auc!
2023-12-04 19:50:47[INFO]: [EPOCH=012]: loss_main: 0.6003
2023-12-04 19:50:47[INFO]: [EPOCH=012]: auc: 0.7175 | acc: 0.6759 | rmse: 0.4747
2023-12-04 19:51:30[INFO]: Update best epoch as [13] for auc!
2023-12-04 19:51:30[INFO]: [EPOCH=013]: loss_main: 0.5972
2023-12-04 19:51:30[INFO]: [EPOCH=013]: auc: 0.7191 | acc: 0.6775 | rmse: 0.4740
2023-12-04 19:52:14[INFO]: Update best epoch as [14] for auc!
2023-12-04 19:52:14[INFO]: [EPOCH=014]: loss_main: 0.5949
2023-12-04 19:52:14[INFO]: [EPOCH=014]: auc: 0.7195 | acc: 0.6774 | rmse: 0.4742
2023-12-04 19:52:58[INFO]: Update best epoch as [15] for auc!
2023-12-04 19:52:58[INFO]: [EPOCH=015]: loss_main: 0.5919
2023-12-04 19:52:58[INFO]: [EPOCH=015]: auc: 0.7198 | acc: 0.6773 | rmse: 0.4743
2023-12-04 19:53:41[INFO]: Update best epoch as [16] for auc!
2023-12-04 19:53:41[INFO]: [EPOCH=016]: loss_main: 0.5906
2023-12-04 19:53:41[INFO]: [EPOCH=016]: auc: 0.7201 | acc: 0.6773 | rmse: 0.4744
2023-12-04 19:54:25[INFO]: [EPOCH=017]: loss_main: 0.5889
2023-12-04 19:54:25[INFO]: [EPOCH=017]: auc: 0.7200 | acc: 0.6766 | rmse: 0.4749
2023-12-04 19:55:09[INFO]: [EPOCH=018]: loss_main: 0.5873
2023-12-04 19:55:09[INFO]: [EPOCH=018]: auc: 0.7199 | acc: 0.6764 | rmse: 0.4753
2023-12-04 19:55:52[INFO]: Update best epoch as [19] for auc!
2023-12-04 19:55:52[INFO]: [EPOCH=019]: loss_main: 0.5859
2023-12-04 19:55:52[INFO]: [EPOCH=019]: auc: 0.7207 | acc: 0.6769 | rmse: 0.4751
2023-12-04 19:56:36[INFO]: [EPOCH=020]: loss_main: 0.5840
2023-12-04 19:56:36[INFO]: [EPOCH=020]: auc: 0.7206 | acc: 0.6765 | rmse: 0.4755
2023-12-04 19:57:20[INFO]: [EPOCH=021]: loss_main: 0.5821
2023-12-04 19:57:20[INFO]: [EPOCH=021]: auc: 0.7202 | acc: 0.6759 | rmse: 0.4760
2023-12-04 19:58:03[INFO]: [EPOCH=022]: loss_main: 0.5821
2023-12-04 19:58:03[INFO]: [EPOCH=022]: auc: 0.7203 | acc: 0.6755 | rmse: 0.4764
2023-12-04 19:58:47[INFO]: [EPOCH=023]: loss_main: 0.5816
2023-12-04 19:58:47[INFO]: [EPOCH=023]: auc: 0.7202 | acc: 0.6752 | rmse: 0.4766
2023-12-04 19:59:30[INFO]: [EPOCH=024]: loss_main: 0.5807
2023-12-04 19:59:30[INFO]: [EPOCH=024]: auc: 0.7204 | acc: 0.6751 | rmse: 0.4767
2023-12-04 20:00:14[INFO]: [EPOCH=025]: loss_main: 0.5803
2023-12-04 20:00:14[INFO]: [EPOCH=025]: auc: 0.7204 | acc: 0.6749 | rmse: 0.4770
2023-12-04 20:00:57[INFO]: Update best epoch as [26] for auc!
2023-12-04 20:00:57[INFO]: [EPOCH=026]: loss_main: 0.5782
2023-12-04 20:00:57[INFO]: [EPOCH=026]: auc: 0.7208 | acc: 0.6753 | rmse: 0.4770
2023-12-04 20:01:41[INFO]: [EPOCH=027]: loss_main: 0.5786
2023-12-04 20:01:41[INFO]: [EPOCH=027]: auc: 0.7208 | acc: 0.6749 | rmse: 0.4773
2023-12-04 20:02:24[INFO]: [EPOCH=028]: loss_main: 0.5785
2023-12-04 20:02:24[INFO]: [EPOCH=028]: auc: 0.7208 | acc: 0.6747 | rmse: 0.4774
2023-12-04 20:03:08[INFO]: Update best epoch as [29] for auc!
2023-12-04 20:03:08[INFO]: [EPOCH=029]: loss_main: 0.5774
2023-12-04 20:03:08[INFO]: [EPOCH=029]: auc: 0.7210 | acc: 0.6745 | rmse: 0.4776
2023-12-04 20:03:51[INFO]: [EPOCH=030]: loss_main: 0.5775
2023-12-04 20:03:51[INFO]: [EPOCH=030]: auc: 0.7207 | acc: 0.6740 | rmse: 0.4780
2023-12-04 20:04:35[INFO]: Update best epoch as [31] for auc!
2023-12-04 20:04:35[INFO]: [EPOCH=031]: loss_main: 0.5755
2023-12-04 20:04:35[INFO]: [EPOCH=031]: auc: 0.7210 | acc: 0.6742 | rmse: 0.4780
2023-12-04 20:05:18[INFO]: [EPOCH=032]: loss_main: 0.5761
2023-12-04 20:05:18[INFO]: [EPOCH=032]: auc: 0.7208 | acc: 0.6740 | rmse: 0.4782
2023-12-04 20:06:02[INFO]: Update best epoch as [33] for auc!
2023-12-04 20:06:02[INFO]: [EPOCH=033]: loss_main: 0.5755
2023-12-04 20:06:02[INFO]: [EPOCH=033]: auc: 0.7213 | acc: 0.6744 | rmse: 0.4780
2023-12-04 20:06:45[INFO]: Update best epoch as [34] for auc!
2023-12-04 20:06:45[INFO]: [EPOCH=034]: loss_main: 0.5760
2023-12-04 20:06:45[INFO]: [EPOCH=034]: auc: 0.7223 | acc: 0.6755 | rmse: 0.4775
2023-12-04 20:07:29[INFO]: [EPOCH=035]: loss_main: 0.5751
2023-12-04 20:07:29[INFO]: [EPOCH=035]: auc: 0.7222 | acc: 0.6754 | rmse: 0.4778
2023-12-04 20:08:13[INFO]: [EPOCH=036]: loss_main: 0.5751
2023-12-04 20:08:13[INFO]: [EPOCH=036]: auc: 0.7223 | acc: 0.6753 | rmse: 0.4779
2023-12-04 20:08:56[INFO]: [EPOCH=037]: loss_main: 0.5742
2023-12-04 20:08:56[INFO]: [EPOCH=037]: auc: 0.7220 | acc: 0.6750 | rmse: 0.4782
2023-12-04 20:09:40[INFO]: Update best epoch as [38] for auc!
2023-12-04 20:09:40[INFO]: [EPOCH=038]: loss_main: 0.5744
2023-12-04 20:09:40[INFO]: [EPOCH=038]: auc: 0.7225 | acc: 0.6754 | rmse: 0.4781
2023-12-04 20:10:23[INFO]: Update best epoch as [39] for auc!
2023-12-04 20:10:23[INFO]: [EPOCH=039]: loss_main: 0.5745
2023-12-04 20:10:23[INFO]: [EPOCH=039]: auc: 0.7225 | acc: 0.6754 | rmse: 0.4782
2023-12-04 20:11:07[INFO]: [EPOCH=040]: loss_main: 0.5745
2023-12-04 20:11:07[INFO]: [EPOCH=040]: auc: 0.7220 | acc: 0.6747 | rmse: 0.4787
2023-12-04 20:11:51[INFO]: [EPOCH=041]: loss_main: 0.5743
2023-12-04 20:11:51[INFO]: [EPOCH=041]: auc: 0.7223 | acc: 0.6750 | rmse: 0.4787
2023-12-04 20:12:35[INFO]: Update best epoch as [42] for auc!
2023-12-04 20:12:35[INFO]: [EPOCH=042]: loss_main: 0.5734
2023-12-04 20:12:35[INFO]: [EPOCH=042]: auc: 0.7226 | acc: 0.6750 | rmse: 0.4786
2023-12-04 20:13:18[INFO]: Update best epoch as [43] for auc!
2023-12-04 20:13:18[INFO]: [EPOCH=043]: loss_main: 0.5734
2023-12-04 20:13:18[INFO]: [EPOCH=043]: auc: 0.7230 | acc: 0.6750 | rmse: 0.4784
2023-12-04 20:14:02[INFO]: Update best epoch as [44] for auc!
2023-12-04 20:14:02[INFO]: [EPOCH=044]: loss_main: 0.5736
2023-12-04 20:14:02[INFO]: [EPOCH=044]: auc: 0.7233 | acc: 0.6750 | rmse: 0.4784
2023-12-04 20:14:45[INFO]: [EPOCH=045]: loss_main: 0.5737
2023-12-04 20:14:45[INFO]: [EPOCH=045]: auc: 0.7232 | acc: 0.6749 | rmse: 0.4786
2023-12-04 20:15:29[INFO]: [EPOCH=046]: loss_main: 0.5733
2023-12-04 20:15:29[INFO]: [EPOCH=046]: auc: 0.7229 | acc: 0.6743 | rmse: 0.4790
2023-12-04 20:16:13[INFO]: [EPOCH=047]: loss_main: 0.5730
2023-12-04 20:16:13[INFO]: [EPOCH=047]: auc: 0.7231 | acc: 0.6744 | rmse: 0.4790
2023-12-04 20:16:56[INFO]: [EPOCH=048]: loss_main: 0.5726
2023-12-04 20:16:56[INFO]: [EPOCH=048]: auc: 0.7228 | acc: 0.6739 | rmse: 0.4793
2023-12-04 20:17:40[INFO]: [EPOCH=049]: loss_main: 0.5735
2023-12-04 20:17:40[INFO]: [EPOCH=049]: auc: 0.7228 | acc: 0.6738 | rmse: 0.4794
2023-12-04 20:18:24[INFO]: [EPOCH=050]: loss_main: 0.5732
2023-12-04 20:18:24[INFO]: [EPOCH=050]: auc: 0.7233 | acc: 0.6743 | rmse: 0.4793
2023-12-04 20:19:07[INFO]: [EPOCH=051]: loss_main: 0.5728
2023-12-04 20:19:07[INFO]: [EPOCH=051]: auc: 0.7232 | acc: 0.6742 | rmse: 0.4794
2023-12-04 20:19:51[INFO]: [EPOCH=052]: loss_main: 0.5723
2023-12-04 20:19:51[INFO]: [EPOCH=052]: auc: 0.7232 | acc: 0.6742 | rmse: 0.4795
2023-12-04 20:20:35[INFO]: [EPOCH=053]: loss_main: 0.5727
2023-12-04 20:20:35[INFO]: [EPOCH=053]: auc: 0.7232 | acc: 0.6745 | rmse: 0.4796
2023-12-04 20:21:19[INFO]: Suggest to stop training now
2023-12-04 20:21:19[INFO]: [EPOCH=054]: loss_main: 0.5733
2023-12-04 20:21:19[INFO]: [EPOCH=054]: auc: 0.7229 | acc: 0.6743 | rmse: 0.4798
2023-12-04 20:21:19[INFO]: ==============================
2023-12-04 20:21:19[INFO]: [For auc], the Best Epoch is: 44, the value=0.7233
2023-12-04 20:21:19[INFO]: [EPOCH=044]: loss_main: 0.5736
2023-12-04 20:21:19[INFO]: [EPOCH=044]: auc: 0.7233 | acc: 0.6750 | rmse: 0.4784
2023-12-04 20:21:19[INFO]: ==============================
2023-12-04 20:21:19[INFO]: Training Completed!
2023-12-04 20:21:28[INFO]: auc: 0.723274693263887
2023-12-04 20:21:28[INFO]: acc: 0.6750373450684323
2023-12-04 20:21:28[INFO]: rmse: 0.4784206685420066
2023-12-04 20:21:28[INFO]: doa_all: 0.7848318713944078
2023-12-04 20:21:28[INFO]: ====================
2023-12-04 20:21:28[INFO]: ====== [FOLD ID]: 1 ======
2023-12-04 20:21:28[INFO]: [CALLBACK]-ModelCheckPoint has been registered!
2023-12-04 20:21:28[INFO]: [CALLBACK]-EarlyStopping has been registered!
2023-12-04 20:21:28[INFO]: [CALLBACK]-History has been registered!
2023-12-04 20:21:28[INFO]: [CALLBACK]-BaseLogger has been registered!
2023-12-04 20:21:28[INFO]: Start Training...
2023-12-04 20:22:10[INFO]: Update best epoch as [1] for auc!
2023-12-04 20:22:10[INFO]: [EPOCH=001]: loss_main: 0.6868
2023-12-04 20:22:10[INFO]: [EPOCH=001]: auc: 0.6932 | acc: 0.6519 | rmse: 0.4959
2023-12-04 20:22:54[INFO]: Update best epoch as [2] for auc!
2023-12-04 20:22:54[INFO]: [EPOCH=002]: loss_main: 0.6712
2023-12-04 20:22:54[INFO]: [EPOCH=002]: auc: 0.7045 | acc: 0.6665 | rmse: 0.4850
2023-12-04 20:23:37[INFO]: Update best epoch as [3] for auc!
2023-12-04 20:23:37[INFO]: [EPOCH=003]: loss_main: 0.6585
2023-12-04 20:23:37[INFO]: [EPOCH=003]: auc: 0.7081 | acc: 0.6707 | rmse: 0.4809
2023-12-04 20:24:21[INFO]: Update best epoch as [4] for auc!
2023-12-04 20:24:21[INFO]: [EPOCH=004]: loss_main: 0.6473
2023-12-04 20:24:21[INFO]: [EPOCH=004]: auc: 0.7102 | acc: 0.6724 | rmse: 0.4786
2023-12-04 20:25:04[INFO]: Update best epoch as [5] for auc!
2023-12-04 20:25:04[INFO]: [EPOCH=005]: loss_main: 0.6376
2023-12-04 20:25:04[INFO]: [EPOCH=005]: auc: 0.7132 | acc: 0.6760 | rmse: 0.4758
2023-12-04 20:25:48[INFO]: Update best epoch as [6] for auc!
2023-12-04 20:25:48[INFO]: [EPOCH=006]: loss_main: 0.6301
2023-12-04 20:25:48[INFO]: [EPOCH=006]: auc: 0.7146 | acc: 0.6774 | rmse: 0.4745
2023-12-04 20:26:31[INFO]: Update best epoch as [7] for auc!
2023-12-04 20:26:31[INFO]: [EPOCH=007]: loss_main: 0.6232
2023-12-04 20:26:31[INFO]: [EPOCH=007]: auc: 0.7158 | acc: 0.6771 | rmse: 0.4742
2023-12-04 20:27:15[INFO]: [EPOCH=008]: loss_main: 0.6174
2023-12-04 20:27:15[INFO]: [EPOCH=008]: auc: 0.7157 | acc: 0.6770 | rmse: 0.4740
2023-12-04 20:27:59[INFO]: Update best epoch as [9] for auc!
2023-12-04 20:27:59[INFO]: [EPOCH=009]: loss_main: 0.6122
2023-12-04 20:27:59[INFO]: [EPOCH=009]: auc: 0.7172 | acc: 0.6780 | rmse: 0.4734
2023-12-04 20:28:42[INFO]: Update best epoch as [10] for auc!
2023-12-04 20:28:42[INFO]: [EPOCH=010]: loss_main: 0.6072
2023-12-04 20:28:42[INFO]: [EPOCH=010]: auc: 0.7178 | acc: 0.6782 | rmse: 0.4732
2023-12-04 20:29:26[INFO]: Update best epoch as [11] for auc!
2023-12-04 20:29:26[INFO]: [EPOCH=011]: loss_main: 0.6040
2023-12-04 20:29:26[INFO]: [EPOCH=011]: auc: 0.7186 | acc: 0.6787 | rmse: 0.4730
2023-12-04 20:30:09[INFO]: [EPOCH=012]: loss_main: 0.6006
2023-12-04 20:30:09[INFO]: [EPOCH=012]: auc: 0.7184 | acc: 0.6781 | rmse: 0.4734
2023-12-04 20:30:53[INFO]: Update best epoch as [13] for auc!
2023-12-04 20:30:53[INFO]: [EPOCH=013]: loss_main: 0.5974
2023-12-04 20:30:53[INFO]: [EPOCH=013]: auc: 0.7186 | acc: 0.6777 | rmse: 0.4737
2023-12-04 20:31:36[INFO]: Update best epoch as [14] for auc!
2023-12-04 20:31:36[INFO]: [EPOCH=014]: loss_main: 0.5953
2023-12-04 20:31:36[INFO]: [EPOCH=014]: auc: 0.7188 | acc: 0.6774 | rmse: 0.4737
2023-12-04 20:32:20[INFO]: Update best epoch as [15] for auc!
2023-12-04 20:32:20[INFO]: [EPOCH=015]: loss_main: 0.5922
2023-12-04 20:32:20[INFO]: [EPOCH=015]: auc: 0.7194 | acc: 0.6773 | rmse: 0.4740
2023-12-04 20:33:03[INFO]: [EPOCH=016]: loss_main: 0.5914
2023-12-04 20:33:03[INFO]: [EPOCH=016]: auc: 0.7190 | acc: 0.6767 | rmse: 0.4746
2023-12-04 20:33:47[INFO]: [EPOCH=017]: loss_main: 0.5894
2023-12-04 20:33:47[INFO]: [EPOCH=017]: auc: 0.7191 | acc: 0.6761 | rmse: 0.4748
2023-12-04 20:34:30[INFO]: Update best epoch as [18] for auc!
2023-12-04 20:34:30[INFO]: [EPOCH=018]: loss_main: 0.5878
2023-12-04 20:34:30[INFO]: [EPOCH=018]: auc: 0.7197 | acc: 0.6765 | rmse: 0.4747
2023-12-04 20:35:14[INFO]: Update best epoch as [19] for auc!
2023-12-04 20:35:14[INFO]: [EPOCH=019]: loss_main: 0.5864
2023-12-04 20:35:14[INFO]: [EPOCH=019]: auc: 0.7202 | acc: 0.6766 | rmse: 0.4747
2023-12-04 20:35:58[INFO]: Update best epoch as [20] for auc!
2023-12-04 20:35:58[INFO]: [EPOCH=020]: loss_main: 0.5844
2023-12-04 20:35:58[INFO]: [EPOCH=020]: auc: 0.7209 | acc: 0.6771 | rmse: 0.4746
2023-12-04 20:36:41[INFO]: [EPOCH=021]: loss_main: 0.5837
2023-12-04 20:36:41[INFO]: [EPOCH=021]: auc: 0.7207 | acc: 0.6767 | rmse: 0.4750
2023-12-04 20:37:25[INFO]: Update best epoch as [22] for auc!
2023-12-04 20:37:25[INFO]: [EPOCH=022]: loss_main: 0.5833
2023-12-04 20:37:25[INFO]: [EPOCH=022]: auc: 0.7215 | acc: 0.6773 | rmse: 0.4748
2023-12-04 20:38:08[INFO]: [EPOCH=023]: loss_main: 0.5824
2023-12-04 20:38:08[INFO]: [EPOCH=023]: auc: 0.7213 | acc: 0.6768 | rmse: 0.4752
2023-12-04 20:38:52[INFO]: Update best epoch as [24] for auc!
2023-12-04 20:38:52[INFO]: [EPOCH=024]: loss_main: 0.5815
2023-12-04 20:38:52[INFO]: [EPOCH=024]: auc: 0.7222 | acc: 0.6778 | rmse: 0.4748
2023-12-04 20:39:35[INFO]: Update best epoch as [25] for auc!
2023-12-04 20:39:35[INFO]: [EPOCH=025]: loss_main: 0.5808
2023-12-04 20:39:35[INFO]: [EPOCH=025]: auc: 0.7224 | acc: 0.6776 | rmse: 0.4749
2023-12-04 20:40:19[INFO]: Update best epoch as [26] for auc!
2023-12-04 20:40:19[INFO]: [EPOCH=026]: loss_main: 0.5787
2023-12-04 20:40:19[INFO]: [EPOCH=026]: auc: 0.7226 | acc: 0.6777 | rmse: 0.4750
2023-12-04 20:41:03[INFO]: Update best epoch as [27] for auc!
2023-12-04 20:41:03[INFO]: [EPOCH=027]: loss_main: 0.5788
2023-12-04 20:41:03[INFO]: [EPOCH=027]: auc: 0.7230 | acc: 0.6780 | rmse: 0.4750
2023-12-04 20:41:46[INFO]: Update best epoch as [28] for auc!
2023-12-04 20:41:46[INFO]: [EPOCH=028]: loss_main: 0.5789
2023-12-04 20:41:46[INFO]: [EPOCH=028]: auc: 0.7233 | acc: 0.6780 | rmse: 0.4750
2023-12-04 20:42:30[INFO]: Update best epoch as [29] for auc!
2023-12-04 20:42:30[INFO]: [EPOCH=029]: loss_main: 0.5786
2023-12-04 20:42:30[INFO]: [EPOCH=029]: auc: 0.7237 | acc: 0.6780 | rmse: 0.4751
2023-12-04 20:43:13[INFO]: [EPOCH=030]: loss_main: 0.5777
2023-12-04 20:43:13[INFO]: [EPOCH=030]: auc: 0.7236 | acc: 0.6778 | rmse: 0.4753
2023-12-04 20:43:57[INFO]: [EPOCH=031]: loss_main: 0.5763
2023-12-04 20:43:57[INFO]: [EPOCH=031]: auc: 0.7234 | acc: 0.6773 | rmse: 0.4756
2023-12-04 20:44:41[INFO]: [EPOCH=032]: loss_main: 0.5768
2023-12-04 20:44:41[INFO]: [EPOCH=032]: auc: 0.7234 | acc: 0.6770 | rmse: 0.4759
2023-12-04 20:45:24[INFO]: [EPOCH=033]: loss_main: 0.5772
2023-12-04 20:45:24[INFO]: [EPOCH=033]: auc: 0.7230 | acc: 0.6766 | rmse: 0.4763
2023-12-04 20:46:08[INFO]: [EPOCH=034]: loss_main: 0.5765
2023-12-04 20:46:08[INFO]: [EPOCH=034]: auc: 0.7229 | acc: 0.6763 | rmse: 0.4766
2023-12-04 20:46:54[INFO]: [EPOCH=035]: loss_main: 0.5759
2023-12-04 20:46:54[INFO]: [EPOCH=035]: auc: 0.7231 | acc: 0.6764 | rmse: 0.4765
2023-12-04 20:47:44[INFO]: [EPOCH=036]: loss_main: 0.5757
2023-12-04 20:47:44[INFO]: [EPOCH=036]: auc: 0.7234 | acc: 0.6766 | rmse: 0.4766
2023-12-04 20:48:27[INFO]: [EPOCH=037]: loss_main: 0.5744
2023-12-04 20:48:27[INFO]: [EPOCH=037]: auc: 0.7234 | acc: 0.6763 | rmse: 0.4768
2023-12-04 20:49:11[INFO]: [EPOCH=038]: loss_main: 0.5754
2023-12-04 20:49:11[INFO]: [EPOCH=038]: auc: 0.7236 | acc: 0.6762 | rmse: 0.4768
2023-12-04 20:49:54[INFO]: Suggest to stop training now
2023-12-04 20:49:54[INFO]: [EPOCH=039]: loss_main: 0.5752
2023-12-04 20:49:54[INFO]: [EPOCH=039]: auc: 0.7236 | acc: 0.6759 | rmse: 0.4770
2023-12-04 20:49:54[INFO]: ==============================
2023-12-04 20:49:54[INFO]: [For auc], the Best Epoch is: 29, the value=0.7237
2023-12-04 20:49:54[INFO]: [EPOCH=029]: loss_main: 0.5786
2023-12-04 20:49:54[INFO]: [EPOCH=029]: auc: 0.7237 | acc: 0.6780 | rmse: 0.4751
2023-12-04 20:49:54[INFO]: ==============================
2023-12-04 20:49:54[INFO]: Training Completed!
2023-12-04 20:50:04[INFO]: auc: 0.7236673958584505
2023-12-04 20:50:04[INFO]: acc: 0.6779845774960637
2023-12-04 20:50:04[INFO]: rmse: 0.47506792185183333
2023-12-04 20:50:04[INFO]: doa_all: 0.7836806184268358
2023-12-04 20:50:04[INFO]: ====================
2023-12-04 20:50:05[INFO]: ====== [FOLD ID]: 2 ======
2023-12-04 20:50:05[INFO]: [CALLBACK]-ModelCheckPoint has been registered!
2023-12-04 20:50:05[INFO]: [CALLBACK]-EarlyStopping has been registered!
2023-12-04 20:50:05[INFO]: [CALLBACK]-History has been registered!
2023-12-04 20:50:05[INFO]: [CALLBACK]-BaseLogger has been registered!
2023-12-04 20:50:05[INFO]: Start Training...
2023-12-04 20:50:46[INFO]: Update best epoch as [1] for auc!
2023-12-04 20:50:47[INFO]: [EPOCH=001]: loss_main: 0.6868
2023-12-04 20:50:47[INFO]: [EPOCH=001]: auc: 0.7006 | acc: 0.6575 | rmse: 0.4925
2023-12-04 20:51:30[INFO]: Update best epoch as [2] for auc!
2023-12-04 20:51:30[INFO]: [EPOCH=002]: loss_main: 0.6714
2023-12-04 20:51:30[INFO]: [EPOCH=002]: auc: 0.7097 | acc: 0.6700 | rmse: 0.4827
2023-12-04 20:52:14[INFO]: Update best epoch as [3] for auc!
2023-12-04 20:52:14[INFO]: [EPOCH=003]: loss_main: 0.6584
2023-12-04 20:52:14[INFO]: [EPOCH=003]: auc: 0.7130 | acc: 0.6738 | rmse: 0.4787
2023-12-04 20:52:57[INFO]: Update best epoch as [4] for auc!
2023-12-04 20:52:57[INFO]: [EPOCH=004]: loss_main: 0.6472
2023-12-04 20:52:57[INFO]: [EPOCH=004]: auc: 0.7169 | acc: 0.6785 | rmse: 0.4748
2023-12-04 20:53:41[INFO]: Update best epoch as [5] for auc!
2023-12-04 20:53:41[INFO]: [EPOCH=005]: loss_main: 0.6381
2023-12-04 20:53:41[INFO]: [EPOCH=005]: auc: 0.7188 | acc: 0.6810 | rmse: 0.4726
2023-12-04 20:54:24[INFO]: Update best epoch as [6] for auc!
2023-12-04 20:54:24[INFO]: [EPOCH=006]: loss_main: 0.6301
2023-12-04 20:54:24[INFO]: [EPOCH=006]: auc: 0.7200 | acc: 0.6809 | rmse: 0.4719
2023-12-04 20:55:08[INFO]: Update best epoch as [7] for auc!
2023-12-04 20:55:08[INFO]: [EPOCH=007]: loss_main: 0.6235
2023-12-04 20:55:08[INFO]: [EPOCH=007]: auc: 0.7214 | acc: 0.6819 | rmse: 0.4708
2023-12-04 20:55:51[INFO]: Update best epoch as [8] for auc!
2023-12-04 20:55:51[INFO]: [EPOCH=008]: loss_main: 0.6176
2023-12-04 20:55:51[INFO]: [EPOCH=008]: auc: 0.7221 | acc: 0.6824 | rmse: 0.4704
2023-12-04 20:56:35[INFO]: Update best epoch as [9] for auc!
2023-12-04 20:56:35[INFO]: [EPOCH=009]: loss_main: 0.6126
2023-12-04 20:56:35[INFO]: [EPOCH=009]: auc: 0.7226 | acc: 0.6817 | rmse: 0.4704
2023-12-04 20:57:18[INFO]: Update best epoch as [10] for auc!
2023-12-04 20:57:18[INFO]: [EPOCH=010]: loss_main: 0.6074
2023-12-04 20:57:18[INFO]: [EPOCH=010]: auc: 0.7233 | acc: 0.6818 | rmse: 0.4701
2023-12-04 20:58:02[INFO]: Update best epoch as [11] for auc!
2023-12-04 20:58:02[INFO]: [EPOCH=011]: loss_main: 0.6040
2023-12-04 20:58:02[INFO]: [EPOCH=011]: auc: 0.7233 | acc: 0.6817 | rmse: 0.4703
2023-12-04 20:58:45[INFO]: Update best epoch as [12] for auc!
2023-12-04 20:58:45[INFO]: [EPOCH=012]: loss_main: 0.6012
2023-12-04 20:58:45[INFO]: [EPOCH=012]: auc: 0.7243 | acc: 0.6821 | rmse: 0.4700
2023-12-04 20:59:29[INFO]: Update best epoch as [13] for auc!
2023-12-04 20:59:29[INFO]: [EPOCH=013]: loss_main: 0.5983
2023-12-04 20:59:29[INFO]: [EPOCH=013]: auc: 0.7248 | acc: 0.6825 | rmse: 0.4700
2023-12-04 21:00:13[INFO]: Update best epoch as [14] for auc!
2023-12-04 21:00:13[INFO]: [EPOCH=014]: loss_main: 0.5956
2023-12-04 21:00:13[INFO]: [EPOCH=014]: auc: 0.7250 | acc: 0.6819 | rmse: 0.4702
2023-12-04 21:00:56[INFO]: Update best epoch as [15] for auc!
2023-12-04 21:00:56[INFO]: [EPOCH=015]: loss_main: 0.5921
2023-12-04 21:00:56[INFO]: [EPOCH=015]: auc: 0.7255 | acc: 0.6818 | rmse: 0.4701
2023-12-04 21:01:40[INFO]: Update best epoch as [16] for auc!
2023-12-04 21:01:40[INFO]: [EPOCH=016]: loss_main: 0.5912
2023-12-04 21:01:40[INFO]: [EPOCH=016]: auc: 0.7259 | acc: 0.6818 | rmse: 0.4701
2023-12-04 21:02:23[INFO]: Update best epoch as [17] for auc!
2023-12-04 21:02:23[INFO]: [EPOCH=017]: loss_main: 0.5895
2023-12-04 21:02:23[INFO]: [EPOCH=017]: auc: 0.7261 | acc: 0.6818 | rmse: 0.4703
2023-12-04 21:03:07[INFO]: Update best epoch as [18] for auc!
2023-12-04 21:03:07[INFO]: [EPOCH=018]: loss_main: 0.5882
2023-12-04 21:03:07[INFO]: [EPOCH=018]: auc: 0.7268 | acc: 0.6823 | rmse: 0.4702
2023-12-04 21:03:50[INFO]: [EPOCH=019]: loss_main: 0.5867
2023-12-04 21:03:50[INFO]: [EPOCH=019]: auc: 0.7267 | acc: 0.6819 | rmse: 0.4704
2023-12-04 21:04:34[INFO]: Update best epoch as [20] for auc!
2023-12-04 21:04:34[INFO]: [EPOCH=020]: loss_main: 0.5851
2023-12-04 21:04:34[INFO]: [EPOCH=020]: auc: 0.7272 | acc: 0.6821 | rmse: 0.4704
2023-12-04 21:05:18[INFO]: [EPOCH=021]: loss_main: 0.5835
2023-12-04 21:05:18[INFO]: [EPOCH=021]: auc: 0.7271 | acc: 0.6818 | rmse: 0.4707
2023-12-04 21:06:01[INFO]: [EPOCH=022]: loss_main: 0.5835
2023-12-04 21:06:01[INFO]: [EPOCH=022]: auc: 0.7269 | acc: 0.6817 | rmse: 0.4711
2023-12-04 21:06:45[INFO]: Update best epoch as [23] for auc!
2023-12-04 21:06:45[INFO]: [EPOCH=023]: loss_main: 0.5825
2023-12-04 21:06:45[INFO]: [EPOCH=023]: auc: 0.7274 | acc: 0.6820 | rmse: 0.4709
2023-12-04 21:07:28[INFO]: [EPOCH=024]: loss_main: 0.5819
2023-12-04 21:07:28[INFO]: [EPOCH=024]: auc: 0.7271 | acc: 0.6813 | rmse: 0.4715
2023-12-04 21:08:12[INFO]: [EPOCH=025]: loss_main: 0.5809
2023-12-04 21:08:12[INFO]: [EPOCH=025]: auc: 0.7271 | acc: 0.6810 | rmse: 0.4717
2023-12-04 21:08:56[INFO]: Update best epoch as [26] for auc!
2023-12-04 21:08:56[INFO]: [EPOCH=026]: loss_main: 0.5796
2023-12-04 21:08:56[INFO]: [EPOCH=026]: auc: 0.7276 | acc: 0.6813 | rmse: 0.4717
2023-12-04 21:09:39[INFO]: Update best epoch as [27] for auc!
2023-12-04 21:09:39[INFO]: [EPOCH=027]: loss_main: 0.5796
2023-12-04 21:09:39[INFO]: [EPOCH=027]: auc: 0.7276 | acc: 0.6810 | rmse: 0.4719
2023-12-04 21:10:23[INFO]: Update best epoch as [28] for auc!
2023-12-04 21:10:23[INFO]: [EPOCH=028]: loss_main: 0.5791
2023-12-04 21:10:23[INFO]: [EPOCH=028]: auc: 0.7287 | acc: 0.6820 | rmse: 0.4714
2023-12-04 21:11:07[INFO]: [EPOCH=029]: loss_main: 0.5787
2023-12-04 21:11:07[INFO]: [EPOCH=029]: auc: 0.7284 | acc: 0.6812 | rmse: 0.4718
2023-12-04 21:11:50[INFO]: Update best epoch as [30] for auc!
2023-12-04 21:11:50[INFO]: [EPOCH=030]: loss_main: 0.5779
2023-12-04 21:11:50[INFO]: [EPOCH=030]: auc: 0.7287 | acc: 0.6810 | rmse: 0.4718
2023-12-04 21:12:34[INFO]: Update best epoch as [31] for auc!
2023-12-04 21:12:34[INFO]: [EPOCH=031]: loss_main: 0.5765
2023-12-04 21:12:34[INFO]: [EPOCH=031]: auc: 0.7290 | acc: 0.6812 | rmse: 0.4719
2023-12-04 21:13:18[INFO]: [EPOCH=032]: loss_main: 0.5776
2023-12-04 21:13:18[INFO]: [EPOCH=032]: auc: 0.7285 | acc: 0.6806 | rmse: 0.4723
2023-12-04 21:14:01[INFO]: [EPOCH=033]: loss_main: 0.5768
2023-12-04 21:14:01[INFO]: [EPOCH=033]: auc: 0.7285 | acc: 0.6802 | rmse: 0.4725
2023-12-04 21:14:45[INFO]: Update best epoch as [34] for auc!
2023-12-04 21:14:45[INFO]: [EPOCH=034]: loss_main: 0.5766
2023-12-04 21:14:45[INFO]: [EPOCH=034]: auc: 0.7293 | acc: 0.6809 | rmse: 0.4722
2023-12-04 21:15:28[INFO]: Update best epoch as [35] for auc!
2023-12-04 21:15:28[INFO]: [EPOCH=035]: loss_main: 0.5770
2023-12-04 21:15:28[INFO]: [EPOCH=035]: auc: 0.7296 | acc: 0.6811 | rmse: 0.4721
2023-12-04 21:16:12[INFO]: Update best epoch as [36] for auc!
2023-12-04 21:16:12[INFO]: [EPOCH=036]: loss_main: 0.5757
2023-12-04 21:16:12[INFO]: [EPOCH=036]: auc: 0.7298 | acc: 0.6812 | rmse: 0.4722
2023-12-04 21:16:56[INFO]: [EPOCH=037]: loss_main: 0.5750
2023-12-04 21:16:56[INFO]: [EPOCH=037]: auc: 0.7294 | acc: 0.6806 | rmse: 0.4726
2023-12-04 21:17:39[INFO]: Update best epoch as [38] for auc!
2023-12-04 21:17:39[INFO]: [EPOCH=038]: loss_main: 0.5759
2023-12-04 21:17:39[INFO]: [EPOCH=038]: auc: 0.7301 | acc: 0.6811 | rmse: 0.4723
2023-12-04 21:18:23[INFO]: [EPOCH=039]: loss_main: 0.5757
2023-12-04 21:18:23[INFO]: [EPOCH=039]: auc: 0.7301 | acc: 0.6810 | rmse: 0.4725
2023-12-04 21:19:07[INFO]: Update best epoch as [40] for auc!
2023-12-04 21:19:07[INFO]: [EPOCH=040]: loss_main: 0.5752
2023-12-04 21:19:07[INFO]: [EPOCH=040]: auc: 0.7303 | acc: 0.6814 | rmse: 0.4725
2023-12-04 21:19:50[INFO]: Update best epoch as [41] for auc!
2023-12-04 21:19:50[INFO]: [EPOCH=041]: loss_main: 0.5755
2023-12-04 21:19:50[INFO]: [EPOCH=041]: auc: 0.7306 | acc: 0.6813 | rmse: 0.4725
2023-12-04 21:20:34[INFO]: [EPOCH=042]: loss_main: 0.5738
2023-12-04 21:20:34[INFO]: [EPOCH=042]: auc: 0.7302 | acc: 0.6810 | rmse: 0.4729
2023-12-04 21:21:18[INFO]: [EPOCH=043]: loss_main: 0.5752
2023-12-04 21:21:18[INFO]: [EPOCH=043]: auc: 0.7304 | acc: 0.6809 | rmse: 0.4728
2023-12-04 21:22:01[INFO]: [EPOCH=044]: loss_main: 0.5749
2023-12-04 21:22:01[INFO]: [EPOCH=044]: auc: 0.7304 | acc: 0.6811 | rmse: 0.4729
2023-12-04 21:22:45[INFO]: Update best epoch as [45] for auc!
2023-12-04 21:22:45[INFO]: [EPOCH=045]: loss_main: 0.5743
2023-12-04 21:22:45[INFO]: [EPOCH=045]: auc: 0.7309 | acc: 0.6812 | rmse: 0.4728
2023-12-04 21:23:28[INFO]: [EPOCH=046]: loss_main: 0.5745
2023-12-04 21:23:28[INFO]: [EPOCH=046]: auc: 0.7306 | acc: 0.6809 | rmse: 0.4731
2023-12-04 21:24:12[INFO]: [EPOCH=047]: loss_main: 0.5741
2023-12-04 21:24:12[INFO]: [EPOCH=047]: auc: 0.7307 | acc: 0.6808 | rmse: 0.4732
2023-12-04 21:24:55[INFO]: [EPOCH=048]: loss_main: 0.5745
2023-12-04 21:24:55[INFO]: [EPOCH=048]: auc: 0.7304 | acc: 0.6802 | rmse: 0.4735
2023-12-04 21:25:39[INFO]: [EPOCH=049]: loss_main: 0.5742
2023-12-04 21:25:39[INFO]: [EPOCH=049]: auc: 0.7307 | acc: 0.6806 | rmse: 0.4734
2023-12-04 21:26:23[INFO]: [EPOCH=050]: loss_main: 0.5747
2023-12-04 21:26:23[INFO]: [EPOCH=050]: auc: 0.7305 | acc: 0.6804 | rmse: 0.4736
2023-12-04 21:27:06[INFO]: Update best epoch as [51] for auc!
2023-12-04 21:27:06[INFO]: [EPOCH=051]: loss_main: 0.5740
2023-12-04 21:27:06[INFO]: [EPOCH=051]: auc: 0.7309 | acc: 0.6805 | rmse: 0.4734
2023-12-04 21:27:50[INFO]: Update best epoch as [52] for auc!
2023-12-04 21:27:50[INFO]: [EPOCH=052]: loss_main: 0.5741
2023-12-04 21:27:50[INFO]: [EPOCH=052]: auc: 0.7310 | acc: 0.6805 | rmse: 0.4736
2023-12-04 21:28:34[INFO]: [EPOCH=053]: loss_main: 0.5735
2023-12-04 21:28:34[INFO]: [EPOCH=053]: auc: 0.7306 | acc: 0.6801 | rmse: 0.4738
2023-12-04 21:29:17[INFO]: [EPOCH=054]: loss_main: 0.5740
2023-12-04 21:29:17[INFO]: [EPOCH=054]: auc: 0.7308 | acc: 0.6801 | rmse: 0.4739
2023-12-04 21:30:01[INFO]: [EPOCH=055]: loss_main: 0.5740
2023-12-04 21:30:01[INFO]: [EPOCH=055]: auc: 0.7304 | acc: 0.6799 | rmse: 0.4741
2023-12-04 21:30:44[INFO]: [EPOCH=056]: loss_main: 0.5739
2023-12-04 21:30:44[INFO]: [EPOCH=056]: auc: 0.7307 | acc: 0.6798 | rmse: 0.4741
2023-12-04 21:31:28[INFO]: [EPOCH=057]: loss_main: 0.5732
2023-12-04 21:31:28[INFO]: [EPOCH=057]: auc: 0.7301 | acc: 0.6792 | rmse: 0.4747
2023-12-04 21:32:11[INFO]: [EPOCH=058]: loss_main: 0.5735
2023-12-04 21:32:11[INFO]: [EPOCH=058]: auc: 0.7304 | acc: 0.6793 | rmse: 0.4746
2023-12-04 21:32:55[INFO]: [EPOCH=059]: loss_main: 0.5735
2023-12-04 21:32:55[INFO]: [EPOCH=059]: auc: 0.7304 | acc: 0.6793 | rmse: 0.4746
2023-12-04 21:33:39[INFO]: [EPOCH=060]: loss_main: 0.5738
2023-12-04 21:33:39[INFO]: [EPOCH=060]: auc: 0.7308 | acc: 0.6796 | rmse: 0.4744
2023-12-04 21:34:22[INFO]: [EPOCH=061]: loss_main: 0.5737
2023-12-04 21:34:22[INFO]: [EPOCH=061]: auc: 0.7307 | acc: 0.6794 | rmse: 0.4745
2023-12-04 21:35:06[INFO]: Suggest to stop training now
2023-12-04 21:35:06[INFO]: [EPOCH=062]: loss_main: 0.5740
2023-12-04 21:35:06[INFO]: [EPOCH=062]: auc: 0.7309 | acc: 0.6794 | rmse: 0.4745
2023-12-04 21:35:06[INFO]: ==============================
2023-12-04 21:35:06[INFO]: [For auc], the Best Epoch is: 52, the value=0.7310
2023-12-04 21:35:06[INFO]: [EPOCH=052]: loss_main: 0.5741
2023-12-04 21:35:06[INFO]: [EPOCH=052]: auc: 0.7310 | acc: 0.6805 | rmse: 0.4736
2023-12-04 21:35:06[INFO]: ==============================
2023-12-04 21:35:06[INFO]: Training Completed!
2023-12-04 21:35:15[INFO]: auc: 0.7309818674663044
2023-12-04 21:35:15[INFO]: acc: 0.6804675198837257
2023-12-04 21:35:15[INFO]: rmse: 0.47356417443718374
2023-12-04 21:35:15[INFO]: doa_all: 0.7787723981732184
2023-12-04 21:35:15[INFO]: ====================
2023-12-04 21:35:15[INFO]: ====== [FOLD ID]: 3 ======
2023-12-04 21:35:15[INFO]: [CALLBACK]-ModelCheckPoint has been registered!
2023-12-04 21:35:15[INFO]: [CALLBACK]-EarlyStopping has been registered!
2023-12-04 21:35:15[INFO]: [CALLBACK]-History has been registered!
2023-12-04 21:35:15[INFO]: [CALLBACK]-BaseLogger has been registered!
2023-12-04 21:35:15[INFO]: Start Training...
2023-12-04 21:35:57[INFO]: Update best epoch as [1] for auc!
2023-12-04 21:35:57[INFO]: [EPOCH=001]: loss_main: 0.6867
2023-12-04 21:35:57[INFO]: [EPOCH=001]: auc: 0.6990 | acc: 0.6575 | rmse: 0.4924
2023-12-04 21:36:41[INFO]: Update best epoch as [2] for auc!
2023-12-04 21:36:41[INFO]: [EPOCH=002]: loss_main: 0.6714
2023-12-04 21:36:41[INFO]: [EPOCH=002]: auc: 0.7091 | acc: 0.6711 | rmse: 0.4821
2023-12-04 21:37:24[INFO]: Update best epoch as [3] for auc!
2023-12-04 21:37:24[INFO]: [EPOCH=003]: loss_main: 0.6585
2023-12-04 21:37:24[INFO]: [EPOCH=003]: auc: 0.7127 | acc: 0.6759 | rmse: 0.4776
2023-12-04 21:38:08[INFO]: Update best epoch as [4] for auc!
2023-12-04 21:38:08[INFO]: [EPOCH=004]: loss_main: 0.6475
2023-12-04 21:38:08[INFO]: [EPOCH=004]: auc: 0.7152 | acc: 0.6784 | rmse: 0.4751
2023-12-04 21:38:51[INFO]: Update best epoch as [5] for auc!
2023-12-04 21:38:51[INFO]: [EPOCH=005]: loss_main: 0.6380
2023-12-04 21:38:51[INFO]: [EPOCH=005]: auc: 0.7172 | acc: 0.6813 | rmse: 0.4727
2023-12-04 21:39:34[INFO]: Update best epoch as [6] for auc!
2023-12-04 21:39:34[INFO]: [EPOCH=006]: loss_main: 0.6303
2023-12-04 21:39:34[INFO]: [EPOCH=006]: auc: 0.7177 | acc: 0.6809 | rmse: 0.4724
2023-12-04 21:40:18[INFO]: Update best epoch as [7] for auc!
2023-12-04 21:40:18[INFO]: [EPOCH=007]: loss_main: 0.6237
2023-12-04 21:40:18[INFO]: [EPOCH=007]: auc: 0.7193 | acc: 0.6821 | rmse: 0.4712
2023-12-04 21:41:01[INFO]: Update best epoch as [8] for auc!
2023-12-04 21:41:01[INFO]: [EPOCH=008]: loss_main: 0.6176
2023-12-04 21:41:01[INFO]: [EPOCH=008]: auc: 0.7206 | acc: 0.6824 | rmse: 0.4708
2023-12-04 21:41:45[INFO]: Update best epoch as [9] for auc!
2023-12-04 21:41:45[INFO]: [EPOCH=009]: loss_main: 0.6125
2023-12-04 21:41:45[INFO]: [EPOCH=009]: auc: 0.7210 | acc: 0.6827 | rmse: 0.4707
2023-12-04 21:42:28[INFO]: Update best epoch as [10] for auc!
2023-12-04 21:42:28[INFO]: [EPOCH=010]: loss_main: 0.6073
2023-12-04 21:42:28[INFO]: [EPOCH=010]: auc: 0.7215 | acc: 0.6827 | rmse: 0.4706
2023-12-04 21:43:12[INFO]: Update best epoch as [11] for auc!
2023-12-04 21:43:12[INFO]: [EPOCH=011]: loss_main: 0.6045
2023-12-04 21:43:12[INFO]: [EPOCH=011]: auc: 0.7227 | acc: 0.6834 | rmse: 0.4703
2023-12-04 21:43:55[INFO]: Update best epoch as [12] for auc!
2023-12-04 21:43:55[INFO]: [EPOCH=012]: loss_main: 0.6012
2023-12-04 21:43:55[INFO]: [EPOCH=012]: auc: 0.7230 | acc: 0.6833 | rmse: 0.4703
2023-12-04 21:44:38[INFO]: Update best epoch as [13] for auc!
2023-12-04 21:44:38[INFO]: [EPOCH=013]: loss_main: 0.5982
2023-12-04 21:44:38[INFO]: [EPOCH=013]: auc: 0.7242 | acc: 0.6838 | rmse: 0.4701
2023-12-04 21:45:22[INFO]: Update best epoch as [14] for auc!
2023-12-04 21:45:22[INFO]: [EPOCH=014]: loss_main: 0.5957
2023-12-04 21:45:22[INFO]: [EPOCH=014]: auc: 0.7250 | acc: 0.6843 | rmse: 0.4698
2023-12-04 21:46:05[INFO]: [EPOCH=015]: loss_main: 0.5922
2023-12-04 21:46:05[INFO]: [EPOCH=015]: auc: 0.7245 | acc: 0.6834 | rmse: 0.4705
2023-12-04 21:46:48[INFO]: Update best epoch as [16] for auc!
2023-12-04 21:46:48[INFO]: [EPOCH=016]: loss_main: 0.5911
2023-12-04 21:46:48[INFO]: [EPOCH=016]: auc: 0.7251 | acc: 0.6838 | rmse: 0.4705
2023-12-04 21:47:32[INFO]: [EPOCH=017]: loss_main: 0.5894
2023-12-04 21:47:32[INFO]: [EPOCH=017]: auc: 0.7250 | acc: 0.6833 | rmse: 0.4709
2023-12-04 21:48:15[INFO]: Update best epoch as [18] for auc!
2023-12-04 21:48:15[INFO]: [EPOCH=018]: loss_main: 0.5880
2023-12-04 21:48:15[INFO]: [EPOCH=018]: auc: 0.7258 | acc: 0.6836 | rmse: 0.4707
2023-12-04 21:48:58[INFO]: Update best epoch as [19] for auc!
2023-12-04 21:48:58[INFO]: [EPOCH=019]: loss_main: 0.5867
2023-12-04 21:48:58[INFO]: [EPOCH=019]: auc: 0.7263 | acc: 0.6837 | rmse: 0.4708
2023-12-04 21:49:42[INFO]: [EPOCH=020]: loss_main: 0.5852
2023-12-04 21:49:42[INFO]: [EPOCH=020]: auc: 0.7262 | acc: 0.6835 | rmse: 0.4710
2023-12-04 21:50:25[INFO]: Update best epoch as [21] for auc!
2023-12-04 21:50:25[INFO]: [EPOCH=021]: loss_main: 0.5835
2023-12-04 21:50:25[INFO]: [EPOCH=021]: auc: 0.7265 | acc: 0.6837 | rmse: 0.4711
2023-12-04 21:51:09[INFO]: [EPOCH=022]: loss_main: 0.5835
2023-12-04 21:51:09[INFO]: [EPOCH=022]: auc: 0.7263 | acc: 0.6828 | rmse: 0.4716
2023-12-04 21:51:52[INFO]: Update best epoch as [23] for auc!
2023-12-04 21:51:52[INFO]: [EPOCH=023]: loss_main: 0.5823
2023-12-04 21:51:52[INFO]: [EPOCH=023]: auc: 0.7271 | acc: 0.6831 | rmse: 0.4715
2023-12-04 21:52:38[INFO]: [EPOCH=024]: loss_main: 0.5816
2023-12-04 21:52:38[INFO]: [EPOCH=024]: auc: 0.7270 | acc: 0.6830 | rmse: 0.4718
2023-12-04 21:53:21[INFO]: [EPOCH=025]: loss_main: 0.5811
2023-12-04 21:53:21[INFO]: [EPOCH=025]: auc: 0.7270 | acc: 0.6830 | rmse: 0.4719
2023-12-04 21:54:04[INFO]: Update best epoch as [26] for auc!
2023-12-04 21:54:05[INFO]: [EPOCH=026]: loss_main: 0.5793
2023-12-04 21:54:05[INFO]: [EPOCH=026]: auc: 0.7275 | acc: 0.6827 | rmse: 0.4719
2023-12-04 21:54:48[INFO]: [EPOCH=027]: loss_main: 0.5797
2023-12-04 21:54:48[INFO]: [EPOCH=027]: auc: 0.7272 | acc: 0.6821 | rmse: 0.4724
2023-12-04 21:55:37[INFO]: [EPOCH=028]: loss_main: 0.5793
2023-12-04 21:55:37[INFO]: [EPOCH=028]: auc: 0.7271 | acc: 0.6820 | rmse: 0.4726
2023-12-04 21:56:20[INFO]: [EPOCH=029]: loss_main: 0.5784
2023-12-04 21:56:20[INFO]: [EPOCH=029]: auc: 0.7267 | acc: 0.6811 | rmse: 0.4731
2023-12-04 21:57:03[INFO]: [EPOCH=030]: loss_main: 0.5782
2023-12-04 21:57:03[INFO]: [EPOCH=030]: auc: 0.7269 | acc: 0.6813 | rmse: 0.4732
2023-12-04 21:57:46[INFO]: [EPOCH=031]: loss_main: 0.5771
2023-12-04 21:57:46[INFO]: [EPOCH=031]: auc: 0.7264 | acc: 0.6806 | rmse: 0.4737
2023-12-04 21:58:29[INFO]: [EPOCH=032]: loss_main: 0.5769
2023-12-04 21:58:29[INFO]: [EPOCH=032]: auc: 0.7264 | acc: 0.6809 | rmse: 0.4738
2023-12-04 21:59:12[INFO]: [EPOCH=033]: loss_main: 0.5765
2023-12-04 21:59:12[INFO]: [EPOCH=033]: auc: 0.7268 | acc: 0.6814 | rmse: 0.4737
2023-12-04 21:59:55[INFO]: [EPOCH=034]: loss_main: 0.5766
2023-12-04 21:59:55[INFO]: [EPOCH=034]: auc: 0.7271 | acc: 0.6814 | rmse: 0.4738
2023-12-04 22:00:38[INFO]: [EPOCH=035]: loss_main: 0.5762
2023-12-04 22:00:38[INFO]: [EPOCH=035]: auc: 0.7265 | acc: 0.6805 | rmse: 0.4743
2023-12-04 22:01:21[INFO]: Suggest to stop training now
2023-12-04 22:01:21[INFO]: [EPOCH=036]: loss_main: 0.5762
2023-12-04 22:01:21[INFO]: [EPOCH=036]: auc: 0.7267 | acc: 0.6804 | rmse: 0.4744
2023-12-04 22:01:21[INFO]: ==============================
2023-12-04 22:01:21[INFO]: [For auc], the Best Epoch is: 26, the value=0.7275
2023-12-04 22:01:21[INFO]: [EPOCH=026]: loss_main: 0.5793
2023-12-04 22:01:21[INFO]: [EPOCH=026]: auc: 0.7275 | acc: 0.6827 | rmse: 0.4719
2023-12-04 22:01:21[INFO]: ==============================
2023-12-04 22:01:22[INFO]: Training Completed!
2023-12-04 22:01:32[INFO]: auc: 0.7274759513198192
2023-12-04 22:01:32[INFO]: acc: 0.6827284105131415
2023-12-04 22:01:32[INFO]: rmse: 0.47192261247236567
2023-12-04 22:01:32[INFO]: doa_all: 0.7819723984067347
2023-12-04 22:01:32[INFO]: ====================
2023-12-04 22:01:32[INFO]: ====== [FOLD ID]: 4 ======
2023-12-04 22:01:32[INFO]: [CALLBACK]-ModelCheckPoint has been registered!
2023-12-04 22:01:32[INFO]: [CALLBACK]-EarlyStopping has been registered!
2023-12-04 22:01:32[INFO]: [CALLBACK]-History has been registered!
2023-12-04 22:01:32[INFO]: [CALLBACK]-BaseLogger has been registered!
2023-12-04 22:01:32[INFO]: Start Training...
2023-12-04 22:02:14[INFO]: Update best epoch as [1] for auc!
2023-12-04 22:02:14[INFO]: [EPOCH=001]: loss_main: 0.6867
2023-12-04 22:02:14[INFO]: [EPOCH=001]: auc: 0.6957 | acc: 0.6584 | rmse: 0.4921
2023-12-04 22:02:57[INFO]: Update best epoch as [2] for auc!
2023-12-04 22:02:57[INFO]: [EPOCH=002]: loss_main: 0.6715
2023-12-04 22:02:57[INFO]: [EPOCH=002]: auc: 0.7047 | acc: 0.6708 | rmse: 0.4827
2023-12-04 22:03:40[INFO]: Update best epoch as [3] for auc!
2023-12-04 22:03:40[INFO]: [EPOCH=003]: loss_main: 0.6585
2023-12-04 22:03:40[INFO]: [EPOCH=003]: auc: 0.7087 | acc: 0.6748 | rmse: 0.4788
2023-12-04 22:04:23[INFO]: Update best epoch as [4] for auc!
2023-12-04 22:04:23[INFO]: [EPOCH=004]: loss_main: 0.6470
2023-12-04 22:04:23[INFO]: [EPOCH=004]: auc: 0.7110 | acc: 0.6779 | rmse: 0.4760
2023-12-04 22:05:06[INFO]: Update best epoch as [5] for auc!
2023-12-04 22:05:06[INFO]: [EPOCH=005]: loss_main: 0.6377
2023-12-04 22:05:06[INFO]: [EPOCH=005]: auc: 0.7130 | acc: 0.6788 | rmse: 0.4747
2023-12-04 22:05:49[INFO]: Update best epoch as [6] for auc!
2023-12-04 22:05:49[INFO]: [EPOCH=006]: loss_main: 0.6299
2023-12-04 22:05:49[INFO]: [EPOCH=006]: auc: 0.7141 | acc: 0.6800 | rmse: 0.4736
2023-12-04 22:06:32[INFO]: Update best epoch as [7] for auc!
2023-12-04 22:06:32[INFO]: [EPOCH=007]: loss_main: 0.6234
2023-12-04 22:06:32[INFO]: [EPOCH=007]: auc: 0.7151 | acc: 0.6799 | rmse: 0.4732
2023-12-04 22:07:15[INFO]: Update best epoch as [8] for auc!
2023-12-04 22:07:15[INFO]: [EPOCH=008]: loss_main: 0.6171
2023-12-04 22:07:15[INFO]: [EPOCH=008]: auc: 0.7159 | acc: 0.6803 | rmse: 0.4728
2023-12-04 22:07:58[INFO]: Update best epoch as [9] for auc!
2023-12-04 22:07:58[INFO]: [EPOCH=009]: loss_main: 0.6123
2023-12-04 22:07:58[INFO]: [EPOCH=009]: auc: 0.7170 | acc: 0.6803 | rmse: 0.4725
2023-12-04 22:08:41[INFO]: Update best epoch as [10] for auc!
2023-12-04 22:08:41[INFO]: [EPOCH=010]: loss_main: 0.6068
2023-12-04 22:08:41[INFO]: [EPOCH=010]: auc: 0.7180 | acc: 0.6807 | rmse: 0.4722
2023-12-04 22:09:24[INFO]: Update best epoch as [11] for auc!
2023-12-04 22:09:24[INFO]: [EPOCH=011]: loss_main: 0.6040
2023-12-04 22:09:24[INFO]: [EPOCH=011]: auc: 0.7191 | acc: 0.6817 | rmse: 0.4718
2023-12-04 22:10:07[INFO]: Update best epoch as [12] for auc!
2023-12-04 22:10:07[INFO]: [EPOCH=012]: loss_main: 0.6006
2023-12-04 22:10:07[INFO]: [EPOCH=012]: auc: 0.7192 | acc: 0.6816 | rmse: 0.4719
2023-12-04 22:10:50[INFO]: Update best epoch as [13] for auc!
2023-12-04 22:10:50[INFO]: [EPOCH=013]: loss_main: 0.5981
2023-12-04 22:10:50[INFO]: [EPOCH=013]: auc: 0.7194 | acc: 0.6817 | rmse: 0.4721
2023-12-04 22:11:33[INFO]: Update best epoch as [14] for auc!
2023-12-04 22:11:33[INFO]: [EPOCH=014]: loss_main: 0.5949
2023-12-04 22:11:33[INFO]: [EPOCH=014]: auc: 0.7203 | acc: 0.6822 | rmse: 0.4719
2023-12-04 22:12:16[INFO]: Update best epoch as [15] for auc!
2023-12-04 22:12:16[INFO]: [EPOCH=015]: loss_main: 0.5919
2023-12-04 22:12:16[INFO]: [EPOCH=015]: auc: 0.7210 | acc: 0.6825 | rmse: 0.4719
2023-12-04 22:12:59[INFO]: Update best epoch as [16] for auc!
2023-12-04 22:12:59[INFO]: [EPOCH=016]: loss_main: 0.5913
2023-12-04 22:12:59[INFO]: [EPOCH=016]: auc: 0.7211 | acc: 0.6824 | rmse: 0.4722
2023-12-04 22:13:42[INFO]: Update best epoch as [17] for auc!
2023-12-04 22:13:42[INFO]: [EPOCH=017]: loss_main: 0.5893
2023-12-04 22:13:42[INFO]: [EPOCH=017]: auc: 0.7212 | acc: 0.6817 | rmse: 0.4726
2023-12-04 22:14:25[INFO]: Update best epoch as [18] for auc!
2023-12-04 22:14:25[INFO]: [EPOCH=018]: loss_main: 0.5876
2023-12-04 22:14:25[INFO]: [EPOCH=018]: auc: 0.7215 | acc: 0.6820 | rmse: 0.4727
2023-12-04 22:15:08[INFO]: Update best epoch as [19] for auc!
2023-12-04 22:15:08[INFO]: [EPOCH=019]: loss_main: 0.5864
2023-12-04 22:15:08[INFO]: [EPOCH=019]: auc: 0.7222 | acc: 0.6823 | rmse: 0.4725
2023-12-04 22:15:51[INFO]: Update best epoch as [20] for auc!
2023-12-04 22:15:51[INFO]: [EPOCH=020]: loss_main: 0.5849
2023-12-04 22:15:51[INFO]: [EPOCH=020]: auc: 0.7222 | acc: 0.6819 | rmse: 0.4729
2023-12-04 22:16:34[INFO]: [EPOCH=021]: loss_main: 0.5833
2023-12-04 22:16:34[INFO]: [EPOCH=021]: auc: 0.7220 | acc: 0.6813 | rmse: 0.4735
2023-12-04 22:17:17[INFO]: Update best epoch as [22] for auc!
2023-12-04 22:17:17[INFO]: [EPOCH=022]: loss_main: 0.5831
2023-12-04 22:17:17[INFO]: [EPOCH=022]: auc: 0.7224 | acc: 0.6813 | rmse: 0.4736
2023-12-04 22:18:00[INFO]: Update best epoch as [23] for auc!
2023-12-04 22:18:00[INFO]: [EPOCH=023]: loss_main: 0.5823
2023-12-04 22:18:00[INFO]: [EPOCH=023]: auc: 0.7231 | acc: 0.6819 | rmse: 0.4734
2023-12-04 22:18:43[INFO]: [EPOCH=024]: loss_main: 0.5810
2023-12-04 22:18:43[INFO]: [EPOCH=024]: auc: 0.7229 | acc: 0.6810 | rmse: 0.4738
2023-12-04 22:19:26[INFO]: Update best epoch as [25] for auc!
2023-12-04 22:19:26[INFO]: [EPOCH=025]: loss_main: 0.5806
2023-12-04 22:19:26[INFO]: [EPOCH=025]: auc: 0.7231 | acc: 0.6812 | rmse: 0.4740
2023-12-04 22:20:09[INFO]: [EPOCH=026]: loss_main: 0.5794
2023-12-04 22:20:09[INFO]: [EPOCH=026]: auc: 0.7230 | acc: 0.6809 | rmse: 0.4743
2023-12-04 22:20:52[INFO]: Update best epoch as [27] for auc!
2023-12-04 22:20:52[INFO]: [EPOCH=027]: loss_main: 0.5791
2023-12-04 22:20:52[INFO]: [EPOCH=027]: auc: 0.7233 | acc: 0.6810 | rmse: 0.4743
2023-12-04 22:21:35[INFO]: Update best epoch as [28] for auc!
2023-12-04 22:21:35[INFO]: [EPOCH=028]: loss_main: 0.5788
2023-12-04 22:21:35[INFO]: [EPOCH=028]: auc: 0.7236 | acc: 0.6811 | rmse: 0.4743
2023-12-04 22:22:19[INFO]: [EPOCH=029]: loss_main: 0.5785
2023-12-04 22:22:19[INFO]: [EPOCH=029]: auc: 0.7236 | acc: 0.6812 | rmse: 0.4746
2023-12-04 22:23:02[INFO]: Update best epoch as [30] for auc!
2023-12-04 22:23:02[INFO]: [EPOCH=030]: loss_main: 0.5777
2023-12-04 22:23:02[INFO]: [EPOCH=030]: auc: 0.7239 | acc: 0.6811 | rmse: 0.4745
2023-12-04 22:23:45[INFO]: Update best epoch as [31] for auc!
2023-12-04 22:23:45[INFO]: [EPOCH=031]: loss_main: 0.5765
2023-12-04 22:23:45[INFO]: [EPOCH=031]: auc: 0.7240 | acc: 0.6809 | rmse: 0.4747
2023-12-04 22:24:28[INFO]: Update best epoch as [32] for auc!
2023-12-04 22:24:28[INFO]: [EPOCH=032]: loss_main: 0.5771
2023-12-04 22:24:28[INFO]: [EPOCH=032]: auc: 0.7246 | acc: 0.6816 | rmse: 0.4744
2023-12-04 22:25:11[INFO]: [EPOCH=033]: loss_main: 0.5766
2023-12-04 22:25:11[INFO]: [EPOCH=033]: auc: 0.7243 | acc: 0.6812 | rmse: 0.4748
2023-12-04 22:25:54[INFO]: Update best epoch as [34] for auc!
2023-12-04 22:25:54[INFO]: [EPOCH=034]: loss_main: 0.5769
2023-12-04 22:25:54[INFO]: [EPOCH=034]: auc: 0.7246 | acc: 0.6812 | rmse: 0.4747
2023-12-04 22:26:37[INFO]: [EPOCH=035]: loss_main: 0.5762
2023-12-04 22:26:37[INFO]: [EPOCH=035]: auc: 0.7241 | acc: 0.6808 | rmse: 0.4752
2023-12-04 22:27:20[INFO]: Update best epoch as [36] for auc!
2023-12-04 22:27:20[INFO]: [EPOCH=036]: loss_main: 0.5747
2023-12-04 22:27:20[INFO]: [EPOCH=036]: auc: 0.7247 | acc: 0.6809 | rmse: 0.4749
2023-12-04 22:28:03[INFO]: Update best epoch as [37] for auc!
2023-12-04 22:28:03[INFO]: [EPOCH=037]: loss_main: 0.5745
2023-12-04 22:28:03[INFO]: [EPOCH=037]: auc: 0.7252 | acc: 0.6813 | rmse: 0.4748
2023-12-04 22:28:46[INFO]: [EPOCH=038]: loss_main: 0.5751
2023-12-04 22:28:46[INFO]: [EPOCH=038]: auc: 0.7248 | acc: 0.6809 | rmse: 0.4752
2023-12-04 22:29:29[INFO]: [EPOCH=039]: loss_main: 0.5755
2023-12-04 22:29:29[INFO]: [EPOCH=039]: auc: 0.7245 | acc: 0.6805 | rmse: 0.4755
2023-12-04 22:30:12[INFO]: [EPOCH=040]: loss_main: 0.5749
2023-12-04 22:30:12[INFO]: [EPOCH=040]: auc: 0.7246 | acc: 0.6804 | rmse: 0.4756
2023-12-04 22:30:55[INFO]: [EPOCH=041]: loss_main: 0.5745
2023-12-04 22:30:55[INFO]: [EPOCH=041]: auc: 0.7247 | acc: 0.6801 | rmse: 0.4758
2023-12-04 22:31:38[INFO]: [EPOCH=042]: loss_main: 0.5735
2023-12-04 22:31:38[INFO]: [EPOCH=042]: auc: 0.7248 | acc: 0.6800 | rmse: 0.4759
2023-12-04 22:32:21[INFO]: [EPOCH=043]: loss_main: 0.5745
2023-12-04 22:32:21[INFO]: [EPOCH=043]: auc: 0.7251 | acc: 0.6801 | rmse: 0.4759
2023-12-04 22:33:04[INFO]: [EPOCH=044]: loss_main: 0.5748
2023-12-04 22:33:04[INFO]: [EPOCH=044]: auc: 0.7249 | acc: 0.6796 | rmse: 0.4761
2023-12-04 22:33:47[INFO]: [EPOCH=045]: loss_main: 0.5744
2023-12-04 22:33:47[INFO]: [EPOCH=045]: auc: 0.7247 | acc: 0.6794 | rmse: 0.4763
2023-12-04 22:34:30[INFO]: [EPOCH=046]: loss_main: 0.5744
2023-12-04 22:34:30[INFO]: [EPOCH=046]: auc: 0.7243 | acc: 0.6789 | rmse: 0.4768
2023-12-04 22:35:13[INFO]: Suggest to stop training now
2023-12-04 22:35:13[INFO]: [EPOCH=047]: loss_main: 0.5735
2023-12-04 22:35:13[INFO]: [EPOCH=047]: auc: 0.7246 | acc: 0.6791 | rmse: 0.4767
2023-12-04 22:35:13[INFO]: ==============================
2023-12-04 22:35:13[INFO]: [For auc], the Best Epoch is: 37, the value=0.7252
2023-12-04 22:35:13[INFO]: [EPOCH=037]: loss_main: 0.5745
2023-12-04 22:35:13[INFO]: [EPOCH=037]: auc: 0.7252 | acc: 0.6813 | rmse: 0.4748
2023-12-04 22:35:13[INFO]: ==============================
2023-12-04 22:35:13[INFO]: Training Completed!
2023-12-04 22:35:23[INFO]: auc: 0.7251990644675815
2023-12-04 22:35:23[INFO]: acc: 0.6812749808228027
2023-12-04 22:35:23[INFO]: rmse: 0.47482152208355916
2023-12-04 22:35:23[INFO]: doa_all: 0.7871305916968162
2023-12-04 22:35:23[INFO]: ====================
2023-12-04 22:35:23[INFO]: All Fold Mean auc = 0.7261197944752086
2023-12-04 22:35:23[INFO]: All Fold Mean acc = 0.6794985667568332
2023-12-04 22:35:23[INFO]: All Fold Mean rmse = 0.4747593798773897
2023-12-04 22:35:23[INFO]: All Fold Mean doa_all = 0.7832775756196027
2023-12-04 22:35:23[INFO]: Task: 2023-12-04-194140 Completed!
