2023-12-14 16:56:18[INFO]: ============================================================
2023-12-14 16:56:18[INFO]: [ID]: 2023-12-14-165614
2023-12-14 16:56:18[INFO]: [DATASET]: ASSIST_0910
2023-12-14 16:56:18[INFO]: [ARGV]: ['run_sakt_demo.py']
2023-12-14 16:56:18[INFO]: [ALL_CFG]: 
{
    "traintpl_cfg": {
        "cls": "EduTrainTPL",
        "num_stop_rounds": 10,
        "early_stop_metrics": [
            [
                "auc",
                "max"
            ]
        ],
        "best_epoch_metric": "auc",
        "unsave_best_epoch_pth": true,
        "ignore_metrics_in_train": [],
        "batch_size": 32,
        "device": "cuda:0",
        "epoch_num": 100,
        "eval_batch_size": 2048,
        "num_workers": 0,
        "lr": 0.001,
        "optim": "adam",
        "eps": 1e-08,
        "weight_decay": 0.0,
        "seed": 2023
    },
    "datatpl_cfg": {
        "cls": "KTInterCptAsExerDataTPL",
        "mid2cache_op_seq": [
            "M2C_CptAsExer",
            "M2C_Label2Int",
            "M2C_ReMapId",
            "M2C_BuildSeqInterFeats"
        ],
        "exer_exclude_feat_names": [],
        "stu_exclude_feat_names": [],
        "seperator": ",",
        "n_folds": 1,
        "is_dataset_divided": false,
        "is_save_cache": false,
        "cache_id": "cache_default",
        "load_data_from": "middata",
        "inter_exclude_feat_names": [],
        "raw2mid_op": null,
        "seed": 2023,
        "M2C_CptAsExer": {},
        "M2C_Label2Int": {},
        "M2C_ReMapId": {
            "share_id_columns": [],
            "ignore_columns": "{'order_id:token'}"
        },
        "M2C_BuildSeqInterFeats": {
            "seed": 2023,
            "divide_by": "stu",
            "window_size": 100,
            "divide_scale_list": [
                7,
                1,
                2
            ],
            "extra_inter_feats": []
        }
    },
    "modeltpl_cfg": {
        "cls": "SAKT",
        "emb_size": 128,
        "n_attn_heads": 8,
        "max_length": 100,
        "dropout_rate": 0.2,
        "param_init_type": "xavier_normal",
        "pretrained_file_path": ""
    },
    "evaltpl_cfg": {
        "clses": [
            "BinaryClassificationEvalTPL"
        ],
        "BinaryClassificationEvalTPL": {
            "use_metrics": [
                "auc",
                "acc",
                "rmse"
            ]
        }
    },
    "frame_cfg": {
        "ARCHIVE_FOLDER_PATH": "/lijinglong/Projects/EduStudio-main/examples/single_model/archive",
        "CFG_FOLDER_PATH": "/lijinglong/Projects/EduStudio-main/examples/single_model/conf",
        "DATA_FOLDER_PATH": "/lijinglong/Projects/EduStudio-main/examples/single_model/data",
        "DISABLE_LOG_STDOUT": false,
        "DISABLE_TQDM_BAR": false,
        "DT_INFO_DICT": {},
        "DT_INFO_FILE_PATH": "/lijinglong/Projects/EduStudio-main/edustudio/assets/datasets.yaml",
        "ID": "2023-12-14-165614",
        "LOG_WITHOUT_DATE": false,
        "TEMP_FOLDER_PATH": "/lijinglong/Projects/EduStudio-main/examples/single_model/temp",
        "TQDM_NCOLS": 100,
        "WORK_DIR": "/lijinglong/Projects/EduStudio-main/examples/single_model",
        "data_folder_path": "/lijinglong/Projects/EduStudio-main/examples/single_model/data/ASSIST_0910",
        "temp_folder_path": "/lijinglong/Projects/EduStudio-main/examples/single_model/temp/ASSIST_0910/EduTrainTPL/SAKT/2023-12-14-165614",
        "archive_folder_path": "/lijinglong/Projects/EduStudio-main/examples/single_model/archive/ASSIST_0910/EduTrainTPL/SAKT"
    },
    "dataset": "ASSIST_0910",
    "logger": "<Logger edustudio (DEBUG)>"
}
2023-12-14 16:56:18[INFO]: ============================================================
2023-12-14 16:56:22[INFO]: {'stu_count': 4163, 'exer_count': 153, 'real_window_size': 100}
2023-12-14 16:56:22[INFO]: TrainTPL <class 'edustudio.traintpl.edu_traintpl.EduTrainTPL'> Started!
2023-12-14 16:56:23[INFO]: ====== [FOLD ID]: 0 ======
2023-12-14 16:56:24[INFO]: [CALLBACK]-ModelCheckPoint has been registered!
2023-12-14 16:56:24[INFO]: [CALLBACK]-EarlyStopping has been registered!
2023-12-14 16:56:24[INFO]: [CALLBACK]-History has been registered!
2023-12-14 16:56:24[INFO]: [CALLBACK]-BaseLogger has been registered!
2023-12-14 16:56:24[INFO]: Start Training...
2023-12-14 16:56:36[INFO]: Update best epoch as [1] for auc!
2023-12-14 16:56:36[INFO]: [EPOCH=001]: loss_main: 0.6363
2023-12-14 16:56:36[INFO]: [EPOCH=001]: auc: 0.6772 | acc: 0.7075 | rmse: 0.4460
2023-12-14 16:56:47[INFO]: Update best epoch as [2] for auc!
2023-12-14 16:56:47[INFO]: [EPOCH=002]: loss_main: 0.6038
2023-12-14 16:56:47[INFO]: [EPOCH=002]: auc: 0.6848 | acc: 0.7089 | rmse: 0.4439
2023-12-14 16:56:59[INFO]: Update best epoch as [3] for auc!
2023-12-14 16:57:00[INFO]: [EPOCH=003]: loss_main: 0.5991
2023-12-14 16:57:00[INFO]: [EPOCH=003]: auc: 0.6890 | acc: 0.7082 | rmse: 0.4436
2023-12-14 16:57:13[INFO]: [EPOCH=004]: loss_main: 0.5964
2023-12-14 16:57:13[INFO]: [EPOCH=004]: auc: 0.6882 | acc: 0.7096 | rmse: 0.4432
2023-12-14 16:57:26[INFO]: Update best epoch as [5] for auc!
2023-12-14 16:57:26[INFO]: [EPOCH=005]: loss_main: 0.5924
2023-12-14 16:57:26[INFO]: [EPOCH=005]: auc: 0.6892 | acc: 0.7100 | rmse: 0.4443
2023-12-14 16:57:37[INFO]: Update best epoch as [6] for auc!
2023-12-14 16:57:37[INFO]: [EPOCH=006]: loss_main: 0.5908
2023-12-14 16:57:37[INFO]: [EPOCH=006]: auc: 0.6909 | acc: 0.7113 | rmse: 0.4421
2023-12-14 16:57:49[INFO]: Update best epoch as [7] for auc!
2023-12-14 16:57:49[INFO]: [EPOCH=007]: loss_main: 0.5887
2023-12-14 16:57:49[INFO]: [EPOCH=007]: auc: 0.6941 | acc: 0.7079 | rmse: 0.4423
2023-12-14 16:58:00[INFO]: [EPOCH=008]: loss_main: 0.5858
2023-12-14 16:58:00[INFO]: [EPOCH=008]: auc: 0.6939 | acc: 0.7077 | rmse: 0.4424
2023-12-14 16:58:10[INFO]: [EPOCH=009]: loss_main: 0.5837
2023-12-14 16:58:10[INFO]: [EPOCH=009]: auc: 0.6923 | acc: 0.7106 | rmse: 0.4427
2023-12-14 16:58:21[INFO]: [EPOCH=010]: loss_main: 0.5798
2023-12-14 16:58:21[INFO]: [EPOCH=010]: auc: 0.6930 | acc: 0.7117 | rmse: 0.4421
2023-12-14 16:58:32[INFO]: [EPOCH=011]: loss_main: 0.5793
2023-12-14 16:58:32[INFO]: [EPOCH=011]: auc: 0.6916 | acc: 0.7102 | rmse: 0.4422
2023-12-14 16:58:43[INFO]: [EPOCH=012]: loss_main: 0.5795
2023-12-14 16:58:43[INFO]: [EPOCH=012]: auc: 0.6912 | acc: 0.7066 | rmse: 0.4461
2023-12-14 16:58:52[INFO]: [EPOCH=013]: loss_main: 0.5785
2023-12-14 16:58:52[INFO]: [EPOCH=013]: auc: 0.6907 | acc: 0.7107 | rmse: 0.4430
2023-12-14 16:59:02[INFO]: [EPOCH=014]: loss_main: 0.5737
2023-12-14 16:59:02[INFO]: [EPOCH=014]: auc: 0.6923 | acc: 0.7112 | rmse: 0.4429
2023-12-14 16:59:12[INFO]: [EPOCH=015]: loss_main: 0.5706
2023-12-14 16:59:12[INFO]: [EPOCH=015]: auc: 0.6921 | acc: 0.7097 | rmse: 0.4445
2023-12-14 16:59:23[INFO]: [EPOCH=016]: loss_main: 0.5695
2023-12-14 16:59:23[INFO]: [EPOCH=016]: auc: 0.6923 | acc: 0.7075 | rmse: 0.4438
2023-12-14 16:59:34[INFO]: Suggest to stop training now
2023-12-14 16:59:34[INFO]: [EPOCH=017]: loss_main: 0.5663
2023-12-14 16:59:34[INFO]: [EPOCH=017]: auc: 0.6918 | acc: 0.7088 | rmse: 0.4442
2023-12-14 16:59:34[INFO]: ==============================
2023-12-14 16:59:34[INFO]: [For auc], the Best Epoch is: 7, the value=0.6941
2023-12-14 16:59:34[INFO]: [EPOCH=007]: loss_main: 0.5887
2023-12-14 16:59:34[INFO]: [EPOCH=007]: auc: 0.6941 | acc: 0.7079 | rmse: 0.4423
2023-12-14 16:59:34[INFO]: ==============================
2023-12-14 16:59:34[INFO]: Training Completed!
2023-12-14 16:59:34[INFO]: auc: 0.6886166245606516
2023-12-14 16:59:34[INFO]: acc: 0.6968011414156035
2023-12-14 16:59:34[INFO]: rmse: 0.44820540200343767
2023-12-14 16:59:34[INFO]: ====================
2023-12-14 16:59:34[INFO]: All Fold Mean auc = 0.6886166245606516
2023-12-14 16:59:34[INFO]: All Fold Mean acc = 0.6968011414156035
2023-12-14 16:59:34[INFO]: All Fold Mean rmse = 0.44820540200343767
2023-12-14 16:59:34[INFO]: Task: 2023-12-14-165614 Completed!
