2023-12-12 19:05:32[INFO]: ============================================================
2023-12-12 19:05:32[INFO]: [ID]: 2023-12-12-190525
2023-12-12 19:05:32[INFO]: [DATASET]: FrcSub
2023-12-12 19:05:32[INFO]: [ARGV]: ['kscd.py']
2023-12-12 19:05:32[INFO]: [ALL_CFG]: 
{
    "traintpl_cfg": {
        "cls": "EduTrainTPL",
        "num_stop_rounds": 10,
        "early_stop_metrics": [
            [
                "auc",
                "max"
            ]
        ],
        "best_epoch_metric": "auc",
        "unsave_best_epoch_pth": true,
        "ignore_metrics_in_train": [],
        "batch_size": 32,
        "device": "cuda:0",
        "epoch_num": 100,
        "eval_batch_size": 2048,
        "num_workers": 0,
        "lr": 0.001,
        "optim": "adam",
        "eps": 1e-08,
        "weight_decay": 0.0,
        "seed": 2023
    },
    "datatpl_cfg": {
        "cls": "CDInterExtendsQDataTPL",
        "mid2cache_op_seq": [
            "M2C_Label2Int",
            "M2C_FilterRecords4CD",
            "M2C_ReMapId",
            "M2C_RandomDataSplit4CD",
            "M2C_GenQMat"
        ],
        "exer_exclude_feat_names": [],
        "stu_exclude_feat_names": [],
        "seperator": ",",
        "n_folds": 1,
        "is_dataset_divided": false,
        "is_save_cache": false,
        "cache_id": "cache_default",
        "load_data_from": "middata",
        "inter_exclude_feat_names": [],
        "raw2mid_op": null,
        "seed": 2023,
        "M2C_Label2Int": {},
        "M2C_FilterRecords4CD": {
            "stu_least_records": 10,
            "exer_least_records": 0
        },
        "M2C_ReMapId": {
            "share_id_columns": [],
            "ignore_columns": "{'order_id:token'}"
        },
        "M2C_RandomDataSplit4CD": {
            "seed": 2023,
            "divide_scale_list": [
                7,
                1,
                2
            ]
        },
        "M2C_GenQMat": {}
    },
    "modeltpl_cfg": {
        "cls": "KSCD",
        "emb_dim": 20,
        "dropout_rate": 0.5,
        "interaction_type": "kscd",
        "interaction_type_ncdm": {
            "dnn_units": [
                512,
                256
            ],
            "dropout_rate": 0.5,
            "activation": "sigmoid",
            "disc_scale": 10
        },
        "interaction_type_kscd": {
            "dropout_rate": 0.0
        },
        "param_init_type": "xavier_normal",
        "pretrained_file_path": ""
    },
    "evaltpl_cfg": {
        "clses": [
            "BinaryClassificationEvalTPL"
        ],
        "BinaryClassificationEvalTPL": {
            "use_metrics": [
                "auc",
                "acc",
                "rmse"
            ]
        }
    },
    "frame_cfg": {
        "ARCHIVE_FOLDER_PATH": "/lijinglong/Projects/EduStudio-main/examples/archive",
        "CFG_FOLDER_PATH": "/lijinglong/Projects/EduStudio-main/examples/conf",
        "DATA_FOLDER_PATH": "/lijinglong/Projects/EduStudio-main/examples/data",
        "DISABLE_LOG_STDOUT": false,
        "DISABLE_TQDM_BAR": false,
        "DT_INFO_DICT": {},
        "DT_INFO_FILE_PATH": "/lijinglong/Projects/EduStudio-main/edustudio/assets/datasets.yaml",
        "ID": "2023-12-12-190525",
        "LOG_WITHOUT_DATE": false,
        "TEMP_FOLDER_PATH": "/lijinglong/Projects/EduStudio-main/examples/temp",
        "TQDM_NCOLS": 100,
        "WORK_DIR": "/lijinglong/Projects/EduStudio-main/examples",
        "data_folder_path": "/lijinglong/Projects/EduStudio-main/examples/data/FrcSub",
        "temp_folder_path": "/lijinglong/Projects/EduStudio-main/examples/temp/FrcSub/EduTrainTPL/KSCD/2023-12-12-190525",
        "archive_folder_path": "/lijinglong/Projects/EduStudio-main/examples/archive/FrcSub/EduTrainTPL/KSCD"
    },
    "dataset": "FrcSub",
    "logger": "<Logger edustudio (DEBUG)>"
}
2023-12-12 19:05:32[INFO]: ============================================================
2023-12-12 19:05:32[INFO]: {'stu_count': 536, 'exer_count': 20, 'cpt_count': 8}
2023-12-12 19:05:32[INFO]: TrainTPL <class 'edustudio.traintpl.edu_traintpl.EduTrainTPL'> Started!
2023-12-12 19:05:34[INFO]: ====== [FOLD ID]: 0 ======
2023-12-12 19:05:34[INFO]: [CALLBACK]-ModelCheckPoint has been registered!
2023-12-12 19:05:34[INFO]: [CALLBACK]-EarlyStopping has been registered!
2023-12-12 19:05:34[INFO]: [CALLBACK]-History has been registered!
2023-12-12 19:05:34[INFO]: [CALLBACK]-BaseLogger has been registered!
2023-12-12 19:05:34[INFO]: Start Training...
2023-12-12 19:05:37[INFO]: Update best epoch as [1] for auc!
2023-12-12 19:05:38[INFO]: [EPOCH=001]: loss_main: 0.6679
2023-12-12 19:05:38[INFO]: [EPOCH=001]: auc: 0.7355 | acc: 0.6325 | rmse: 0.4764
2023-12-12 19:05:40[INFO]: Update best epoch as [2] for auc!
2023-12-12 19:05:40[INFO]: [EPOCH=002]: loss_main: 0.6137
2023-12-12 19:05:40[INFO]: [EPOCH=002]: auc: 0.8270 | acc: 0.7687 | rmse: 0.4358
2023-12-12 19:05:42[INFO]: Update best epoch as [3] for auc!
2023-12-12 19:05:42[INFO]: [EPOCH=003]: loss_main: 0.4606
2023-12-12 19:05:42[INFO]: [EPOCH=003]: auc: 0.8806 | acc: 0.8134 | rmse: 0.3726
2023-12-12 19:05:44[INFO]: Update best epoch as [4] for auc!
2023-12-12 19:05:44[INFO]: [EPOCH=004]: loss_main: 0.3901
2023-12-12 19:05:44[INFO]: [EPOCH=004]: auc: 0.8829 | acc: 0.8088 | rmse: 0.3686
2023-12-12 19:05:46[INFO]: Update best epoch as [5] for auc!
2023-12-12 19:05:47[INFO]: [EPOCH=005]: loss_main: 0.3801
2023-12-12 19:05:47[INFO]: [EPOCH=005]: auc: 0.8837 | acc: 0.8153 | rmse: 0.3674
2023-12-12 19:05:49[INFO]: Update best epoch as [6] for auc!
2023-12-12 19:05:49[INFO]: [EPOCH=006]: loss_main: 0.3761
2023-12-12 19:05:49[INFO]: [EPOCH=006]: auc: 0.8841 | acc: 0.8162 | rmse: 0.3668
2023-12-12 19:05:51[INFO]: [EPOCH=007]: loss_main: 0.3728
2023-12-12 19:05:51[INFO]: [EPOCH=007]: auc: 0.8839 | acc: 0.8218 | rmse: 0.3668
2023-12-12 19:05:53[INFO]: Update best epoch as [8] for auc!
2023-12-12 19:05:53[INFO]: [EPOCH=008]: loss_main: 0.3702
2023-12-12 19:05:53[INFO]: [EPOCH=008]: auc: 0.8844 | acc: 0.8218 | rmse: 0.3663
2023-12-12 19:05:56[INFO]: Update best epoch as [9] for auc!
2023-12-12 19:05:56[INFO]: [EPOCH=009]: loss_main: 0.3691
2023-12-12 19:05:56[INFO]: [EPOCH=009]: auc: 0.8845 | acc: 0.8162 | rmse: 0.3664
2023-12-12 19:05:58[INFO]: [EPOCH=010]: loss_main: 0.3694
2023-12-12 19:05:58[INFO]: [EPOCH=010]: auc: 0.8841 | acc: 0.8200 | rmse: 0.3663
2023-12-12 19:06:00[INFO]: [EPOCH=011]: loss_main: 0.3679
2023-12-12 19:06:00[INFO]: [EPOCH=011]: auc: 0.8833 | acc: 0.8200 | rmse: 0.3669
2023-12-12 19:06:02[INFO]: [EPOCH=012]: loss_main: 0.3664
2023-12-12 19:06:02[INFO]: [EPOCH=012]: auc: 0.8842 | acc: 0.8172 | rmse: 0.3665
2023-12-12 19:06:04[INFO]: [EPOCH=013]: loss_main: 0.3666
2023-12-12 19:06:04[INFO]: [EPOCH=013]: auc: 0.8839 | acc: 0.8237 | rmse: 0.3663
2023-12-12 19:06:07[INFO]: [EPOCH=014]: loss_main: 0.3659
2023-12-12 19:06:07[INFO]: [EPOCH=014]: auc: 0.8836 | acc: 0.8190 | rmse: 0.3669
2023-12-12 19:06:09[INFO]: [EPOCH=015]: loss_main: 0.3654
2023-12-12 19:06:09[INFO]: [EPOCH=015]: auc: 0.8838 | acc: 0.8181 | rmse: 0.3663
2023-12-12 19:06:11[INFO]: [EPOCH=016]: loss_main: 0.3640
2023-12-12 19:06:11[INFO]: [EPOCH=016]: auc: 0.8839 | acc: 0.8181 | rmse: 0.3661
2023-12-12 19:06:13[INFO]: [EPOCH=017]: loss_main: 0.3637
2023-12-12 19:06:13[INFO]: [EPOCH=017]: auc: 0.8842 | acc: 0.8237 | rmse: 0.3662
2023-12-12 19:06:15[INFO]: [EPOCH=018]: loss_main: 0.3638
2023-12-12 19:06:15[INFO]: [EPOCH=018]: auc: 0.8839 | acc: 0.8218 | rmse: 0.3663
2023-12-12 19:06:17[INFO]: Suggest to stop training now
2023-12-12 19:06:17[INFO]: [EPOCH=019]: loss_main: 0.3644
2023-12-12 19:06:17[INFO]: [EPOCH=019]: auc: 0.8833 | acc: 0.8200 | rmse: 0.3667
2023-12-12 19:06:17[INFO]: ==============================
2023-12-12 19:06:17[INFO]: [For auc], the Best Epoch is: 9, the value=0.8845
2023-12-12 19:06:17[INFO]: [EPOCH=009]: loss_main: 0.3691
2023-12-12 19:06:17[INFO]: [EPOCH=009]: auc: 0.8845 | acc: 0.8162 | rmse: 0.3664
2023-12-12 19:06:17[INFO]: ==============================
2023-12-12 19:06:17[INFO]: Training Completed!
2023-12-12 19:06:17[INFO]: auc: 0.9060101169968511
2023-12-12 19:06:17[INFO]: acc: 0.8302238805970149
2023-12-12 19:06:17[INFO]: rmse: 0.3485492103844885
2023-12-12 19:06:17[INFO]: ====================
2023-12-12 19:06:17[INFO]: All Fold Mean auc = 0.9060101169968511
2023-12-12 19:06:17[INFO]: All Fold Mean acc = 0.8302238805970149
2023-12-12 19:06:17[INFO]: All Fold Mean rmse = 0.3485492103844885
2023-12-12 19:06:18[INFO]: Task: 2023-12-12-190525 Completed!
