2023-11-02 21:32:57[INFO]: ============================================================
2023-11-02 21:32:57[INFO]: [ID]: 2023-11-02-213252
2023-11-02 21:32:57[INFO]: [DATASET]: FrcSub
2023-11-02 21:32:57[INFO]: [ARGV]: ['/chenaoxia/home/01_EduStudioMaintain/EduStudio/examples/single_model/run_kancd_demo.py']
2023-11-02 21:32:57[INFO]: [ALL_CFG]: 
{
    "traintpl_cfg": {
        "cls": "EduTrainTPL",
        "num_stop_rounds": 10,
        "early_stop_metrics": [
            [
                "auc",
                "max"
            ]
        ],
        "best_epoch_metric": "auc",
        "unsave_best_epoch_pth": true,
        "ignore_metrics_in_train": [],
        "batch_size": 32,
        "device": "cuda:0",
        "epoch_num": 100,
        "eval_batch_size": 2048,
        "num_workers": 0,
        "lr": 0.001,
        "optim": "adam",
        "eps": 1e-08,
        "weight_decay": 0.0,
        "seed": 2023
    },
    "datatpl_cfg": {
        "cls": "CDInterExtendsQDataTPL",
        "mid2cache_op_seq": [
            "M2C_Label2Int",
            "M2C_FilterRecords4CD",
            "M2C_ReMapId",
            "M2C_RandomDataSplit4CD",
            "M2C_GenQMat"
        ],
        "exer_exclude_feat_names": [],
        "stu_exclude_feat_names": [],
        "seperator": ",",
        "n_folds": 1,
        "is_dataset_divided": false,
        "is_save_cache": false,
        "cache_id": "cache_default",
        "load_data_from": "middata",
        "inter_exclude_feat_names": [],
        "raw2mid_op": null,
        "seed": 2023,
        "M2C_Label2Int": {},
        "M2C_FilterRecords4CD": {
            "stu_least_records": 10,
            "exer_least_records": 0
        },
        "M2C_ReMapId": {
            "share_id_columns": [],
            "ignore_columns": "{'order_id:token'}"
        },
        "M2C_RandomDataSplit4CD": {
            "seed": 2023,
            "divide_scale_list": [
                7,
                1,
                2
            ]
        },
        "M2C_GenQMat": {}
    },
    "modeltpl_cfg": {
        "cls": "KaNCD",
        "prednet_len1": 256,
        "prednet_len2": 128,
        "emb_dim": 20,
        "mf_type": "gmf",
        "param_init_type": "xavier_normal",
        "pretrained_file_path": ""
    },
    "evaltpl_cfg": {
        "clses": [
            "BinaryClassificationEvalTPL"
        ],
        "BinaryClassificationEvalTPL": {
            "use_metrics": [
                "auc",
                "acc",
                "rmse"
            ]
        }
    },
    "frame_cfg": {
        "ARCHIVE_FOLDER_PATH": "/chenaoxia/home/01_EduStudioMaintain/EduStudio/examples/single_model/archive",
        "CFG_FOLDER_PATH": "/chenaoxia/home/01_EduStudioMaintain/EduStudio/examples/single_model/conf",
        "DATA_FOLDER_PATH": "/chenaoxia/home/01_EduStudioMaintain/EduStudio/examples/single_model/data",
        "DISABLE_LOG_STDOUT": false,
        "DISABLE_TQDM_BAR": false,
        "DT_INFO_DICT": {},
        "DT_INFO_FILE_PATH": "/chenaoxia/home/01_EduStudioMaintain/EduStudio/edustudio/assets/datasets.yaml",
        "ID": "2023-11-02-213252",
        "LOG_WITHOUT_DATE": false,
        "TEMP_FOLDER_PATH": "/chenaoxia/home/01_EduStudioMaintain/EduStudio/examples/single_model/temp",
        "TQDM_NCOLS": 100,
        "WORK_DIR": "/chenaoxia/home/01_EduStudioMaintain/EduStudio/examples/single_model",
        "data_folder_path": "/chenaoxia/home/01_EduStudioMaintain/EduStudio/examples/single_model/data/FrcSub",
        "temp_folder_path": "/chenaoxia/home/01_EduStudioMaintain/EduStudio/examples/single_model/temp/FrcSub/EduTrainTPL/KaNCD/2023-11-02-213252",
        "archive_folder_path": "/chenaoxia/home/01_EduStudioMaintain/EduStudio/examples/single_model/archive/FrcSub/EduTrainTPL/KaNCD"
    },
    "dataset": "FrcSub",
    "logger": "<Logger edustudio (DEBUG)>"
}
2023-11-02 21:32:57[INFO]: ============================================================
2023-11-02 21:32:57[INFO]: {'stu_count': 536, 'exer_count': 20, 'cpt_count': 8}
2023-11-02 21:32:57[INFO]: TrainTPL <class 'edustudio.traintpl.edu_traintpl.EduTrainTPL'> Started!
2023-11-02 21:33:01[INFO]: ====== [FOLD ID]: 0 ======
2023-11-02 21:33:01[INFO]: [CALLBACK]-ModelCheckPoint has been registered!
2023-11-02 21:33:01[INFO]: [CALLBACK]-EarlyStopping has been registered!
2023-11-02 21:33:01[INFO]: [CALLBACK]-History has been registered!
2023-11-02 21:33:01[INFO]: [CALLBACK]-BaseLogger has been registered!
2023-11-02 21:33:01[INFO]: Start Training...
2023-11-02 21:33:04[INFO]: Update best epoch as [1] for auc!
2023-11-02 21:33:04[INFO]: [EPOCH=001]: loss_main: 0.6455
2023-11-02 21:33:04[INFO]: [EPOCH=001]: auc: 0.8243 | acc: 0.7397 | rmse: 0.4203
2023-11-02 21:33:07[INFO]: Update best epoch as [2] for auc!
2023-11-02 21:33:02[INFO]: [EPOCH=002]: loss_main: 0.4272
2023-11-02 21:33:02[INFO]: [EPOCH=002]: auc: 0.8812 | acc: 0.8209 | rmse: 0.3660
2023-11-02 21:33:05[INFO]: Update best epoch as [3] for auc!
2023-11-02 21:33:05[INFO]: [EPOCH=003]: loss_main: 0.3640
2023-11-02 21:33:05[INFO]: [EPOCH=003]: auc: 0.8920 | acc: 0.8358 | rmse: 0.3554
2023-11-02 21:33:08[INFO]: Update best epoch as [4] for auc!
2023-11-02 21:33:08[INFO]: [EPOCH=004]: loss_main: 0.3207
2023-11-02 21:33:08[INFO]: [EPOCH=004]: auc: 0.8938 | acc: 0.8321 | rmse: 0.3549
2023-11-02 21:33:11[INFO]: [EPOCH=005]: loss_main: 0.2888
2023-11-02 21:33:11[INFO]: [EPOCH=005]: auc: 0.8889 | acc: 0.8237 | rmse: 0.3666
2023-11-02 21:33:14[INFO]: [EPOCH=006]: loss_main: 0.2548
2023-11-02 21:33:14[INFO]: [EPOCH=006]: auc: 0.8831 | acc: 0.8181 | rmse: 0.3719
2023-11-02 21:33:17[INFO]: [EPOCH=007]: loss_main: 0.2210
2023-11-02 21:33:17[INFO]: [EPOCH=007]: auc: 0.8736 | acc: 0.8190 | rmse: 0.3849
2023-11-02 21:33:20[INFO]: [EPOCH=008]: loss_main: 0.1967
2023-11-02 21:33:20[INFO]: [EPOCH=008]: auc: 0.8699 | acc: 0.8097 | rmse: 0.3927
2023-11-02 21:33:23[INFO]: [EPOCH=009]: loss_main: 0.1809
2023-11-02 21:33:23[INFO]: [EPOCH=009]: auc: 0.8653 | acc: 0.8078 | rmse: 0.3989
2023-11-02 21:33:26[INFO]: [EPOCH=010]: loss_main: 0.1651
2023-11-02 21:33:26[INFO]: [EPOCH=010]: auc: 0.8612 | acc: 0.8032 | rmse: 0.4058
2023-11-02 21:33:29[INFO]: [EPOCH=011]: loss_main: 0.1541
2023-11-02 21:33:29[INFO]: [EPOCH=011]: auc: 0.8600 | acc: 0.7976 | rmse: 0.4077
2023-11-02 21:33:32[INFO]: [EPOCH=012]: loss_main: 0.1429
2023-11-02 21:33:32[INFO]: [EPOCH=012]: auc: 0.8575 | acc: 0.7957 | rmse: 0.4168
2023-11-02 21:33:34[INFO]: [EPOCH=013]: loss_main: 0.1348
2023-11-02 21:33:34[INFO]: [EPOCH=013]: auc: 0.8571 | acc: 0.7976 | rmse: 0.4186
2023-11-02 21:33:37[INFO]: Suggest to stop training now
2023-11-02 21:33:37[INFO]: [EPOCH=014]: loss_main: 0.1322
2023-11-02 21:33:37[INFO]: [EPOCH=014]: auc: 0.8538 | acc: 0.7929 | rmse: 0.4210
2023-11-02 21:33:37[INFO]: ==============================
2023-11-02 21:33:37[INFO]: [For auc], the Best Epoch is: 4, the value=0.8938
2023-11-02 21:33:37[INFO]: [EPOCH=004]: loss_main: 0.3207
2023-11-02 21:33:37[INFO]: [EPOCH=004]: auc: 0.8938 | acc: 0.8321 | rmse: 0.3549
2023-11-02 21:33:37[INFO]: ==============================
2023-11-02 21:33:38[INFO]: Training Completed!
2023-11-02 21:33:38[INFO]: auc: 0.9156649514337063
2023-11-02 21:33:38[INFO]: acc: 0.8456156716417911
2023-11-02 21:33:38[INFO]: rmse: 0.3380032390292566
2023-11-02 21:33:38[INFO]: ====================
2023-11-02 21:33:38[INFO]: All Fold Mean auc = 0.9156649514337063
2023-11-02 21:33:38[INFO]: All Fold Mean acc = 0.8456156716417911
2023-11-02 21:33:38[INFO]: All Fold Mean rmse = 0.3380032390292566
2023-11-02 21:33:38[INFO]: Task: 2023-11-02-213252 Completed!
