2023-11-02 20:33:53[INFO]: ============================================================
2023-11-02 20:33:53[INFO]: [ID]: 2023-11-02-203347
2023-11-02 20:33:53[INFO]: [DATASET]: FrcSub
2023-11-02 20:33:53[INFO]: [ARGV]: ['/chenaoxia/home/01_EduStudioMaintain/EduStudio/examples/single_model/run_ncdm_demo.py']
2023-11-02 20:33:53[INFO]: [ALL_CFG]: 
{
    "traintpl_cfg": {
        "cls": "EduTrainTPL",
        "num_stop_rounds": 10,
        "early_stop_metrics": [
            [
                "auc",
                "max"
            ]
        ],
        "best_epoch_metric": "auc",
        "unsave_best_epoch_pth": true,
        "ignore_metrics_in_train": [],
        "batch_size": 32,
        "device": "cuda:0",
        "epoch_num": 100,
        "eval_batch_size": 2048,
        "num_workers": 0,
        "lr": 0.001,
        "optim": "adam",
        "eps": 1e-08,
        "weight_decay": 0.0,
        "seed": 2023
    },
    "datatpl_cfg": {
        "cls": "CDInterExtendsQDataTPL",
        "mid2cache_op_seq": [
            "M2C_Label2Int",
            "M2C_FilterRecords4CD",
            "M2C_ReMapId",
            "M2C_RandomDataSplit4CD",
            "M2C_GenQMat"
        ],
        "exer_exclude_feat_names": [],
        "stu_exclude_feat_names": [],
        "seperator": ",",
        "n_folds": 1,
        "is_dataset_divided": false,
        "is_save_cache": false,
        "cache_id": "cache_default",
        "load_data_from": "middata",
        "inter_exclude_feat_names": [],
        "raw2mid_op": null,
        "seed": 2023,
        "M2C_Label2Int": {},
        "M2C_FilterRecords4CD": {
            "stu_least_records": 10,
            "exer_least_records": 0
        },
        "M2C_ReMapId": {
            "share_id_columns": [],
            "ignore_columns": "{'order_id:token'}"
        },
        "M2C_RandomDataSplit4CD": {
            "seed": 2023,
            "divide_scale_list": [
                7,
                1,
                2
            ]
        },
        "M2C_GenQMat": {}
    },
    "modeltpl_cfg": {
        "cls": "NCDM",
        "dnn_units": [
            512,
            256
        ],
        "dropout_rate": 0.5,
        "activation": "sigmoid",
        "disc_scale": 10,
        "param_init_type": "xavier_normal",
        "pretrained_file_path": ""
    },
    "evaltpl_cfg": {
        "clses": [
            "BinaryClassificationEvalTPL"
        ],
        "BinaryClassificationEvalTPL": {
            "use_metrics": [
                "auc",
                "acc",
                "rmse"
            ]
        }
    },
    "frame_cfg": {
        "ARCHIVE_FOLDER_PATH": "/chenaoxia/home/01_EduStudioMaintain/EduStudio/examples/single_model/archive",
        "CFG_FOLDER_PATH": "/chenaoxia/home/01_EduStudioMaintain/EduStudio/examples/single_model/conf",
        "DATA_FOLDER_PATH": "/chenaoxia/home/01_EduStudioMaintain/EduStudio/examples/single_model/data",
        "DISABLE_LOG_STDOUT": false,
        "DISABLE_TQDM_BAR": false,
        "DT_INFO_DICT": {},
        "DT_INFO_FILE_PATH": "/chenaoxia/home/01_EduStudioMaintain/EduStudio/edustudio/assets/datasets.yaml",
        "ID": "2023-11-02-203347",
        "LOG_WITHOUT_DATE": false,
        "TEMP_FOLDER_PATH": "/chenaoxia/home/01_EduStudioMaintain/EduStudio/examples/single_model/temp",
        "TQDM_NCOLS": 100,
        "WORK_DIR": "/chenaoxia/home/01_EduStudioMaintain/EduStudio/examples/single_model",
        "data_folder_path": "/chenaoxia/home/01_EduStudioMaintain/EduStudio/examples/single_model/data/FrcSub",
        "temp_folder_path": "/chenaoxia/home/01_EduStudioMaintain/EduStudio/examples/single_model/temp/FrcSub/EduTrainTPL/NCDM/2023-11-02-203347",
        "archive_folder_path": "/chenaoxia/home/01_EduStudioMaintain/EduStudio/examples/single_model/archive/FrcSub/EduTrainTPL/NCDM"
    },
    "dataset": "FrcSub",
    "logger": "<Logger edustudio (DEBUG)>"
}
2023-11-02 20:33:53[INFO]: ============================================================
2023-11-02 20:33:53[INFO]: {'stu_count': 536, 'exer_count': 20, 'cpt_count': 8}
2023-11-02 20:33:53[INFO]: TrainTPL <class 'edustudio.traintpl.edu_traintpl.EduTrainTPL'> Started!
2023-11-02 20:33:56[INFO]: ====== [FOLD ID]: 0 ======
2023-11-02 20:33:57[INFO]: [CALLBACK]-ModelCheckPoint has been registered!
2023-11-02 20:33:57[INFO]: [CALLBACK]-EarlyStopping has been registered!
2023-11-02 20:33:57[INFO]: [CALLBACK]-History has been registered!
2023-11-02 20:33:57[INFO]: [CALLBACK]-BaseLogger has been registered!
2023-11-02 20:33:57[INFO]: Start Training...
2023-11-02 20:34:00[INFO]: Update best epoch as [1] for auc!
2023-11-02 20:34:00[INFO]: [EPOCH=001]: loss_main: 5.0651
2023-11-02 20:34:00[INFO]: [EPOCH=001]: auc: 0.5366 | acc: 0.5093 | rmse: 0.5161
2023-11-02 20:34:03[INFO]: Update best epoch as [2] for auc!
2023-11-02 20:34:03[INFO]: [EPOCH=002]: loss_main: 0.6968
2023-11-02 20:34:03[INFO]: [EPOCH=002]: auc: 0.5789 | acc: 0.5093 | rmse: 0.5044
2023-11-02 20:34:06[INFO]: Update best epoch as [3] for auc!
2023-11-02 20:34:06[INFO]: [EPOCH=003]: loss_main: 0.6915
2023-11-02 20:34:06[INFO]: [EPOCH=003]: auc: 0.6554 | acc: 0.5093 | rmse: 0.5017
2023-11-02 20:34:02[INFO]: Update best epoch as [4] for auc!
2023-11-02 20:34:02[INFO]: [EPOCH=004]: loss_main: 0.6908
2023-11-02 20:34:02[INFO]: [EPOCH=004]: auc: 0.7349 | acc: 0.5093 | rmse: 0.4994
2023-11-02 20:34:04[INFO]: Update best epoch as [5] for auc!
2023-11-02 20:34:04[INFO]: [EPOCH=005]: loss_main: 0.6873
2023-11-02 20:34:04[INFO]: [EPOCH=005]: auc: 0.7906 | acc: 0.5093 | rmse: 0.4978
2023-11-02 20:34:06[INFO]: Update best epoch as [6] for auc!
2023-11-02 20:34:06[INFO]: [EPOCH=006]: loss_main: 0.6652
2023-11-02 20:34:06[INFO]: [EPOCH=006]: auc: 0.8377 | acc: 0.5093 | rmse: 0.4821
2023-11-02 20:34:08[INFO]: Update best epoch as [7] for auc!
2023-11-02 20:34:08[INFO]: [EPOCH=007]: loss_main: 0.6049
2023-11-02 20:34:08[INFO]: [EPOCH=007]: auc: 0.8768 | acc: 0.6297 | rmse: 0.4507
2023-11-02 20:34:10[INFO]: Update best epoch as [8] for auc!
2023-11-02 20:34:11[INFO]: [EPOCH=008]: loss_main: 0.5254
2023-11-02 20:34:11[INFO]: [EPOCH=008]: auc: 0.8860 | acc: 0.8125 | rmse: 0.4232
2023-11-02 20:34:13[INFO]: Update best epoch as [9] for auc!
2023-11-02 20:34:13[INFO]: [EPOCH=009]: loss_main: 0.4619
2023-11-02 20:34:13[INFO]: [EPOCH=009]: auc: 0.8889 | acc: 0.8330 | rmse: 0.4020
2023-11-02 20:34:15[INFO]: Update best epoch as [10] for auc!
2023-11-02 20:34:15[INFO]: [EPOCH=010]: loss_main: 0.4141
2023-11-02 20:34:15[INFO]: [EPOCH=010]: auc: 0.8910 | acc: 0.8302 | rmse: 0.3883
2023-11-02 20:34:17[INFO]: Update best epoch as [11] for auc!
2023-11-02 20:34:17[INFO]: [EPOCH=011]: loss_main: 0.3776
2023-11-02 20:34:17[INFO]: [EPOCH=011]: auc: 0.8917 | acc: 0.8302 | rmse: 0.3780
2023-11-02 20:34:20[INFO]: Update best epoch as [12] for auc!
2023-11-02 20:34:20[INFO]: [EPOCH=012]: loss_main: 0.3473
2023-11-02 20:34:20[INFO]: [EPOCH=012]: auc: 0.8928 | acc: 0.8265 | rmse: 0.3728
2023-11-02 20:34:22[INFO]: Update best epoch as [13] for auc!
2023-11-02 20:34:22[INFO]: [EPOCH=013]: loss_main: 0.3226
2023-11-02 20:34:22[INFO]: [EPOCH=013]: auc: 0.8931 | acc: 0.8302 | rmse: 0.3682
2023-11-02 20:34:25[INFO]: [EPOCH=014]: loss_main: 0.3016
2023-11-02 20:34:25[INFO]: [EPOCH=014]: auc: 0.8926 | acc: 0.8293 | rmse: 0.3663
2023-11-02 20:34:27[INFO]: [EPOCH=015]: loss_main: 0.2848
2023-11-02 20:34:27[INFO]: [EPOCH=015]: auc: 0.8919 | acc: 0.8293 | rmse: 0.3677
2023-11-02 20:34:29[INFO]: [EPOCH=016]: loss_main: 0.2707
2023-11-02 20:34:29[INFO]: [EPOCH=016]: auc: 0.8916 | acc: 0.8284 | rmse: 0.3685
2023-11-02 20:34:31[INFO]: [EPOCH=017]: loss_main: 0.2567
2023-11-02 20:34:31[INFO]: [EPOCH=017]: auc: 0.8906 | acc: 0.8256 | rmse: 0.3697
2023-11-02 20:34:33[INFO]: [EPOCH=018]: loss_main: 0.2430
2023-11-02 20:34:33[INFO]: [EPOCH=018]: auc: 0.8898 | acc: 0.8256 | rmse: 0.3712
2023-11-02 20:34:35[INFO]: [EPOCH=019]: loss_main: 0.2312
2023-11-02 20:34:35[INFO]: [EPOCH=019]: auc: 0.8888 | acc: 0.8265 | rmse: 0.3736
2023-11-02 20:34:38[INFO]: [EPOCH=020]: loss_main: 0.2212
2023-11-02 20:34:38[INFO]: [EPOCH=020]: auc: 0.8880 | acc: 0.8246 | rmse: 0.3749
2023-11-02 20:34:40[INFO]: [EPOCH=021]: loss_main: 0.2097
2023-11-02 20:34:40[INFO]: [EPOCH=021]: auc: 0.8870 | acc: 0.8237 | rmse: 0.3759
2023-11-02 20:34:42[INFO]: [EPOCH=022]: loss_main: 0.2018
2023-11-02 20:34:42[INFO]: [EPOCH=022]: auc: 0.8854 | acc: 0.8190 | rmse: 0.3799
2023-11-02 20:34:44[INFO]: Suggest to stop training now
2023-11-02 20:34:44[INFO]: [EPOCH=023]: loss_main: 0.1905
2023-11-02 20:34:44[INFO]: [EPOCH=023]: auc: 0.8847 | acc: 0.8237 | rmse: 0.3798
2023-11-02 20:34:44[INFO]: ==============================
2023-11-02 20:34:44[INFO]: [For auc], the Best Epoch is: 13, the value=0.8931
2023-11-02 20:34:44[INFO]: [EPOCH=013]: loss_main: 0.3226
2023-11-02 20:34:44[INFO]: [EPOCH=013]: auc: 0.8931 | acc: 0.8302 | rmse: 0.3682
2023-11-02 20:34:44[INFO]: ==============================
2023-11-02 20:34:44[INFO]: Training Completed!
2023-11-02 20:34:44[INFO]: auc: 0.9120504925517732
2023-11-02 20:34:44[INFO]: acc: 0.8470149253731343
2023-11-02 20:34:44[INFO]: rmse: 0.3516127020702156
2023-11-02 20:34:44[INFO]: ====================
2023-11-02 20:34:44[INFO]: All Fold Mean auc = 0.9120504925517732
2023-11-02 20:34:44[INFO]: All Fold Mean acc = 0.8470149253731343
2023-11-02 20:34:44[INFO]: All Fold Mean rmse = 0.3516127020702156
2023-11-02 20:34:44[INFO]: Task: 2023-11-02-203347 Completed!
