2023-12-12 19:08:06[INFO]: ============================================================
2023-12-12 19:08:06[INFO]: [ID]: 2023-12-12-190802
2023-12-12 19:08:06[INFO]: [DATASET]: FrcSub
2023-12-12 19:08:06[INFO]: [ARGV]: ['ncdm.py']
2023-12-12 19:08:06[INFO]: [ALL_CFG]: 
{
    "traintpl_cfg": {
        "cls": "EduTrainTPL",
        "num_stop_rounds": 10,
        "early_stop_metrics": [
            [
                "auc",
                "max"
            ]
        ],
        "best_epoch_metric": "auc",
        "unsave_best_epoch_pth": true,
        "ignore_metrics_in_train": [],
        "batch_size": 32,
        "device": "cuda:0",
        "epoch_num": 100,
        "eval_batch_size": 2048,
        "num_workers": 0,
        "lr": 0.001,
        "optim": "adam",
        "eps": 1e-08,
        "weight_decay": 0.0,
        "seed": 2023
    },
    "datatpl_cfg": {
        "cls": "CDInterExtendsQDataTPL",
        "mid2cache_op_seq": [
            "M2C_Label2Int",
            "M2C_FilterRecords4CD",
            "M2C_ReMapId",
            "M2C_RandomDataSplit4CD",
            "M2C_GenQMat"
        ],
        "exer_exclude_feat_names": [],
        "stu_exclude_feat_names": [],
        "seperator": ",",
        "n_folds": 5,
        "is_dataset_divided": false,
        "is_save_cache": false,
        "cache_id": "cache_default",
        "load_data_from": "middata",
        "inter_exclude_feat_names": [],
        "raw2mid_op": null,
        "seed": 2023,
        "M2C_Label2Int": {},
        "M2C_FilterRecords4CD": {
            "stu_least_records": 10,
            "exer_least_records": 0
        },
        "M2C_ReMapId": {
            "share_id_columns": [],
            "ignore_columns": "{'order_id:token'}"
        },
        "M2C_RandomDataSplit4CD": {
            "seed": 2023,
            "divide_scale_list": [
                7,
                1,
                2
            ]
        },
        "M2C_GenQMat": {}
    },
    "modeltpl_cfg": {
        "cls": "NCDM",
        "dnn_units": [
            512,
            256
        ],
        "dropout_rate": 0.5,
        "activation": "sigmoid",
        "disc_scale": 10,
        "param_init_type": "xavier_normal",
        "pretrained_file_path": ""
    },
    "evaltpl_cfg": {
        "clses": [
            "BinaryClassificationEvalTPL",
            "CognitiveDiagnosisEvalTPL"
        ],
        "BinaryClassificationEvalTPL": {
            "use_metrics": [
                "auc",
                "acc",
                "rmse"
            ]
        },
        "CognitiveDiagnosisEvalTPL": {
            "use_metrics": [
                "doa_all"
            ],
            "test_only_metrics": [
                "doa_all"
            ]
        }
    },
    "frame_cfg": {
        "ARCHIVE_FOLDER_PATH": "/lijinglong/Projects/EduStudio-main/examples/archive",
        "CFG_FOLDER_PATH": "/lijinglong/Projects/EduStudio-main/examples/conf",
        "DATA_FOLDER_PATH": "/lijinglong/Projects/EduStudio-main/examples/data",
        "DISABLE_LOG_STDOUT": false,
        "DISABLE_TQDM_BAR": false,
        "DT_INFO_DICT": {},
        "DT_INFO_FILE_PATH": "/lijinglong/Projects/EduStudio-main/edustudio/assets/datasets.yaml",
        "ID": "2023-12-12-190802",
        "LOG_WITHOUT_DATE": false,
        "TEMP_FOLDER_PATH": "/lijinglong/Projects/EduStudio-main/examples/temp",
        "TQDM_NCOLS": 100,
        "WORK_DIR": "/lijinglong/Projects/EduStudio-main/examples",
        "data_folder_path": "/lijinglong/Projects/EduStudio-main/examples/data/FrcSub",
        "temp_folder_path": "/lijinglong/Projects/EduStudio-main/examples/temp/FrcSub/EduTrainTPL/NCDM/2023-12-12-190802",
        "archive_folder_path": "/lijinglong/Projects/EduStudio-main/examples/archive/FrcSub/EduTrainTPL/NCDM"
    },
    "dataset": "FrcSub",
    "logger": "<Logger edustudio (DEBUG)>"
}
2023-12-12 19:08:06[INFO]: ============================================================
2023-12-12 19:08:06[INFO]: {'stu_count': 536, 'exer_count': 20, 'cpt_count': 8}
2023-12-12 19:08:06[INFO]: TrainTPL <class 'edustudio.traintpl.edu_traintpl.EduTrainTPL'> Started!
2023-12-12 19:08:08[INFO]: ====== [FOLD ID]: 0 ======
2023-12-12 19:08:08[INFO]: [CALLBACK]-ModelCheckPoint has been registered!
2023-12-12 19:08:08[INFO]: [CALLBACK]-EarlyStopping has been registered!
2023-12-12 19:08:08[INFO]: [CALLBACK]-History has been registered!
2023-12-12 19:08:08[INFO]: [CALLBACK]-BaseLogger has been registered!
2023-12-12 19:08:08[INFO]: Start Training...
2023-12-12 19:08:11[INFO]: Update best epoch as [1] for auc!
2023-12-12 19:08:11[INFO]: [EPOCH=001]: loss_main: 4.3766
2023-12-12 19:08:11[INFO]: [EPOCH=001]: auc: 0.5331 | acc: 0.5229 | rmse: 0.5092
2023-12-12 19:08:14[INFO]: Update best epoch as [2] for auc!
2023-12-12 19:08:14[INFO]: [EPOCH=002]: loss_main: 0.6970
2023-12-12 19:08:14[INFO]: [EPOCH=002]: auc: 0.5902 | acc: 0.5229 | rmse: 0.4997
2023-12-12 19:08:16[INFO]: Update best epoch as [3] for auc!
2023-12-12 19:08:16[INFO]: [EPOCH=003]: loss_main: 0.6929
2023-12-12 19:08:16[INFO]: [EPOCH=003]: auc: 0.6877 | acc: 0.5229 | rmse: 0.4992
2023-12-12 19:08:19[INFO]: Update best epoch as [4] for auc!
2023-12-12 19:08:19[INFO]: [EPOCH=004]: loss_main: 0.6909
2023-12-12 19:08:19[INFO]: [EPOCH=004]: auc: 0.7614 | acc: 0.5229 | rmse: 0.4981
2023-12-12 19:08:21[INFO]: Update best epoch as [5] for auc!
2023-12-12 19:08:21[INFO]: [EPOCH=005]: loss_main: 0.6807
2023-12-12 19:08:21[INFO]: [EPOCH=005]: auc: 0.8046 | acc: 0.5243 | rmse: 0.4880
2023-12-12 19:08:23[INFO]: Update best epoch as [6] for auc!
2023-12-12 19:08:23[INFO]: [EPOCH=006]: loss_main: 0.6329
2023-12-12 19:08:23[INFO]: [EPOCH=006]: auc: 0.8695 | acc: 0.5299 | rmse: 0.4598
2023-12-12 19:08:25[INFO]: Update best epoch as [7] for auc!
2023-12-12 19:08:26[INFO]: [EPOCH=007]: loss_main: 0.5472
2023-12-12 19:08:26[INFO]: [EPOCH=007]: auc: 0.8996 | acc: 0.8046 | rmse: 0.4192
2023-12-12 19:08:28[INFO]: Update best epoch as [8] for auc!
2023-12-12 19:08:28[INFO]: [EPOCH=008]: loss_main: 0.4717
2023-12-12 19:08:28[INFO]: [EPOCH=008]: auc: 0.9085 | acc: 0.8354 | rmse: 0.3917
2023-12-12 19:08:30[INFO]: Update best epoch as [9] for auc!
2023-12-12 19:08:30[INFO]: [EPOCH=009]: loss_main: 0.4209
2023-12-12 19:08:30[INFO]: [EPOCH=009]: auc: 0.9121 | acc: 0.8479 | rmse: 0.3734
2023-12-12 19:08:33[INFO]: Update best epoch as [10] for auc!
2023-12-12 19:08:33[INFO]: [EPOCH=010]: loss_main: 0.3821
2023-12-12 19:08:33[INFO]: [EPOCH=010]: auc: 0.9136 | acc: 0.8479 | rmse: 0.3611
2023-12-12 19:08:35[INFO]: Update best epoch as [11] for auc!
2023-12-12 19:08:35[INFO]: [EPOCH=011]: loss_main: 0.3517
2023-12-12 19:08:35[INFO]: [EPOCH=011]: auc: 0.9145 | acc: 0.8535 | rmse: 0.3524
2023-12-12 19:08:37[INFO]: Update best epoch as [12] for auc!
2023-12-12 19:08:37[INFO]: [EPOCH=012]: loss_main: 0.3264
2023-12-12 19:08:37[INFO]: [EPOCH=012]: auc: 0.9149 | acc: 0.8484 | rmse: 0.3484
2023-12-12 19:08:40[INFO]: Update best epoch as [13] for auc!
2023-12-12 19:08:40[INFO]: [EPOCH=013]: loss_main: 0.3053
2023-12-12 19:08:40[INFO]: [EPOCH=013]: auc: 0.9149 | acc: 0.8549 | rmse: 0.3451
2023-12-12 19:08:42[INFO]: [EPOCH=014]: loss_main: 0.2880
2023-12-12 19:08:42[INFO]: [EPOCH=014]: auc: 0.9147 | acc: 0.8554 | rmse: 0.3432
2023-12-12 19:08:44[INFO]: [EPOCH=015]: loss_main: 0.2733
2023-12-12 19:08:44[INFO]: [EPOCH=015]: auc: 0.9142 | acc: 0.8498 | rmse: 0.3439
2023-12-12 19:08:46[INFO]: [EPOCH=016]: loss_main: 0.2594
2023-12-12 19:08:46[INFO]: [EPOCH=016]: auc: 0.9136 | acc: 0.8442 | rmse: 0.3456
2023-12-12 19:08:48[INFO]: [EPOCH=017]: loss_main: 0.2490
2023-12-12 19:08:48[INFO]: [EPOCH=017]: auc: 0.9129 | acc: 0.8438 | rmse: 0.3478
2023-12-12 19:08:50[INFO]: [EPOCH=018]: loss_main: 0.2364
2023-12-12 19:08:50[INFO]: [EPOCH=018]: auc: 0.9123 | acc: 0.8410 | rmse: 0.3484
2023-12-12 19:08:52[INFO]: [EPOCH=019]: loss_main: 0.2252
2023-12-12 19:08:52[INFO]: [EPOCH=019]: auc: 0.9117 | acc: 0.8442 | rmse: 0.3486
2023-12-12 19:08:54[INFO]: [EPOCH=020]: loss_main: 0.2151
2023-12-12 19:08:54[INFO]: [EPOCH=020]: auc: 0.9105 | acc: 0.8438 | rmse: 0.3523
2023-12-12 19:08:56[INFO]: [EPOCH=021]: loss_main: 0.2090
2023-12-12 19:08:56[INFO]: [EPOCH=021]: auc: 0.9102 | acc: 0.8447 | rmse: 0.3516
2023-12-12 19:08:58[INFO]: [EPOCH=022]: loss_main: 0.2016
2023-12-12 19:08:58[INFO]: [EPOCH=022]: auc: 0.9089 | acc: 0.8414 | rmse: 0.3561
2023-12-12 19:09:00[INFO]: Suggest to stop training now
2023-12-12 19:09:00[INFO]: [EPOCH=023]: loss_main: 0.1929
2023-12-12 19:09:00[INFO]: [EPOCH=023]: auc: 0.9083 | acc: 0.8354 | rmse: 0.3617
2023-12-12 19:09:00[INFO]: ==============================
2023-12-12 19:09:00[INFO]: [For auc], the Best Epoch is: 13, the value=0.9149
2023-12-12 19:09:00[INFO]: [EPOCH=013]: loss_main: 0.3053
2023-12-12 19:09:00[INFO]: [EPOCH=013]: auc: 0.9149 | acc: 0.8549 | rmse: 0.3451
2023-12-12 19:09:00[INFO]: ==============================
2023-12-12 19:09:00[INFO]: Training Completed!
2023-12-12 19:09:01[INFO]: auc: 0.9149137195092709
2023-12-12 19:09:01[INFO]: acc: 0.8549440298507462
2023-12-12 19:09:01[INFO]: rmse: 0.34505371477233227
2023-12-12 19:09:01[INFO]: doa_all: 0.9176797233837807
2023-12-12 19:09:01[INFO]: ====================
2023-12-12 19:09:01[INFO]: ====== [FOLD ID]: 1 ======
2023-12-12 19:09:01[INFO]: [CALLBACK]-ModelCheckPoint has been registered!
2023-12-12 19:09:01[INFO]: [CALLBACK]-EarlyStopping has been registered!
2023-12-12 19:09:01[INFO]: [CALLBACK]-History has been registered!
2023-12-12 19:09:01[INFO]: [CALLBACK]-BaseLogger has been registered!
2023-12-12 19:09:01[INFO]: Start Training...
2023-12-12 19:09:03[INFO]: Update best epoch as [1] for auc!
2023-12-12 19:09:03[INFO]: [EPOCH=001]: loss_main: 6.8117
2023-12-12 19:09:03[INFO]: [EPOCH=001]: auc: 0.6148 | acc: 0.5443 | rmse: 0.4992
2023-12-12 19:09:05[INFO]: Update best epoch as [2] for auc!
2023-12-12 19:09:05[INFO]: [EPOCH=002]: loss_main: 0.6945
2023-12-12 19:09:05[INFO]: [EPOCH=002]: auc: 0.6637 | acc: 0.5443 | rmse: 0.4978
2023-12-12 19:09:08[INFO]: Update best epoch as [3] for auc!
2023-12-12 19:09:08[INFO]: [EPOCH=003]: loss_main: 0.6924
2023-12-12 19:09:08[INFO]: [EPOCH=003]: auc: 0.7317 | acc: 0.5443 | rmse: 0.4976
2023-12-12 19:09:10[INFO]: Update best epoch as [4] for auc!
2023-12-12 19:09:10[INFO]: [EPOCH=004]: loss_main: 0.6899
2023-12-12 19:09:10[INFO]: [EPOCH=004]: auc: 0.8025 | acc: 0.5443 | rmse: 0.4952
2023-12-12 19:09:12[INFO]: Update best epoch as [5] for auc!
2023-12-12 19:09:12[INFO]: [EPOCH=005]: loss_main: 0.6756
2023-12-12 19:09:12[INFO]: [EPOCH=005]: auc: 0.8380 | acc: 0.5443 | rmse: 0.4770
2023-12-12 19:09:14[INFO]: Update best epoch as [6] for auc!
2023-12-12 19:09:14[INFO]: [EPOCH=006]: loss_main: 0.6109
2023-12-12 19:09:14[INFO]: [EPOCH=006]: auc: 0.8687 | acc: 0.7248 | rmse: 0.4420
2023-12-12 19:09:16[INFO]: Update best epoch as [7] for auc!
2023-12-12 19:09:16[INFO]: [EPOCH=007]: loss_main: 0.5348
2023-12-12 19:09:16[INFO]: [EPOCH=007]: auc: 0.8825 | acc: 0.8195 | rmse: 0.4146
2023-12-12 19:09:18[INFO]: Update best epoch as [8] for auc!
2023-12-12 19:09:19[INFO]: [EPOCH=008]: loss_main: 0.4714
2023-12-12 19:09:19[INFO]: [EPOCH=008]: auc: 0.8901 | acc: 0.8223 | rmse: 0.3985
2023-12-12 19:09:21[INFO]: Update best epoch as [9] for auc!
2023-12-12 19:09:21[INFO]: [EPOCH=009]: loss_main: 0.4179
2023-12-12 19:09:21[INFO]: [EPOCH=009]: auc: 0.8934 | acc: 0.8223 | rmse: 0.3811
2023-12-12 19:09:23[INFO]: Update best epoch as [10] for auc!
2023-12-12 19:09:23[INFO]: [EPOCH=010]: loss_main: 0.3779
2023-12-12 19:09:23[INFO]: [EPOCH=010]: auc: 0.8950 | acc: 0.8298 | rmse: 0.3725
2023-12-12 19:09:25[INFO]: [EPOCH=011]: loss_main: 0.3441
2023-12-12 19:09:25[INFO]: [EPOCH=011]: auc: 0.8949 | acc: 0.8302 | rmse: 0.3684
2023-12-12 19:09:27[INFO]: [EPOCH=012]: loss_main: 0.3221
2023-12-12 19:09:27[INFO]: [EPOCH=012]: auc: 0.8949 | acc: 0.8330 | rmse: 0.3662
2023-12-12 19:09:30[INFO]: [EPOCH=013]: loss_main: 0.3011
2023-12-12 19:09:30[INFO]: [EPOCH=013]: auc: 0.8950 | acc: 0.8382 | rmse: 0.3656
2023-12-12 19:09:32[INFO]: [EPOCH=014]: loss_main: 0.2807
2023-12-12 19:09:32[INFO]: [EPOCH=014]: auc: 0.8941 | acc: 0.8321 | rmse: 0.3660
2023-12-12 19:09:34[INFO]: [EPOCH=015]: loss_main: 0.2642
2023-12-12 19:09:34[INFO]: [EPOCH=015]: auc: 0.8940 | acc: 0.8274 | rmse: 0.3669
2023-12-12 19:09:37[INFO]: [EPOCH=016]: loss_main: 0.2512
2023-12-12 19:09:37[INFO]: [EPOCH=016]: auc: 0.8927 | acc: 0.8209 | rmse: 0.3707
2023-12-12 19:09:39[INFO]: [EPOCH=017]: loss_main: 0.2379
2023-12-12 19:09:39[INFO]: [EPOCH=017]: auc: 0.8915 | acc: 0.8274 | rmse: 0.3707
2023-12-12 19:09:41[INFO]: [EPOCH=018]: loss_main: 0.2280
2023-12-12 19:09:41[INFO]: [EPOCH=018]: auc: 0.8904 | acc: 0.8274 | rmse: 0.3727
2023-12-12 19:09:43[INFO]: [EPOCH=019]: loss_main: 0.2187
2023-12-12 19:09:43[INFO]: [EPOCH=019]: auc: 0.8894 | acc: 0.8256 | rmse: 0.3748
2023-12-12 19:09:46[INFO]: Suggest to stop training now
2023-12-12 19:09:46[INFO]: [EPOCH=020]: loss_main: 0.2077
2023-12-12 19:09:46[INFO]: [EPOCH=020]: auc: 0.8887 | acc: 0.8251 | rmse: 0.3769
2023-12-12 19:09:46[INFO]: ==============================
2023-12-12 19:09:46[INFO]: [For auc], the Best Epoch is: 10, the value=0.8950
2023-12-12 19:09:46[INFO]: [EPOCH=010]: loss_main: 0.3779
2023-12-12 19:09:46[INFO]: [EPOCH=010]: auc: 0.8950 | acc: 0.8298 | rmse: 0.3725
2023-12-12 19:09:46[INFO]: ==============================
2023-12-12 19:09:46[INFO]: Training Completed!
2023-12-12 19:09:46[INFO]: auc: 0.8950409548141969
2023-12-12 19:09:46[INFO]: acc: 0.8297574626865671
2023-12-12 19:09:46[INFO]: rmse: 0.3724598885067839
2023-12-12 19:09:46[INFO]: doa_all: 0.9215029414643144
2023-12-12 19:09:46[INFO]: ====================
2023-12-12 19:09:46[INFO]: ====== [FOLD ID]: 2 ======
2023-12-12 19:09:46[INFO]: [CALLBACK]-ModelCheckPoint has been registered!
2023-12-12 19:09:46[INFO]: [CALLBACK]-EarlyStopping has been registered!
2023-12-12 19:09:46[INFO]: [CALLBACK]-History has been registered!
2023-12-12 19:09:46[INFO]: [CALLBACK]-BaseLogger has been registered!
2023-12-12 19:09:46[INFO]: Start Training...
2023-12-12 19:09:48[INFO]: Update best epoch as [1] for auc!
2023-12-12 19:09:49[INFO]: [EPOCH=001]: loss_main: 4.4369
2023-12-12 19:09:49[INFO]: [EPOCH=001]: auc: 0.6129 | acc: 0.5424 | rmse: 0.5016
2023-12-12 19:09:51[INFO]: Update best epoch as [2] for auc!
2023-12-12 19:09:51[INFO]: [EPOCH=002]: loss_main: 0.6940
2023-12-12 19:09:51[INFO]: [EPOCH=002]: auc: 0.6571 | acc: 0.5424 | rmse: 0.4981
2023-12-12 19:09:53[INFO]: Update best epoch as [3] for auc!
2023-12-12 19:09:53[INFO]: [EPOCH=003]: loss_main: 0.6923
2023-12-12 19:09:53[INFO]: [EPOCH=003]: auc: 0.7023 | acc: 0.5424 | rmse: 0.4979
2023-12-12 19:09:55[INFO]: Update best epoch as [4] for auc!
2023-12-12 19:09:55[INFO]: [EPOCH=004]: loss_main: 0.6912
2023-12-12 19:09:55[INFO]: [EPOCH=004]: auc: 0.7560 | acc: 0.5424 | rmse: 0.4967
2023-12-12 19:09:57[INFO]: Update best epoch as [5] for auc!
2023-12-12 19:09:57[INFO]: [EPOCH=005]: loss_main: 0.6795
2023-12-12 19:09:57[INFO]: [EPOCH=005]: auc: 0.8152 | acc: 0.5424 | rmse: 0.4831
2023-12-12 19:09:59[INFO]: Update best epoch as [6] for auc!
2023-12-12 19:09:59[INFO]: [EPOCH=006]: loss_main: 0.6247
2023-12-12 19:09:59[INFO]: [EPOCH=006]: auc: 0.8655 | acc: 0.6423 | rmse: 0.4490
2023-12-12 19:10:01[INFO]: Update best epoch as [7] for auc!
2023-12-12 19:10:01[INFO]: [EPOCH=007]: loss_main: 0.5409
2023-12-12 19:10:01[INFO]: [EPOCH=007]: auc: 0.8860 | acc: 0.8102 | rmse: 0.4160
2023-12-12 19:10:04[INFO]: Update best epoch as [8] for auc!
2023-12-12 19:10:04[INFO]: [EPOCH=008]: loss_main: 0.4681
2023-12-12 19:10:04[INFO]: [EPOCH=008]: auc: 0.8939 | acc: 0.8214 | rmse: 0.3951
2023-12-12 19:10:06[INFO]: Update best epoch as [9] for auc!
2023-12-12 19:10:06[INFO]: [EPOCH=009]: loss_main: 0.4169
2023-12-12 19:10:06[INFO]: [EPOCH=009]: auc: 0.8969 | acc: 0.8312 | rmse: 0.3803
2023-12-12 19:10:08[INFO]: Update best epoch as [10] for auc!
2023-12-12 19:10:08[INFO]: [EPOCH=010]: loss_main: 0.3808
2023-12-12 19:10:08[INFO]: [EPOCH=010]: auc: 0.8973 | acc: 0.8335 | rmse: 0.3718
2023-12-12 19:10:11[INFO]: Update best epoch as [11] for auc!
2023-12-12 19:10:11[INFO]: [EPOCH=011]: loss_main: 0.3489
2023-12-12 19:10:11[INFO]: [EPOCH=011]: auc: 0.8981 | acc: 0.8302 | rmse: 0.3663
2023-12-12 19:10:13[INFO]: Update best epoch as [12] for auc!
2023-12-12 19:10:13[INFO]: [EPOCH=012]: loss_main: 0.3239
2023-12-12 19:10:13[INFO]: [EPOCH=012]: auc: 0.8986 | acc: 0.8316 | rmse: 0.3637
2023-12-12 19:10:15[INFO]: [EPOCH=013]: loss_main: 0.3033
2023-12-12 19:10:15[INFO]: [EPOCH=013]: auc: 0.8986 | acc: 0.8335 | rmse: 0.3611
2023-12-12 19:10:17[INFO]: [EPOCH=014]: loss_main: 0.2871
2023-12-12 19:10:17[INFO]: [EPOCH=014]: auc: 0.8983 | acc: 0.8284 | rmse: 0.3610
2023-12-12 19:10:19[INFO]: [EPOCH=015]: loss_main: 0.2712
2023-12-12 19:10:19[INFO]: [EPOCH=015]: auc: 0.8974 | acc: 0.8265 | rmse: 0.3631
2023-12-12 19:10:21[INFO]: [EPOCH=016]: loss_main: 0.2584
2023-12-12 19:10:21[INFO]: [EPOCH=016]: auc: 0.8967 | acc: 0.8321 | rmse: 0.3634
2023-12-12 19:10:23[INFO]: [EPOCH=017]: loss_main: 0.2454
2023-12-12 19:10:23[INFO]: [EPOCH=017]: auc: 0.8960 | acc: 0.8284 | rmse: 0.3646
2023-12-12 19:10:25[INFO]: [EPOCH=018]: loss_main: 0.2350
2023-12-12 19:10:25[INFO]: [EPOCH=018]: auc: 0.8953 | acc: 0.8293 | rmse: 0.3658
2023-12-12 19:10:27[INFO]: [EPOCH=019]: loss_main: 0.2243
2023-12-12 19:10:27[INFO]: [EPOCH=019]: auc: 0.8943 | acc: 0.8232 | rmse: 0.3690
2023-12-12 19:10:29[INFO]: [EPOCH=020]: loss_main: 0.2155
2023-12-12 19:10:29[INFO]: [EPOCH=020]: auc: 0.8935 | acc: 0.8232 | rmse: 0.3695
2023-12-12 19:10:30[INFO]: [EPOCH=021]: loss_main: 0.2071
2023-12-12 19:10:30[INFO]: [EPOCH=021]: auc: 0.8916 | acc: 0.8223 | rmse: 0.3733
2023-12-12 19:10:32[INFO]: Suggest to stop training now
2023-12-12 19:10:32[INFO]: [EPOCH=022]: loss_main: 0.1979
2023-12-12 19:10:32[INFO]: [EPOCH=022]: auc: 0.8909 | acc: 0.8186 | rmse: 0.3769
2023-12-12 19:10:32[INFO]: ==============================
2023-12-12 19:10:32[INFO]: [For auc], the Best Epoch is: 12, the value=0.8986
2023-12-12 19:10:32[INFO]: [EPOCH=012]: loss_main: 0.3239
2023-12-12 19:10:32[INFO]: [EPOCH=012]: auc: 0.8986 | acc: 0.8316 | rmse: 0.3637
2023-12-12 19:10:32[INFO]: ==============================
2023-12-12 19:10:33[INFO]: Training Completed!
2023-12-12 19:10:33[INFO]: auc: 0.8985969885257554
2023-12-12 19:10:33[INFO]: acc: 0.8316231343283582
2023-12-12 19:10:33[INFO]: rmse: 0.3637056435416986
2023-12-12 19:10:33[INFO]: doa_all: 0.9174827476635448
2023-12-12 19:10:33[INFO]: ====================
2023-12-12 19:10:33[INFO]: ====== [FOLD ID]: 3 ======
2023-12-12 19:10:33[INFO]: [CALLBACK]-ModelCheckPoint has been registered!
2023-12-12 19:10:33[INFO]: [CALLBACK]-EarlyStopping has been registered!
2023-12-12 19:10:33[INFO]: [CALLBACK]-History has been registered!
2023-12-12 19:10:33[INFO]: [CALLBACK]-BaseLogger has been registered!
2023-12-12 19:10:33[INFO]: Start Training...
2023-12-12 19:10:35[INFO]: Update best epoch as [1] for auc!
2023-12-12 19:10:35[INFO]: [EPOCH=001]: loss_main: 11.1515
2023-12-12 19:10:35[INFO]: [EPOCH=001]: auc: 0.6078 | acc: 0.5266 | rmse: 0.5024
2023-12-12 19:10:37[INFO]: Update best epoch as [2] for auc!
2023-12-12 19:10:37[INFO]: [EPOCH=002]: loss_main: 0.6925
2023-12-12 19:10:37[INFO]: [EPOCH=002]: auc: 0.6594 | acc: 0.5266 | rmse: 0.4992
2023-12-12 19:10:40[INFO]: Update best epoch as [3] for auc!
2023-12-12 19:10:40[INFO]: [EPOCH=003]: loss_main: 0.6923
2023-12-12 19:10:40[INFO]: [EPOCH=003]: auc: 0.7099 | acc: 0.5266 | rmse: 0.4990
2023-12-12 19:10:42[INFO]: Update best epoch as [4] for auc!
2023-12-12 19:10:42[INFO]: [EPOCH=004]: loss_main: 0.6883
2023-12-12 19:10:42[INFO]: [EPOCH=004]: auc: 0.7576 | acc: 0.5266 | rmse: 0.5007
2023-12-12 19:10:44[INFO]: Update best epoch as [5] for auc!
2023-12-12 19:10:44[INFO]: [EPOCH=005]: loss_main: 0.6673
2023-12-12 19:10:44[INFO]: [EPOCH=005]: auc: 0.7968 | acc: 0.5266 | rmse: 0.4812
2023-12-12 19:10:46[INFO]: Update best epoch as [6] for auc!
2023-12-12 19:10:47[INFO]: [EPOCH=006]: loss_main: 0.6063
2023-12-12 19:10:47[INFO]: [EPOCH=006]: auc: 0.8528 | acc: 0.7127 | rmse: 0.4505
2023-12-12 19:10:49[INFO]: Update best epoch as [7] for auc!
2023-12-12 19:10:49[INFO]: [EPOCH=007]: loss_main: 0.5289
2023-12-12 19:10:49[INFO]: [EPOCH=007]: auc: 0.8781 | acc: 0.7990 | rmse: 0.4221
2023-12-12 19:10:51[INFO]: Update best epoch as [8] for auc!
2023-12-12 19:10:51[INFO]: [EPOCH=008]: loss_main: 0.4581
2023-12-12 19:10:51[INFO]: [EPOCH=008]: auc: 0.8858 | acc: 0.8176 | rmse: 0.3995
2023-12-12 19:10:53[INFO]: Update best epoch as [9] for auc!
2023-12-12 19:10:54[INFO]: [EPOCH=009]: loss_main: 0.4067
2023-12-12 19:10:54[INFO]: [EPOCH=009]: auc: 0.8882 | acc: 0.8218 | rmse: 0.3847
2023-12-12 19:10:56[INFO]: Update best epoch as [10] for auc!
2023-12-12 19:10:56[INFO]: [EPOCH=010]: loss_main: 0.3698
2023-12-12 19:10:56[INFO]: [EPOCH=010]: auc: 0.8899 | acc: 0.8158 | rmse: 0.3768
2023-12-12 19:10:58[INFO]: Update best epoch as [11] for auc!
2023-12-12 19:10:58[INFO]: [EPOCH=011]: loss_main: 0.3382
2023-12-12 19:10:58[INFO]: [EPOCH=011]: auc: 0.8906 | acc: 0.8200 | rmse: 0.3728
2023-12-12 19:11:00[INFO]: Update best epoch as [12] for auc!
2023-12-12 19:11:00[INFO]: [EPOCH=012]: loss_main: 0.3128
2023-12-12 19:11:00[INFO]: [EPOCH=012]: auc: 0.8910 | acc: 0.8162 | rmse: 0.3703
2023-12-12 19:11:03[INFO]: Update best epoch as [13] for auc!
2023-12-12 19:11:03[INFO]: [EPOCH=013]: loss_main: 0.2934
2023-12-12 19:11:03[INFO]: [EPOCH=013]: auc: 0.8912 | acc: 0.8190 | rmse: 0.3689
2023-12-12 19:11:06[INFO]: Update best epoch as [14] for auc!
2023-12-12 19:11:06[INFO]: [EPOCH=014]: loss_main: 0.2794
2023-12-12 19:11:06[INFO]: [EPOCH=014]: auc: 0.8915 | acc: 0.8204 | rmse: 0.3670
2023-12-12 19:11:09[INFO]: Update best epoch as [15] for auc!
2023-12-12 19:11:09[INFO]: [EPOCH=015]: loss_main: 0.2629
2023-12-12 19:11:09[INFO]: [EPOCH=015]: auc: 0.8915 | acc: 0.8246 | rmse: 0.3678
2023-12-12 19:11:11[INFO]: [EPOCH=016]: loss_main: 0.2506
2023-12-12 19:11:11[INFO]: [EPOCH=016]: auc: 0.8910 | acc: 0.8209 | rmse: 0.3677
2023-12-12 19:11:13[INFO]: [EPOCH=017]: loss_main: 0.2396
2023-12-12 19:11:13[INFO]: [EPOCH=017]: auc: 0.8906 | acc: 0.8209 | rmse: 0.3698
2023-12-12 19:11:15[INFO]: [EPOCH=018]: loss_main: 0.2251
2023-12-12 19:11:15[INFO]: [EPOCH=018]: auc: 0.8903 | acc: 0.8167 | rmse: 0.3725
2023-12-12 19:11:17[INFO]: [EPOCH=019]: loss_main: 0.2145
2023-12-12 19:11:17[INFO]: [EPOCH=019]: auc: 0.8897 | acc: 0.8190 | rmse: 0.3726
2023-12-12 19:11:19[INFO]: [EPOCH=020]: loss_main: 0.2090
2023-12-12 19:11:19[INFO]: [EPOCH=020]: auc: 0.8885 | acc: 0.8242 | rmse: 0.3748
2023-12-12 19:11:20[INFO]: [EPOCH=021]: loss_main: 0.2004
2023-12-12 19:11:20[INFO]: [EPOCH=021]: auc: 0.8874 | acc: 0.8214 | rmse: 0.3780
2023-12-12 19:11:22[INFO]: [EPOCH=022]: loss_main: 0.1931
2023-12-12 19:11:22[INFO]: [EPOCH=022]: auc: 0.8870 | acc: 0.8204 | rmse: 0.3797
2023-12-12 19:11:25[INFO]: [EPOCH=023]: loss_main: 0.1867
2023-12-12 19:11:25[INFO]: [EPOCH=023]: auc: 0.8860 | acc: 0.8181 | rmse: 0.3837
2023-12-12 19:11:27[INFO]: [EPOCH=024]: loss_main: 0.1805
2023-12-12 19:11:27[INFO]: [EPOCH=024]: auc: 0.8849 | acc: 0.8186 | rmse: 0.3860
2023-12-12 19:11:30[INFO]: Suggest to stop training now
2023-12-12 19:11:30[INFO]: [EPOCH=025]: loss_main: 0.1752
2023-12-12 19:11:30[INFO]: [EPOCH=025]: auc: 0.8839 | acc: 0.8106 | rmse: 0.3910
2023-12-12 19:11:30[INFO]: ==============================
2023-12-12 19:11:30[INFO]: [For auc], the Best Epoch is: 15, the value=0.8915
2023-12-12 19:11:30[INFO]: [EPOCH=015]: loss_main: 0.2629
2023-12-12 19:11:30[INFO]: [EPOCH=015]: auc: 0.8915 | acc: 0.8246 | rmse: 0.3678
2023-12-12 19:11:30[INFO]: ==============================
2023-12-12 19:11:30[INFO]: Training Completed!
2023-12-12 19:11:30[INFO]: auc: 0.8915160982080137
2023-12-12 19:11:30[INFO]: acc: 0.8246268656716418
2023-12-12 19:11:30[INFO]: rmse: 0.36777704675719597
2023-12-12 19:11:30[INFO]: doa_all: 0.9120484169836611
2023-12-12 19:11:30[INFO]: ====================
2023-12-12 19:11:30[INFO]: ====== [FOLD ID]: 4 ======
2023-12-12 19:11:30[INFO]: [CALLBACK]-ModelCheckPoint has been registered!
2023-12-12 19:11:30[INFO]: [CALLBACK]-EarlyStopping has been registered!
2023-12-12 19:11:30[INFO]: [CALLBACK]-History has been registered!
2023-12-12 19:11:30[INFO]: [CALLBACK]-BaseLogger has been registered!
2023-12-12 19:11:30[INFO]: Start Training...
2023-12-12 19:11:33[INFO]: Update best epoch as [1] for auc!
2023-12-12 19:11:33[INFO]: [EPOCH=001]: loss_main: 5.8791
2023-12-12 19:11:33[INFO]: [EPOCH=001]: auc: 0.5705 | acc: 0.5331 | rmse: 0.5029
2023-12-12 19:11:36[INFO]: Update best epoch as [2] for auc!
2023-12-12 19:11:36[INFO]: [EPOCH=002]: loss_main: 0.6944
2023-12-12 19:11:36[INFO]: [EPOCH=002]: auc: 0.6275 | acc: 0.5331 | rmse: 0.4989
2023-12-12 19:11:39[INFO]: Update best epoch as [3] for auc!
2023-12-12 19:11:39[INFO]: [EPOCH=003]: loss_main: 0.6922
2023-12-12 19:11:39[INFO]: [EPOCH=003]: auc: 0.6953 | acc: 0.5331 | rmse: 0.5003
2023-12-12 19:11:42[INFO]: Update best epoch as [4] for auc!
2023-12-12 19:11:42[INFO]: [EPOCH=004]: loss_main: 0.6914
2023-12-12 19:11:42[INFO]: [EPOCH=004]: auc: 0.7557 | acc: 0.5331 | rmse: 0.4989
2023-12-12 19:11:45[INFO]: Update best epoch as [5] for auc!
2023-12-12 19:11:45[INFO]: [EPOCH=005]: loss_main: 0.6808
2023-12-12 19:11:45[INFO]: [EPOCH=005]: auc: 0.7895 | acc: 0.5331 | rmse: 0.4863
2023-12-12 19:11:47[INFO]: Update best epoch as [6] for auc!
2023-12-12 19:11:47[INFO]: [EPOCH=006]: loss_main: 0.6321
2023-12-12 19:11:47[INFO]: [EPOCH=006]: auc: 0.8499 | acc: 0.6847 | rmse: 0.4554
2023-12-12 19:11:50[INFO]: Update best epoch as [7] for auc!
2023-12-12 19:11:50[INFO]: [EPOCH=007]: loss_main: 0.5516
2023-12-12 19:11:50[INFO]: [EPOCH=007]: auc: 0.8824 | acc: 0.7882 | rmse: 0.4244
2023-12-12 19:11:53[INFO]: Update best epoch as [8] for auc!
2023-12-12 19:11:53[INFO]: [EPOCH=008]: loss_main: 0.4753
2023-12-12 19:11:53[INFO]: [EPOCH=008]: auc: 0.8936 | acc: 0.8209 | rmse: 0.3989
2023-12-12 19:11:55[INFO]: Update best epoch as [9] for auc!
2023-12-12 19:11:55[INFO]: [EPOCH=009]: loss_main: 0.4188
2023-12-12 19:11:55[INFO]: [EPOCH=009]: auc: 0.8969 | acc: 0.8284 | rmse: 0.3787
2023-12-12 19:11:57[INFO]: Update best epoch as [10] for auc!
2023-12-12 19:11:57[INFO]: [EPOCH=010]: loss_main: 0.3780
2023-12-12 19:11:57[INFO]: [EPOCH=010]: auc: 0.8982 | acc: 0.8316 | rmse: 0.3703
2023-12-12 19:11:59[INFO]: Update best epoch as [11] for auc!
2023-12-12 19:11:59[INFO]: [EPOCH=011]: loss_main: 0.3461
2023-12-12 19:11:59[INFO]: [EPOCH=011]: auc: 0.8987 | acc: 0.8321 | rmse: 0.3634
2023-12-12 19:12:01[INFO]: [EPOCH=012]: loss_main: 0.3229
2023-12-12 19:12:01[INFO]: [EPOCH=012]: auc: 0.8986 | acc: 0.8354 | rmse: 0.3602
2023-12-12 19:12:03[INFO]: [EPOCH=013]: loss_main: 0.3007
2023-12-12 19:12:03[INFO]: [EPOCH=013]: auc: 0.8982 | acc: 0.8400 | rmse: 0.3588
2023-12-12 19:12:05[INFO]: [EPOCH=014]: loss_main: 0.2808
2023-12-12 19:12:05[INFO]: [EPOCH=014]: auc: 0.8981 | acc: 0.8358 | rmse: 0.3581
2023-12-12 19:12:08[INFO]: [EPOCH=015]: loss_main: 0.2637
2023-12-12 19:12:08[INFO]: [EPOCH=015]: auc: 0.8976 | acc: 0.8335 | rmse: 0.3575
2023-12-12 19:12:10[INFO]: [EPOCH=016]: loss_main: 0.2490
2023-12-12 19:12:10[INFO]: [EPOCH=016]: auc: 0.8971 | acc: 0.8363 | rmse: 0.3591
2023-12-12 19:12:12[INFO]: [EPOCH=017]: loss_main: 0.2394
2023-12-12 19:12:12[INFO]: [EPOCH=017]: auc: 0.8961 | acc: 0.8372 | rmse: 0.3594
2023-12-12 19:12:14[INFO]: [EPOCH=018]: loss_main: 0.2260
2023-12-12 19:12:14[INFO]: [EPOCH=018]: auc: 0.8956 | acc: 0.8358 | rmse: 0.3619
2023-12-12 19:12:16[INFO]: [EPOCH=019]: loss_main: 0.2161
2023-12-12 19:12:16[INFO]: [EPOCH=019]: auc: 0.8945 | acc: 0.8316 | rmse: 0.3643
2023-12-12 19:12:18[INFO]: [EPOCH=020]: loss_main: 0.2072
2023-12-12 19:12:18[INFO]: [EPOCH=020]: auc: 0.8943 | acc: 0.8340 | rmse: 0.3659
2023-12-12 19:12:20[INFO]: Suggest to stop training now
2023-12-12 19:12:20[INFO]: [EPOCH=021]: loss_main: 0.2012
2023-12-12 19:12:20[INFO]: [EPOCH=021]: auc: 0.8935 | acc: 0.8321 | rmse: 0.3660
2023-12-12 19:12:20[INFO]: ==============================
2023-12-12 19:12:20[INFO]: [For auc], the Best Epoch is: 11, the value=0.8987
2023-12-12 19:12:20[INFO]: [EPOCH=011]: loss_main: 0.3461
2023-12-12 19:12:20[INFO]: [EPOCH=011]: auc: 0.8987 | acc: 0.8321 | rmse: 0.3634
2023-12-12 19:12:20[INFO]: ==============================
2023-12-12 19:12:20[INFO]: Training Completed!
2023-12-12 19:12:21[INFO]: auc: 0.89868311915556
2023-12-12 19:12:21[INFO]: acc: 0.832089552238806
2023-12-12 19:12:21[INFO]: rmse: 0.3633744520177341
2023-12-12 19:12:21[INFO]: doa_all: 0.920305639945737
2023-12-12 19:12:21[INFO]: ====================
2023-12-12 19:12:21[INFO]: All Fold Mean auc = 0.8997501760425595
2023-12-12 19:12:21[INFO]: All Fold Mean acc = 0.8346082089552238
2023-12-12 19:12:21[INFO]: All Fold Mean rmse = 0.36247414911914894
2023-12-12 19:12:21[INFO]: All Fold Mean doa_all = 0.9178038938882077
2023-12-12 19:12:21[INFO]: Task: 2023-12-12-190802 Completed!
