2023-12-14 16:59:36[INFO]: ============================================================
2023-12-14 16:59:36[INFO]: [ID]: 2023-12-14-165930
2023-12-14 16:59:36[INFO]: [DATASET]: ASSIST_0910
2023-12-14 16:59:36[INFO]: [ARGV]: ['run_simplekt_demo.py']
2023-12-14 16:59:36[INFO]: [ALL_CFG]: 
{
    "traintpl_cfg": {
        "cls": "EduTrainTPL",
        "num_stop_rounds": 10,
        "early_stop_metrics": [
            [
                "auc",
                "max"
            ]
        ],
        "best_epoch_metric": "auc",
        "unsave_best_epoch_pth": true,
        "ignore_metrics_in_train": [],
        "batch_size": 32,
        "device": "cuda:0",
        "epoch_num": 100,
        "eval_batch_size": 2048,
        "num_workers": 0,
        "lr": 0.001,
        "optim": "adam",
        "eps": 1e-08,
        "weight_decay": 0.0,
        "seed": 2023
    },
    "datatpl_cfg": {
        "cls": "KTInterCptUnfoldDataTPL",
        "mid2cache_op_seq": [
            "M2C_Label2Int",
            "M2C_ReMapId",
            "M2C_GenUnFoldCptSeq",
            "M2C_BuildSeqInterFeats"
        ],
        "M2C_BuildSeqInterFeats": {
            "extra_inter_feats": [
                "start_timestamp:float",
                "cpt_unfold:token"
            ],
            "seed": 2023,
            "divide_by": "stu",
            "window_size": 100,
            "divide_scale_list": [
                7,
                1,
                2
            ]
        },
        "exer_exclude_feat_names": [],
        "stu_exclude_feat_names": [],
        "seperator": ",",
        "n_folds": 1,
        "is_dataset_divided": false,
        "is_save_cache": false,
        "cache_id": "cache_default",
        "load_data_from": "middata",
        "inter_exclude_feat_names": [],
        "raw2mid_op": null,
        "seed": 2023,
        "M2C_Label2Int": {},
        "M2C_ReMapId": {
            "share_id_columns": [],
            "ignore_columns": "{'order_id:token'}"
        },
        "M2C_GenUnFoldCptSeq": {}
    },
    "modeltpl_cfg": {
        "cls": "SimpleKT",
        "l2": 1e-05,
        "kq_same": 1,
        "dropout_rate": 0.05,
        "separate_qa": false,
        "d_model": 256,
        "n_blocks": 1,
        "final_fc_dim": 512,
        "n_heads": 8,
        "d_ff": 2048,
        "param_init_type": "xavier_normal",
        "pretrained_file_path": ""
    },
    "evaltpl_cfg": {
        "clses": [
            "BinaryClassificationEvalTPL"
        ],
        "BinaryClassificationEvalTPL": {
            "use_metrics": [
                "auc",
                "acc",
                "rmse"
            ]
        }
    },
    "frame_cfg": {
        "ARCHIVE_FOLDER_PATH": "/lijinglong/Projects/EduStudio-main/examples/single_model/archive",
        "CFG_FOLDER_PATH": "/lijinglong/Projects/EduStudio-main/examples/single_model/conf",
        "DATA_FOLDER_PATH": "/lijinglong/Projects/EduStudio-main/examples/single_model/data",
        "DISABLE_LOG_STDOUT": false,
        "DISABLE_TQDM_BAR": false,
        "DT_INFO_DICT": {},
        "DT_INFO_FILE_PATH": "/lijinglong/Projects/EduStudio-main/edustudio/assets/datasets.yaml",
        "ID": "2023-12-14-165930",
        "LOG_WITHOUT_DATE": false,
        "TEMP_FOLDER_PATH": "/lijinglong/Projects/EduStudio-main/examples/single_model/temp",
        "TQDM_NCOLS": 100,
        "WORK_DIR": "/lijinglong/Projects/EduStudio-main/examples/single_model",
        "data_folder_path": "/lijinglong/Projects/EduStudio-main/examples/single_model/data/ASSIST_0910",
        "temp_folder_path": "/lijinglong/Projects/EduStudio-main/examples/single_model/temp/ASSIST_0910/EduTrainTPL/SimpleKT/2023-12-14-165930",
        "archive_folder_path": "/lijinglong/Projects/EduStudio-main/examples/single_model/archive/ASSIST_0910/EduTrainTPL/SimpleKT"
    },
    "dataset": "ASSIST_0910",
    "logger": "<Logger edustudio (DEBUG)>"
}
2023-12-14 16:59:36[INFO]: ============================================================
2023-12-14 16:59:44[INFO]: {'real_window_size': 100, 'stu_count': 4163, 'exer_count': 16988, 'cpt_count': 122}
2023-12-14 16:59:44[INFO]: TrainTPL <class 'edustudio.traintpl.edu_traintpl.EduTrainTPL'> Started!
2023-12-14 16:59:46[INFO]: ====== [FOLD ID]: 0 ======
2023-12-14 16:59:46[INFO]: [CALLBACK]-ModelCheckPoint has been registered!
2023-12-14 16:59:46[INFO]: [CALLBACK]-EarlyStopping has been registered!
2023-12-14 16:59:46[INFO]: [CALLBACK]-History has been registered!
2023-12-14 16:59:46[INFO]: [CALLBACK]-BaseLogger has been registered!
2023-12-14 16:59:46[INFO]: Start Training...
2023-12-14 16:59:50[INFO]: Update best epoch as [1] for auc!
2023-12-14 16:59:50[INFO]: [EPOCH=001]: loss_main: 0.6532
2023-12-14 16:59:50[INFO]: [EPOCH=001]: auc: 0.6945 | acc: 0.6774 | rmse: 0.4577
2023-12-14 16:59:54[INFO]: Update best epoch as [2] for auc!
2023-12-14 16:59:54[INFO]: [EPOCH=002]: loss_main: 0.5916
2023-12-14 16:59:54[INFO]: [EPOCH=002]: auc: 0.7060 | acc: 0.6811 | rmse: 0.4536
2023-12-14 16:59:57[INFO]: [EPOCH=003]: loss_main: 0.5794
2023-12-14 16:59:57[INFO]: [EPOCH=003]: auc: 0.7021 | acc: 0.6796 | rmse: 0.4559
2023-12-14 17:00:00[INFO]: [EPOCH=004]: loss_main: 0.5643
2023-12-14 17:00:00[INFO]: [EPOCH=004]: auc: 0.6955 | acc: 0.6733 | rmse: 0.4589
2023-12-14 17:00:03[INFO]: [EPOCH=005]: loss_main: 0.5552
2023-12-14 17:00:03[INFO]: [EPOCH=005]: auc: 0.7012 | acc: 0.6817 | rmse: 0.4589
2023-12-14 17:00:06[INFO]: [EPOCH=006]: loss_main: 0.5512
2023-12-14 17:00:06[INFO]: [EPOCH=006]: auc: 0.6955 | acc: 0.6753 | rmse: 0.4588
2023-12-14 17:00:09[INFO]: [EPOCH=007]: loss_main: 0.5466
2023-12-14 17:00:09[INFO]: [EPOCH=007]: auc: 0.6947 | acc: 0.6774 | rmse: 0.4621
2023-12-14 17:00:12[INFO]: [EPOCH=008]: loss_main: 0.5432
2023-12-14 17:00:12[INFO]: [EPOCH=008]: auc: 0.6928 | acc: 0.6733 | rmse: 0.4615
2023-12-14 17:00:15[INFO]: [EPOCH=009]: loss_main: 0.5391
2023-12-14 17:00:15[INFO]: [EPOCH=009]: auc: 0.6958 | acc: 0.6705 | rmse: 0.4626
2023-12-14 17:00:18[INFO]: [EPOCH=010]: loss_main: 0.5379
2023-12-14 17:00:18[INFO]: [EPOCH=010]: auc: 0.6928 | acc: 0.6769 | rmse: 0.4604
2023-12-14 17:00:21[INFO]: [EPOCH=011]: loss_main: 0.5347
2023-12-14 17:00:21[INFO]: [EPOCH=011]: auc: 0.6878 | acc: 0.6732 | rmse: 0.4636
2023-12-14 17:00:24[INFO]: Suggest to stop training now
2023-12-14 17:00:24[INFO]: [EPOCH=012]: loss_main: 0.5338
2023-12-14 17:00:24[INFO]: [EPOCH=012]: auc: 0.6952 | acc: 0.6784 | rmse: 0.4620
2023-12-14 17:00:24[INFO]: ==============================
2023-12-14 17:00:24[INFO]: [For auc], the Best Epoch is: 2, the value=0.7060
2023-12-14 17:00:24[INFO]: [EPOCH=002]: loss_main: 0.5916
2023-12-14 17:00:24[INFO]: [EPOCH=002]: auc: 0.7060 | acc: 0.6811 | rmse: 0.4536
2023-12-14 17:00:25[INFO]: ==============================
2023-12-14 17:00:25[INFO]: Training Completed!
2023-12-14 17:00:25[INFO]: auc: 0.6877725158292375
2023-12-14 17:00:25[INFO]: acc: 0.6954410704270492
2023-12-14 17:00:25[INFO]: rmse: 0.4502435025387586
2023-12-14 17:00:25[INFO]: ====================
2023-12-14 17:00:25[INFO]: All Fold Mean auc = 0.6877725158292375
2023-12-14 17:00:25[INFO]: All Fold Mean acc = 0.6954410704270492
2023-12-14 17:00:25[INFO]: All Fold Mean rmse = 0.4502435025387586
2023-12-14 17:00:25[INFO]: Task: 2023-12-14-165930 Completed!
