2023-12-12 15:55:51[INFO]: ============================================================
2023-12-12 15:55:51[INFO]: [ID]: 2023-12-12-155549
2023-12-12 15:55:51[INFO]: [DATASET]: FrcSub
2023-12-12 15:55:51[INFO]: [ARGV]: ['irt.py']
2023-12-12 15:55:51[INFO]: [ALL_CFG]: 
{
    "traintpl_cfg": {
        "cls": "EduTrainTPL",
        "num_stop_rounds": 10,
        "early_stop_metrics": [
            [
                "auc",
                "max"
            ]
        ],
        "best_epoch_metric": "auc",
        "unsave_best_epoch_pth": true,
        "ignore_metrics_in_train": [],
        "batch_size": 32,
        "device": "cuda:0",
        "epoch_num": 100,
        "eval_batch_size": 2048,
        "num_workers": 0,
        "lr": 0.001,
        "optim": "adam",
        "eps": 1e-08,
        "weight_decay": 0.0,
        "seed": 2023
    },
    "datatpl_cfg": {
        "cls": "CDInterDataTPL",
        "mid2cache_op_seq": [
            "M2C_Label2Int",
            "M2C_FilterRecords4CD",
            "M2C_ReMapId",
            "M2C_RandomDataSplit4CD"
        ],
        "seperator": ",",
        "n_folds": 1,
        "is_dataset_divided": false,
        "is_save_cache": false,
        "cache_id": "cache_default",
        "load_data_from": "middata",
        "inter_exclude_feat_names": [],
        "raw2mid_op": null,
        "seed": 2023,
        "M2C_Label2Int": {},
        "M2C_FilterRecords4CD": {
            "stu_least_records": 10,
            "exer_least_records": 0
        },
        "M2C_ReMapId": {
            "share_id_columns": [],
            "ignore_columns": "{'order_id:token'}"
        },
        "M2C_RandomDataSplit4CD": {
            "seed": 2023,
            "divide_scale_list": [
                7,
                1,
                2
            ]
        }
    },
    "modeltpl_cfg": {
        "cls": "IRT",
        "a_range": -1.0,
        "diff_range": -1.0,
        "fix_a": false,
        "fix_c": true,
        "param_init_type": "xavier_normal",
        "pretrained_file_path": ""
    },
    "evaltpl_cfg": {
        "clses": [
            "BinaryClassificationEvalTPL"
        ],
        "BinaryClassificationEvalTPL": {
            "use_metrics": [
                "auc",
                "acc",
                "rmse"
            ]
        }
    },
    "frame_cfg": {
        "ARCHIVE_FOLDER_PATH": "/lijinglong/Projects/EduStudio-main/examples/archive",
        "CFG_FOLDER_PATH": "/lijinglong/Projects/EduStudio-main/examples/conf",
        "DATA_FOLDER_PATH": "/lijinglong/Projects/EduStudio-main/examples/data",
        "DISABLE_LOG_STDOUT": false,
        "DISABLE_TQDM_BAR": false,
        "DT_INFO_DICT": {},
        "DT_INFO_FILE_PATH": "/lijinglong/Projects/EduStudio-main/edustudio/assets/datasets.yaml",
        "ID": "2023-12-12-155549",
        "LOG_WITHOUT_DATE": false,
        "TEMP_FOLDER_PATH": "/lijinglong/Projects/EduStudio-main/examples/temp",
        "TQDM_NCOLS": 100,
        "WORK_DIR": "/lijinglong/Projects/EduStudio-main/examples",
        "data_folder_path": "/lijinglong/Projects/EduStudio-main/examples/data/FrcSub",
        "temp_folder_path": "/lijinglong/Projects/EduStudio-main/examples/temp/FrcSub/EduTrainTPL/IRT/2023-12-12-155549",
        "archive_folder_path": "/lijinglong/Projects/EduStudio-main/examples/archive/FrcSub/EduTrainTPL/IRT"
    },
    "dataset": "FrcSub",
    "logger": "<Logger edustudio (DEBUG)>"
}
2023-12-12 15:55:51[INFO]: ============================================================
2023-12-12 15:55:51[INFO]: {'stu_count': 536, 'exer_count': 20}
2023-12-12 15:55:51[INFO]: TrainTPL <class 'edustudio.traintpl.edu_traintpl.EduTrainTPL'> Started!
2023-12-12 15:55:53[INFO]: ====== [FOLD ID]: 0 ======
2023-12-12 15:55:53[INFO]: [CALLBACK]-ModelCheckPoint has been registered!
2023-12-12 15:55:53[INFO]: [CALLBACK]-EarlyStopping has been registered!
2023-12-12 15:55:53[INFO]: [CALLBACK]-History has been registered!
2023-12-12 15:55:53[INFO]: [CALLBACK]-BaseLogger has been registered!
2023-12-12 15:55:53[INFO]: Start Training...
2023-12-12 15:55:53[INFO]: Update best epoch as [1] for auc!
2023-12-12 15:55:53[INFO]: [EPOCH=001]: loss_main: 0.7054
2023-12-12 15:55:53[INFO]: [EPOCH=001]: auc: 0.5456 | acc: 0.5448 | rmse: 0.5012
2023-12-12 15:55:54[INFO]: Update best epoch as [2] for auc!
2023-12-12 15:55:54[INFO]: [EPOCH=002]: loss_main: 0.6744
2023-12-12 15:55:54[INFO]: [EPOCH=002]: auc: 0.6485 | acc: 0.6353 | rmse: 0.4876
2023-12-12 15:55:55[INFO]: Update best epoch as [3] for auc!
2023-12-12 15:55:55[INFO]: [EPOCH=003]: loss_main: 0.6465
2023-12-12 15:55:55[INFO]: [EPOCH=003]: auc: 0.7251 | acc: 0.6642 | rmse: 0.4740
2023-12-12 15:55:56[INFO]: Update best epoch as [4] for auc!
2023-12-12 15:55:56[INFO]: [EPOCH=004]: loss_main: 0.6176
2023-12-12 15:55:56[INFO]: [EPOCH=004]: auc: 0.7783 | acc: 0.6922 | rmse: 0.4602
2023-12-12 15:55:57[INFO]: Update best epoch as [5] for auc!
2023-12-12 15:55:57[INFO]: [EPOCH=005]: loss_main: 0.5888
2023-12-12 15:55:57[INFO]: [EPOCH=005]: auc: 0.8063 | acc: 0.7155 | rmse: 0.4471
2023-12-12 15:55:57[INFO]: Update best epoch as [6] for auc!
2023-12-12 15:55:58[INFO]: [EPOCH=006]: loss_main: 0.5607
2023-12-12 15:55:58[INFO]: [EPOCH=006]: auc: 0.8269 | acc: 0.7351 | rmse: 0.4347
2023-12-12 15:55:58[INFO]: Update best epoch as [7] for auc!
2023-12-12 15:55:58[INFO]: [EPOCH=007]: loss_main: 0.5337
2023-12-12 15:55:58[INFO]: [EPOCH=007]: auc: 0.8419 | acc: 0.7631 | rmse: 0.4235
2023-12-12 15:55:59[INFO]: Update best epoch as [8] for auc!
2023-12-12 15:55:59[INFO]: [EPOCH=008]: loss_main: 0.5079
2023-12-12 15:55:59[INFO]: [EPOCH=008]: auc: 0.8544 | acc: 0.7752 | rmse: 0.4130
2023-12-12 15:56:00[INFO]: Update best epoch as [9] for auc!
2023-12-12 15:56:00[INFO]: [EPOCH=009]: loss_main: 0.4843
2023-12-12 15:56:00[INFO]: [EPOCH=009]: auc: 0.8643 | acc: 0.7836 | rmse: 0.4035
2023-12-12 15:56:01[INFO]: Update best epoch as [10] for auc!
2023-12-12 15:56:01[INFO]: [EPOCH=010]: loss_main: 0.4628
2023-12-12 15:56:01[INFO]: [EPOCH=010]: auc: 0.8708 | acc: 0.7854 | rmse: 0.3950
2023-12-12 15:56:02[INFO]: Update best epoch as [11] for auc!
2023-12-12 15:56:02[INFO]: [EPOCH=011]: loss_main: 0.4433
2023-12-12 15:56:02[INFO]: [EPOCH=011]: auc: 0.8760 | acc: 0.8004 | rmse: 0.3878
2023-12-12 15:56:03[INFO]: Update best epoch as [12] for auc!
2023-12-12 15:56:03[INFO]: [EPOCH=012]: loss_main: 0.4255
2023-12-12 15:56:03[INFO]: [EPOCH=012]: auc: 0.8793 | acc: 0.8050 | rmse: 0.3818
2023-12-12 15:56:03[INFO]: Update best epoch as [13] for auc!
2023-12-12 15:56:04[INFO]: [EPOCH=013]: loss_main: 0.4112
2023-12-12 15:56:04[INFO]: [EPOCH=013]: auc: 0.8815 | acc: 0.8116 | rmse: 0.3771
2023-12-12 15:56:04[INFO]: Update best epoch as [14] for auc!
2023-12-12 15:56:04[INFO]: [EPOCH=014]: loss_main: 0.3992
2023-12-12 15:56:04[INFO]: [EPOCH=014]: auc: 0.8832 | acc: 0.8125 | rmse: 0.3734
2023-12-12 15:56:05[INFO]: Update best epoch as [15] for auc!
2023-12-12 15:56:05[INFO]: [EPOCH=015]: loss_main: 0.3892
2023-12-12 15:56:05[INFO]: [EPOCH=015]: auc: 0.8843 | acc: 0.8134 | rmse: 0.3708
2023-12-12 15:56:06[INFO]: Update best epoch as [16] for auc!
2023-12-12 15:56:06[INFO]: [EPOCH=016]: loss_main: 0.3809
2023-12-12 15:56:06[INFO]: [EPOCH=016]: auc: 0.8853 | acc: 0.8162 | rmse: 0.3687
2023-12-12 15:56:07[INFO]: Update best epoch as [17] for auc!
2023-12-12 15:56:07[INFO]: [EPOCH=017]: loss_main: 0.3742
2023-12-12 15:56:07[INFO]: [EPOCH=017]: auc: 0.8860 | acc: 0.8181 | rmse: 0.3674
2023-12-12 15:56:07[INFO]: Update best epoch as [18] for auc!
2023-12-12 15:56:08[INFO]: [EPOCH=018]: loss_main: 0.3687
2023-12-12 15:56:08[INFO]: [EPOCH=018]: auc: 0.8864 | acc: 0.8190 | rmse: 0.3663
2023-12-12 15:56:08[INFO]: Update best epoch as [19] for auc!
2023-12-12 15:56:08[INFO]: [EPOCH=019]: loss_main: 0.3650
2023-12-12 15:56:08[INFO]: [EPOCH=019]: auc: 0.8867 | acc: 0.8181 | rmse: 0.3656
2023-12-12 15:56:09[INFO]: Update best epoch as [20] for auc!
2023-12-12 15:56:09[INFO]: [EPOCH=020]: loss_main: 0.3608
2023-12-12 15:56:09[INFO]: [EPOCH=020]: auc: 0.8874 | acc: 0.8218 | rmse: 0.3649
2023-12-12 15:56:10[INFO]: Update best epoch as [21] for auc!
2023-12-12 15:56:10[INFO]: [EPOCH=021]: loss_main: 0.3577
2023-12-12 15:56:10[INFO]: [EPOCH=021]: auc: 0.8878 | acc: 0.8218 | rmse: 0.3644
2023-12-12 15:56:11[INFO]: Update best epoch as [22] for auc!
2023-12-12 15:56:11[INFO]: [EPOCH=022]: loss_main: 0.3553
2023-12-12 15:56:11[INFO]: [EPOCH=022]: auc: 0.8879 | acc: 0.8218 | rmse: 0.3642
2023-12-12 15:56:11[INFO]: Update best epoch as [23] for auc!
2023-12-12 15:56:11[INFO]: [EPOCH=023]: loss_main: 0.3529
2023-12-12 15:56:11[INFO]: [EPOCH=023]: auc: 0.8883 | acc: 0.8209 | rmse: 0.3641
2023-12-12 15:56:12[INFO]: Update best epoch as [24] for auc!
2023-12-12 15:56:12[INFO]: [EPOCH=024]: loss_main: 0.3515
2023-12-12 15:56:12[INFO]: [EPOCH=024]: auc: 0.8885 | acc: 0.8209 | rmse: 0.3638
2023-12-12 15:56:13[INFO]: Update best epoch as [25] for auc!
2023-12-12 15:56:13[INFO]: [EPOCH=025]: loss_main: 0.3499
2023-12-12 15:56:13[INFO]: [EPOCH=025]: auc: 0.8889 | acc: 0.8190 | rmse: 0.3636
2023-12-12 15:56:14[INFO]: [EPOCH=026]: loss_main: 0.3485
2023-12-12 15:56:14[INFO]: [EPOCH=026]: auc: 0.8887 | acc: 0.8190 | rmse: 0.3637
2023-12-12 15:56:15[INFO]: Update best epoch as [27] for auc!
2023-12-12 15:56:15[INFO]: [EPOCH=027]: loss_main: 0.3475
2023-12-12 15:56:15[INFO]: [EPOCH=027]: auc: 0.8890 | acc: 0.8200 | rmse: 0.3636
2023-12-12 15:56:15[INFO]: Update best epoch as [28] for auc!
2023-12-12 15:56:15[INFO]: [EPOCH=028]: loss_main: 0.3463
2023-12-12 15:56:15[INFO]: [EPOCH=028]: auc: 0.8891 | acc: 0.8218 | rmse: 0.3636
2023-12-12 15:56:16[INFO]: Update best epoch as [29] for auc!
2023-12-12 15:56:16[INFO]: [EPOCH=029]: loss_main: 0.3460
2023-12-12 15:56:16[INFO]: [EPOCH=029]: auc: 0.8892 | acc: 0.8218 | rmse: 0.3635
2023-12-12 15:56:17[INFO]: Update best epoch as [30] for auc!
2023-12-12 15:56:17[INFO]: [EPOCH=030]: loss_main: 0.3448
2023-12-12 15:56:17[INFO]: [EPOCH=030]: auc: 0.8894 | acc: 0.8246 | rmse: 0.3634
2023-12-12 15:56:18[INFO]: [EPOCH=031]: loss_main: 0.3440
2023-12-12 15:56:18[INFO]: [EPOCH=031]: auc: 0.8893 | acc: 0.8256 | rmse: 0.3635
2023-12-12 15:56:18[INFO]: [EPOCH=032]: loss_main: 0.3440
2023-12-12 15:56:18[INFO]: [EPOCH=032]: auc: 0.8893 | acc: 0.8256 | rmse: 0.3635
2023-12-12 15:56:19[INFO]: [EPOCH=033]: loss_main: 0.3436
2023-12-12 15:56:19[INFO]: [EPOCH=033]: auc: 0.8893 | acc: 0.8265 | rmse: 0.3635
2023-12-12 15:56:20[INFO]: [EPOCH=034]: loss_main: 0.3433
2023-12-12 15:56:20[INFO]: [EPOCH=034]: auc: 0.8893 | acc: 0.8256 | rmse: 0.3635
2023-12-12 15:56:21[INFO]: Update best epoch as [35] for auc!
2023-12-12 15:56:21[INFO]: [EPOCH=035]: loss_main: 0.3423
2023-12-12 15:56:21[INFO]: [EPOCH=035]: auc: 0.8895 | acc: 0.8256 | rmse: 0.3635
2023-12-12 15:56:22[INFO]: [EPOCH=036]: loss_main: 0.3419
2023-12-12 15:56:22[INFO]: [EPOCH=036]: auc: 0.8895 | acc: 0.8246 | rmse: 0.3634
2023-12-12 15:56:22[INFO]: Update best epoch as [37] for auc!
2023-12-12 15:56:22[INFO]: [EPOCH=037]: loss_main: 0.3415
2023-12-12 15:56:22[INFO]: [EPOCH=037]: auc: 0.8895 | acc: 0.8246 | rmse: 0.3635
2023-12-12 15:56:23[INFO]: Update best epoch as [38] for auc!
2023-12-12 15:56:23[INFO]: [EPOCH=038]: loss_main: 0.3416
2023-12-12 15:56:23[INFO]: [EPOCH=038]: auc: 0.8896 | acc: 0.8256 | rmse: 0.3633
2023-12-12 15:56:24[INFO]: [EPOCH=039]: loss_main: 0.3406
2023-12-12 15:56:24[INFO]: [EPOCH=039]: auc: 0.8895 | acc: 0.8237 | rmse: 0.3635
2023-12-12 15:56:24[INFO]: Update best epoch as [40] for auc!
2023-12-12 15:56:24[INFO]: [EPOCH=040]: loss_main: 0.3406
2023-12-12 15:56:24[INFO]: [EPOCH=040]: auc: 0.8897 | acc: 0.8246 | rmse: 0.3634
2023-12-12 15:56:25[INFO]: [EPOCH=041]: loss_main: 0.3404
2023-12-12 15:56:25[INFO]: [EPOCH=041]: auc: 0.8895 | acc: 0.8237 | rmse: 0.3635
2023-12-12 15:56:26[INFO]: [EPOCH=042]: loss_main: 0.3402
2023-12-12 15:56:26[INFO]: [EPOCH=042]: auc: 0.8894 | acc: 0.8246 | rmse: 0.3636
2023-12-12 15:56:26[INFO]: [EPOCH=043]: loss_main: 0.3406
2023-12-12 15:56:26[INFO]: [EPOCH=043]: auc: 0.8896 | acc: 0.8256 | rmse: 0.3634
2023-12-12 15:56:27[INFO]: [EPOCH=044]: loss_main: 0.3395
2023-12-12 15:56:27[INFO]: [EPOCH=044]: auc: 0.8896 | acc: 0.8256 | rmse: 0.3634
2023-12-12 15:56:28[INFO]: Update best epoch as [45] for auc!
2023-12-12 15:56:28[INFO]: [EPOCH=045]: loss_main: 0.3391
2023-12-12 15:56:28[INFO]: [EPOCH=045]: auc: 0.8897 | acc: 0.8256 | rmse: 0.3634
2023-12-12 15:56:29[INFO]: [EPOCH=046]: loss_main: 0.3404
2023-12-12 15:56:29[INFO]: [EPOCH=046]: auc: 0.8896 | acc: 0.8265 | rmse: 0.3634
2023-12-12 15:56:29[INFO]: [EPOCH=047]: loss_main: 0.3391
2023-12-12 15:56:29[INFO]: [EPOCH=047]: auc: 0.8895 | acc: 0.8256 | rmse: 0.3636
2023-12-12 15:56:30[INFO]: [EPOCH=048]: loss_main: 0.3394
2023-12-12 15:56:30[INFO]: [EPOCH=048]: auc: 0.8896 | acc: 0.8256 | rmse: 0.3634
2023-12-12 15:56:31[INFO]: [EPOCH=049]: loss_main: 0.3393
2023-12-12 15:56:31[INFO]: [EPOCH=049]: auc: 0.8897 | acc: 0.8265 | rmse: 0.3635
2023-12-12 15:56:31[INFO]: [EPOCH=050]: loss_main: 0.3393
2023-12-12 15:56:31[INFO]: [EPOCH=050]: auc: 0.8896 | acc: 0.8237 | rmse: 0.3635
2023-12-12 15:56:32[INFO]: [EPOCH=051]: loss_main: 0.3385
2023-12-12 15:56:32[INFO]: [EPOCH=051]: auc: 0.8896 | acc: 0.8237 | rmse: 0.3635
2023-12-12 15:56:33[INFO]: Update best epoch as [52] for auc!
2023-12-12 15:56:33[INFO]: [EPOCH=052]: loss_main: 0.3381
2023-12-12 15:56:33[INFO]: [EPOCH=052]: auc: 0.8897 | acc: 0.8265 | rmse: 0.3634
2023-12-12 15:56:34[INFO]: Update best epoch as [53] for auc!
2023-12-12 15:56:34[INFO]: [EPOCH=053]: loss_main: 0.3383
2023-12-12 15:56:34[INFO]: [EPOCH=053]: auc: 0.8897 | acc: 0.8256 | rmse: 0.3635
2023-12-12 15:56:35[INFO]: [EPOCH=054]: loss_main: 0.3380
2023-12-12 15:56:35[INFO]: [EPOCH=054]: auc: 0.8897 | acc: 0.8256 | rmse: 0.3634
2023-12-12 15:56:35[INFO]: Update best epoch as [55] for auc!
2023-12-12 15:56:35[INFO]: [EPOCH=055]: loss_main: 0.3384
2023-12-12 15:56:35[INFO]: [EPOCH=055]: auc: 0.8897 | acc: 0.8256 | rmse: 0.3634
2023-12-12 15:56:36[INFO]: [EPOCH=056]: loss_main: 0.3379
2023-12-12 15:56:36[INFO]: [EPOCH=056]: auc: 0.8897 | acc: 0.8265 | rmse: 0.3634
2023-12-12 15:56:37[INFO]: Update best epoch as [57] for auc!
2023-12-12 15:56:37[INFO]: [EPOCH=057]: loss_main: 0.3376
2023-12-12 15:56:37[INFO]: [EPOCH=057]: auc: 0.8898 | acc: 0.8265 | rmse: 0.3634
2023-12-12 15:56:37[INFO]: [EPOCH=058]: loss_main: 0.3378
2023-12-12 15:56:37[INFO]: [EPOCH=058]: auc: 0.8898 | acc: 0.8265 | rmse: 0.3634
2023-12-12 15:56:38[INFO]: Update best epoch as [59] for auc!
2023-12-12 15:56:38[INFO]: [EPOCH=059]: loss_main: 0.3374
2023-12-12 15:56:38[INFO]: [EPOCH=059]: auc: 0.8898 | acc: 0.8265 | rmse: 0.3635
2023-12-12 15:56:39[INFO]: Update best epoch as [60] for auc!
2023-12-12 15:56:39[INFO]: [EPOCH=060]: loss_main: 0.3376
2023-12-12 15:56:39[INFO]: [EPOCH=060]: auc: 0.8898 | acc: 0.8265 | rmse: 0.3635
2023-12-12 15:56:40[INFO]: [EPOCH=061]: loss_main: 0.3378
2023-12-12 15:56:40[INFO]: [EPOCH=061]: auc: 0.8898 | acc: 0.8256 | rmse: 0.3636
2023-12-12 15:56:41[INFO]: Update best epoch as [62] for auc!
2023-12-12 15:56:41[INFO]: [EPOCH=062]: loss_main: 0.3372
2023-12-12 15:56:41[INFO]: [EPOCH=062]: auc: 0.8899 | acc: 0.8265 | rmse: 0.3633
2023-12-12 15:56:41[INFO]: Update best epoch as [63] for auc!
2023-12-12 15:56:42[INFO]: [EPOCH=063]: loss_main: 0.3381
2023-12-12 15:56:42[INFO]: [EPOCH=063]: auc: 0.8899 | acc: 0.8237 | rmse: 0.3633
2023-12-12 15:56:42[INFO]: [EPOCH=064]: loss_main: 0.3369
2023-12-12 15:56:42[INFO]: [EPOCH=064]: auc: 0.8898 | acc: 0.8265 | rmse: 0.3634
2023-12-12 15:56:43[INFO]: [EPOCH=065]: loss_main: 0.3375
2023-12-12 15:56:43[INFO]: [EPOCH=065]: auc: 0.8899 | acc: 0.8228 | rmse: 0.3635
2023-12-12 15:56:44[INFO]: Update best epoch as [66] for auc!
2023-12-12 15:56:45[INFO]: [EPOCH=066]: loss_main: 0.3368
2023-12-12 15:56:45[INFO]: [EPOCH=066]: auc: 0.8900 | acc: 0.8256 | rmse: 0.3634
2023-12-12 15:56:46[INFO]: Update best epoch as [67] for auc!
2023-12-12 15:56:46[INFO]: [EPOCH=067]: loss_main: 0.3371
2023-12-12 15:56:46[INFO]: [EPOCH=067]: auc: 0.8901 | acc: 0.8256 | rmse: 0.3634
2023-12-12 15:56:47[INFO]: [EPOCH=068]: loss_main: 0.3366
2023-12-12 15:56:47[INFO]: [EPOCH=068]: auc: 0.8900 | acc: 0.8265 | rmse: 0.3635
2023-12-12 15:56:47[INFO]: [EPOCH=069]: loss_main: 0.3369
2023-12-12 15:56:47[INFO]: [EPOCH=069]: auc: 0.8899 | acc: 0.8265 | rmse: 0.3636
2023-12-12 15:56:48[INFO]: [EPOCH=070]: loss_main: 0.3365
2023-12-12 15:56:48[INFO]: [EPOCH=070]: auc: 0.8900 | acc: 0.8246 | rmse: 0.3634
2023-12-12 15:56:49[INFO]: [EPOCH=071]: loss_main: 0.3373
2023-12-12 15:56:49[INFO]: [EPOCH=071]: auc: 0.8900 | acc: 0.8246 | rmse: 0.3633
2023-12-12 15:56:49[INFO]: [EPOCH=072]: loss_main: 0.3362
2023-12-12 15:56:49[INFO]: [EPOCH=072]: auc: 0.8899 | acc: 0.8237 | rmse: 0.3635
2023-12-12 15:56:50[INFO]: [EPOCH=073]: loss_main: 0.3362
2023-12-12 15:56:50[INFO]: [EPOCH=073]: auc: 0.8900 | acc: 0.8246 | rmse: 0.3634
2023-12-12 15:56:51[INFO]: [EPOCH=074]: loss_main: 0.3367
2023-12-12 15:56:51[INFO]: [EPOCH=074]: auc: 0.8898 | acc: 0.8246 | rmse: 0.3634
2023-12-12 15:56:52[INFO]: [EPOCH=075]: loss_main: 0.3361
2023-12-12 15:56:52[INFO]: [EPOCH=075]: auc: 0.8897 | acc: 0.8256 | rmse: 0.3635
2023-12-12 15:56:52[INFO]: [EPOCH=076]: loss_main: 0.3368
2023-12-12 15:56:52[INFO]: [EPOCH=076]: auc: 0.8898 | acc: 0.8246 | rmse: 0.3635
2023-12-12 15:56:53[INFO]: Suggest to stop training now
2023-12-12 15:56:53[INFO]: [EPOCH=077]: loss_main: 0.3367
2023-12-12 15:56:53[INFO]: [EPOCH=077]: auc: 0.8898 | acc: 0.8265 | rmse: 0.3635
2023-12-12 15:56:53[INFO]: ==============================
2023-12-12 15:56:53[INFO]: [For auc], the Best Epoch is: 67, the value=0.8901
2023-12-12 15:56:53[INFO]: [EPOCH=067]: loss_main: 0.3371
2023-12-12 15:56:53[INFO]: [EPOCH=067]: auc: 0.8901 | acc: 0.8256 | rmse: 0.3634
2023-12-12 15:56:53[INFO]: ==============================
2023-12-12 15:56:53[INFO]: Training Completed!
2023-12-12 15:56:53[INFO]: auc: 0.9104839363680836
2023-12-12 15:56:53[INFO]: acc: 0.8316231343283582
2023-12-12 15:56:53[INFO]: rmse: 0.3451849291842305
2023-12-12 15:56:53[INFO]: ====================
2023-12-12 15:56:53[INFO]: All Fold Mean auc = 0.9104839363680836
2023-12-12 15:56:53[INFO]: All Fold Mean acc = 0.8316231343283582
2023-12-12 15:56:53[INFO]: All Fold Mean rmse = 0.3451849291842305
2023-12-12 15:56:53[INFO]: Task: 2023-12-12-155549 Completed!
