2023-12-12 16:33:37[INFO]: ============================================================
2023-12-12 16:33:37[INFO]: [ID]: 2023-12-12-163332
2023-12-12 16:33:37[INFO]: [DATASET]: FrcSub
2023-12-12 16:33:37[INFO]: [ARGV]: ['kscd.py']
2023-12-12 16:33:37[INFO]: [ALL_CFG]: 
{
    "traintpl_cfg": {
        "cls": "EduTrainTPL",
        "num_stop_rounds": 10,
        "early_stop_metrics": [
            [
                "auc",
                "max"
            ]
        ],
        "best_epoch_metric": "auc",
        "unsave_best_epoch_pth": true,
        "ignore_metrics_in_train": [],
        "batch_size": 32,
        "device": "cuda:0",
        "epoch_num": 100,
        "eval_batch_size": 2048,
        "num_workers": 0,
        "lr": 0.001,
        "optim": "adam",
        "eps": 1e-08,
        "weight_decay": 0.0,
        "seed": 2023
    },
    "datatpl_cfg": {
        "cls": "CDInterExtendsQDataTPL",
        "mid2cache_op_seq": [
            "M2C_Label2Int",
            "M2C_FilterRecords4CD",
            "M2C_ReMapId",
            "M2C_RandomDataSplit4CD",
            "M2C_GenQMat"
        ],
        "exer_exclude_feat_names": [],
        "stu_exclude_feat_names": [],
        "seperator": ",",
        "n_folds": 5,
        "is_dataset_divided": false,
        "is_save_cache": false,
        "cache_id": "cache_default",
        "load_data_from": "middata",
        "inter_exclude_feat_names": [],
        "raw2mid_op": null,
        "seed": 2023,
        "M2C_Label2Int": {},
        "M2C_FilterRecords4CD": {
            "stu_least_records": 10,
            "exer_least_records": 0
        },
        "M2C_ReMapId": {
            "share_id_columns": [],
            "ignore_columns": "{'order_id:token'}"
        },
        "M2C_RandomDataSplit4CD": {
            "seed": 2023,
            "divide_scale_list": [
                7,
                1,
                2
            ]
        },
        "M2C_GenQMat": {}
    },
    "modeltpl_cfg": {
        "cls": "KSCD",
        "emb_dim": 20,
        "dropout_rate": 0.5,
        "interaction_type": "kscd",
        "interaction_type_ncdm": {
            "dnn_units": [
                512,
                256
            ],
            "dropout_rate": 0.5,
            "activation": "sigmoid",
            "disc_scale": 10
        },
        "interaction_type_kscd": {
            "dropout_rate": 0.0
        },
        "param_init_type": "xavier_normal",
        "pretrained_file_path": ""
    },
    "evaltpl_cfg": {
        "clses": [
            "BinaryClassificationEvalTPL"
        ],
        "BinaryClassificationEvalTPL": {
            "use_metrics": [
                "auc",
                "acc",
                "rmse"
            ]
        }
    },
    "frame_cfg": {
        "ARCHIVE_FOLDER_PATH": "/lijinglong/Projects/EduStudio-main/examples/archive",
        "CFG_FOLDER_PATH": "/lijinglong/Projects/EduStudio-main/examples/conf",
        "DATA_FOLDER_PATH": "/lijinglong/Projects/EduStudio-main/examples/data",
        "DISABLE_LOG_STDOUT": false,
        "DISABLE_TQDM_BAR": false,
        "DT_INFO_DICT": {},
        "DT_INFO_FILE_PATH": "/lijinglong/Projects/EduStudio-main/edustudio/assets/datasets.yaml",
        "ID": "2023-12-12-163332",
        "LOG_WITHOUT_DATE": false,
        "TEMP_FOLDER_PATH": "/lijinglong/Projects/EduStudio-main/examples/temp",
        "TQDM_NCOLS": 100,
        "WORK_DIR": "/lijinglong/Projects/EduStudio-main/examples",
        "data_folder_path": "/lijinglong/Projects/EduStudio-main/examples/data/FrcSub",
        "temp_folder_path": "/lijinglong/Projects/EduStudio-main/examples/temp/FrcSub/EduTrainTPL/KSCD/2023-12-12-163332",
        "archive_folder_path": "/lijinglong/Projects/EduStudio-main/examples/archive/FrcSub/EduTrainTPL/KSCD"
    },
    "dataset": "FrcSub",
    "logger": "<Logger edustudio (DEBUG)>"
}
2023-12-12 16:33:37[INFO]: ============================================================
2023-12-12 16:33:38[INFO]: {'stu_count': 536, 'exer_count': 20, 'cpt_count': 8}
2023-12-12 16:33:38[INFO]: TrainTPL <class 'edustudio.traintpl.edu_traintpl.EduTrainTPL'> Started!
2023-12-12 16:33:40[INFO]: ====== [FOLD ID]: 0 ======
2023-12-12 16:33:40[INFO]: [CALLBACK]-ModelCheckPoint has been registered!
2023-12-12 16:33:40[INFO]: [CALLBACK]-EarlyStopping has been registered!
2023-12-12 16:33:40[INFO]: [CALLBACK]-History has been registered!
2023-12-12 16:33:40[INFO]: [CALLBACK]-BaseLogger has been registered!
2023-12-12 16:33:40[INFO]: Start Training...
2023-12-12 16:33:44[INFO]: Update best epoch as [1] for auc!
2023-12-12 16:33:44[INFO]: [EPOCH=001]: loss_main: 0.6643
2023-12-12 16:33:44[INFO]: [EPOCH=001]: auc: 0.7196 | acc: 0.6236 | rmse: 0.4750
2023-12-12 16:33:47[INFO]: Update best epoch as [2] for auc!
2023-12-12 16:33:47[INFO]: [EPOCH=002]: loss_main: 0.5857
2023-12-12 16:33:47[INFO]: [EPOCH=002]: auc: 0.8889 | acc: 0.8008 | rmse: 0.3944
2023-12-12 16:33:50[INFO]: Update best epoch as [3] for auc!
2023-12-12 16:33:50[INFO]: [EPOCH=003]: loss_main: 0.4225
2023-12-12 16:33:50[INFO]: [EPOCH=003]: auc: 0.9046 | acc: 0.8358 | rmse: 0.3524
2023-12-12 16:33:52[INFO]: Update best epoch as [4] for auc!
2023-12-12 16:33:52[INFO]: [EPOCH=004]: loss_main: 0.3881
2023-12-12 16:33:52[INFO]: [EPOCH=004]: auc: 0.9056 | acc: 0.8335 | rmse: 0.3496
2023-12-12 16:33:55[INFO]: Update best epoch as [5] for auc!
2023-12-12 16:33:55[INFO]: [EPOCH=005]: loss_main: 0.3813
2023-12-12 16:33:55[INFO]: [EPOCH=005]: auc: 0.9066 | acc: 0.8307 | rmse: 0.3501
2023-12-12 16:33:57[INFO]: Update best epoch as [6] for auc!
2023-12-12 16:33:57[INFO]: [EPOCH=006]: loss_main: 0.3788
2023-12-12 16:33:57[INFO]: [EPOCH=006]: auc: 0.9068 | acc: 0.8358 | rmse: 0.3474
2023-12-12 16:34:00[INFO]: Update best epoch as [7] for auc!
2023-12-12 16:34:00[INFO]: [EPOCH=007]: loss_main: 0.3766
2023-12-12 16:34:00[INFO]: [EPOCH=007]: auc: 0.9072 | acc: 0.8349 | rmse: 0.3472
2023-12-12 16:34:02[INFO]: Update best epoch as [8] for auc!
2023-12-12 16:34:02[INFO]: [EPOCH=008]: loss_main: 0.3752
2023-12-12 16:34:02[INFO]: [EPOCH=008]: auc: 0.9075 | acc: 0.8326 | rmse: 0.3470
2023-12-12 16:34:05[INFO]: Update best epoch as [9] for auc!
2023-12-12 16:34:05[INFO]: [EPOCH=009]: loss_main: 0.3742
2023-12-12 16:34:05[INFO]: [EPOCH=009]: auc: 0.9081 | acc: 0.8396 | rmse: 0.3467
2023-12-12 16:34:07[INFO]: [EPOCH=010]: loss_main: 0.3731
2023-12-12 16:34:07[INFO]: [EPOCH=010]: auc: 0.9074 | acc: 0.8358 | rmse: 0.3468
2023-12-12 16:34:10[INFO]: [EPOCH=011]: loss_main: 0.3726
2023-12-12 16:34:10[INFO]: [EPOCH=011]: auc: 0.9077 | acc: 0.8344 | rmse: 0.3463
2023-12-12 16:34:12[INFO]: [EPOCH=012]: loss_main: 0.3720
2023-12-12 16:34:12[INFO]: [EPOCH=012]: auc: 0.9078 | acc: 0.8377 | rmse: 0.3468
2023-12-12 16:34:15[INFO]: [EPOCH=013]: loss_main: 0.3705
2023-12-12 16:34:15[INFO]: [EPOCH=013]: auc: 0.9075 | acc: 0.8363 | rmse: 0.3474
2023-12-12 16:34:17[INFO]: [EPOCH=014]: loss_main: 0.3706
2023-12-12 16:34:17[INFO]: [EPOCH=014]: auc: 0.9077 | acc: 0.8372 | rmse: 0.3465
2023-12-12 16:34:19[INFO]: [EPOCH=015]: loss_main: 0.3694
2023-12-12 16:34:19[INFO]: [EPOCH=015]: auc: 0.9079 | acc: 0.8363 | rmse: 0.3462
2023-12-12 16:34:21[INFO]: [EPOCH=016]: loss_main: 0.3694
2023-12-12 16:34:21[INFO]: [EPOCH=016]: auc: 0.9079 | acc: 0.8363 | rmse: 0.3463
2023-12-12 16:34:24[INFO]: [EPOCH=017]: loss_main: 0.3687
2023-12-12 16:34:24[INFO]: [EPOCH=017]: auc: 0.9079 | acc: 0.8368 | rmse: 0.3463
2023-12-12 16:34:26[INFO]: [EPOCH=018]: loss_main: 0.3687
2023-12-12 16:34:26[INFO]: [EPOCH=018]: auc: 0.9080 | acc: 0.8386 | rmse: 0.3463
2023-12-12 16:34:29[INFO]: Update best epoch as [19] for auc!
2023-12-12 16:34:29[INFO]: [EPOCH=019]: loss_main: 0.3679
2023-12-12 16:34:29[INFO]: [EPOCH=019]: auc: 0.9081 | acc: 0.8386 | rmse: 0.3461
2023-12-12 16:34:31[INFO]: [EPOCH=020]: loss_main: 0.3678
2023-12-12 16:34:31[INFO]: [EPOCH=020]: auc: 0.9081 | acc: 0.8363 | rmse: 0.3461
2023-12-12 16:34:34[INFO]: [EPOCH=021]: loss_main: 0.3677
2023-12-12 16:34:34[INFO]: [EPOCH=021]: auc: 0.9079 | acc: 0.8344 | rmse: 0.3464
2023-12-12 16:34:37[INFO]: [EPOCH=022]: loss_main: 0.3676
2023-12-12 16:34:37[INFO]: [EPOCH=022]: auc: 0.9076 | acc: 0.8354 | rmse: 0.3466
2023-12-12 16:34:39[INFO]: [EPOCH=023]: loss_main: 0.3671
2023-12-12 16:34:39[INFO]: [EPOCH=023]: auc: 0.9075 | acc: 0.8358 | rmse: 0.3469
2023-12-12 16:34:41[INFO]: [EPOCH=024]: loss_main: 0.3668
2023-12-12 16:34:41[INFO]: [EPOCH=024]: auc: 0.9076 | acc: 0.8330 | rmse: 0.3478
2023-12-12 16:34:44[INFO]: [EPOCH=025]: loss_main: 0.3672
2023-12-12 16:34:44[INFO]: [EPOCH=025]: auc: 0.9075 | acc: 0.8321 | rmse: 0.3467
2023-12-12 16:34:46[INFO]: [EPOCH=026]: loss_main: 0.3667
2023-12-12 16:34:46[INFO]: [EPOCH=026]: auc: 0.9075 | acc: 0.8330 | rmse: 0.3468
2023-12-12 16:34:49[INFO]: [EPOCH=027]: loss_main: 0.3665
2023-12-12 16:34:49[INFO]: [EPOCH=027]: auc: 0.9072 | acc: 0.8340 | rmse: 0.3470
2023-12-12 16:34:51[INFO]: [EPOCH=028]: loss_main: 0.3661
2023-12-12 16:34:51[INFO]: [EPOCH=028]: auc: 0.9070 | acc: 0.8354 | rmse: 0.3472
2023-12-12 16:34:54[INFO]: Suggest to stop training now
2023-12-12 16:34:54[INFO]: [EPOCH=029]: loss_main: 0.3663
2023-12-12 16:34:54[INFO]: [EPOCH=029]: auc: 0.9075 | acc: 0.8330 | rmse: 0.3469
2023-12-12 16:34:54[INFO]: ==============================
2023-12-12 16:34:54[INFO]: [For auc], the Best Epoch is: 19, the value=0.9081
2023-12-12 16:34:54[INFO]: [EPOCH=019]: loss_main: 0.3679
2023-12-12 16:34:54[INFO]: [EPOCH=019]: auc: 0.9081 | acc: 0.8386 | rmse: 0.3461
2023-12-12 16:34:54[INFO]: ==============================
2023-12-12 16:34:54[INFO]: Training Completed!
2023-12-12 16:34:54[INFO]: auc: 0.9081151359934705
2023-12-12 16:34:54[INFO]: acc: 0.8386194029850746
2023-12-12 16:34:54[INFO]: rmse: 0.34610766647638397
2023-12-12 16:34:54[INFO]: ====================
2023-12-12 16:34:54[INFO]: ====== [FOLD ID]: 1 ======
2023-12-12 16:34:54[INFO]: [CALLBACK]-ModelCheckPoint has been registered!
2023-12-12 16:34:54[INFO]: [CALLBACK]-EarlyStopping has been registered!
2023-12-12 16:34:54[INFO]: [CALLBACK]-History has been registered!
2023-12-12 16:34:54[INFO]: [CALLBACK]-BaseLogger has been registered!
2023-12-12 16:34:54[INFO]: Start Training...
2023-12-12 16:34:56[INFO]: Update best epoch as [1] for auc!
2023-12-12 16:34:56[INFO]: [EPOCH=001]: loss_main: 0.6748
2023-12-12 16:34:56[INFO]: [EPOCH=001]: auc: 0.7220 | acc: 0.6623 | rmse: 0.4775
2023-12-12 16:34:59[INFO]: Update best epoch as [2] for auc!
2023-12-12 16:34:59[INFO]: [EPOCH=002]: loss_main: 0.5938
2023-12-12 16:34:59[INFO]: [EPOCH=002]: auc: 0.8691 | acc: 0.7948 | rmse: 0.4046
2023-12-12 16:35:01[INFO]: Update best epoch as [3] for auc!
2023-12-12 16:35:01[INFO]: [EPOCH=003]: loss_main: 0.4236
2023-12-12 16:35:01[INFO]: [EPOCH=003]: auc: 0.8806 | acc: 0.7962 | rmse: 0.3731
2023-12-12 16:35:04[INFO]: Update best epoch as [4] for auc!
2023-12-12 16:35:04[INFO]: [EPOCH=004]: loss_main: 0.3826
2023-12-12 16:35:04[INFO]: [EPOCH=004]: auc: 0.8846 | acc: 0.8013 | rmse: 0.3707
2023-12-12 16:35:06[INFO]: Update best epoch as [5] for auc!
2023-12-12 16:35:06[INFO]: [EPOCH=005]: loss_main: 0.3751
2023-12-12 16:35:06[INFO]: [EPOCH=005]: auc: 0.8851 | acc: 0.8027 | rmse: 0.3705
2023-12-12 16:35:09[INFO]: Update best epoch as [6] for auc!
2023-12-12 16:35:09[INFO]: [EPOCH=006]: loss_main: 0.3714
2023-12-12 16:35:09[INFO]: [EPOCH=006]: auc: 0.8868 | acc: 0.8078 | rmse: 0.3700
2023-12-12 16:35:11[INFO]: [EPOCH=007]: loss_main: 0.3686
2023-12-12 16:35:11[INFO]: [EPOCH=007]: auc: 0.8865 | acc: 0.8111 | rmse: 0.3689
2023-12-12 16:35:14[INFO]: Update best epoch as [8] for auc!
2023-12-12 16:35:14[INFO]: [EPOCH=008]: loss_main: 0.3668
2023-12-12 16:35:14[INFO]: [EPOCH=008]: auc: 0.8868 | acc: 0.8092 | rmse: 0.3690
2023-12-12 16:35:16[INFO]: [EPOCH=009]: loss_main: 0.3649
2023-12-12 16:35:16[INFO]: [EPOCH=009]: auc: 0.8866 | acc: 0.8092 | rmse: 0.3695
2023-12-12 16:35:19[INFO]: Update best epoch as [10] for auc!
2023-12-12 16:35:19[INFO]: [EPOCH=010]: loss_main: 0.3638
2023-12-12 16:35:19[INFO]: [EPOCH=010]: auc: 0.8875 | acc: 0.8092 | rmse: 0.3696
2023-12-12 16:35:21[INFO]: Update best epoch as [11] for auc!
2023-12-12 16:35:21[INFO]: [EPOCH=011]: loss_main: 0.3628
2023-12-12 16:35:21[INFO]: [EPOCH=011]: auc: 0.8876 | acc: 0.8088 | rmse: 0.3685
2023-12-12 16:35:23[INFO]: Update best epoch as [12] for auc!
2023-12-12 16:35:23[INFO]: [EPOCH=012]: loss_main: 0.3613
2023-12-12 16:35:23[INFO]: [EPOCH=012]: auc: 0.8883 | acc: 0.8102 | rmse: 0.3679
2023-12-12 16:35:26[INFO]: Update best epoch as [13] for auc!
2023-12-12 16:35:26[INFO]: [EPOCH=013]: loss_main: 0.3603
2023-12-12 16:35:26[INFO]: [EPOCH=013]: auc: 0.8886 | acc: 0.8116 | rmse: 0.3675
2023-12-12 16:35:28[INFO]: [EPOCH=014]: loss_main: 0.3599
2023-12-12 16:35:28[INFO]: [EPOCH=014]: auc: 0.8885 | acc: 0.8120 | rmse: 0.3682
2023-12-12 16:35:30[INFO]: Update best epoch as [15] for auc!
2023-12-12 16:35:31[INFO]: [EPOCH=015]: loss_main: 0.3589
2023-12-12 16:35:31[INFO]: [EPOCH=015]: auc: 0.8892 | acc: 0.8102 | rmse: 0.3685
2023-12-12 16:35:32[INFO]: Update best epoch as [16] for auc!
2023-12-12 16:35:32[INFO]: [EPOCH=016]: loss_main: 0.3584
2023-12-12 16:35:32[INFO]: [EPOCH=016]: auc: 0.8896 | acc: 0.8102 | rmse: 0.3670
2023-12-12 16:35:35[INFO]: [EPOCH=017]: loss_main: 0.3575
2023-12-12 16:35:35[INFO]: [EPOCH=017]: auc: 0.8888 | acc: 0.8083 | rmse: 0.3676
2023-12-12 16:35:37[INFO]: [EPOCH=018]: loss_main: 0.3577
2023-12-12 16:35:37[INFO]: [EPOCH=018]: auc: 0.8891 | acc: 0.8078 | rmse: 0.3673
2023-12-12 16:35:39[INFO]: [EPOCH=019]: loss_main: 0.3567
2023-12-12 16:35:39[INFO]: [EPOCH=019]: auc: 0.8894 | acc: 0.8092 | rmse: 0.3672
2023-12-12 16:35:42[INFO]: Update best epoch as [20] for auc!
2023-12-12 16:35:42[INFO]: [EPOCH=020]: loss_main: 0.3564
2023-12-12 16:35:42[INFO]: [EPOCH=020]: auc: 0.8902 | acc: 0.8116 | rmse: 0.3673
2023-12-12 16:35:45[INFO]: [EPOCH=021]: loss_main: 0.3558
2023-12-12 16:35:45[INFO]: [EPOCH=021]: auc: 0.8891 | acc: 0.8088 | rmse: 0.3673
2023-12-12 16:35:47[INFO]: [EPOCH=022]: loss_main: 0.3560
2023-12-12 16:35:47[INFO]: [EPOCH=022]: auc: 0.8886 | acc: 0.8102 | rmse: 0.3682
2023-12-12 16:35:50[INFO]: [EPOCH=023]: loss_main: 0.3557
2023-12-12 16:35:50[INFO]: [EPOCH=023]: auc: 0.8897 | acc: 0.8102 | rmse: 0.3669
2023-12-12 16:35:52[INFO]: [EPOCH=024]: loss_main: 0.3548
2023-12-12 16:35:52[INFO]: [EPOCH=024]: auc: 0.8896 | acc: 0.8116 | rmse: 0.3672
2023-12-12 16:35:54[INFO]: [EPOCH=025]: loss_main: 0.3547
2023-12-12 16:35:54[INFO]: [EPOCH=025]: auc: 0.8897 | acc: 0.8111 | rmse: 0.3667
2023-12-12 16:35:57[INFO]: [EPOCH=026]: loss_main: 0.3545
2023-12-12 16:35:57[INFO]: [EPOCH=026]: auc: 0.8900 | acc: 0.8102 | rmse: 0.3673
2023-12-12 16:35:59[INFO]: [EPOCH=027]: loss_main: 0.3545
2023-12-12 16:35:59[INFO]: [EPOCH=027]: auc: 0.8896 | acc: 0.8120 | rmse: 0.3669
2023-12-12 16:36:00[INFO]: [EPOCH=028]: loss_main: 0.3542
2023-12-12 16:36:00[INFO]: [EPOCH=028]: auc: 0.8892 | acc: 0.8083 | rmse: 0.3670
2023-12-12 16:36:03[INFO]: [EPOCH=029]: loss_main: 0.3539
2023-12-12 16:36:03[INFO]: [EPOCH=029]: auc: 0.8898 | acc: 0.8125 | rmse: 0.3664
2023-12-12 16:36:05[INFO]: Suggest to stop training now
2023-12-12 16:36:05[INFO]: [EPOCH=030]: loss_main: 0.3537
2023-12-12 16:36:05[INFO]: [EPOCH=030]: auc: 0.8893 | acc: 0.8102 | rmse: 0.3671
2023-12-12 16:36:05[INFO]: ==============================
2023-12-12 16:36:05[INFO]: [For auc], the Best Epoch is: 20, the value=0.8902
2023-12-12 16:36:05[INFO]: [EPOCH=020]: loss_main: 0.3564
2023-12-12 16:36:05[INFO]: [EPOCH=020]: auc: 0.8902 | acc: 0.8116 | rmse: 0.3673
2023-12-12 16:36:05[INFO]: ==============================
2023-12-12 16:36:05[INFO]: Training Completed!
2023-12-12 16:36:05[INFO]: auc: 0.8901907540965778
2023-12-12 16:36:05[INFO]: acc: 0.8115671641791045
2023-12-12 16:36:05[INFO]: rmse: 0.36733535062532546
2023-12-12 16:36:05[INFO]: ====================
2023-12-12 16:36:05[INFO]: ====== [FOLD ID]: 2 ======
2023-12-12 16:36:05[INFO]: [CALLBACK]-ModelCheckPoint has been registered!
2023-12-12 16:36:05[INFO]: [CALLBACK]-EarlyStopping has been registered!
2023-12-12 16:36:05[INFO]: [CALLBACK]-History has been registered!
2023-12-12 16:36:05[INFO]: [CALLBACK]-BaseLogger has been registered!
2023-12-12 16:36:05[INFO]: Start Training...
2023-12-12 16:36:08[INFO]: Update best epoch as [1] for auc!
2023-12-12 16:36:08[INFO]: [EPOCH=001]: loss_main: 0.6772
2023-12-12 16:36:08[INFO]: [EPOCH=001]: auc: 0.7135 | acc: 0.6521 | rmse: 0.4792
2023-12-12 16:36:11[INFO]: Update best epoch as [2] for auc!
2023-12-12 16:36:11[INFO]: [EPOCH=002]: loss_main: 0.6120
2023-12-12 16:36:11[INFO]: [EPOCH=002]: auc: 0.8485 | acc: 0.7896 | rmse: 0.4222
2023-12-12 16:36:13[INFO]: Update best epoch as [3] for auc!
2023-12-12 16:36:13[INFO]: [EPOCH=003]: loss_main: 0.4508
2023-12-12 16:36:13[INFO]: [EPOCH=003]: auc: 0.8908 | acc: 0.8120 | rmse: 0.3643
2023-12-12 16:36:14[INFO]: Update best epoch as [4] for auc!
2023-12-12 16:36:14[INFO]: [EPOCH=004]: loss_main: 0.3924
2023-12-12 16:36:14[INFO]: [EPOCH=004]: auc: 0.8936 | acc: 0.8167 | rmse: 0.3589
2023-12-12 16:36:16[INFO]: Update best epoch as [5] for auc!
2023-12-12 16:36:16[INFO]: [EPOCH=005]: loss_main: 0.3815
2023-12-12 16:36:16[INFO]: [EPOCH=005]: auc: 0.8942 | acc: 0.8181 | rmse: 0.3577
2023-12-12 16:36:19[INFO]: Update best epoch as [6] for auc!
2023-12-12 16:36:19[INFO]: [EPOCH=006]: loss_main: 0.3758
2023-12-12 16:36:19[INFO]: [EPOCH=006]: auc: 0.8951 | acc: 0.8223 | rmse: 0.3568
2023-12-12 16:36:21[INFO]: [EPOCH=007]: loss_main: 0.3724
2023-12-12 16:36:21[INFO]: [EPOCH=007]: auc: 0.8951 | acc: 0.8256 | rmse: 0.3566
2023-12-12 16:36:23[INFO]: Update best epoch as [8] for auc!
2023-12-12 16:36:23[INFO]: [EPOCH=008]: loss_main: 0.3700
2023-12-12 16:36:23[INFO]: [EPOCH=008]: auc: 0.8952 | acc: 0.8256 | rmse: 0.3561
2023-12-12 16:36:25[INFO]: Update best epoch as [9] for auc!
2023-12-12 16:36:25[INFO]: [EPOCH=009]: loss_main: 0.3682
2023-12-12 16:36:25[INFO]: [EPOCH=009]: auc: 0.8953 | acc: 0.8270 | rmse: 0.3562
2023-12-12 16:36:27[INFO]: [EPOCH=010]: loss_main: 0.3664
2023-12-12 16:36:27[INFO]: [EPOCH=010]: auc: 0.8950 | acc: 0.8237 | rmse: 0.3570
2023-12-12 16:36:30[INFO]: Update best epoch as [11] for auc!
2023-12-12 16:36:30[INFO]: [EPOCH=011]: loss_main: 0.3650
2023-12-12 16:36:30[INFO]: [EPOCH=011]: auc: 0.8955 | acc: 0.8260 | rmse: 0.3560
2023-12-12 16:36:33[INFO]: [EPOCH=012]: loss_main: 0.3637
2023-12-12 16:36:33[INFO]: [EPOCH=012]: auc: 0.8953 | acc: 0.8251 | rmse: 0.3560
2023-12-12 16:36:35[INFO]: Update best epoch as [13] for auc!
2023-12-12 16:36:35[INFO]: [EPOCH=013]: loss_main: 0.3633
2023-12-12 16:36:35[INFO]: [EPOCH=013]: auc: 0.8955 | acc: 0.8256 | rmse: 0.3560
2023-12-12 16:36:38[INFO]: [EPOCH=014]: loss_main: 0.3623
2023-12-12 16:36:38[INFO]: [EPOCH=014]: auc: 0.8955 | acc: 0.8274 | rmse: 0.3564
2023-12-12 16:36:40[INFO]: [EPOCH=015]: loss_main: 0.3615
2023-12-12 16:36:40[INFO]: [EPOCH=015]: auc: 0.8954 | acc: 0.8204 | rmse: 0.3575
2023-12-12 16:36:42[INFO]: [EPOCH=016]: loss_main: 0.3610
2023-12-12 16:36:42[INFO]: [EPOCH=016]: auc: 0.8954 | acc: 0.8218 | rmse: 0.3563
2023-12-12 16:36:44[INFO]: Update best epoch as [17] for auc!
2023-12-12 16:36:44[INFO]: [EPOCH=017]: loss_main: 0.3601
2023-12-12 16:36:44[INFO]: [EPOCH=017]: auc: 0.8958 | acc: 0.8246 | rmse: 0.3566
2023-12-12 16:36:47[INFO]: [EPOCH=018]: loss_main: 0.3598
2023-12-12 16:36:47[INFO]: [EPOCH=018]: auc: 0.8957 | acc: 0.8228 | rmse: 0.3567
2023-12-12 16:36:49[INFO]: [EPOCH=019]: loss_main: 0.3590
2023-12-12 16:36:49[INFO]: [EPOCH=019]: auc: 0.8957 | acc: 0.8167 | rmse: 0.3592
2023-12-12 16:36:51[INFO]: Update best epoch as [20] for auc!
2023-12-12 16:36:51[INFO]: [EPOCH=020]: loss_main: 0.3587
2023-12-12 16:36:51[INFO]: [EPOCH=020]: auc: 0.8958 | acc: 0.8228 | rmse: 0.3561
2023-12-12 16:36:54[INFO]: Update best epoch as [21] for auc!
2023-12-12 16:36:54[INFO]: [EPOCH=021]: loss_main: 0.3583
2023-12-12 16:36:54[INFO]: [EPOCH=021]: auc: 0.8960 | acc: 0.8232 | rmse: 0.3556
2023-12-12 16:36:56[INFO]: [EPOCH=022]: loss_main: 0.3579
2023-12-12 16:36:56[INFO]: [EPOCH=022]: auc: 0.8960 | acc: 0.8200 | rmse: 0.3581
2023-12-12 16:36:59[INFO]: [EPOCH=023]: loss_main: 0.3580
2023-12-12 16:36:59[INFO]: [EPOCH=023]: auc: 0.8955 | acc: 0.8228 | rmse: 0.3561
2023-12-12 16:37:01[INFO]: [EPOCH=024]: loss_main: 0.3574
2023-12-12 16:37:01[INFO]: [EPOCH=024]: auc: 0.8960 | acc: 0.8223 | rmse: 0.3575
2023-12-12 16:37:03[INFO]: [EPOCH=025]: loss_main: 0.3575
2023-12-12 16:37:03[INFO]: [EPOCH=025]: auc: 0.8957 | acc: 0.8223 | rmse: 0.3558
2023-12-12 16:37:05[INFO]: [EPOCH=026]: loss_main: 0.3575
2023-12-12 16:37:05[INFO]: [EPOCH=026]: auc: 0.8954 | acc: 0.8223 | rmse: 0.3562
2023-12-12 16:37:08[INFO]: [EPOCH=027]: loss_main: 0.3568
2023-12-12 16:37:08[INFO]: [EPOCH=027]: auc: 0.8955 | acc: 0.8204 | rmse: 0.3563
2023-12-12 16:37:10[INFO]: [EPOCH=028]: loss_main: 0.3565
2023-12-12 16:37:10[INFO]: [EPOCH=028]: auc: 0.8955 | acc: 0.8265 | rmse: 0.3559
2023-12-12 16:37:13[INFO]: [EPOCH=029]: loss_main: 0.3565
2023-12-12 16:37:13[INFO]: [EPOCH=029]: auc: 0.8953 | acc: 0.8200 | rmse: 0.3563
2023-12-12 16:37:15[INFO]: [EPOCH=030]: loss_main: 0.3559
2023-12-12 16:37:15[INFO]: [EPOCH=030]: auc: 0.8957 | acc: 0.8204 | rmse: 0.3570
2023-12-12 16:37:18[INFO]: Suggest to stop training now
2023-12-12 16:37:18[INFO]: [EPOCH=031]: loss_main: 0.3560
2023-12-12 16:37:18[INFO]: [EPOCH=031]: auc: 0.8955 | acc: 0.8228 | rmse: 0.3574
2023-12-12 16:37:18[INFO]: ==============================
2023-12-12 16:37:18[INFO]: [For auc], the Best Epoch is: 21, the value=0.8960
2023-12-12 16:37:18[INFO]: [EPOCH=021]: loss_main: 0.3583
2023-12-12 16:37:18[INFO]: [EPOCH=021]: auc: 0.8960 | acc: 0.8232 | rmse: 0.3556
2023-12-12 16:37:18[INFO]: ==============================
2023-12-12 16:37:18[INFO]: Training Completed!
2023-12-12 16:37:18[INFO]: auc: 0.8960463772993847
2023-12-12 16:37:18[INFO]: acc: 0.8232276119402985
2023-12-12 16:37:18[INFO]: rmse: 0.3555894164801825
2023-12-12 16:37:18[INFO]: ====================
2023-12-12 16:37:18[INFO]: ====== [FOLD ID]: 3 ======
2023-12-12 16:37:18[INFO]: [CALLBACK]-ModelCheckPoint has been registered!
2023-12-12 16:37:18[INFO]: [CALLBACK]-EarlyStopping has been registered!
2023-12-12 16:37:18[INFO]: [CALLBACK]-History has been registered!
2023-12-12 16:37:18[INFO]: [CALLBACK]-BaseLogger has been registered!
2023-12-12 16:37:18[INFO]: Start Training...
2023-12-12 16:37:20[INFO]: Update best epoch as [1] for auc!
2023-12-12 16:37:20[INFO]: [EPOCH=001]: loss_main: 0.6671
2023-12-12 16:37:20[INFO]: [EPOCH=001]: auc: 0.6976 | acc: 0.6535 | rmse: 0.4775
2023-12-12 16:37:23[INFO]: Update best epoch as [2] for auc!
2023-12-12 16:37:23[INFO]: [EPOCH=002]: loss_main: 0.5849
2023-12-12 16:37:23[INFO]: [EPOCH=002]: auc: 0.8504 | acc: 0.7593 | rmse: 0.4119
2023-12-12 16:37:25[INFO]: Update best epoch as [3] for auc!
2023-12-12 16:37:25[INFO]: [EPOCH=003]: loss_main: 0.4212
2023-12-12 16:37:25[INFO]: [EPOCH=003]: auc: 0.8800 | acc: 0.8027 | rmse: 0.3725
2023-12-12 16:37:28[INFO]: Update best epoch as [4] for auc!
2023-12-12 16:37:28[INFO]: [EPOCH=004]: loss_main: 0.3804
2023-12-12 16:37:28[INFO]: [EPOCH=004]: auc: 0.8819 | acc: 0.8078 | rmse: 0.3703
2023-12-12 16:37:31[INFO]: Update best epoch as [5] for auc!
2023-12-12 16:37:31[INFO]: [EPOCH=005]: loss_main: 0.3733
2023-12-12 16:37:31[INFO]: [EPOCH=005]: auc: 0.8837 | acc: 0.8106 | rmse: 0.3686
2023-12-12 16:37:33[INFO]: Update best epoch as [6] for auc!
2023-12-12 16:37:33[INFO]: [EPOCH=006]: loss_main: 0.3694
2023-12-12 16:37:33[INFO]: [EPOCH=006]: auc: 0.8851 | acc: 0.8125 | rmse: 0.3676
2023-12-12 16:37:36[INFO]: Update best epoch as [7] for auc!
2023-12-12 16:37:36[INFO]: [EPOCH=007]: loss_main: 0.3672
2023-12-12 16:37:36[INFO]: [EPOCH=007]: auc: 0.8860 | acc: 0.8116 | rmse: 0.3667
2023-12-12 16:37:38[INFO]: Update best epoch as [8] for auc!
2023-12-12 16:37:38[INFO]: [EPOCH=008]: loss_main: 0.3653
2023-12-12 16:37:38[INFO]: [EPOCH=008]: auc: 0.8863 | acc: 0.8144 | rmse: 0.3666
2023-12-12 16:37:41[INFO]: Update best epoch as [9] for auc!
2023-12-12 16:37:41[INFO]: [EPOCH=009]: loss_main: 0.3639
2023-12-12 16:37:41[INFO]: [EPOCH=009]: auc: 0.8869 | acc: 0.8102 | rmse: 0.3686
2023-12-12 16:37:43[INFO]: Update best epoch as [10] for auc!
2023-12-12 16:37:43[INFO]: [EPOCH=010]: loss_main: 0.3628
2023-12-12 16:37:43[INFO]: [EPOCH=010]: auc: 0.8871 | acc: 0.8083 | rmse: 0.3690
2023-12-12 16:37:46[INFO]: Update best epoch as [11] for auc!
2023-12-12 16:37:46[INFO]: [EPOCH=011]: loss_main: 0.3619
2023-12-12 16:37:46[INFO]: [EPOCH=011]: auc: 0.8875 | acc: 0.8088 | rmse: 0.3671
2023-12-12 16:37:48[INFO]: Update best epoch as [12] for auc!
2023-12-12 16:37:48[INFO]: [EPOCH=012]: loss_main: 0.3602
2023-12-12 16:37:48[INFO]: [EPOCH=012]: auc: 0.8877 | acc: 0.8097 | rmse: 0.3669
2023-12-12 16:37:51[INFO]: Update best epoch as [13] for auc!
2023-12-12 16:37:51[INFO]: [EPOCH=013]: loss_main: 0.3591
2023-12-12 16:37:51[INFO]: [EPOCH=013]: auc: 0.8878 | acc: 0.8092 | rmse: 0.3660
2023-12-12 16:37:53[INFO]: Update best epoch as [14] for auc!
2023-12-12 16:37:53[INFO]: [EPOCH=014]: loss_main: 0.3583
2023-12-12 16:37:53[INFO]: [EPOCH=014]: auc: 0.8880 | acc: 0.8078 | rmse: 0.3663
2023-12-12 16:37:56[INFO]: [EPOCH=015]: loss_main: 0.3571
2023-12-12 16:37:56[INFO]: [EPOCH=015]: auc: 0.8876 | acc: 0.8106 | rmse: 0.3672
2023-12-12 16:37:58[INFO]: Update best epoch as [16] for auc!
2023-12-12 16:37:58[INFO]: [EPOCH=016]: loss_main: 0.3564
2023-12-12 16:37:58[INFO]: [EPOCH=016]: auc: 0.8881 | acc: 0.8102 | rmse: 0.3659
2023-12-12 16:38:00[INFO]: [EPOCH=017]: loss_main: 0.3552
2023-12-12 16:38:00[INFO]: [EPOCH=017]: auc: 0.8879 | acc: 0.8050 | rmse: 0.3705
2023-12-12 16:38:03[INFO]: [EPOCH=018]: loss_main: 0.3551
2023-12-12 16:38:03[INFO]: [EPOCH=018]: auc: 0.8880 | acc: 0.8046 | rmse: 0.3672
2023-12-12 16:38:05[INFO]: Update best epoch as [19] for auc!
2023-12-12 16:38:05[INFO]: [EPOCH=019]: loss_main: 0.3540
2023-12-12 16:38:05[INFO]: [EPOCH=019]: auc: 0.8882 | acc: 0.8102 | rmse: 0.3658
2023-12-12 16:38:07[INFO]: [EPOCH=020]: loss_main: 0.3534
2023-12-12 16:38:07[INFO]: [EPOCH=020]: auc: 0.8878 | acc: 0.8120 | rmse: 0.3668
2023-12-12 16:38:10[INFO]: [EPOCH=021]: loss_main: 0.3531
2023-12-12 16:38:10[INFO]: [EPOCH=021]: auc: 0.8880 | acc: 0.8097 | rmse: 0.3661
2023-12-12 16:38:12[INFO]: [EPOCH=022]: loss_main: 0.3528
2023-12-12 16:38:12[INFO]: [EPOCH=022]: auc: 0.8878 | acc: 0.8083 | rmse: 0.3666
2023-12-12 16:38:15[INFO]: [EPOCH=023]: loss_main: 0.3521
2023-12-12 16:38:15[INFO]: [EPOCH=023]: auc: 0.8875 | acc: 0.8097 | rmse: 0.3665
2023-12-12 16:38:17[INFO]: [EPOCH=024]: loss_main: 0.3520
2023-12-12 16:38:17[INFO]: [EPOCH=024]: auc: 0.8875 | acc: 0.8120 | rmse: 0.3664
2023-12-12 16:38:20[INFO]: [EPOCH=025]: loss_main: 0.3517
2023-12-12 16:38:20[INFO]: [EPOCH=025]: auc: 0.8874 | acc: 0.8069 | rmse: 0.3677
2023-12-12 16:38:22[INFO]: [EPOCH=026]: loss_main: 0.3514
2023-12-12 16:38:22[INFO]: [EPOCH=026]: auc: 0.8874 | acc: 0.8125 | rmse: 0.3664
2023-12-12 16:38:25[INFO]: [EPOCH=027]: loss_main: 0.3511
2023-12-12 16:38:25[INFO]: [EPOCH=027]: auc: 0.8874 | acc: 0.8120 | rmse: 0.3661
2023-12-12 16:38:27[INFO]: [EPOCH=028]: loss_main: 0.3511
2023-12-12 16:38:27[INFO]: [EPOCH=028]: auc: 0.8872 | acc: 0.8106 | rmse: 0.3664
2023-12-12 16:38:29[INFO]: Suggest to stop training now
2023-12-12 16:38:29[INFO]: [EPOCH=029]: loss_main: 0.3506
2023-12-12 16:38:29[INFO]: [EPOCH=029]: auc: 0.8870 | acc: 0.8130 | rmse: 0.3663
2023-12-12 16:38:29[INFO]: ==============================
2023-12-12 16:38:29[INFO]: [For auc], the Best Epoch is: 19, the value=0.8882
2023-12-12 16:38:29[INFO]: [EPOCH=019]: loss_main: 0.3540
2023-12-12 16:38:29[INFO]: [EPOCH=019]: auc: 0.8882 | acc: 0.8102 | rmse: 0.3658
2023-12-12 16:38:29[INFO]: ==============================
2023-12-12 16:38:29[INFO]: Training Completed!
2023-12-12 16:38:30[INFO]: auc: 0.8881987198226776
2023-12-12 16:38:30[INFO]: acc: 0.8101679104477612
2023-12-12 16:38:30[INFO]: rmse: 0.3657877396859687
2023-12-12 16:38:30[INFO]: ====================
2023-12-12 16:38:30[INFO]: ====== [FOLD ID]: 4 ======
2023-12-12 16:38:30[INFO]: [CALLBACK]-ModelCheckPoint has been registered!
2023-12-12 16:38:30[INFO]: [CALLBACK]-EarlyStopping has been registered!
2023-12-12 16:38:30[INFO]: [CALLBACK]-History has been registered!
2023-12-12 16:38:30[INFO]: [CALLBACK]-BaseLogger has been registered!
2023-12-12 16:38:30[INFO]: Start Training...
2023-12-12 16:38:32[INFO]: Update best epoch as [1] for auc!
2023-12-12 16:38:32[INFO]: [EPOCH=001]: loss_main: 0.6731
2023-12-12 16:38:32[INFO]: [EPOCH=001]: auc: 0.7128 | acc: 0.6446 | rmse: 0.4779
2023-12-12 16:38:34[INFO]: Update best epoch as [2] for auc!
2023-12-12 16:38:35[INFO]: [EPOCH=002]: loss_main: 0.5898
2023-12-12 16:38:35[INFO]: [EPOCH=002]: auc: 0.8614 | acc: 0.7682 | rmse: 0.4071
2023-12-12 16:38:37[INFO]: Update best epoch as [3] for auc!
2023-12-12 16:38:37[INFO]: [EPOCH=003]: loss_main: 0.4263
2023-12-12 16:38:37[INFO]: [EPOCH=003]: auc: 0.8896 | acc: 0.8223 | rmse: 0.3637
2023-12-12 16:38:39[INFO]: Update best epoch as [4] for auc!
2023-12-12 16:38:39[INFO]: [EPOCH=004]: loss_main: 0.3863
2023-12-12 16:38:39[INFO]: [EPOCH=004]: auc: 0.8922 | acc: 0.8237 | rmse: 0.3608
2023-12-12 16:38:42[INFO]: Update best epoch as [5] for auc!
2023-12-12 16:38:42[INFO]: [EPOCH=005]: loss_main: 0.3786
2023-12-12 16:38:42[INFO]: [EPOCH=005]: auc: 0.8931 | acc: 0.8228 | rmse: 0.3598
2023-12-12 16:38:45[INFO]: Update best epoch as [6] for auc!
2023-12-12 16:38:45[INFO]: [EPOCH=006]: loss_main: 0.3745
2023-12-12 16:38:45[INFO]: [EPOCH=006]: auc: 0.8940 | acc: 0.8162 | rmse: 0.3599
2023-12-12 16:38:47[INFO]: Update best epoch as [7] for auc!
2023-12-12 16:38:47[INFO]: [EPOCH=007]: loss_main: 0.3714
2023-12-12 16:38:47[INFO]: [EPOCH=007]: auc: 0.8946 | acc: 0.8204 | rmse: 0.3591
2023-12-12 16:38:50[INFO]: Update best epoch as [8] for auc!
2023-12-12 16:38:50[INFO]: [EPOCH=008]: loss_main: 0.3695
2023-12-12 16:38:50[INFO]: [EPOCH=008]: auc: 0.8951 | acc: 0.8218 | rmse: 0.3587
2023-12-12 16:38:52[INFO]: Update best epoch as [9] for auc!
2023-12-12 16:38:52[INFO]: [EPOCH=009]: loss_main: 0.3680
2023-12-12 16:38:52[INFO]: [EPOCH=009]: auc: 0.8954 | acc: 0.8204 | rmse: 0.3585
2023-12-12 16:38:55[INFO]: [EPOCH=010]: loss_main: 0.3654
2023-12-12 16:38:55[INFO]: [EPOCH=010]: auc: 0.8954 | acc: 0.8218 | rmse: 0.3586
2023-12-12 16:38:58[INFO]: [EPOCH=011]: loss_main: 0.3643
2023-12-12 16:38:58[INFO]: [EPOCH=011]: auc: 0.8954 | acc: 0.8181 | rmse: 0.3591
2023-12-12 16:39:00[INFO]: [EPOCH=012]: loss_main: 0.3629
2023-12-12 16:39:00[INFO]: [EPOCH=012]: auc: 0.8952 | acc: 0.8195 | rmse: 0.3587
2023-12-12 16:39:02[INFO]: [EPOCH=013]: loss_main: 0.3622
2023-12-12 16:39:02[INFO]: [EPOCH=013]: auc: 0.8953 | acc: 0.8200 | rmse: 0.3593
2023-12-12 16:39:05[INFO]: [EPOCH=014]: loss_main: 0.3611
2023-12-12 16:39:05[INFO]: [EPOCH=014]: auc: 0.8951 | acc: 0.8218 | rmse: 0.3589
2023-12-12 16:39:07[INFO]: [EPOCH=015]: loss_main: 0.3604
2023-12-12 16:39:07[INFO]: [EPOCH=015]: auc: 0.8951 | acc: 0.8209 | rmse: 0.3586
2023-12-12 16:39:09[INFO]: [EPOCH=016]: loss_main: 0.3594
2023-12-12 16:39:09[INFO]: [EPOCH=016]: auc: 0.8952 | acc: 0.8204 | rmse: 0.3585
2023-12-12 16:39:12[INFO]: [EPOCH=017]: loss_main: 0.3590
2023-12-12 16:39:12[INFO]: [EPOCH=017]: auc: 0.8947 | acc: 0.8200 | rmse: 0.3592
2023-12-12 16:39:14[INFO]: [EPOCH=018]: loss_main: 0.3588
2023-12-12 16:39:14[INFO]: [EPOCH=018]: auc: 0.8945 | acc: 0.8167 | rmse: 0.3597
2023-12-12 16:39:16[INFO]: Suggest to stop training now
2023-12-12 16:39:16[INFO]: [EPOCH=019]: loss_main: 0.3582
2023-12-12 16:39:16[INFO]: [EPOCH=019]: auc: 0.8944 | acc: 0.8172 | rmse: 0.3595
2023-12-12 16:39:16[INFO]: ==============================
2023-12-12 16:39:16[INFO]: [For auc], the Best Epoch is: 9, the value=0.8954
2023-12-12 16:39:16[INFO]: [EPOCH=009]: loss_main: 0.3680
2023-12-12 16:39:16[INFO]: [EPOCH=009]: auc: 0.8954 | acc: 0.8204 | rmse: 0.3585
2023-12-12 16:39:16[INFO]: ==============================
2023-12-12 16:39:16[INFO]: Training Completed!
2023-12-12 16:39:16[INFO]: auc: 0.8954195410888325
2023-12-12 16:39:16[INFO]: acc: 0.820429104477612
2023-12-12 16:39:16[INFO]: rmse: 0.3585231886111788
2023-12-12 16:39:16[INFO]: ====================
2023-12-12 16:39:16[INFO]: All Fold Mean auc = 0.8955941056601887
2023-12-12 16:39:16[INFO]: All Fold Mean acc = 0.8208022388059701
2023-12-12 16:39:16[INFO]: All Fold Mean rmse = 0.3586686723758079
2023-12-12 16:39:17[INFO]: Task: 2023-12-12-163332 Completed!
