2023-12-14 13:41:09[INFO]: ============================================================
2023-12-14 13:41:09[INFO]: [ID]: 2023-12-14-134106
2023-12-14 13:41:09[INFO]: [DATASET]: ASSIST_0910
2023-12-14 13:41:09[INFO]: [ARGV]: ['run_kqn_demo.py']
2023-12-14 13:41:09[INFO]: [ALL_CFG]: 
{
    "traintpl_cfg": {
        "cls": "EduTrainTPL",
        "num_stop_rounds": 10,
        "early_stop_metrics": [
            [
                "auc",
                "max"
            ]
        ],
        "best_epoch_metric": "auc",
        "unsave_best_epoch_pth": true,
        "ignore_metrics_in_train": [],
        "batch_size": 32,
        "device": "cuda:0",
        "epoch_num": 100,
        "eval_batch_size": 2048,
        "num_workers": 0,
        "lr": 0.001,
        "optim": "adam",
        "eps": 1e-08,
        "weight_decay": 0.0,
        "seed": 2023
    },
    "datatpl_cfg": {
        "cls": "KTInterCptAsExerDataTPL",
        "mid2cache_op_seq": [
            "M2C_CptAsExer",
            "M2C_Label2Int",
            "M2C_ReMapId",
            "M2C_BuildSeqInterFeats"
        ],
        "exer_exclude_feat_names": [],
        "stu_exclude_feat_names": [],
        "seperator": ",",
        "n_folds": 1,
        "is_dataset_divided": false,
        "is_save_cache": false,
        "cache_id": "cache_default",
        "load_data_from": "middata",
        "inter_exclude_feat_names": [],
        "raw2mid_op": null,
        "seed": 2023,
        "M2C_CptAsExer": {},
        "M2C_Label2Int": {},
        "M2C_ReMapId": {
            "share_id_columns": [],
            "ignore_columns": "{'order_id:token'}"
        },
        "M2C_BuildSeqInterFeats": {
            "seed": 2023,
            "divide_by": "stu",
            "window_size": 100,
            "divide_scale_list": [
                7,
                1,
                2
            ],
            "extra_inter_feats": []
        }
    },
    "modeltpl_cfg": {
        "cls": "KQN",
        "emb_size": 128,
        "rnn_hidden_size": 128,
        "mlp_hidden_size": 128,
        "n_rnn_layers": 1,
        "rnn_or_lstm": "lstm",
        "dropout": 0.2,
        "param_init_type": "xavier_normal",
        "pretrained_file_path": ""
    },
    "evaltpl_cfg": {
        "clses": [
            "BinaryClassificationEvalTPL"
        ],
        "BinaryClassificationEvalTPL": {
            "use_metrics": [
                "auc",
                "acc",
                "rmse"
            ]
        }
    },
    "frame_cfg": {
        "ARCHIVE_FOLDER_PATH": "/lijinglong/Projects/EduStudio-main/examples/single_model/archive",
        "CFG_FOLDER_PATH": "/lijinglong/Projects/EduStudio-main/examples/single_model/conf",
        "DATA_FOLDER_PATH": "/lijinglong/Projects/EduStudio-main/examples/single_model/data",
        "DISABLE_LOG_STDOUT": false,
        "DISABLE_TQDM_BAR": false,
        "DT_INFO_DICT": {},
        "DT_INFO_FILE_PATH": "/lijinglong/Projects/EduStudio-main/edustudio/assets/datasets.yaml",
        "ID": "2023-12-14-134106",
        "LOG_WITHOUT_DATE": false,
        "TEMP_FOLDER_PATH": "/lijinglong/Projects/EduStudio-main/examples/single_model/temp",
        "TQDM_NCOLS": 100,
        "WORK_DIR": "/lijinglong/Projects/EduStudio-main/examples/single_model",
        "data_folder_path": "/lijinglong/Projects/EduStudio-main/examples/single_model/data/ASSIST_0910",
        "temp_folder_path": "/lijinglong/Projects/EduStudio-main/examples/single_model/temp/ASSIST_0910/EduTrainTPL/KQN/2023-12-14-134106",
        "archive_folder_path": "/lijinglong/Projects/EduStudio-main/examples/single_model/archive/ASSIST_0910/EduTrainTPL/KQN"
    },
    "dataset": "ASSIST_0910",
    "logger": "<Logger edustudio (DEBUG)>"
}
2023-12-14 13:41:09[INFO]: ============================================================
2023-12-14 13:41:14[INFO]: {'stu_count': 4163, 'exer_count': 153, 'real_window_size': 100}
2023-12-14 13:41:14[INFO]: TrainTPL <class 'edustudio.traintpl.edu_traintpl.EduTrainTPL'> Started!
2023-12-14 13:41:17[INFO]: ====== [FOLD ID]: 0 ======
2023-12-14 13:41:18[INFO]: [CALLBACK]-ModelCheckPoint has been registered!
2023-12-14 13:41:18[INFO]: [CALLBACK]-EarlyStopping has been registered!
2023-12-14 13:41:18[INFO]: [CALLBACK]-History has been registered!
2023-12-14 13:41:18[INFO]: [CALLBACK]-BaseLogger has been registered!
2023-12-14 13:41:18[INFO]: Start Training...
2023-12-14 13:41:21[INFO]: Update best epoch as [1] for auc!
2023-12-14 13:41:21[INFO]: [EPOCH=001]: loss_main: 0.6188
2023-12-14 13:41:21[INFO]: [EPOCH=001]: auc: 0.7271 | acc: 0.7181 | rmse: 0.4372
2023-12-14 13:41:22[INFO]: Update best epoch as [2] for auc!
2023-12-14 13:41:22[INFO]: [EPOCH=002]: loss_main: 0.5785
2023-12-14 13:41:22[INFO]: [EPOCH=002]: auc: 0.7335 | acc: 0.7224 | rmse: 0.4333
2023-12-14 13:41:24[INFO]: Update best epoch as [3] for auc!
2023-12-14 13:41:24[INFO]: [EPOCH=003]: loss_main: 0.5743
2023-12-14 13:41:24[INFO]: [EPOCH=003]: auc: 0.7376 | acc: 0.7244 | rmse: 0.4316
2023-12-14 13:41:26[INFO]: Update best epoch as [4] for auc!
2023-12-14 13:41:26[INFO]: [EPOCH=004]: loss_main: 0.5726
2023-12-14 13:41:26[INFO]: [EPOCH=004]: auc: 0.7399 | acc: 0.7254 | rmse: 0.4306
2023-12-14 13:41:27[INFO]: Update best epoch as [5] for auc!
2023-12-14 13:41:27[INFO]: [EPOCH=005]: loss_main: 0.5679
2023-12-14 13:41:27[INFO]: [EPOCH=005]: auc: 0.7447 | acc: 0.7291 | rmse: 0.4282
2023-12-14 13:41:29[INFO]: Update best epoch as [6] for auc!
2023-12-14 13:41:29[INFO]: [EPOCH=006]: loss_main: 0.5659
2023-12-14 13:41:29[INFO]: [EPOCH=006]: auc: 0.7463 | acc: 0.7281 | rmse: 0.4290
2023-12-14 13:41:30[INFO]: Update best epoch as [7] for auc!
2023-12-14 13:41:31[INFO]: [EPOCH=007]: loss_main: 0.5610
2023-12-14 13:41:31[INFO]: [EPOCH=007]: auc: 0.7483 | acc: 0.7303 | rmse: 0.4268
2023-12-14 13:41:32[INFO]: Update best epoch as [8] for auc!
2023-12-14 13:41:32[INFO]: [EPOCH=008]: loss_main: 0.5589
2023-12-14 13:41:32[INFO]: [EPOCH=008]: auc: 0.7487 | acc: 0.7258 | rmse: 0.4288
2023-12-14 13:41:34[INFO]: Update best epoch as [9] for auc!
2023-12-14 13:41:34[INFO]: [EPOCH=009]: loss_main: 0.5544
2023-12-14 13:41:34[INFO]: [EPOCH=009]: auc: 0.7517 | acc: 0.7228 | rmse: 0.4286
2023-12-14 13:41:35[INFO]: Update best epoch as [10] for auc!
2023-12-14 13:41:35[INFO]: [EPOCH=010]: loss_main: 0.5502
2023-12-14 13:41:35[INFO]: [EPOCH=010]: auc: 0.7534 | acc: 0.7336 | rmse: 0.4244
2023-12-14 13:41:37[INFO]: Update best epoch as [11] for auc!
2023-12-14 13:41:37[INFO]: [EPOCH=011]: loss_main: 0.5486
2023-12-14 13:41:37[INFO]: [EPOCH=011]: auc: 0.7538 | acc: 0.7316 | rmse: 0.4249
2023-12-14 13:41:39[INFO]: Update best epoch as [12] for auc!
2023-12-14 13:41:39[INFO]: [EPOCH=012]: loss_main: 0.5476
2023-12-14 13:41:39[INFO]: [EPOCH=012]: auc: 0.7540 | acc: 0.7311 | rmse: 0.4259
2023-12-14 13:41:40[INFO]: Update best epoch as [13] for auc!
2023-12-14 13:41:40[INFO]: [EPOCH=013]: loss_main: 0.5445
2023-12-14 13:41:40[INFO]: [EPOCH=013]: auc: 0.7542 | acc: 0.7308 | rmse: 0.4254
2023-12-14 13:41:42[INFO]: [EPOCH=014]: loss_main: 0.5419
2023-12-14 13:41:42[INFO]: [EPOCH=014]: auc: 0.7493 | acc: 0.7262 | rmse: 0.4277
2023-12-14 13:41:43[INFO]: Update best epoch as [15] for auc!
2023-12-14 13:41:43[INFO]: [EPOCH=015]: loss_main: 0.5397
2023-12-14 13:41:43[INFO]: [EPOCH=015]: auc: 0.7546 | acc: 0.7306 | rmse: 0.4257
2023-12-14 13:41:45[INFO]: Update best epoch as [16] for auc!
2023-12-14 13:41:45[INFO]: [EPOCH=016]: loss_main: 0.5364
2023-12-14 13:41:45[INFO]: [EPOCH=016]: auc: 0.7555 | acc: 0.7315 | rmse: 0.4261
2023-12-14 13:41:46[INFO]: [EPOCH=017]: loss_main: 0.5328
2023-12-14 13:41:46[INFO]: [EPOCH=017]: auc: 0.7544 | acc: 0.7312 | rmse: 0.4250
2023-12-14 13:41:48[INFO]: [EPOCH=018]: loss_main: 0.5316
2023-12-14 13:41:48[INFO]: [EPOCH=018]: auc: 0.7544 | acc: 0.7350 | rmse: 0.4244
2023-12-14 13:41:50[INFO]: [EPOCH=019]: loss_main: 0.5281
2023-12-14 13:41:50[INFO]: [EPOCH=019]: auc: 0.7539 | acc: 0.7337 | rmse: 0.4246
2023-12-14 13:41:51[INFO]: [EPOCH=020]: loss_main: 0.5244
2023-12-14 13:41:51[INFO]: [EPOCH=020]: auc: 0.7544 | acc: 0.7344 | rmse: 0.4249
2023-12-14 13:41:53[INFO]: [EPOCH=021]: loss_main: 0.5243
2023-12-14 13:41:53[INFO]: [EPOCH=021]: auc: 0.7537 | acc: 0.7281 | rmse: 0.4262
2023-12-14 13:41:54[INFO]: [EPOCH=022]: loss_main: 0.5210
2023-12-14 13:41:54[INFO]: [EPOCH=022]: auc: 0.7539 | acc: 0.7321 | rmse: 0.4251
2023-12-14 13:41:56[INFO]: [EPOCH=023]: loss_main: 0.5178
2023-12-14 13:41:56[INFO]: [EPOCH=023]: auc: 0.7532 | acc: 0.7344 | rmse: 0.4255
2023-12-14 13:41:57[INFO]: [EPOCH=024]: loss_main: 0.5136
2023-12-14 13:41:57[INFO]: [EPOCH=024]: auc: 0.7524 | acc: 0.7296 | rmse: 0.4264
2023-12-14 13:41:59[INFO]: [EPOCH=025]: loss_main: 0.5123
2023-12-14 13:41:59[INFO]: [EPOCH=025]: auc: 0.7516 | acc: 0.7281 | rmse: 0.4277
2023-12-14 13:42:00[INFO]: Suggest to stop training now
2023-12-14 13:42:00[INFO]: [EPOCH=026]: loss_main: 0.5078
2023-12-14 13:42:00[INFO]: [EPOCH=026]: auc: 0.7490 | acc: 0.7174 | rmse: 0.4313
2023-12-14 13:42:00[INFO]: ==============================
2023-12-14 13:42:00[INFO]: [For auc], the Best Epoch is: 16, the value=0.7555
2023-12-14 13:42:00[INFO]: [EPOCH=016]: loss_main: 0.5364
2023-12-14 13:42:00[INFO]: [EPOCH=016]: auc: 0.7555 | acc: 0.7315 | rmse: 0.4261
2023-12-14 13:42:00[INFO]: ==============================
2023-12-14 13:42:00[INFO]: Training Completed!
2023-12-14 13:42:00[INFO]: auc: 0.7414046639184892
2023-12-14 13:42:00[INFO]: acc: 0.7176030272326875
2023-12-14 13:42:00[INFO]: rmse: 0.4341644792385729
2023-12-14 13:42:01[INFO]: ====================
2023-12-14 13:42:01[INFO]: All Fold Mean auc = 0.7414046639184892
2023-12-14 13:42:01[INFO]: All Fold Mean acc = 0.7176030272326875
2023-12-14 13:42:01[INFO]: All Fold Mean rmse = 0.4341644792385729
2023-12-14 13:42:01[INFO]: Task: 2023-12-14-134106 Completed!
