2023-12-14 15:59:19[INFO]: ============================================================
2023-12-14 15:59:19[INFO]: [ID]: 2023-12-14-155917
2023-12-14 15:59:19[INFO]: [DATASET]: ASSIST_0910
2023-12-14 15:59:19[INFO]: [ARGV]: ['run_qikt_demo.py']
2023-12-14 15:59:19[INFO]: [ALL_CFG]: 
{
    "traintpl_cfg": {
        "cls": "EduTrainTPL",
        "num_stop_rounds": 10,
        "early_stop_metrics": [
            [
                "auc",
                "max"
            ]
        ],
        "best_epoch_metric": "auc",
        "unsave_best_epoch_pth": true,
        "ignore_metrics_in_train": [],
        "batch_size": 16,
        "device": "cuda:0",
        "epoch_num": 100,
        "eval_batch_size": 16,
        "num_workers": 0,
        "lr": 0.001,
        "optim": "adam",
        "eps": 1e-08,
        "weight_decay": 0.0,
        "seed": 2023
    },
    "datatpl_cfg": {
        "cls": "KTInterExtendsQDataTPL",
        "mid2cache_op_seq": [
            "M2C_Label2Int",
            "M2C_ReMapId",
            "M2C_BuildSeqInterFeats",
            "M2C_GenCptSeq"
        ],
        "exer_exclude_feat_names": [],
        "stu_exclude_feat_names": [],
        "seperator": ",",
        "n_folds": 1,
        "is_dataset_divided": false,
        "is_save_cache": false,
        "cache_id": "cache_default",
        "load_data_from": "middata",
        "inter_exclude_feat_names": [],
        "raw2mid_op": null,
        "seed": 2023,
        "M2C_Label2Int": {},
        "M2C_ReMapId": {
            "share_id_columns": [],
            "ignore_columns": "{'order_id:token'}"
        },
        "M2C_BuildSeqInterFeats": {
            "seed": 2023,
            "divide_by": "stu",
            "window_size": 100,
            "divide_scale_list": [
                7,
                1,
                2
            ],
            "extra_inter_feats": []
        },
        "M2C_GenCptSeq": {
            "cpt_seq_window_size": -1
        }
    },
    "modeltpl_cfg": {
        "cls": "QIKT",
        "emb_size": 100,
        "hidden_size": 100,
        "mlp_layer_num": 1,
        "dropout_rate": 0.2,
        "output_c_all_lambda": 1.0,
        "output_c_next_lambda": 1.0,
        "output_q_all_lambda": 1.0,
        "output_q_next_lambda": 0.0,
        "loss_c_all_lambda": 0.0,
        "loss_c_next_lambda": 0.0,
        "loss_q_all_lambda": 0.0,
        "loss_q_next_lambda": 0.0,
        "output_mode": "an_irt",
        "param_init_type": "xavier_normal",
        "pretrained_file_path": ""
    },
    "evaltpl_cfg": {
        "clses": [
            "BinaryClassificationEvalTPL"
        ],
        "BinaryClassificationEvalTPL": {
            "use_metrics": [
                "auc",
                "acc",
                "rmse"
            ]
        }
    },
    "frame_cfg": {
        "ARCHIVE_FOLDER_PATH": "/lijinglong/Projects/EduStudio-main/examples/single_model/archive",
        "CFG_FOLDER_PATH": "/lijinglong/Projects/EduStudio-main/examples/single_model/conf",
        "DATA_FOLDER_PATH": "/lijinglong/Projects/EduStudio-main/examples/single_model/data",
        "DISABLE_LOG_STDOUT": false,
        "DISABLE_TQDM_BAR": false,
        "DT_INFO_DICT": {},
        "DT_INFO_FILE_PATH": "/lijinglong/Projects/EduStudio-main/edustudio/assets/datasets.yaml",
        "ID": "2023-12-14-155917",
        "LOG_WITHOUT_DATE": false,
        "TEMP_FOLDER_PATH": "/lijinglong/Projects/EduStudio-main/examples/single_model/temp",
        "TQDM_NCOLS": 100,
        "WORK_DIR": "/lijinglong/Projects/EduStudio-main/examples/single_model",
        "data_folder_path": "/lijinglong/Projects/EduStudio-main/examples/single_model/data/ASSIST_0910",
        "temp_folder_path": "/lijinglong/Projects/EduStudio-main/examples/single_model/temp/ASSIST_0910/EduTrainTPL/QIKT/2023-12-14-155917",
        "archive_folder_path": "/lijinglong/Projects/EduStudio-main/examples/single_model/archive/ASSIST_0910/EduTrainTPL/QIKT"
    },
    "dataset": "ASSIST_0910",
    "logger": "<Logger edustudio (DEBUG)>"
}
2023-12-14 15:59:19[INFO]: ============================================================
2023-12-14 15:59:26[INFO]: {'real_window_size': 100, 'stu_count': 4163, 'exer_count': 16988, 'cpt_count': 122}
2023-12-14 15:59:26[INFO]: TrainTPL <class 'edustudio.traintpl.edu_traintpl.EduTrainTPL'> Started!
2023-12-14 15:59:29[INFO]: ====== [FOLD ID]: 0 ======
2023-12-14 15:59:29[INFO]: [CALLBACK]-ModelCheckPoint has been registered!
2023-12-14 15:59:29[INFO]: [CALLBACK]-EarlyStopping has been registered!
2023-12-14 15:59:29[INFO]: [CALLBACK]-History has been registered!
2023-12-14 15:59:29[INFO]: [CALLBACK]-BaseLogger has been registered!
2023-12-14 15:59:29[INFO]: Start Training...
2023-12-14 15:59:37[INFO]: Update best epoch as [1] for auc!
2023-12-14 15:59:37[INFO]: [EPOCH=001]: loss_main: 0.5869
2023-12-14 15:59:37[INFO]: [EPOCH=001]: auc: 0.7679 | acc: 0.7352 | rmse: 0.4218
2023-12-14 15:59:45[INFO]: Update best epoch as [2] for auc!
2023-12-14 15:59:45[INFO]: [EPOCH=002]: loss_main: 0.5168
2023-12-14 15:59:45[INFO]: [EPOCH=002]: auc: 0.7755 | acc: 0.7362 | rmse: 0.4194
2023-12-14 15:59:53[INFO]: [EPOCH=003]: loss_main: 0.4730
2023-12-14 15:59:53[INFO]: [EPOCH=003]: auc: 0.7752 | acc: 0.7394 | rmse: 0.4206
2023-12-14 16:00:01[INFO]: [EPOCH=004]: loss_main: 0.4181
2023-12-14 16:00:01[INFO]: [EPOCH=004]: auc: 0.7696 | acc: 0.7322 | rmse: 0.4302
2023-12-14 16:00:08[INFO]: [EPOCH=005]: loss_main: 0.3496
2023-12-14 16:00:08[INFO]: [EPOCH=005]: auc: 0.7643 | acc: 0.7312 | rmse: 0.4359
2023-12-14 16:00:16[INFO]: [EPOCH=006]: loss_main: 0.2876
2023-12-14 16:00:16[INFO]: [EPOCH=006]: auc: 0.7661 | acc: 0.7341 | rmse: 0.4424
2023-12-14 16:00:24[INFO]: [EPOCH=007]: loss_main: 0.2341
2023-12-14 16:00:24[INFO]: [EPOCH=007]: auc: 0.7641 | acc: 0.7360 | rmse: 0.4502
2023-12-14 16:00:31[INFO]: [EPOCH=008]: loss_main: 0.1866
2023-12-14 16:00:31[INFO]: [EPOCH=008]: auc: 0.7608 | acc: 0.7311 | rmse: 0.4602
2023-12-14 16:00:39[INFO]: [EPOCH=009]: loss_main: 0.1472
2023-12-14 16:00:39[INFO]: [EPOCH=009]: auc: 0.7598 | acc: 0.7289 | rmse: 0.4702
2023-12-14 16:00:46[INFO]: [EPOCH=010]: loss_main: 0.1165
2023-12-14 16:00:46[INFO]: [EPOCH=010]: auc: 0.7585 | acc: 0.7313 | rmse: 0.4736
2023-12-14 16:00:54[INFO]: [EPOCH=011]: loss_main: 0.0936
2023-12-14 16:00:54[INFO]: [EPOCH=011]: auc: 0.7611 | acc: 0.7304 | rmse: 0.4774
2023-12-14 16:01:01[INFO]: Suggest to stop training now
2023-12-14 16:01:01[INFO]: [EPOCH=012]: loss_main: 0.0762
2023-12-14 16:01:01[INFO]: [EPOCH=012]: auc: 0.7594 | acc: 0.7281 | rmse: 0.4837
2023-12-14 16:01:01[INFO]: ==============================
2023-12-14 16:01:01[INFO]: [For auc], the Best Epoch is: 2, the value=0.7755
2023-12-14 16:01:01[INFO]: [EPOCH=002]: loss_main: 0.5168
2023-12-14 16:01:01[INFO]: [EPOCH=002]: auc: 0.7755 | acc: 0.7362 | rmse: 0.4194
2023-12-14 16:01:01[INFO]: ==============================
2023-12-14 16:01:01[INFO]: Training Completed!
2023-12-14 16:01:01[INFO]: auc: 0.7559539705754441
2023-12-14 16:01:01[INFO]: acc: 0.7213250346353467
2023-12-14 16:01:01[INFO]: rmse: 0.4292455828277783
2023-12-14 16:01:02[INFO]: ====================
2023-12-14 16:01:02[INFO]: All Fold Mean auc = 0.7559539705754441
2023-12-14 16:01:02[INFO]: All Fold Mean acc = 0.7213250346353467
2023-12-14 16:01:02[INFO]: All Fold Mean rmse = 0.4292455828277783
2023-12-14 16:01:02[INFO]: Task: 2023-12-14-155917 Completed!
